Found GeForce GTX 1080 GPU
Loading libraries
Running OAT Trial 7 with ID 332616
'TF_NUM_INTEROP_THREADS' not found, adding and setting to '1'
'TF_NUM_INTRAOP_THREADS' not found, adding and setting to '1'
TF_NUM_INTEROP_THREADS = 1
TF_NUM_INTRAOP_THREADS = 1
Verifying thread usage params
Intra Op Threads:	 0
Inter Op Threads:	 0
Performing K-Fold 1
Finished epoch 1 with Loss: 1.3759260177612305 and Accuracy: 0.29297006130218506
Finished epoch 2 with Loss: 1.336626410484314 and Accuracy: 0.35183316469192505
Finished epoch 3 with Loss: 1.2962125539779663 and Accuracy: 0.4238143265247345
Finished epoch 4 with Loss: 1.250836968421936 and Accuracy: 0.4594685435295105
Finished epoch 5 with Loss: 1.209517478942871 and Accuracy: 0.483013778924942
Finished epoch 6 with Loss: 1.174275279045105 and Accuracy: 0.5065590143203735
Finished epoch 7 with Loss: 1.1394221782684326 and Accuracy: 0.5240497589111328
Finished epoch 8 with Loss: 1.0866671800613403 and Accuracy: 0.5792129039764404
Finished epoch 9 with Loss: 1.052383303642273 and Accuracy: 0.5862764716148376
Finished epoch 10 with Loss: 1.020577073097229 and Accuracy: 0.6199125647544861
Finished epoch 11 with Loss: 0.997663676738739 and Accuracy: 0.6316851377487183
Finished epoch 12 with Loss: 0.9672460556030273 and Accuracy: 0.6525395512580872
Finished epoch 13 with Loss: 0.953145444393158 and Accuracy: 0.6643121242523193
Finished epoch 14 with Loss: 0.927219569683075 and Accuracy: 0.6804574728012085
Finished epoch 15 with Loss: 0.9054720997810364 and Accuracy: 0.6969391107559204
Finished epoch 16 with Loss: 0.8892055153846741 and Accuracy: 0.7056844830513
Finished epoch 17 with Loss: 0.8747039437294006 and Accuracy: 0.7127480506896973
Finished epoch 18 with Loss: 0.8668724298477173 and Accuracy: 0.7184662222862244
Finished epoch 19 with Loss: 0.848344087600708 and Accuracy: 0.7386478185653687
Finished epoch 20 with Loss: 0.829888105392456 and Accuracy: 0.7399932742118835
Finished epoch 21 with Loss: 0.8121644854545593 and Accuracy: 0.7608476281166077
Finished epoch 22 with Loss: 0.8026003837585449 and Accuracy: 0.7601749300956726
Finished epoch 23 with Loss: 0.7822301983833313 and Accuracy: 0.7689203023910522
Finished epoch 24 with Loss: 0.7781261205673218 and Accuracy: 0.779011070728302
Finished epoch 25 with Loss: 0.7674922943115234 and Accuracy: 0.7766565680503845
Finished epoch 26 with Loss: 0.7486510872840881 and Accuracy: 0.8022199869155884
Finished epoch 27 with Loss: 0.7369806170463562 and Accuracy: 0.8035654425621033
Finished epoch 28 with Loss: 0.7338657975196838 and Accuracy: 0.7991927266120911
Finished epoch 29 with Loss: 0.7201426029205322 and Accuracy: 0.8039017915725708
Finished epoch 30 with Loss: 0.705636203289032 and Accuracy: 0.8160107731819153
Finished epoch 31 with Loss: 0.7071390151977539 and Accuracy: 0.810965359210968
Finished epoch 32 with Loss: 0.6774381995201111 and Accuracy: 0.8372014760971069
Finished epoch 33 with Loss: 0.6633681058883667 and Accuracy: 0.8425832390785217
Finished epoch 34 with Loss: 0.6562401652336121 and Accuracy: 0.8442650437355042
Finished epoch 35 with Loss: 0.6505942940711975 and Accuracy: 0.8402287364006042
Finished epoch 36 with Loss: 0.6390142440795898 and Accuracy: 0.8459468483924866
Finished epoch 37 with Loss: 0.6393120288848877 and Accuracy: 0.849646806716919
Finished epoch 38 with Loss: 0.6242374181747437 and Accuracy: 0.8516649603843689
Finished epoch 39 with Loss: 0.6135965585708618 and Accuracy: 0.8560376763343811
Finished epoch 40 with Loss: 0.6065515279769897 and Accuracy: 0.858055830001831
Finished epoch 41 with Loss: 0.5904238820075989 and Accuracy: 0.8765556812286377
Finished epoch 42 with Loss: 0.5769563913345337 and Accuracy: 0.8826101422309875
Finished epoch 43 with Loss: 0.5836923122406006 and Accuracy: 0.8705011606216431
Finished epoch 44 with Loss: 0.572348952293396 and Accuracy: 0.8792465329170227
Finished epoch 45 with Loss: 0.5666171908378601 and Accuracy: 0.8802556395530701
Finished epoch 46 with Loss: 0.5541006922721863 and Accuracy: 0.8886646628379822
Finished epoch 47 with Loss: 0.5438092350959778 and Accuracy: 0.8903464674949646
Finished epoch 48 with Loss: 0.5275305509567261 and Accuracy: 0.9041372537612915
Finished epoch 49 with Loss: 0.5363430976867676 and Accuracy: 0.8883283138275146
Finished epoch 50 with Loss: 0.5314889550209045 and Accuracy: 0.8869828581809998
Finished epoch 51 with Loss: 0.5154821872711182 and Accuracy: 0.894719123840332
Finished epoch 52 with Loss: 0.5033699870109558 and Accuracy: 0.9034644961357117
Finished epoch 53 with Loss: 0.505494236946106 and Accuracy: 0.9007736444473267
Finished epoch 54 with Loss: 0.49606025218963623 and Accuracy: 0.9011099934577942
Finished epoch 55 with Loss: 0.4854992628097534 and Accuracy: 0.9088462591171265
Finished epoch 56 with Loss: 0.49068763852119446 and Accuracy: 0.9101917147636414
Finished epoch 57 with Loss: 0.47850725054740906 and Accuracy: 0.9132189750671387
Finished epoch 58 with Loss: 0.461689829826355 and Accuracy: 0.9199461936950684
Finished epoch 59 with Loss: 0.45423635840415955 and Accuracy: 0.9239825010299683
Finished epoch 60 with Loss: 0.4495031237602234 and Accuracy: 0.9256643056869507
Finished epoch 61 with Loss: 0.44788697361946106 and Accuracy: 0.9223006963729858
Finished epoch 62 with Loss: 0.44684988260269165 and Accuracy: 0.9115371704101562
Finished epoch 63 with Loss: 0.4404245615005493 and Accuracy: 0.9186007380485535
Finished epoch 64 with Loss: 0.4256786108016968 and Accuracy: 0.928691565990448
Finished epoch 65 with Loss: 0.41574764251708984 and Accuracy: 0.9330642223358154
Finished epoch 66 with Loss: 0.4285541772842407 and Accuracy: 0.9175916314125061
Finished epoch 67 with Loss: 0.4063904583454132 and Accuracy: 0.9354187846183777
Finished epoch 68 with Loss: 0.40947282314300537 and Accuracy: 0.9297006130218506
Finished epoch 69 with Loss: 0.40543845295906067 and Accuracy: 0.9293642640113831
Finished epoch 70 with Loss: 0.3960871994495392 and Accuracy: 0.9347460269927979
Finished epoch 71 with Loss: 0.3914339244365692 and Accuracy: 0.9414732456207275
Finished epoch 72 with Loss: 0.38991302251815796 and Accuracy: 0.9364278316497803

------------------------------------------------------------
Sender: LSF System <lsfadmin@n3h37>
Subject: Job 332616[7]: <job_arr[1-15]> in cluster <henry2> Exited

Job <job_arr[1-15]> was submitted from host <login04> by user <mjhouk> in cluster <henry2> at Tue Jun 29 23:07:01 2021
Job was executed on host(s) <n3h37>, in queue <gpu>, as user <mjhouk> in cluster <henry2> at Wed Jun 30 09:58:38 2021
</home/mjhouk> was used as the home directory.
</home/mjhouk/MB3DCNN/Groups> was used as the working directory.
Started at Wed Jun 30 09:58:38 2021
Terminated at Wed Jun 30 10:02:24 2021
Results reported at Wed Jun 30 10:02:24 2021

Your job looked like:

------------------------------------------------------------
# LSBATCH: User input
#!/bin/csh

#BSUB -J job_arr[1-15]
#BSUB -x
#BSUB -R "span[hosts=1]"
#BSUB -W 900
#BSUB -q gpu
#BSUB -R "select[rtx2080 || gtx1080 || p100]"
#BSUB -gpu "num=1:mode=shared:mps=yes"
#BSUB -o ./out/trial-%I-%J.out
#BSUB -e ./out/trial-%I-%J.err

set run = true
set gpu = "`nvidia-smi --query-gpu=gpu_name --format=csv,noheader`"
echo "Found $gpu GPU"
if ( "$gpu" =~ *"K20m"* ) then
	set cuda_cmd = "module load cuda/10.1"
	set env_cmd = "conda activate tf220_py377"
else if ( "$gpu" =~ *"P100"* ) then
	set cuda_cmd = "module load cuda/11.0"
	set env_cmd = "conda activate tf241_py377"
else if ( "$gpu" =~ *"GTX 1080"* ) then
	set cuda_cmd = "module load cuda/11.0"
	set env_cmd = "conda activate tf241_py377"
else if ( "$gpu" =~ *"RTX 2080"* ) then
	set cuda_cmd = "module load cuda/11.0"
	set env_cmd = "conda activate tf241_py377"
else 
	set run = false
endif

if ( "$run" =~ true ) then

	echo "Loading libraries"

	eval $env_cmd
	eval $cuda_cmd

	setenv OMP_NUM_THREADS 2

	echo "Running OAT Trial $LSB_JOBINDEX with ID $LSB_JOBID"
	python runEmotion.py ${LSB_JOBINDEX} ${LSB_JOBID}

else

	echo "GPU not available, cancelling job for OAT Trial $LSB_JOBINDEX"	

endif


------------------------------------------------------------

TERM_OWNER: job killed by owner.
Exited with exit code 130.

Resource usage summary:

    CPU time :                                   355.00 sec.
    Max Memory :                                 1280.02 MB
    Average Memory :                             1161.99 MB
    Total Requested Memory :                     -
    Delta Memory :                               -
    Max Swap :                                   -
    Max Processes :                              4
    Max Threads :                                19
    Run time :                                   245 sec.
    Turnaround time :                            39323 sec.

The output (if any) is above this job summary.



PS:

Read file <./out/trial-7-332616.err> for stderr output of this job.

