2021-07-06 23:52:03.702300: I tensorflow/stream_executor/platform/default/dso_loader.cc:49] Successfully opened dynamic library libcudart.so.10.1
2021-07-06 23:52:08.137870: I tensorflow/core/profiler/lib/profiler_session.cc:136] Profiler session initializing.
2021-07-06 23:52:08.138115: I tensorflow/core/profiler/lib/profiler_session.cc:155] Profiler session started.
2021-07-06 23:52:08.139796: I tensorflow/stream_executor/platform/default/dso_loader.cc:49] Successfully opened dynamic library libcuda.so.1
2021-07-06 23:52:08.465569: I tensorflow/core/profiler/internal/gpu/cupti_tracer.cc:1365] Profiler found 1 GPUs
2021-07-06 23:52:08.468071: I tensorflow/stream_executor/platform/default/dso_loader.cc:49] Successfully opened dynamic library libcupti.so.10.1
2021-07-06 23:52:08.470227: I tensorflow/core/profiler/lib/profiler_session.cc:172] Profiler session tear down.
2021-07-06 23:52:08.470436: I tensorflow/core/profiler/internal/gpu/cupti_tracer.cc:1487] CUPTI activity buffer flushed
2021-07-06 23:52:08.470701: I tensorflow/compiler/jit/xla_cpu_device.cc:41] Not creating XLA devices, tf_xla_enable_xla_devices not set
2021-07-06 23:52:08.472147: I tensorflow/core/common_runtime/gpu/gpu_device.cc:1720] Found device 0 with properties: 
pciBusID: 0000:03:00.0 name: Tesla P100-PCIE-16GB computeCapability: 6.0
coreClock: 1.3285GHz coreCount: 56 deviceMemorySize: 15.90GiB deviceMemoryBandwidth: 681.88GiB/s
2021-07-06 23:52:08.472205: I tensorflow/stream_executor/platform/default/dso_loader.cc:49] Successfully opened dynamic library libcudart.so.10.1
2021-07-06 23:52:08.477539: I tensorflow/stream_executor/platform/default/dso_loader.cc:49] Successfully opened dynamic library libcublas.so.10
2021-07-06 23:52:08.477607: I tensorflow/stream_executor/platform/default/dso_loader.cc:49] Successfully opened dynamic library libcublasLt.so.10
2021-07-06 23:52:08.481985: I tensorflow/stream_executor/platform/default/dso_loader.cc:49] Successfully opened dynamic library libcufft.so.10
2021-07-06 23:52:08.483198: I tensorflow/stream_executor/platform/default/dso_loader.cc:49] Successfully opened dynamic library libcurand.so.10
2021-07-06 23:52:08.487857: I tensorflow/stream_executor/platform/default/dso_loader.cc:49] Successfully opened dynamic library libcusolver.so.10
2021-07-06 23:52:08.490427: I tensorflow/stream_executor/platform/default/dso_loader.cc:49] Successfully opened dynamic library libcusparse.so.10
2021-07-06 23:52:08.499023: I tensorflow/stream_executor/platform/default/dso_loader.cc:49] Successfully opened dynamic library libcudnn.so.7
2021-07-06 23:52:08.503269: I tensorflow/core/common_runtime/gpu/gpu_device.cc:1862] Adding visible gpu devices: 0
2021-07-06 23:52:35.765191: I tensorflow/core/platform/cpu_feature_guard.cc:142] This TensorFlow binary is optimized with oneAPI Deep Neural Network Library (oneDNN) to use the following CPU instructions in performance-critical operations:  SSE4.1 SSE4.2 AVX AVX2 FMA
To enable them in other operations, rebuild TensorFlow with the appropriate compiler flags.
2021-07-06 23:52:35.771548: I tensorflow/core/common_runtime/gpu/gpu_device.cc:1720] Found device 0 with properties: 
pciBusID: 0000:03:00.0 name: Tesla P100-PCIE-16GB computeCapability: 6.0
coreClock: 1.3285GHz coreCount: 56 deviceMemorySize: 15.90GiB deviceMemoryBandwidth: 681.88GiB/s
2021-07-06 23:52:35.771580: I tensorflow/stream_executor/platform/default/dso_loader.cc:49] Successfully opened dynamic library libcudart.so.10.1
2021-07-06 23:52:35.771648: I tensorflow/stream_executor/platform/default/dso_loader.cc:49] Successfully opened dynamic library libcublas.so.10
2021-07-06 23:52:35.771679: I tensorflow/stream_executor/platform/default/dso_loader.cc:49] Successfully opened dynamic library libcublasLt.so.10
2021-07-06 23:52:35.771712: I tensorflow/stream_executor/platform/default/dso_loader.cc:49] Successfully opened dynamic library libcufft.so.10
2021-07-06 23:52:35.771741: I tensorflow/stream_executor/platform/default/dso_loader.cc:49] Successfully opened dynamic library libcurand.so.10
2021-07-06 23:52:35.771764: I tensorflow/stream_executor/platform/default/dso_loader.cc:49] Successfully opened dynamic library libcusolver.so.10
2021-07-06 23:52:35.771797: I tensorflow/stream_executor/platform/default/dso_loader.cc:49] Successfully opened dynamic library libcusparse.so.10
2021-07-06 23:52:35.771830: I tensorflow/stream_executor/platform/default/dso_loader.cc:49] Successfully opened dynamic library libcudnn.so.7
2021-07-06 23:52:35.775967: I tensorflow/core/common_runtime/gpu/gpu_device.cc:1862] Adding visible gpu devices: 0
2021-07-06 23:52:35.776008: I tensorflow/stream_executor/platform/default/dso_loader.cc:49] Successfully opened dynamic library libcudart.so.10.1
2021-07-06 23:52:36.489230: I tensorflow/core/common_runtime/gpu/gpu_device.cc:1261] Device interconnect StreamExecutor with strength 1 edge matrix:
2021-07-06 23:52:36.489276: I tensorflow/core/common_runtime/gpu/gpu_device.cc:1267]      0 
2021-07-06 23:52:36.489289: I tensorflow/core/common_runtime/gpu/gpu_device.cc:1280] 0:   N 
2021-07-06 23:52:36.492611: I tensorflow/core/common_runtime/gpu/gpu_device.cc:1406] Created TensorFlow device (/job:localhost/replica:0/task:0/device:GPU:0 with 14846 MB memory) -> physical GPU (device: 0, name: Tesla P100-PCIE-16GB, pci bus id: 0000:03:00.0, compute capability: 6.0)
2021-07-06 23:52:36.492995: I tensorflow/compiler/jit/xla_gpu_device.cc:99] Not creating XLA devices, tf_xla_enable_xla_devices not set
2021-07-06 23:52:37.187901: I tensorflow/compiler/mlir/mlir_graph_optimization_pass.cc:116] None of the MLIR optimization passes are enabled (registered 2)
2021-07-06 23:52:37.189187: I tensorflow/core/platform/profile_utils/cpu_utils.cc:112] CPU Frequency: 2200080000 Hz
2021-07-06 23:52:39.633913: I tensorflow/stream_executor/platform/default/dso_loader.cc:49] Successfully opened dynamic library libcublas.so.10
2021-07-06 23:52:39.865097: I tensorflow/stream_executor/platform/default/dso_loader.cc:49] Successfully opened dynamic library libcudnn.so.7
Traceback (most recent call last):
  File "runMotor.py", line 146, in <module>
    history = model.fit(x_train, y_train, epochs=300, batch_size=50, validation_data=(x_val, y_val), verbose=0, callbacks=[CustomCallback()])
  File "/usr/local/usrapps/multibranch/mjhouk/tf241_py377/lib/python3.7/site-packages/tensorflow/python/keras/engine/training.py", line 1100, in fit
    tmp_logs = self.train_function(iterator)
  File "/usr/local/usrapps/multibranch/mjhouk/tf241_py377/lib/python3.7/site-packages/tensorflow/python/eager/def_function.py", line 828, in __call__
    result = self._call(*args, **kwds)
  File "/usr/local/usrapps/multibranch/mjhouk/tf241_py377/lib/python3.7/site-packages/tensorflow/python/eager/def_function.py", line 855, in _call
    return self._stateless_fn(*args, **kwds)  # pylint: disable=not-callable
  File "/usr/local/usrapps/multibranch/mjhouk/tf241_py377/lib/python3.7/site-packages/tensorflow/python/eager/function.py", line 2943, in __call__
    filtered_flat_args, captured_inputs=graph_function.captured_inputs)  # pylint: disable=protected-access
  File "/usr/local/usrapps/multibranch/mjhouk/tf241_py377/lib/python3.7/site-packages/tensorflow/python/eager/function.py", line 1919, in _call_flat
    ctx, args, cancellation_manager=cancellation_manager))
  File "/usr/local/usrapps/multibranch/mjhouk/tf241_py377/lib/python3.7/site-packages/tensorflow/python/eager/function.py", line 560, in call
    ctx=ctx)
  File "/usr/local/usrapps/multibranch/mjhouk/tf241_py377/lib/python3.7/site-packages/tensorflow/python/eager/execute.py", line 60, in quick_execute
    inputs, attrs, num_outputs)
KeyboardInterrupt
