Found Tesla P100-PCIE-16GB GPU
Loading libraries
Running OAT Trial 3 with ID 340103
'TF_NUM_INTEROP_THREADS' not found, adding and setting to '1'
'TF_NUM_INTRAOP_THREADS' not found, adding and setting to '1'
TF_NUM_INTEROP_THREADS = 1
TF_NUM_INTRAOP_THREADS = 1
Verifying thread usage params
Intra Op Threads:	 0
Inter Op Threads:	 0
Performing K-Fold 1
Finished epoch 1 with Loss: 1.3791674375534058 and Accuracy: 0.27691441774368286
Finished epoch 2 with Loss: 1.3609765768051147 and Accuracy: 0.3133334815502167
Finished epoch 3 with Loss: 1.350040316581726 and Accuracy: 0.3257397413253784
Finished epoch 4 with Loss: 1.3438225984573364 and Accuracy: 0.33663302659988403
Finished epoch 5 with Loss: 1.3357877731323242 and Accuracy: 0.34361425042152405
Finished epoch 6 with Loss: 1.326066255569458 and Accuracy: 0.3520435690879822
Finished epoch 7 with Loss: 1.3169810771942139 and Accuracy: 0.36252620816230774
Finished epoch 8 with Loss: 1.3123878240585327 and Accuracy: 0.3655737340450287
Finished epoch 9 with Loss: 1.3058154582977295 and Accuracy: 0.37251171469688416
Finished epoch 10 with Loss: 1.297654390335083 and Accuracy: 0.3791255056858063
Finished epoch 11 with Loss: 1.2931300401687622 and Accuracy: 0.3817191421985626
Finished epoch 12 with Loss: 1.2861391305923462 and Accuracy: 0.38504764437675476
Finished epoch 13 with Loss: 1.279307246208191 and Accuracy: 0.3941686153411865
Finished epoch 14 with Loss: 1.2752573490142822 and Accuracy: 0.3960706293582916
Finished epoch 15 with Loss: 1.2701324224472046 and Accuracy: 0.3992478549480438
Finished epoch 16 with Loss: 1.2653111219406128 and Accuracy: 0.40188470482826233
Finished epoch 17 with Loss: 1.2566412687301636 and Accuracy: 0.4133831858634949
Finished epoch 18 with Loss: 1.253287434577942 and Accuracy: 0.41422611474990845
Finished epoch 19 with Loss: 1.2498620748519897 and Accuracy: 0.41649556159973145
Finished epoch 20 with Loss: 1.245864987373352 and Accuracy: 0.4215531647205353
Finished epoch 21 with Loss: 1.2405773401260376 and Accuracy: 0.4218125343322754
Finished epoch 22 with Loss: 1.2378036975860596 and Accuracy: 0.42604881525039673
Finished epoch 23 with Loss: 1.23312246799469 and Accuracy: 0.42840468883514404
Finished epoch 24 with Loss: 1.2299555540084839 and Accuracy: 0.4331597089767456
Finished epoch 25 with Loss: 1.2264564037322998 and Accuracy: 0.4355372190475464
Finished epoch 26 with Loss: 1.2227774858474731 and Accuracy: 0.4387792646884918
Finished epoch 27 with Loss: 1.2208939790725708 and Accuracy: 0.4393628239631653
Finished epoch 28 with Loss: 1.2181949615478516 and Accuracy: 0.4389953911304474
Finished epoch 29 with Loss: 1.2140988111495972 and Accuracy: 0.44204291701316833
Finished epoch 30 with Loss: 1.2142024040222168 and Accuracy: 0.4386928081512451
Finished epoch 31 with Loss: 1.2071820497512817 and Accuracy: 0.45012643933296204
Finished epoch 32 with Loss: 1.2062773704528809 and Accuracy: 0.44820281863212585
Finished epoch 33 with Loss: 1.2013243436813354 and Accuracy: 0.4537791609764099
Finished epoch 34 with Loss: 1.1989448070526123 and Accuracy: 0.45148810744285583
Finished epoch 35 with Loss: 1.1939228773117065 and Accuracy: 0.455443412065506
Finished epoch 36 with Loss: 1.1951199769973755 and Accuracy: 0.4564376473426819
Finished epoch 37 with Loss: 1.193897008895874 and Accuracy: 0.45449239015579224
Finished epoch 38 with Loss: 1.1903070211410522 and Accuracy: 0.45883676409721375
Finished epoch 39 with Loss: 1.1862348318099976 and Accuracy: 0.46145200729370117
Finished epoch 40 with Loss: 1.185185432434082 and Accuracy: 0.46672573685646057
Finished epoch 41 with Loss: 1.1852607727050781 and Accuracy: 0.4631595015525818
Finished epoch 42 with Loss: 1.181398868560791 and Accuracy: 0.4633540213108063
Finished epoch 43 with Loss: 1.1818662881851196 and Accuracy: 0.4653424620628357
Finished epoch 44 with Loss: 1.1760088205337524 and Accuracy: 0.46864935755729675
Finished epoch 45 with Loss: 1.1753437519073486 and Accuracy: 0.4696003496646881
Finished epoch 46 with Loss: 1.170027732849121 and Accuracy: 0.47336113452911377
Finished epoch 47 with Loss: 1.173210620880127 and Accuracy: 0.4737069606781006
Finished epoch 48 with Loss: 1.1704422235488892 and Accuracy: 0.47156721353530884
Finished epoch 49 with Loss: 1.1680032014846802 and Accuracy: 0.4753279983997345
Finished epoch 50 with Loss: 1.1666655540466309 and Accuracy: 0.47684094309806824
Finished epoch 51 with Loss: 1.16005277633667 and Accuracy: 0.4805801212787628
Finished epoch 52 with Loss: 1.1627193689346313 and Accuracy: 0.4759547710418701
Finished epoch 53 with Loss: 1.1631596088409424 and Accuracy: 0.47446343302726746
Finished epoch 54 with Loss: 1.1629678010940552 and Accuracy: 0.47902393341064453
Finished epoch 55 with Loss: 1.1548691987991333 and Accuracy: 0.4825901687145233
Finished epoch 56 with Loss: 1.1546704769134521 and Accuracy: 0.4825901687145233
Finished epoch 57 with Loss: 1.1566816568374634 and Accuracy: 0.4813149869441986
Finished epoch 58 with Loss: 1.151450276374817 and Accuracy: 0.48674002289772034
Finished epoch 59 with Loss: 1.1508897542953491 and Accuracy: 0.4847947657108307
Finished epoch 60 with Loss: 1.1506071090698242 and Accuracy: 0.4857673943042755
Finished epoch 61 with Loss: 1.1461811065673828 and Accuracy: 0.4884258806705475
Finished epoch 62 with Loss: 1.149907112121582 and Accuracy: 0.48747488856315613
Finished epoch 63 with Loss: 1.1459730863571167 and Accuracy: 0.4899604618549347
Finished epoch 64 with Loss: 1.1423851251602173 and Accuracy: 0.49063047766685486
Finished epoch 65 with Loss: 1.1426903009414673 and Accuracy: 0.4901333451271057
Finished epoch 66 with Loss: 1.1371333599090576 and Accuracy: 0.49445608258247375
Finished epoch 67 with Loss: 1.1369878053665161 and Accuracy: 0.49698489904403687
Finished epoch 68 with Loss: 1.1386489868164062 and Accuracy: 0.49480190873146057
Finished epoch 69 with Loss: 1.1377490758895874 and Accuracy: 0.4933970272541046
Finished epoch 70 with Loss: 1.1358555555343628 and Accuracy: 0.49529901146888733
Finished epoch 71 with Loss: 1.132006049156189 and Accuracy: 0.500551164150238
Finished epoch 72 with Loss: 1.1330504417419434 and Accuracy: 0.4986059069633484
Finished epoch 73 with Loss: 1.1272937059402466 and Accuracy: 0.4979358911514282
Finished epoch 74 with Loss: 1.1275241374969482 and Accuracy: 0.5014805197715759
Finished epoch 75 with Loss: 1.1309638023376465 and Accuracy: 0.4986059069633484
Finished epoch 76 with Loss: 1.1262149810791016 and Accuracy: 0.5034041404724121
Finished epoch 77 with Loss: 1.1287131309509277 and Accuracy: 0.4994272291660309
Finished epoch 78 with Loss: 1.1259839534759521 and Accuracy: 0.5035554766654968
Finished epoch 79 with Loss: 1.1204670667648315 and Accuracy: 0.5060410499572754
Finished epoch 80 with Loss: 1.1220110654830933 and Accuracy: 0.5050035715103149
Finished epoch 81 with Loss: 1.1170828342437744 and Accuracy: 0.510515034198761
Finished epoch 82 with Loss: 1.1187174320220947 and Accuracy: 0.5069487690925598
Finished epoch 83 with Loss: 1.1167733669281006 and Accuracy: 0.5091966390609741
Finished epoch 84 with Loss: 1.1197353601455688 and Accuracy: 0.5072513818740845
Finished epoch 85 with Loss: 1.1197184324264526 and Accuracy: 0.5066677927970886
Finished epoch 86 with Loss: 1.1166071891784668 and Accuracy: 0.509110152721405
Finished epoch 87 with Loss: 1.1142852306365967 and Accuracy: 0.5072513818740845
Finished epoch 88 with Loss: 1.1123063564300537 and Accuracy: 0.5111634731292725
Finished epoch 89 with Loss: 1.112662672996521 and Accuracy: 0.512784481048584
Finished epoch 90 with Loss: 1.1110353469848633 and Accuracy: 0.5097153186798096
Finished epoch 91 with Loss: 1.1081174612045288 and Accuracy: 0.5095856785774231
Finished epoch 92 with Loss: 1.1105234622955322 and Accuracy: 0.5117470622062683
Finished epoch 93 with Loss: 1.102757453918457 and Accuracy: 0.5137138962745667
Finished epoch 94 with Loss: 1.1066981554031372 and Accuracy: 0.514816164970398
Finished epoch 95 with Loss: 1.1006264686584473 and Accuracy: 0.514816164970398
Finished epoch 96 with Loss: 1.107778549194336 and Accuracy: 0.5133032202720642
Finished epoch 97 with Loss: 1.1038758754730225 and Accuracy: 0.5162210464477539
Finished epoch 98 with Loss: 1.100440502166748 and Accuracy: 0.5164155960083008
Finished epoch 99 with Loss: 1.105940341949463 and Accuracy: 0.5138435363769531
Finished epoch 100 with Loss: 1.098370909690857 and Accuracy: 0.5197657346725464
Finished epoch 101 with Loss: 1.098882794380188 and Accuracy: 0.5172801613807678
Finished epoch 102 with Loss: 1.0950827598571777 and Accuracy: 0.5207815766334534
Finished epoch 103 with Loss: 1.0982964038848877 and Accuracy: 0.5211489796638489
Finished epoch 104 with Loss: 1.0960465669631958 and Accuracy: 0.5217541456222534
Finished epoch 105 with Loss: 1.0937912464141846 and Accuracy: 0.5250826478004456
Finished epoch 106 with Loss: 1.0926811695098877 and Accuracy: 0.5230942368507385
Finished epoch 107 with Loss: 1.091726303100586 and Accuracy: 0.524477481842041
Finished epoch 108 with Loss: 1.0927295684814453 and Accuracy: 0.5210192799568176
Finished epoch 109 with Loss: 1.0885555744171143 and Accuracy: 0.5235913395881653
Finished epoch 110 with Loss: 1.091679334640503 and Accuracy: 0.5223593711853027
Finished epoch 111 with Loss: 1.0879244804382324 and Accuracy: 0.525882363319397
Finished epoch 112 with Loss: 1.088213562965393 and Accuracy: 0.5244126319885254
Finished epoch 113 with Loss: 1.0874788761138916 and Accuracy: 0.5262498259544373
Finished epoch 114 with Loss: 1.089079737663269 and Accuracy: 0.5262066125869751
Finished epoch 115 with Loss: 1.087132453918457 and Accuracy: 0.5261417627334595
Finished epoch 116 with Loss: 1.084208607673645 and Accuracy: 0.5282382965087891
Finished epoch 117 with Loss: 1.0823370218276978 and Accuracy: 0.5288650393486023
Finished epoch 118 with Loss: 1.0797600746154785 and Accuracy: 0.5283679366111755
Finished epoch 119 with Loss: 1.0805505514144897 and Accuracy: 0.5317397117614746
Finished epoch 120 with Loss: 1.0858087539672852 and Accuracy: 0.5259472131729126
Finished epoch 121 with Loss: 1.0817437171936035 and Accuracy: 0.5338146090507507
Finished epoch 122 with Loss: 1.0797213315963745 and Accuracy: 0.5330365300178528
Finished epoch 123 with Loss: 1.0782777070999146 and Accuracy: 0.5321936011314392
Finished epoch 124 with Loss: 1.0842599868774414 and Accuracy: 0.5280869603157043
Finished epoch 125 with Loss: 1.0776160955429077 and Accuracy: 0.5326258540153503
Finished epoch 126 with Loss: 1.0815699100494385 and Accuracy: 0.5331013202667236
Finished epoch 127 with Loss: 1.0761171579360962 and Accuracy: 0.5322151780128479
Finished epoch 128 with Loss: 1.075922966003418 and Accuracy: 0.5317397117614746
Finished epoch 129 with Loss: 1.0731041431427002 and Accuracy: 0.533663272857666
Finished epoch 130 with Loss: 1.07771635055542 and Accuracy: 0.5321287512779236
Finished epoch 131 with Loss: 1.075727105140686 and Accuracy: 0.5303780436515808
Finished epoch 132 with Loss: 1.0738213062286377 and Accuracy: 0.5351330041885376
Finished epoch 133 with Loss: 1.0748779773712158 and Accuracy: 0.5321936011314392
Finished epoch 134 with Loss: 1.0756595134735107 and Accuracy: 0.5328851938247681
Finished epoch 135 with Loss: 1.0719722509384155 and Accuracy: 0.5353924036026001
Finished epoch 136 with Loss: 1.0722346305847168 and Accuracy: 0.5348088145256042
Finished epoch 137 with Loss: 1.065850853919983 and Accuracy: 0.5381589531898499
Finished epoch 138 with Loss: 1.0716599225997925 and Accuracy: 0.534916877746582
Finished epoch 139 with Loss: 1.069309949874878 and Accuracy: 0.5351330041885376
Finished epoch 140 with Loss: 1.0674712657928467 and Accuracy: 0.5359111428260803
Finished epoch 141 with Loss: 1.0689603090286255 and Accuracy: 0.5384831428527832
Finished epoch 142 with Loss: 1.065847396850586 and Accuracy: 0.5378779768943787
Finished epoch 143 with Loss: 1.0704009532928467 and Accuracy: 0.5351546406745911
Finished epoch 144 with Loss: 1.065476894378662 and Accuracy: 0.5379211902618408
Finished epoch 145 with Loss: 1.0613129138946533 and Accuracy: 0.5411416292190552
Finished epoch 146 with Loss: 1.0651936531066895 and Accuracy: 0.5386128425598145
Finished epoch 147 with Loss: 1.0685534477233887 and Accuracy: 0.5364082455635071
Finished epoch 148 with Loss: 1.0654195547103882 and Accuracy: 0.5386560559272766
Finished epoch 149 with Loss: 1.066691279411316 and Accuracy: 0.5388721823692322
Finished epoch 150 with Loss: 1.0620266199111938 and Accuracy: 0.5408174395561218
Finished epoch 151 with Loss: 1.0610458850860596 and Accuracy: 0.5434542894363403
Finished epoch 152 with Loss: 1.0628560781478882 and Accuracy: 0.5401474237442017
Finished epoch 153 with Loss: 1.0614690780639648 and Accuracy: 0.5420277714729309
Finished epoch 154 with Loss: 1.0618771314620972 and Accuracy: 0.5436704158782959
Finished epoch 155 with Loss: 1.0610443353652954 and Accuracy: 0.5394125580787659
Finished epoch 156 with Loss: 1.0582822561264038 and Accuracy: 0.5433462262153625
Finished epoch 157 with Loss: 1.0591648817062378 and Accuracy: 0.5438217520713806
Finished epoch 158 with Loss: 1.058350920677185 and Accuracy: 0.5424600839614868
Finished epoch 159 with Loss: 1.0580106973648071 and Accuracy: 0.5455291867256165
Finished epoch 160 with Loss: 1.0592148303985596 and Accuracy: 0.5412929058074951
Finished epoch 161 with Loss: 1.0589184761047363 and Accuracy: 0.5419197082519531
Finished epoch 162 with Loss: 1.0588111877441406 and Accuracy: 0.5450320839881897
Finished epoch 163 with Loss: 1.0531418323516846 and Accuracy: 0.5469773411750793
Finished epoch 164 with Loss: 1.056419014930725 and Accuracy: 0.5468476414680481
Finished epoch 165 with Loss: 1.0563520193099976 and Accuracy: 0.5456156730651855
Finished epoch 166 with Loss: 1.0548629760742188 and Accuracy: 0.5436704158782959
Finished epoch 167 with Loss: 1.0544366836547852 and Accuracy: 0.5465450286865234
Finished epoch 168 with Loss: 1.0537527799606323 and Accuracy: 0.5479715466499329
Finished epoch 169 with Loss: 1.0472126007080078 and Accuracy: 0.548252522945404
Finished epoch 170 with Loss: 1.0465139150619507 and Accuracy: 0.5484686493873596
Finished epoch 171 with Loss: 1.0550130605697632 and Accuracy: 0.5481012463569641
Finished epoch 172 with Loss: 1.0511873960494995 and Accuracy: 0.5489225387573242
Finished epoch 173 with Loss: 1.0498933792114258 and Accuracy: 0.548058032989502
Finished epoch 174 with Loss: 1.0519371032714844 and Accuracy: 0.546653151512146
Finished epoch 175 with Loss: 1.0491211414337158 and Accuracy: 0.5494629144668579
Finished epoch 176 with Loss: 1.0516552925109863 and Accuracy: 0.54868483543396
Finished epoch 177 with Loss: 1.0500609874725342 and Accuracy: 0.5455076098442078
Finished epoch 178 with Loss: 1.0466070175170898 and Accuracy: 0.5490090250968933
Finished epoch 179 with Loss: 1.0479987859725952 and Accuracy: 0.5474095940589905
Finished epoch 180 with Loss: 1.0477408170700073 and Accuracy: 0.5503706932067871
Finished epoch 181 with Loss: 1.053201675415039 and Accuracy: 0.54637211561203
Finished epoch 182 with Loss: 1.0459150075912476 and Accuracy: 0.5486631989479065
Finished epoch 183 with Loss: 1.046413779258728 and Accuracy: 0.5521429777145386
Finished epoch 184 with Loss: 1.0454803705215454 and Accuracy: 0.552164614200592
Finished epoch 185 with Loss: 1.0450631380081177 and Accuracy: 0.551926851272583
Finished epoch 186 with Loss: 1.0476632118225098 and Accuracy: 0.5521429777145386
Finished epoch 187 with Loss: 1.0442328453063965 and Accuracy: 0.5516458749771118
Finished epoch 188 with Loss: 1.0504963397979736 and Accuracy: 0.5429355502128601
Finished epoch 189 with Loss: 1.0394212007522583 and Accuracy: 0.5529859066009521
Finished epoch 190 with Loss: 1.0483932495117188 and Accuracy: 0.5488144755363464
Finished epoch 191 with Loss: 1.0449403524398804 and Accuracy: 0.5484686493873596
Finished epoch 192 with Loss: 1.0433950424194336 and Accuracy: 0.5518187880516052
Finished epoch 193 with Loss: 1.0427491664886475 and Accuracy: 0.5552769899368286
Finished epoch 194 with Loss: 1.0437393188476562 and Accuracy: 0.5505651831626892
Finished epoch 195 with Loss: 1.042014479637146 and Accuracy: 0.5551905035972595
Finished epoch 196 with Loss: 1.0372647047042847 and Accuracy: 0.5542395114898682
Finished epoch 197 with Loss: 1.0426013469696045 and Accuracy: 0.5535478591918945
Finished epoch 198 with Loss: 1.040621280670166 and Accuracy: 0.5547366142272949
Finished epoch 199 with Loss: 1.0379197597503662 and Accuracy: 0.5519700646400452
Finished epoch 200 with Loss: 1.0382095575332642 and Accuracy: 0.5548446774482727
Finished epoch 201 with Loss: 1.0388754606246948 and Accuracy: 0.5530723929405212
Finished epoch 202 with Loss: 1.0417091846466064 and Accuracy: 0.5512784719467163
Finished epoch 203 with Loss: 1.0402122735977173 and Accuracy: 0.5565738081932068
Finished epoch 204 with Loss: 1.0385935306549072 and Accuracy: 0.5530723929405212
Finished epoch 205 with Loss: 1.038682460784912 and Accuracy: 0.5548014640808105
Finished epoch 206 with Loss: 1.0375436544418335 and Accuracy: 0.5560118556022644
Finished epoch 207 with Loss: 1.0402328968048096 and Accuracy: 0.5536991953849792
Finished epoch 208 with Loss: 1.0341989994049072 and Accuracy: 0.5569844841957092
Finished epoch 209 with Loss: 1.0377346277236938 and Accuracy: 0.5549311637878418
Finished epoch 210 with Loss: 1.0405688285827637 and Accuracy: 0.5537640452384949
Finished epoch 211 with Loss: 1.0365190505981445 and Accuracy: 0.5572221875190735
Finished epoch 212 with Loss: 1.0383565425872803 and Accuracy: 0.5556228160858154
Finished epoch 213 with Loss: 1.0371177196502686 and Accuracy: 0.5582813024520874
Finished epoch 214 with Loss: 1.0310888290405273 and Accuracy: 0.5607452392578125
Finished epoch 215 with Loss: 1.0332319736480713 and Accuracy: 0.5587567687034607
Finished epoch 216 with Loss: 1.0315088033676147 and Accuracy: 0.5595781207084656
Finished epoch 217 with Loss: 1.03627347946167 and Accuracy: 0.5584325790405273
Finished epoch 218 with Loss: 1.0343012809753418 and Accuracy: 0.5589513182640076
Finished epoch 219 with Loss: 1.0323017835617065 and Accuracy: 0.5616746544837952
Finished epoch 220 with Loss: 1.0351850986480713 and Accuracy: 0.5578922629356384
Finished epoch 221 with Loss: 1.0297479629516602 and Accuracy: 0.5620420575141907
Finished epoch 222 with Loss: 1.029578447341919 and Accuracy: 0.5586054921150208
Finished epoch 223 with Loss: 1.0337382555007935 and Accuracy: 0.5562711954116821
Finished epoch 224 with Loss: 1.0323443412780762 and Accuracy: 0.5605074763298035
Finished epoch 225 with Loss: 1.0313050746917725 and Accuracy: 0.5607884526252747
Finished epoch 226 with Loss: 1.0337367057800293 and Accuracy: 0.5575031638145447
Finished epoch 227 with Loss: 1.025309443473816 and Accuracy: 0.5619339942932129
Finished epoch 228 with Loss: 1.0329889059066772 and Accuracy: 0.5576545000076294
Finished epoch 229 with Loss: 1.0309081077575684 and Accuracy: 0.5588864684104919
Finished epoch 230 with Loss: 1.0236105918884277 and Accuracy: 0.56690514087677
Finished epoch 231 with Loss: 1.0274995565414429 and Accuracy: 0.5604642629623413
Finished epoch 232 with Loss: 1.0276740789413452 and Accuracy: 0.562409520149231
Finished epoch 233 with Loss: 1.0292861461639404 and Accuracy: 0.5616530179977417
Finished epoch 234 with Loss: 1.0273650884628296 and Accuracy: 0.561739444732666
Finished epoch 235 with Loss: 1.0313633680343628 and Accuracy: 0.5593619346618652
Finished epoch 236 with Loss: 1.0265477895736694 and Accuracy: 0.5635334253311157
Finished epoch 237 with Loss: 1.0293359756469727 and Accuracy: 0.5609613656997681
Finished epoch 238 with Loss: 1.0278112888336182 and Accuracy: 0.5618259310722351
Finished epoch 239 with Loss: 1.0259453058242798 and Accuracy: 0.5625391602516174
Finished epoch 240 with Loss: 1.021752953529358 and Accuracy: 0.5617178678512573
Finished epoch 241 with Loss: 1.023886799812317 and Accuracy: 0.562755286693573
Finished epoch 242 with Loss: 1.0253220796585083 and Accuracy: 0.5638576149940491
Finished epoch 243 with Loss: 1.0253918170928955 and Accuracy: 0.5626904964447021
Finished epoch 244 with Loss: 1.0250062942504883 and Accuracy: 0.5626040101051331
Finished epoch 245 with Loss: 1.0244386196136475 and Accuracy: 0.5620852708816528
Finished epoch 246 with Loss: 1.0247843265533447 and Accuracy: 0.5661486387252808
Finished epoch 247 with Loss: 1.0217480659484863 and Accuracy: 0.5686126351356506
Finished epoch 248 with Loss: 1.0222471952438354 and Accuracy: 0.5645492672920227
Finished epoch 249 with Loss: 1.0199785232543945 and Accuracy: 0.565802812576294
Finished epoch 250 with Loss: 1.0226634740829468 and Accuracy: 0.5658460855484009
Finished epoch 251 with Loss: 1.0246223211288452 and Accuracy: 0.5643763542175293
Finished epoch 252 with Loss: 1.021334171295166 and Accuracy: 0.5667970776557922
Finished epoch 253 with Loss: 1.0239559412002563 and Accuracy: 0.5654354095458984
Finished epoch 254 with Loss: 1.0204071998596191 and Accuracy: 0.5675103068351746
Finished epoch 255 with Loss: 1.0203781127929688 and Accuracy: 0.5661702752113342
Finished epoch 256 with Loss: 1.0211396217346191 and Accuracy: 0.5652841329574585
Finished epoch 257 with Loss: 1.0155582427978516 and Accuracy: 0.5683965086936951
Finished epoch 258 with Loss: 1.0172739028930664 and Accuracy: 0.5680506825447083
Finished epoch 259 with Loss: 1.0130995512008667 and Accuracy: 0.5685045719146729
Finished epoch 260 with Loss: 1.017804741859436 and Accuracy: 0.5691097378730774
Finished epoch 261 with Loss: 1.0166995525360107 and Accuracy: 0.5666025280952454
Finished epoch 262 with Loss: 1.0169568061828613 and Accuracy: 0.5665809512138367
Finished epoch 263 with Loss: 1.0218968391418457 and Accuracy: 0.564786970615387
Finished epoch 264 with Loss: 1.018582820892334 and Accuracy: 0.5656083226203918
Finished epoch 265 with Loss: 1.0168697834014893 and Accuracy: 0.5686342120170593
Finished epoch 266 with Loss: 1.013747215270996 and Accuracy: 0.5700175166130066
Finished epoch 267 with Loss: 1.0158016681671143 and Accuracy: 0.5685261487960815
Finished epoch 268 with Loss: 1.0150766372680664 and Accuracy: 0.5678561329841614
Finished epoch 269 with Loss: 1.017098307609558 and Accuracy: 0.5680938959121704
Finished epoch 270 with Loss: 1.018912672996521 and Accuracy: 0.5674022436141968
Finished epoch 271 with Loss: 1.0115832090377808 and Accuracy: 0.5701687932014465
Finished epoch 272 with Loss: 1.0155208110809326 and Accuracy: 0.569174587726593
Finished epoch 273 with Loss: 1.0146222114562988 and Accuracy: 0.5672725439071655
Finished epoch 274 with Loss: 1.0114264488220215 and Accuracy: 0.5713791847229004
Finished epoch 275 with Loss: 1.0106273889541626 and Accuracy: 0.5732163190841675
Finished epoch 276 with Loss: 1.0152822732925415 and Accuracy: 0.5661270618438721
Finished epoch 277 with Loss: 1.0147202014923096 and Accuracy: 0.5696068406105042
Finished epoch 278 with Loss: 1.0167033672332764 and Accuracy: 0.5701039433479309
Finished epoch 279 with Loss: 1.012346625328064 and Accuracy: 0.5724382400512695
Finished epoch 280 with Loss: 1.0172767639160156 and Accuracy: 0.5665593147277832
Finished epoch 281 with Loss: 1.0108827352523804 and Accuracy: 0.5715520977973938
Finished epoch 282 with Loss: 1.0126738548278809 and Accuracy: 0.5681155323982239
Finished epoch 283 with Loss: 1.0154063701629639 and Accuracy: 0.5697365403175354
Finished epoch 284 with Loss: 1.0087871551513672 and Accuracy: 0.5700390934944153
Finished epoch 285 with Loss: 1.0096391439437866 and Accuracy: 0.569412350654602
Finished epoch 286 with Loss: 1.0120950937271118 and Accuracy: 0.5714007616043091
Finished epoch 287 with Loss: 1.0149317979812622 and Accuracy: 0.5688936114311218
Finished epoch 288 with Loss: 1.0140244960784912 and Accuracy: 0.5711197853088379
Finished epoch 289 with Loss: 1.0102283954620361 and Accuracy: 0.572222113609314
Finished epoch 290 with Loss: 1.009810209274292 and Accuracy: 0.5717682242393494
Finished epoch 291 with Loss: 1.0054954290390015 and Accuracy: 0.5743186473846436
Finished epoch 292 with Loss: 1.0078675746917725 and Accuracy: 0.5735837817192078
Finished epoch 293 with Loss: 1.0065027475357056 and Accuracy: 0.575118362903595
Finished epoch 294 with Loss: 1.0087167024612427 and Accuracy: 0.5741457343101501
Finished epoch 295 with Loss: 1.012632131576538 and Accuracy: 0.5683316588401794
Finished epoch 296 with Loss: 1.0061837434768677 and Accuracy: 0.5730650424957275
Finished epoch 297 with Loss: 1.0058863162994385 and Accuracy: 0.5765016078948975
Finished epoch 298 with Loss: 1.009465217590332 and Accuracy: 0.5708604454994202
Finished epoch 299 with Loss: 1.0080323219299316 and Accuracy: 0.5723085403442383
Finished epoch 300 with Loss: 1.0095350742340088 and Accuracy: 0.5723518133163452
Accuracy: 0.23Accuracy: 0.23Accuracy: 0.23Accuracy: 0.23Accuracy: 0.23Accuracy: 0.23Accuracy: 0.23Accuracy: 0.23Accuracy: 0.23Accuracy: 0.23Accuracy: 0.23Accuracy: 0.23Accuracy: 0.23Accuracy: 0.23Accuracy: 0.23Accuracy: 0.23Accuracy: 0.23Accuracy: 0.23Accuracy: 0.23Accuracy: 0.23Accuracy: 0.23Accuracy: 0.23Accuracy: 0.23Accuracy: 0.23Accuracy: 0.23Accuracy: 0.23Accuracy: 0.23Accuracy: 0.23Accuracy: 0.23Accuracy: 0.23Accuracy: 0.23Accuracy: 0.23Accuracy: 0.23Accuracy: 0.23Accuracy: 0.23Accuracy: 0.23Accuracy: 0.23Accuracy: 0.23Accuracy: 0.23Accuracy: 0.23Accuracy: 0.23Accuracy: 0.23Accuracy: 0.23Accuracy: 0.23Accuracy: 0.23Accuracy: 0.23Accuracy: 0.23Accuracy: 0.23Accuracy: 0.23Accuracy: 0.23Accuracy: 0.23Accuracy: 0.23Accuracy: 0.23Accuracy: 0.23Accuracy: 0.23Accuracy: 0.23Accuracy: 0.23Accuracy: 0.23Accuracy: 0.23Accuracy: 0.23Accuracy: 0.23Accuracy: 0.23Accuracy: 0.23Accuracy: 0.23Accuracy: 0.23Accuracy: 0.23Accuracy: 0.23Accuracy: 0.23Accuracy: 0.23Accuracy: 0.23Accuracy: 0.23Accuracy: 0.23Accuracy: 0.23Accuracy: 0.23Accuracy: 0.23Accuracy: 0.23Accuracy: 0.23Accuracy: 0.23Accuracy: 0.23Accuracy: 0.23Accuracy: 0.23Accuracy: 0.23Accuracy: 0.23Accuracy: 0.23Accuracy: 0.23Accuracy: 0.23Accuracy: 0.23Accuracy: 0.23Accuracy: 0.23Accuracy: 0.23Accuracy: 0.23Accuracy: 0.23Accuracy: 0.23Accuracy: 0.23Accuracy: 0.23Accuracy: 0.23Accuracy: 0.23Accuracy: 0.23Accuracy: 0.23Accuracy: 0.23
Performing K-Fold 2
Finished epoch 1 with Loss: 1.3695650100708008 and Accuracy: 0.30300214886665344
Finished epoch 2 with Loss: 1.3571102619171143 and Accuracy: 0.3162080943584442
Finished epoch 3 with Loss: 1.348581314086914 and Accuracy: 0.32392418384552
Finished epoch 4 with Loss: 1.339729905128479 and Accuracy: 0.33961570262908936
Finished epoch 5 with Loss: 1.33245849609375 and Accuracy: 0.3464888632297516
Finished epoch 6 with Loss: 1.325138807296753 and Accuracy: 0.35543692111968994
Finished epoch 7 with Loss: 1.3180054426193237 and Accuracy: 0.35816025733947754
Finished epoch 8 with Loss: 1.3133914470672607 and Accuracy: 0.3663734495639801
Finished epoch 9 with Loss: 1.3063671588897705 and Accuracy: 0.3715823292732239
Finished epoch 10 with Loss: 1.299667239189148 and Accuracy: 0.3741759657859802
Finished epoch 11 with Loss: 1.2959233522415161 and Accuracy: 0.37797999382019043
Finished epoch 12 with Loss: 1.2882003784179688 and Accuracy: 0.38751161098480225
Finished epoch 13 with Loss: 1.2822110652923584 and Accuracy: 0.3903646171092987
Finished epoch 14 with Loss: 1.2782971858978271 and Accuracy: 0.39596256613731384
Finished epoch 15 with Loss: 1.2705693244934082 and Accuracy: 0.39741069078445435
Finished epoch 16 with Loss: 1.267187237739563 and Accuracy: 0.40138760209083557
Finished epoch 17 with Loss: 1.2622904777526855 and Accuracy: 0.40687745809555054
Finished epoch 18 with Loss: 1.2590231895446777 and Accuracy: 0.409557580947876
Finished epoch 19 with Loss: 1.2507129907608032 and Accuracy: 0.4158039093017578
Finished epoch 20 with Loss: 1.2454832792282104 and Accuracy: 0.419370174407959
Finished epoch 21 with Loss: 1.2443686723709106 and Accuracy: 0.42131540179252625
Finished epoch 22 with Loss: 1.2400109767913818 and Accuracy: 0.4245358407497406
Finished epoch 23 with Loss: 1.2364612817764282 and Accuracy: 0.42602717876434326
Finished epoch 24 with Loss: 1.2309155464172363 and Accuracy: 0.4281669557094574
Finished epoch 25 with Loss: 1.230007290840149 and Accuracy: 0.4322519302368164
Finished epoch 26 with Loss: 1.222878336906433 and Accuracy: 0.43631529808044434
Finished epoch 27 with Loss: 1.2157726287841797 and Accuracy: 0.4395141303539276
Finished epoch 28 with Loss: 1.2166829109191895 and Accuracy: 0.43804439902305603
Finished epoch 29 with Loss: 1.2134406566619873 and Accuracy: 0.4408757984638214
Finished epoch 30 with Loss: 1.2080711126327515 and Accuracy: 0.44764086604118347
Finished epoch 31 with Loss: 1.20654296875 and Accuracy: 0.447446346282959
Finished epoch 32 with Loss: 1.2023108005523682 and Accuracy: 0.44984546303749084
Finished epoch 33 with Loss: 1.2039692401885986 and Accuracy: 0.44720858335494995
Finished epoch 34 with Loss: 1.199530005455017 and Accuracy: 0.4525904059410095
Finished epoch 35 with Loss: 1.1948966979980469 and Accuracy: 0.45648086071014404
Finished epoch 36 with Loss: 1.1971105337142944 and Accuracy: 0.45473015308380127
Finished epoch 37 with Loss: 1.1881614923477173 and Accuracy: 0.4602416455745697
Finished epoch 38 with Loss: 1.1858813762664795 and Accuracy: 0.46365660429000854
Finished epoch 39 with Loss: 1.1848363876342773 and Accuracy: 0.46385112404823303
Finished epoch 40 with Loss: 1.1839323043823242 and Accuracy: 0.46354854106903076
Finished epoch 41 with Loss: 1.1803001165390015 and Accuracy: 0.4664447605609894
Finished epoch 42 with Loss: 1.1779528856277466 and Accuracy: 0.4661421775817871
Finished epoch 43 with Loss: 1.1772291660308838 and Accuracy: 0.46493181586265564
Finished epoch 44 with Loss: 1.174351453781128 and Accuracy: 0.4704000651836395
Finished epoch 45 with Loss: 1.1723004579544067 and Accuracy: 0.471221387386322
Finished epoch 46 with Loss: 1.168524146080017 and Accuracy: 0.4737718105316162
Finished epoch 47 with Loss: 1.168726921081543 and Accuracy: 0.47327467799186707
Finished epoch 48 with Loss: 1.1646429300308228 and Accuracy: 0.4774893522262573
Finished epoch 49 with Loss: 1.1621322631835938 and Accuracy: 0.47539281845092773
Finished epoch 50 with Loss: 1.1616894006729126 and Accuracy: 0.47928330302238464
Finished epoch 51 with Loss: 1.162750244140625 and Accuracy: 0.47982361912727356
Finished epoch 52 with Loss: 1.1566579341888428 and Accuracy: 0.48163917660713196
Finished epoch 53 with Loss: 1.1549009084701538 and Accuracy: 0.48211467266082764
Finished epoch 54 with Loss: 1.1528974771499634 and Accuracy: 0.4804288148880005
Finished epoch 55 with Loss: 1.1541067361831665 and Accuracy: 0.48055848479270935
Finished epoch 56 with Loss: 1.1538174152374268 and Accuracy: 0.48237404227256775
Finished epoch 57 with Loss: 1.1455202102661133 and Accuracy: 0.48808005452156067
Finished epoch 58 with Loss: 1.1484313011169434 and Accuracy: 0.4842112064361572
Finished epoch 59 with Loss: 1.1436105966567993 and Accuracy: 0.48844748735427856
Finished epoch 60 with Loss: 1.1474246978759766 and Accuracy: 0.4859835207462311
Finished epoch 61 with Loss: 1.143329381942749 and Accuracy: 0.48890137672424316
Finished epoch 62 with Loss: 1.142101526260376 and Accuracy: 0.4872371256351471
Finished epoch 63 with Loss: 1.1392560005187988 and Accuracy: 0.49281343817710876
Finished epoch 64 with Loss: 1.1363955736160278 and Accuracy: 0.493958979845047
Finished epoch 65 with Loss: 1.1350557804107666 and Accuracy: 0.4963148534297943
Finished epoch 66 with Loss: 1.1353437900543213 and Accuracy: 0.4925757050514221
Finished epoch 67 with Loss: 1.1350574493408203 and Accuracy: 0.49653100967407227
Finished epoch 68 with Loss: 1.1321454048156738 and Accuracy: 0.4939373731613159
Finished epoch 69 with Loss: 1.1301212310791016 and Accuracy: 0.4980223476886749
Finished epoch 70 with Loss: 1.1330623626708984 and Accuracy: 0.4941318929195404
Finished epoch 71 with Loss: 1.1253169775009155 and Accuracy: 0.4995136857032776
Finished epoch 72 with Loss: 1.1224912405014038 and Accuracy: 0.5050899982452393
Finished epoch 73 with Loss: 1.1264201402664185 and Accuracy: 0.49936240911483765
Finished epoch 74 with Loss: 1.127177357673645 and Accuracy: 0.49646615982055664
Finished epoch 75 with Loss: 1.122544527053833 and Accuracy: 0.4997514486312866
Finished epoch 76 with Loss: 1.1222862005233765 and Accuracy: 0.5015885829925537
Finished epoch 77 with Loss: 1.1233341693878174 and Accuracy: 0.4997946619987488
Finished epoch 78 with Loss: 1.121947169303894 and Accuracy: 0.5026476979255676
Finished epoch 79 with Loss: 1.1192172765731812 and Accuracy: 0.5047225952148438
Finished epoch 80 with Loss: 1.1203484535217285 and Accuracy: 0.5052196979522705
Finished epoch 81 with Loss: 1.1144765615463257 and Accuracy: 0.5077484846115112
Finished epoch 82 with Loss: 1.1158959865570068 and Accuracy: 0.5040525794029236
Finished epoch 83 with Loss: 1.1135258674621582 and Accuracy: 0.5079430341720581
Finished epoch 84 with Loss: 1.1129366159439087 and Accuracy: 0.5092830657958984
Finished epoch 85 with Loss: 1.110672950744629 and Accuracy: 0.51090407371521
Finished epoch 86 with Loss: 1.110935926437378 and Accuracy: 0.5093262791633606
Finished epoch 87 with Loss: 1.1121397018432617 and Accuracy: 0.5067759156227112
Finished epoch 88 with Loss: 1.1084568500518799 and Accuracy: 0.5100395679473877
Finished epoch 89 with Loss: 1.1071802377700806 and Accuracy: 0.5117254257202148
Finished epoch 90 with Loss: 1.109169363975525 and Accuracy: 0.5112498998641968
Finished epoch 91 with Loss: 1.1050937175750732 and Accuracy: 0.512157678604126
Finished epoch 92 with Loss: 1.1059134006500244 and Accuracy: 0.5126764178276062
Finished epoch 93 with Loss: 1.1067194938659668 and Accuracy: 0.5144703388214111
Finished epoch 94 with Loss: 1.1010890007019043 and Accuracy: 0.5193766355514526
Finished epoch 95 with Loss: 1.0974804162979126 and Accuracy: 0.5166749358177185
Finished epoch 96 with Loss: 1.1002087593078613 and Accuracy: 0.5131519436836243
Finished epoch 97 with Loss: 1.1013685464859009 and Accuracy: 0.5161346197128296
Finished epoch 98 with Loss: 1.0983308553695679 and Accuracy: 0.5153997540473938
Finished epoch 99 with Loss: 1.092226505279541 and Accuracy: 0.5198737978935242
Finished epoch 100 with Loss: 1.0944273471832275 and Accuracy: 0.5168046355247498
Finished epoch 101 with Loss: 1.0951077938079834 and Accuracy: 0.5203492641448975
Finished epoch 102 with Loss: 1.0948048830032349 and Accuracy: 0.519938588142395
Finished epoch 103 with Loss: 1.0871131420135498 and Accuracy: 0.5260336995124817
Finished epoch 104 with Loss: 1.091412901878357 and Accuracy: 0.5200467109680176
Finished epoch 105 with Loss: 1.088175892829895 and Accuracy: 0.5220999717712402
Finished epoch 106 with Loss: 1.0926437377929688 and Accuracy: 0.5215380191802979
Finished epoch 107 with Loss: 1.0900224447250366 and Accuracy: 0.5185337066650391
Finished epoch 108 with Loss: 1.088182806968689 and Accuracy: 0.5236994028091431
Finished epoch 109 with Loss: 1.0855040550231934 and Accuracy: 0.5230077505111694
Finished epoch 110 with Loss: 1.0847913026809692 and Accuracy: 0.5274601578712463
Finished epoch 111 with Loss: 1.0835180282592773 and Accuracy: 0.5270927548408508
Finished epoch 112 with Loss: 1.0808897018432617 and Accuracy: 0.5282166600227356
Finished epoch 113 with Loss: 1.0807418823242188 and Accuracy: 0.5286056995391846
Finished epoch 114 with Loss: 1.0851962566375732 and Accuracy: 0.5250178575515747
Finished epoch 115 with Loss: 1.0818867683410645 and Accuracy: 0.5264659523963928
Finished epoch 116 with Loss: 1.0829955339431763 and Accuracy: 0.5281085968017578
Finished epoch 117 with Loss: 1.081682562828064 and Accuracy: 0.5288866758346558
Finished epoch 118 with Loss: 1.081498384475708 and Accuracy: 0.5289731621742249
Finished epoch 119 with Loss: 1.0791339874267578 and Accuracy: 0.5288434624671936
Finished epoch 120 with Loss: 1.0744234323501587 and Accuracy: 0.5283463597297668
Finished epoch 121 with Loss: 1.076865315437317 and Accuracy: 0.5292757153511047
Finished epoch 122 with Loss: 1.0734189748764038 and Accuracy: 0.5324961543083191
Finished epoch 123 with Loss: 1.0752307176589966 and Accuracy: 0.53143709897995
Finished epoch 124 with Loss: 1.0695356130599976 and Accuracy: 0.5370350480079651
Finished epoch 125 with Loss: 1.0705560445785522 and Accuracy: 0.5358895063400269
Finished epoch 126 with Loss: 1.073610782623291 and Accuracy: 0.5325610041618347
Finished epoch 127 with Loss: 1.0720930099487305 and Accuracy: 0.533317506313324
Finished epoch 128 with Loss: 1.0745739936828613 and Accuracy: 0.5328636169433594
Finished epoch 129 with Loss: 1.0709244012832642 and Accuracy: 0.5307454466819763
Finished epoch 130 with Loss: 1.0694911479949951 and Accuracy: 0.5333607196807861
Finished epoch 131 with Loss: 1.065129041671753 and Accuracy: 0.5350897908210754
Finished epoch 132 with Loss: 1.0655968189239502 and Accuracy: 0.5354356169700623
Finished epoch 133 with Loss: 1.0648348331451416 and Accuracy: 0.5356733798980713
Finished epoch 134 with Loss: 1.0649704933166504 and Accuracy: 0.5355221033096313
Finished epoch 135 with Loss: 1.064517855644226 and Accuracy: 0.5394774079322815
Finished epoch 136 with Loss: 1.0651355981826782 and Accuracy: 0.5381157398223877
Finished epoch 137 with Loss: 1.065652847290039 and Accuracy: 0.5383967161178589
Finished epoch 138 with Loss: 1.0626091957092285 and Accuracy: 0.5387425422668457
Finished epoch 139 with Loss: 1.0614384412765503 and Accuracy: 0.5403203368186951
Finished epoch 140 with Loss: 1.0613244771957397 and Accuracy: 0.5394341349601746
Finished epoch 141 with Loss: 1.062113881111145 and Accuracy: 0.5366892218589783
Finished epoch 142 with Loss: 1.0593173503875732 and Accuracy: 0.5390018820762634
Finished epoch 143 with Loss: 1.0633231401443481 and Accuracy: 0.5369053483009338
Finished epoch 144 with Loss: 1.065476417541504 and Accuracy: 0.5351546406745911
Finished epoch 145 with Loss: 1.0595049858093262 and Accuracy: 0.5420494079589844
Finished epoch 146 with Loss: 1.0605286359786987 and Accuracy: 0.5388506054878235
Finished epoch 147 with Loss: 1.0570440292358398 and Accuracy: 0.5417035818099976
Finished epoch 148 with Loss: 1.0626559257507324 and Accuracy: 0.5394341349601746
Finished epoch 149 with Loss: 1.055863857269287 and Accuracy: 0.5421358346939087
Finished epoch 150 with Loss: 1.0559557676315308 and Accuracy: 0.5433894395828247
Finished epoch 151 with Loss: 1.0566380023956299 and Accuracy: 0.5411632657051086
Finished epoch 152 with Loss: 1.057761311531067 and Accuracy: 0.5425897240638733
Finished epoch 153 with Loss: 1.0543713569641113 and Accuracy: 0.5424816608428955
Finished epoch 154 with Loss: 1.0529531240463257 and Accuracy: 0.5455076098442078
Finished epoch 155 with Loss: 1.0533664226531982 and Accuracy: 0.5435623526573181
Finished epoch 156 with Loss: 1.0541456937789917 and Accuracy: 0.5388073325157166
Finished epoch 157 with Loss: 1.0570582151412964 and Accuracy: 0.5447943210601807
Finished epoch 158 with Loss: 1.0540540218353271 and Accuracy: 0.5400177240371704
Finished epoch 159 with Loss: 1.0474014282226562 and Accuracy: 0.5483173727989197
Finished epoch 160 with Loss: 1.055191159248352 and Accuracy: 0.5415306687355042
Finished epoch 161 with Loss: 1.05001699924469 and Accuracy: 0.5452266335487366
Finished epoch 162 with Loss: 1.0528576374053955 and Accuracy: 0.5452049970626831
Finished epoch 163 with Loss: 1.0502523183822632 and Accuracy: 0.5458101630210876
Finished epoch 164 with Loss: 1.048514485359192 and Accuracy: 0.54637211561203
Finished epoch 165 with Loss: 1.0486713647842407 and Accuracy: 0.5492035150527954
Finished epoch 166 with Loss: 1.0503405332565308 and Accuracy: 0.547042191028595
Finished epoch 167 with Loss: 1.0459977388381958 and Accuracy: 0.5472366809844971
Finished epoch 168 with Loss: 1.0448700189590454 and Accuracy: 0.550521969795227
Finished epoch 169 with Loss: 1.0502674579620361 and Accuracy: 0.5465450286865234
Finished epoch 170 with Loss: 1.0467960834503174 and Accuracy: 0.5507380962371826
Finished epoch 171 with Loss: 1.0494506359100342 and Accuracy: 0.5461127758026123
Finished epoch 172 with Loss: 1.0474742650985718 and Accuracy: 0.5465234518051147
Finished epoch 173 with Loss: 1.0429342985153198 and Accuracy: 0.5496790409088135
Finished epoch 174 with Loss: 1.0423768758773804 and Accuracy: 0.5516026616096497
Finished epoch 175 with Loss: 1.0437129735946655 and Accuracy: 0.5485334992408752
Finished epoch 176 with Loss: 1.0421500205993652 and Accuracy: 0.550911009311676
Finished epoch 177 with Loss: 1.0422428846359253 and Accuracy: 0.5525968670845032
Finished epoch 178 with Loss: 1.0423572063446045 and Accuracy: 0.551689088344574
Finished epoch 179 with Loss: 1.0408813953399658 and Accuracy: 0.551926851272583
Finished epoch 180 with Loss: 1.0389089584350586 and Accuracy: 0.5501112937927246
Finished epoch 181 with Loss: 1.040716290473938 and Accuracy: 0.5503922700881958
Finished epoch 182 with Loss: 1.0383909940719604 and Accuracy: 0.5509974956512451
Finished epoch 183 with Loss: 1.0363821983337402 and Accuracy: 0.5544556379318237
Finished epoch 184 with Loss: 1.0387787818908691 and Accuracy: 0.5513648986816406
Finished epoch 185 with Loss: 1.0368365049362183 and Accuracy: 0.5545637011528015
Finished epoch 186 with Loss: 1.038524866104126 and Accuracy: 0.5506300330162048
Finished epoch 187 with Loss: 1.036638617515564 and Accuracy: 0.5528778433799744
Finished epoch 188 with Loss: 1.03956937789917 and Accuracy: 0.5507380962371826
Finished epoch 189 with Loss: 1.036707878112793 and Accuracy: 0.552553653717041
Finished epoch 190 with Loss: 1.0378719568252563 and Accuracy: 0.5548014640808105
Finished epoch 191 with Loss: 1.033652663230896 and Accuracy: 0.5540017485618591
Finished epoch 192 with Loss: 1.035925269126892 and Accuracy: 0.5541314482688904
Finished epoch 193 with Loss: 1.0380374193191528 and Accuracy: 0.5528346300125122
Finished epoch 194 with Loss: 1.0311943292617798 and Accuracy: 0.5551040768623352
Finished epoch 195 with Loss: 1.02940833568573 and Accuracy: 0.5606155395507812
Finished epoch 196 with Loss: 1.0350100994110107 and Accuracy: 0.5529211163520813
Finished epoch 197 with Loss: 1.0344668626785278 and Accuracy: 0.5539369583129883
Finished epoch 198 with Loss: 1.0352431535720825 and Accuracy: 0.5548879504203796
Finished epoch 199 with Loss: 1.037140130996704 and Accuracy: 0.5538288354873657
Finished epoch 200 with Loss: 1.0333727598190308 and Accuracy: 0.5547582507133484
Finished epoch 201 with Loss: 1.0289074182510376 and Accuracy: 0.5576760768890381
Finished epoch 202 with Loss: 1.027124285697937 and Accuracy: 0.5618907809257507
Finished epoch 203 with Loss: 1.031126618385315 and Accuracy: 0.5556443929672241
Finished epoch 204 with Loss: 1.0282536745071411 and Accuracy: 0.5573735237121582
Finished epoch 205 with Loss: 1.0271497964859009 and Accuracy: 0.5584542155265808
Finished epoch 206 with Loss: 1.0275098085403442 and Accuracy: 0.5568331480026245
Finished epoch 207 with Loss: 1.0252728462219238 and Accuracy: 0.5594267845153809
Finished epoch 208 with Loss: 1.0315043926239014 and Accuracy: 0.5551905035972595
Finished epoch 209 with Loss: 1.0276297330856323 and Accuracy: 0.5571357607841492
Finished epoch 210 with Loss: 1.0258336067199707 and Accuracy: 0.5593403577804565
Finished epoch 211 with Loss: 1.0329241752624512 and Accuracy: 0.557481586933136
Finished epoch 212 with Loss: 1.0249688625335693 and Accuracy: 0.5589081048965454
Finished epoch 213 with Loss: 1.0249886512756348 and Accuracy: 0.5599671602249146
Finished epoch 214 with Loss: 1.0270520448684692 and Accuracy: 0.5587567687034607
Finished epoch 215 with Loss: 1.0273627042770386 and Accuracy: 0.5586703419685364
Finished epoch 216 with Loss: 1.0277870893478394 and Accuracy: 0.5568331480026245
Finished epoch 217 with Loss: 1.0171105861663818 and Accuracy: 0.564786970615387
Finished epoch 218 with Loss: 1.0268913507461548 and Accuracy: 0.5577625632286072
Finished epoch 219 with Loss: 1.019326090812683 and Accuracy: 0.5632740259170532
Finished epoch 220 with Loss: 1.0227049589157104 and Accuracy: 0.5608100891113281
Finished epoch 221 with Loss: 1.0254557132720947 and Accuracy: 0.5613720417022705
Finished epoch 222 with Loss: 1.0246610641479492 and Accuracy: 0.5594484210014343
Finished epoch 223 with Loss: 1.0224710702896118 and Accuracy: 0.5628417730331421
Finished epoch 224 with Loss: 1.0284829139709473 and Accuracy: 0.5563792586326599
Finished epoch 225 with Loss: 1.024686336517334 and Accuracy: 0.5611559152603149
Finished epoch 226 with Loss: 1.0218698978424072 and Accuracy: 0.5625175833702087
Finished epoch 227 with Loss: 1.02145254611969 and Accuracy: 0.564397931098938
Finished epoch 228 with Loss: 1.0149179697036743 and Accuracy: 0.568785548210144
Finished epoch 229 with Loss: 1.0234410762786865 and Accuracy: 0.5593403577804565
Finished epoch 230 with Loss: 1.020242691040039 and Accuracy: 0.5638359785079956
Finished epoch 231 with Loss: 1.0189651250839233 and Accuracy: 0.5622581839561462
Finished epoch 232 with Loss: 1.0184677839279175 and Accuracy: 0.5625175833702087
Finished epoch 233 with Loss: 1.0213446617126465 and Accuracy: 0.5607020258903503
Finished epoch 234 with Loss: 1.0185226202011108 and Accuracy: 0.5644195675849915
Finished epoch 235 with Loss: 1.0227566957473755 and Accuracy: 0.5610478520393372
Finished epoch 236 with Loss: 1.0163230895996094 and Accuracy: 0.5648518204689026
Finished epoch 237 with Loss: 1.0195462703704834 and Accuracy: 0.5608533024787903
Finished epoch 238 with Loss: 1.0186165571212769 and Accuracy: 0.5645059943199158
Finished epoch 239 with Loss: 1.0211478471755981 and Accuracy: 0.5625175833702087
Finished epoch 240 with Loss: 1.0134034156799316 and Accuracy: 0.5682883858680725
Finished epoch 241 with Loss: 1.0164581537246704 and Accuracy: 0.5673373937606812
Finished epoch 242 with Loss: 1.0152559280395508 and Accuracy: 0.5650031566619873
Finished epoch 243 with Loss: 1.0150548219680786 and Accuracy: 0.5680938959121704
Finished epoch 244 with Loss: 1.0162075757980347 and Accuracy: 0.5644844174385071
Finished epoch 245 with Loss: 1.0170502662658691 and Accuracy: 0.5638576149940491
Finished epoch 246 with Loss: 1.0130374431610107 and Accuracy: 0.5680074095726013
Finished epoch 247 with Loss: 1.013694405555725 and Accuracy: 0.5669267773628235
Finished epoch 248 with Loss: 1.016850233078003 and Accuracy: 0.565889298915863
Finished epoch 249 with Loss: 1.0152959823608398 and Accuracy: 0.5645059943199158
Finished epoch 250 with Loss: 1.011049509048462 and Accuracy: 0.5684397220611572
Finished epoch 251 with Loss: 1.013344645500183 and Accuracy: 0.5632308125495911
Finished epoch 252 with Loss: 1.0157655477523804 and Accuracy: 0.5673158168792725
Finished epoch 253 with Loss: 1.0139952898025513 and Accuracy: 0.5656947493553162
Finished epoch 254 with Loss: 1.0141695737838745 and Accuracy: 0.5661054253578186
Finished epoch 255 with Loss: 1.0104001760482788 and Accuracy: 0.5696284770965576
Finished epoch 256 with Loss: 1.0152952671051025 and Accuracy: 0.5663864016532898
Finished epoch 257 with Loss: 1.0134375095367432 and Accuracy: 0.563382089138031
Finished epoch 258 with Loss: 1.0120548009872437 and Accuracy: 0.5669267773628235
Finished epoch 259 with Loss: 1.013645052909851 and Accuracy: 0.5671212673187256
Finished epoch 260 with Loss: 1.0085285902023315 and Accuracy: 0.5709036588668823
Finished epoch 261 with Loss: 1.0089328289031982 and Accuracy: 0.5672293305397034
Finished epoch 262 with Loss: 1.01414155960083 and Accuracy: 0.5645924806594849
Finished epoch 263 with Loss: 1.0108990669250488 and Accuracy: 0.5677048563957214
Finished epoch 264 with Loss: 1.0036311149597168 and Accuracy: 0.5725246667861938
Finished epoch 265 with Loss: 1.0090564489364624 and Accuracy: 0.5691529512405396
Finished epoch 266 with Loss: 1.0062068700790405 and Accuracy: 0.5691097378730774
Finished epoch 267 with Loss: 1.0061111450195312 and Accuracy: 0.5699743032455444
Finished epoch 268 with Loss: 1.0099904537200928 and Accuracy: 0.5676400065422058
Finished epoch 269 with Loss: 1.0111873149871826 and Accuracy: 0.5665809512138367
Finished epoch 270 with Loss: 1.0105692148208618 and Accuracy: 0.5682883858680725
Finished epoch 271 with Loss: 1.0096957683563232 and Accuracy: 0.5673806667327881
Finished epoch 272 with Loss: 1.0090818405151367 and Accuracy: 0.5684180855751038
Finished epoch 273 with Loss: 1.006365180015564 and Accuracy: 0.5706658959388733
Finished epoch 274 with Loss: 1.0059285163879395 and Accuracy: 0.5706875324249268
Finished epoch 275 with Loss: 1.001537561416626 and Accuracy: 0.5736053586006165
Finished epoch 276 with Loss: 1.0076786279678345 and Accuracy: 0.5683965086936951
Finished epoch 277 with Loss: 1.0072575807571411 and Accuracy: 0.5707091689109802
Finished epoch 278 with Loss: 1.006749153137207 and Accuracy: 0.5719627141952515
Finished epoch 279 with Loss: 1.0085631608963013 and Accuracy: 0.567531943321228
Finished epoch 280 with Loss: 1.0071443319320679 and Accuracy: 0.5717250108718872
Finished epoch 281 with Loss: 1.0114243030548096 and Accuracy: 0.566667377948761
Finished epoch 282 with Loss: 1.0024662017822266 and Accuracy: 0.5726111531257629
Finished epoch 283 with Loss: 1.0015758275985718 and Accuracy: 0.5763719081878662
Finished epoch 284 with Loss: 1.0030333995819092 and Accuracy: 0.5727192163467407
Finished epoch 285 with Loss: 1.0038175582885742 and Accuracy: 0.5694987773895264
Finished epoch 286 with Loss: 1.0047717094421387 and Accuracy: 0.5718762874603271
Finished epoch 287 with Loss: 1.0052295923233032 and Accuracy: 0.5740160346031189
Finished epoch 288 with Loss: 1.001281499862671 and Accuracy: 0.5751615762710571
Finished epoch 289 with Loss: 1.0027308464050293 and Accuracy: 0.5720059871673584
Finished epoch 290 with Loss: 1.0008032321929932 and Accuracy: 0.5755938291549683
Finished epoch 291 with Loss: 1.0036882162094116 and Accuracy: 0.5716817378997803
Finished epoch 292 with Loss: 0.9986076354980469 and Accuracy: 0.5759612917900085
Finished epoch 293 with Loss: 1.0049737691879272 and Accuracy: 0.5704929828643799
Finished epoch 294 with Loss: 1.0005120038986206 and Accuracy: 0.5722869634628296
Finished epoch 295 with Loss: 1.0047736167907715 and Accuracy: 0.5724166035652161
Finished epoch 296 with Loss: 1.0065443515777588 and Accuracy: 0.5703417062759399
Finished epoch 297 with Loss: 1.0070701837539673 and Accuracy: 0.570579469203949
Finished epoch 298 with Loss: 1.001172661781311 and Accuracy: 0.5715088248252869
Finished epoch 299 with Loss: 0.9989439845085144 and Accuracy: 0.5748589634895325
Finished epoch 300 with Loss: 1.006576418876648 and Accuracy: 0.5735189318656921
Accuracy: 0.24Accuracy: 0.24Accuracy: 0.24Accuracy: 0.24Accuracy: 0.24Accuracy: 0.24Accuracy: 0.24Accuracy: 0.24Accuracy: 0.24Accuracy: 0.24Accuracy: 0.24Accuracy: 0.24Accuracy: 0.24Accuracy: 0.24Accuracy: 0.24Accuracy: 0.24Accuracy: 0.24Accuracy: 0.24Accuracy: 0.24Accuracy: 0.24Accuracy: 0.24Accuracy: 0.24Accuracy: 0.24Accuracy: 0.24Accuracy: 0.24Accuracy: 0.24Accuracy: 0.24Accuracy: 0.24Accuracy: 0.24Accuracy: 0.24Accuracy: 0.24Accuracy: 0.24Accuracy: 0.24Accuracy: 0.24Accuracy: 0.24Accuracy: 0.24Accuracy: 0.24Accuracy: 0.24Accuracy: 0.24Accuracy: 0.24Accuracy: 0.24Accuracy: 0.24Accuracy: 0.24Accuracy: 0.24Accuracy: 0.24Accuracy: 0.24Accuracy: 0.24Accuracy: 0.24Accuracy: 0.24Accuracy: 0.24Accuracy: 0.24Accuracy: 0.24Accuracy: 0.24Accuracy: 0.24Accuracy: 0.24Accuracy: 0.24Accuracy: 0.24Accuracy: 0.24Accuracy: 0.24Accuracy: 0.24Accuracy: 0.24Accuracy: 0.24Accuracy: 0.24Accuracy: 0.24Accuracy: 0.24Accuracy: 0.24Accuracy: 0.24Accuracy: 0.24Accuracy: 0.24Accuracy: 0.24Accuracy: 0.24Accuracy: 0.24Accuracy: 0.24Accuracy: 0.24Accuracy: 0.24Accuracy: 0.24Accuracy: 0.24Accuracy: 0.24Accuracy: 0.24Accuracy: 0.24Accuracy: 0.24Accuracy: 0.24Accuracy: 0.24Accuracy: 0.24Accuracy: 0.24Accuracy: 0.24Accuracy: 0.24Accuracy: 0.24Accuracy: 0.24Accuracy: 0.24Accuracy: 0.24Accuracy: 0.24Accuracy: 0.24Accuracy: 0.24Accuracy: 0.24Accuracy: 0.24Accuracy: 0.24Accuracy: 0.24Accuracy: 0.24Accuracy: 0.24
Performing K-Fold 3
Finished epoch 1 with Loss: 1.3720505237579346 and Accuracy: 0.2966044843196869
Finished epoch 2 with Loss: 1.3532027006149292 and Accuracy: 0.32751205563545227
Finished epoch 3 with Loss: 1.3432246446609497 and Accuracy: 0.3372381925582886
Finished epoch 4 with Loss: 1.3347681760787964 and Accuracy: 0.34599173069000244
Finished epoch 5 with Loss: 1.3276292085647583 and Accuracy: 0.3550910949707031
Finished epoch 6 with Loss: 1.3193355798721313 and Accuracy: 0.362029105424881
Finished epoch 7 with Loss: 1.3143230676651 and Accuracy: 0.3645362854003906
Finished epoch 8 with Loss: 1.3055572509765625 and Accuracy: 0.3764670193195343
Finished epoch 9 with Loss: 1.2978812456130981 and Accuracy: 0.3829295039176941
Finished epoch 10 with Loss: 1.2917790412902832 and Accuracy: 0.3858473598957062
Finished epoch 11 with Loss: 1.2844419479370117 and Accuracy: 0.39295825362205505
Finished epoch 12 with Loss: 1.276681900024414 and Accuracy: 0.39704325795173645
Finished epoch 13 with Loss: 1.2739695310592651 and Accuracy: 0.40132275223731995
Finished epoch 14 with Loss: 1.2688212394714355 and Accuracy: 0.4024682939052582
Finished epoch 15 with Loss: 1.2620148658752441 and Accuracy: 0.4112434387207031
Finished epoch 16 with Loss: 1.255860686302185 and Accuracy: 0.41394513845443726
Finished epoch 17 with Loss: 1.249190092086792 and Accuracy: 0.42142346501350403
Finished epoch 18 with Loss: 1.2462338209152222 and Accuracy: 0.4225257635116577
Finished epoch 19 with Loss: 1.24068021774292 and Accuracy: 0.42557328939437866
Finished epoch 20 with Loss: 1.2333046197891235 and Accuracy: 0.4293340742588043
Finished epoch 21 with Loss: 1.2277977466583252 and Accuracy: 0.4348239600658417
Finished epoch 22 with Loss: 1.2271651029586792 and Accuracy: 0.4370717704296112
Finished epoch 23 with Loss: 1.2247161865234375 and Accuracy: 0.43847668170928955
Finished epoch 24 with Loss: 1.2190501689910889 and Accuracy: 0.4420861601829529
Finished epoch 25 with Loss: 1.2169673442840576 and Accuracy: 0.4434261918067932
Finished epoch 26 with Loss: 1.2097010612487793 and Accuracy: 0.4481812119483948
Finished epoch 27 with Loss: 1.2075554132461548 and Accuracy: 0.44867831468582153
Finished epoch 28 with Loss: 1.2078666687011719 and Accuracy: 0.45155295729637146
Finished epoch 29 with Loss: 1.2001656293869019 and Accuracy: 0.45855578780174255
Finished epoch 30 with Loss: 1.1948728561401367 and Accuracy: 0.45728057622909546
Finished epoch 31 with Loss: 1.194370985031128 and Accuracy: 0.4589664340019226
Finished epoch 32 with Loss: 1.1925519704818726 and Accuracy: 0.46456438302993774
Finished epoch 33 with Loss: 1.190130352973938 and Accuracy: 0.46411049365997314
Finished epoch 34 with Loss: 1.187300682067871 and Accuracy: 0.4649966359138489
Finished epoch 35 with Loss: 1.1839830875396729 and Accuracy: 0.4679577350616455
Finished epoch 36 with Loss: 1.1792490482330322 and Accuracy: 0.47111332416534424
Finished epoch 37 with Loss: 1.1792871952056885 and Accuracy: 0.470983624458313
Finished epoch 38 with Loss: 1.174677848815918 and Accuracy: 0.4736205041408539
Finished epoch 39 with Loss: 1.1760493516921997 and Accuracy: 0.47355565428733826
Finished epoch 40 with Loss: 1.172783374786377 and Accuracy: 0.47800809144973755
Finished epoch 41 with Loss: 1.1703190803527832 and Accuracy: 0.47454988956451416
Finished epoch 42 with Loss: 1.1676697731018066 and Accuracy: 0.4803207516670227
Finished epoch 43 with Loss: 1.1646651029586792 and Accuracy: 0.4818553328514099
Finished epoch 44 with Loss: 1.1645665168762207 and Accuracy: 0.47692739963531494
Finished epoch 45 with Loss: 1.1627185344696045 and Accuracy: 0.4819633960723877
Finished epoch 46 with Loss: 1.161877989768982 and Accuracy: 0.4845137894153595
Finished epoch 47 with Loss: 1.157880425453186 and Accuracy: 0.4824172854423523
Finished epoch 48 with Loss: 1.1560630798339844 and Accuracy: 0.4866967797279358
Finished epoch 49 with Loss: 1.154517412185669 and Accuracy: 0.48637259006500244
Finished epoch 50 with Loss: 1.152592658996582 and Accuracy: 0.4849676787853241
Finished epoch 51 with Loss: 1.1471233367919922 and Accuracy: 0.4893120229244232
Finished epoch 52 with Loss: 1.1528234481811523 and Accuracy: 0.48574578762054443
Finished epoch 53 with Loss: 1.145965814590454 and Accuracy: 0.490046888589859
Finished epoch 54 with Loss: 1.1454683542251587 and Accuracy: 0.4938509166240692
Finished epoch 55 with Loss: 1.143035888671875 and Accuracy: 0.4927486181259155
Finished epoch 56 with Loss: 1.1446013450622559 and Accuracy: 0.49235957860946655
Finished epoch 57 with Loss: 1.143454670906067 and Accuracy: 0.4921434223651886
Finished epoch 58 with Loss: 1.1406655311584473 and Accuracy: 0.49289989471435547
Finished epoch 59 with Loss: 1.141526222229004 and Accuracy: 0.49501803517341614
Finished epoch 60 with Loss: 1.1341785192489624 and Accuracy: 0.49752524495124817
Finished epoch 61 with Loss: 1.1334060430526733 and Accuracy: 0.5005727410316467
Finished epoch 62 with Loss: 1.132453203201294 and Accuracy: 0.5030151009559631
Finished epoch 63 with Loss: 1.1332571506500244 and Accuracy: 0.5012860298156738
Finished epoch 64 with Loss: 1.1324870586395264 and Accuracy: 0.5032528638839722
Finished epoch 65 with Loss: 1.1259915828704834 and Accuracy: 0.5047658085823059
Finished epoch 66 with Loss: 1.12454354763031 and Accuracy: 0.5081591606140137
Finished epoch 67 with Loss: 1.1283595561981201 and Accuracy: 0.5045064687728882
Finished epoch 68 with Loss: 1.127554178237915 and Accuracy: 0.5018695592880249
Finished epoch 69 with Loss: 1.126552700996399 and Accuracy: 0.5016966462135315
Finished epoch 70 with Loss: 1.1269170045852661 and Accuracy: 0.5025396347045898
Finished epoch 71 with Loss: 1.1243164539337158 and Accuracy: 0.5037067532539368
Finished epoch 72 with Loss: 1.1235542297363281 and Accuracy: 0.5073810815811157
Finished epoch 73 with Loss: 1.1176269054412842 and Accuracy: 0.5117902755737305
Finished epoch 74 with Loss: 1.1199052333831787 and Accuracy: 0.507856547832489
Finished epoch 75 with Loss: 1.1184130907058716 and Accuracy: 0.5083104372024536
Finished epoch 76 with Loss: 1.1180627346038818 and Accuracy: 0.5092398524284363
Finished epoch 77 with Loss: 1.115831732749939 and Accuracy: 0.5103421211242676
Finished epoch 78 with Loss: 1.113688588142395 and Accuracy: 0.5097801685333252
Finished epoch 79 with Loss: 1.1122726202011108 and Accuracy: 0.5104718208312988
Finished epoch 80 with Loss: 1.1169973611831665 and Accuracy: 0.5072081685066223
Finished epoch 81 with Loss: 1.1076781749725342 and Accuracy: 0.5139083862304688
Finished epoch 82 with Loss: 1.1114476919174194 and Accuracy: 0.5135625600814819
Finished epoch 83 with Loss: 1.1058372259140015 and Accuracy: 0.5174746513366699
Finished epoch 84 with Loss: 1.1060514450073242 and Accuracy: 0.5170207619667053
Finished epoch 85 with Loss: 1.1102321147918701 and Accuracy: 0.5142326354980469
Finished epoch 86 with Loss: 1.1099891662597656 and Accuracy: 0.5124386548995972
Finished epoch 87 with Loss: 1.1099638938903809 and Accuracy: 0.5147729516029358
Finished epoch 88 with Loss: 1.1078829765319824 and Accuracy: 0.514902651309967
Finished epoch 89 with Loss: 1.105858564376831 and Accuracy: 0.5165236592292786
Finished epoch 90 with Loss: 1.1032941341400146 and Accuracy: 0.5194631218910217
Finished epoch 91 with Loss: 1.1002726554870605 and Accuracy: 0.5182527303695679
Finished epoch 92 with Loss: 1.1036401987075806 and Accuracy: 0.5185553431510925
Finished epoch 93 with Loss: 1.0990530252456665 and Accuracy: 0.5209977030754089
Finished epoch 94 with Loss: 1.0961146354675293 and Accuracy: 0.5227484107017517
Finished epoch 95 with Loss: 1.098070502281189 and Accuracy: 0.521235466003418
Finished epoch 96 with Loss: 1.096409797668457 and Accuracy: 0.5225538611412048
Finished epoch 97 with Loss: 1.0985716581344604 and Accuracy: 0.5208031535148621
Finished epoch 98 with Loss: 1.0944324731826782 and Accuracy: 0.5278059840202332
Finished epoch 99 with Loss: 1.0964114665985107 and Accuracy: 0.5249097347259521
Finished epoch 100 with Loss: 1.093946099281311 and Accuracy: 0.5239371657371521
Finished epoch 101 with Loss: 1.0929651260375977 and Accuracy: 0.5266172289848328
Finished epoch 102 with Loss: 1.0922795534133911 and Accuracy: 0.5255798101425171
Finished epoch 103 with Loss: 1.0869439840316772 and Accuracy: 0.5291028022766113
Finished epoch 104 with Loss: 1.0913201570510864 and Accuracy: 0.5281734466552734
Finished epoch 105 with Loss: 1.0896865129470825 and Accuracy: 0.5273305177688599
Finished epoch 106 with Loss: 1.0904461145401 and Accuracy: 0.526120126247406
Finished epoch 107 with Loss: 1.0866538286209106 and Accuracy: 0.5290379524230957
Finished epoch 108 with Loss: 1.0889681577682495 and Accuracy: 0.5276762843132019
Finished epoch 109 with Loss: 1.0815155506134033 and Accuracy: 0.5306805968284607
Finished epoch 110 with Loss: 1.0894757509231567 and Accuracy: 0.5275682210922241
Finished epoch 111 with Loss: 1.0895482301712036 and Accuracy: 0.5260769128799438
Finished epoch 112 with Loss: 1.0813056230545044 and Accuracy: 0.5325610041618347
Finished epoch 113 with Loss: 1.0842914581298828 and Accuracy: 0.5288218259811401
Finished epoch 114 with Loss: 1.079856038093567 and Accuracy: 0.5305509567260742
Finished epoch 115 with Loss: 1.082945466041565 and Accuracy: 0.5312641859054565
Finished epoch 116 with Loss: 1.0820571184158325 and Accuracy: 0.5307454466819763
Finished epoch 117 with Loss: 1.0803560018539429 and Accuracy: 0.5333822965621948
Finished epoch 118 with Loss: 1.080754041671753 and Accuracy: 0.5328203439712524
Finished epoch 119 with Loss: 1.081762433052063 and Accuracy: 0.5324097275733948
Finished epoch 120 with Loss: 1.0788192749023438 and Accuracy: 0.5302915573120117
Finished epoch 121 with Loss: 1.078120470046997 and Accuracy: 0.5337497591972351
Finished epoch 122 with Loss: 1.0773496627807617 and Accuracy: 0.5341171622276306
Finished epoch 123 with Loss: 1.0775994062423706 and Accuracy: 0.5344846248626709
Finished epoch 124 with Loss: 1.0741286277770996 and Accuracy: 0.5367756485939026
Finished epoch 125 with Loss: 1.077738642692566 and Accuracy: 0.5334255695343018
Finished epoch 126 with Loss: 1.0742549896240234 and Accuracy: 0.5347007513046265
Finished epoch 127 with Loss: 1.0743992328643799 and Accuracy: 0.5362785458564758
Finished epoch 128 with Loss: 1.0721776485443115 and Accuracy: 0.5360192060470581
Finished epoch 129 with Loss: 1.0781482458114624 and Accuracy: 0.5334255695343018
Finished epoch 130 with Loss: 1.0719325542449951 and Accuracy: 0.5347439646720886
Finished epoch 131 with Loss: 1.080215573310852 and Accuracy: 0.5330581068992615
Finished epoch 132 with Loss: 1.0716723203659058 and Accuracy: 0.5364298820495605
Finished epoch 133 with Loss: 1.0721403360366821 and Accuracy: 0.5374457240104675
Finished epoch 134 with Loss: 1.069578766822815 and Accuracy: 0.5394341349601746
Finished epoch 135 with Loss: 1.0688856840133667 and Accuracy: 0.540471613407135
Finished epoch 136 with Loss: 1.0714174509048462 and Accuracy: 0.5359111428260803
Finished epoch 137 with Loss: 1.0692651271820068 and Accuracy: 0.537186324596405
Finished epoch 138 with Loss: 1.0638952255249023 and Accuracy: 0.5391315817832947
Finished epoch 139 with Loss: 1.0670441389083862 and Accuracy: 0.5405796766281128
Finished epoch 140 with Loss: 1.069013237953186 and Accuracy: 0.5375321507453918
Finished epoch 141 with Loss: 1.0660996437072754 and Accuracy: 0.540860652923584
Finished epoch 142 with Loss: 1.06647789478302 and Accuracy: 0.541487455368042
Finished epoch 143 with Loss: 1.0638477802276611 and Accuracy: 0.5386344194412231
Finished epoch 144 with Loss: 1.064255714416504 and Accuracy: 0.5416387319564819
Finished epoch 145 with Loss: 1.066367506980896 and Accuracy: 0.5377699136734009
Finished epoch 146 with Loss: 1.0615535974502563 and Accuracy: 0.5427626371383667
Finished epoch 147 with Loss: 1.0645455121994019 and Accuracy: 0.5426113605499268
Finished epoch 148 with Loss: 1.0606039762496948 and Accuracy: 0.5426545739173889
Finished epoch 149 with Loss: 1.0615878105163574 and Accuracy: 0.5427194237709045
Finished epoch 150 with Loss: 1.06548011302948 and Accuracy: 0.5424168705940247
Finished epoch 151 with Loss: 1.0634342432022095 and Accuracy: 0.5445998311042786
Finished epoch 152 with Loss: 1.060620903968811 and Accuracy: 0.5456372499465942
Finished epoch 153 with Loss: 1.054187536239624 and Accuracy: 0.5454643964767456
Finished epoch 154 with Loss: 1.0572593212127686 and Accuracy: 0.5466098785400391
Finished epoch 155 with Loss: 1.0610930919647217 and Accuracy: 0.542978823184967
Finished epoch 156 with Loss: 1.0584064722061157 and Accuracy: 0.5471934676170349
Finished epoch 157 with Loss: 1.0622310638427734 and Accuracy: 0.5426329970359802
Finished epoch 158 with Loss: 1.0515996217727661 and Accuracy: 0.5493764281272888
Finished epoch 159 with Loss: 1.0567570924758911 and Accuracy: 0.545788586139679
Finished epoch 160 with Loss: 1.054845929145813 and Accuracy: 0.5473015308380127
Finished epoch 161 with Loss: 1.055710792541504 and Accuracy: 0.5464802384376526
Finished epoch 162 with Loss: 1.0521528720855713 and Accuracy: 0.5479066967964172
Finished epoch 163 with Loss: 1.0599309206008911 and Accuracy: 0.542741060256958
Finished epoch 164 with Loss: 1.0526525974273682 and Accuracy: 0.5511487722396851
Finished epoch 165 with Loss: 1.0547947883605957 and Accuracy: 0.5481876730918884
Finished epoch 166 with Loss: 1.0538997650146484 and Accuracy: 0.550521969795227
Finished epoch 167 with Loss: 1.0528292655944824 and Accuracy: 0.5476473569869995
Finished epoch 168 with Loss: 1.0509343147277832 and Accuracy: 0.5481228232383728
Finished epoch 169 with Loss: 1.0498942136764526 and Accuracy: 0.5522510409355164
Finished epoch 170 with Loss: 1.0484610795974731 and Accuracy: 0.5482957363128662
Finished epoch 171 with Loss: 1.050899624824524 and Accuracy: 0.550284206867218
Finished epoch 172 with Loss: 1.0437883138656616 and Accuracy: 0.5527697801589966
Finished epoch 173 with Loss: 1.046540379524231 and Accuracy: 0.5527265667915344
Finished epoch 174 with Loss: 1.0481139421463013 and Accuracy: 0.5509542226791382
Finished epoch 175 with Loss: 1.0475006103515625 and Accuracy: 0.552704930305481
Finished epoch 176 with Loss: 1.047745943069458 and Accuracy: 0.5529211163520813
Finished epoch 177 with Loss: 1.047375202178955 and Accuracy: 0.5492035150527954
Finished epoch 178 with Loss: 1.0470691919326782 and Accuracy: 0.5546501874923706
Finished epoch 179 with Loss: 1.044285774230957 and Accuracy: 0.5541098117828369
Finished epoch 180 with Loss: 1.0414074659347534 and Accuracy: 0.5549960136413574
Finished epoch 181 with Loss: 1.0433335304260254 and Accuracy: 0.5544772744178772
Finished epoch 182 with Loss: 1.0462985038757324 and Accuracy: 0.5494197010993958
Finished epoch 183 with Loss: 1.041936993598938 and Accuracy: 0.5553634166717529
Finished epoch 184 with Loss: 1.0436598062515259 and Accuracy: 0.5547798871994019
Finished epoch 185 with Loss: 1.0433024168014526 and Accuracy: 0.551537811756134
Finished epoch 186 with Loss: 1.047202467918396 and Accuracy: 0.5518187880516052
Finished epoch 187 with Loss: 1.0415980815887451 and Accuracy: 0.5561415553092957
Finished epoch 188 with Loss: 1.0385535955429077 and Accuracy: 0.556703507900238
Finished epoch 189 with Loss: 1.0457345247268677 and Accuracy: 0.5541530847549438
Finished epoch 190 with Loss: 1.0428868532180786 and Accuracy: 0.5556660294532776
Finished epoch 191 with Loss: 1.0464799404144287 and Accuracy: 0.555212140083313
Finished epoch 192 with Loss: 1.0456171035766602 and Accuracy: 0.5535046458244324
Finished epoch 193 with Loss: 1.0375720262527466 and Accuracy: 0.5555363297462463
Finished epoch 194 with Loss: 1.038147211074829 and Accuracy: 0.5572221875190735
Finished epoch 195 with Loss: 1.0426634550094604 and Accuracy: 0.5545204877853394
Finished epoch 196 with Loss: 1.0370980501174927 and Accuracy: 0.5575248003005981
Finished epoch 197 with Loss: 1.0395575761795044 and Accuracy: 0.5559686422348022
Finished epoch 198 with Loss: 1.0393433570861816 and Accuracy: 0.5582164525985718
Finished epoch 199 with Loss: 1.0339192152023315 and Accuracy: 0.5606588125228882
Finished epoch 200 with Loss: 1.0375263690948486 and Accuracy: 0.5589945316314697
Finished epoch 201 with Loss: 1.043225646018982 and Accuracy: 0.5552337765693665
Finished epoch 202 with Loss: 1.037480115890503 and Accuracy: 0.5600320100784302
Finished epoch 203 with Loss: 1.0369237661361694 and Accuracy: 0.5582596659660339
Finished epoch 204 with Loss: 1.0377252101898193 and Accuracy: 0.5578489899635315
Finished epoch 205 with Loss: 1.034656286239624 and Accuracy: 0.5586703419685364
Finished epoch 206 with Loss: 1.0378339290618896 and Accuracy: 0.5583893656730652
Finished epoch 207 with Loss: 1.0341910123825073 and Accuracy: 0.5603345632553101
Finished epoch 208 with Loss: 1.0376536846160889 and Accuracy: 0.557719349861145
Finished epoch 209 with Loss: 1.0328364372253418 and Accuracy: 0.5602697134017944
Finished epoch 210 with Loss: 1.032713770866394 and Accuracy: 0.5608316659927368
Finished epoch 211 with Loss: 1.0357733964920044 and Accuracy: 0.5607884526252747
Finished epoch 212 with Loss: 1.0293387174606323 and Accuracy: 0.5619339942932129
Finished epoch 213 with Loss: 1.0323467254638672 and Accuracy: 0.5598806738853455
Finished epoch 214 with Loss: 1.0338753461837769 and Accuracy: 0.5610045790672302
Finished epoch 215 with Loss: 1.0324136018753052 and Accuracy: 0.5618042945861816
Finished epoch 216 with Loss: 1.0245659351348877 and Accuracy: 0.5650463700294495
Finished epoch 217 with Loss: 1.0288419723510742 and Accuracy: 0.5661270618438721
Finished epoch 218 with Loss: 1.0323563814163208 and Accuracy: 0.5598374605178833
Finished epoch 219 with Loss: 1.0306118726730347 and Accuracy: 0.5628417730331421
Finished epoch 220 with Loss: 1.033073902130127 and Accuracy: 0.5628201365470886
Finished epoch 221 with Loss: 1.0285828113555908 and Accuracy: 0.5611127018928528
Finished epoch 222 with Loss: 1.0286563634872437 and Accuracy: 0.5620852708816528
Finished epoch 223 with Loss: 1.0234497785568237 and Accuracy: 0.5664080381393433
Finished epoch 224 with Loss: 1.0244466066360474 and Accuracy: 0.5655434727668762
Finished epoch 225 with Loss: 1.0305233001708984 and Accuracy: 0.5610910654067993
Finished epoch 226 with Loss: 1.0303198099136353 and Accuracy: 0.5611342787742615
Finished epoch 227 with Loss: 1.0289556980133057 and Accuracy: 0.5587999820709229
Finished epoch 228 with Loss: 1.024544596672058 and Accuracy: 0.5669483542442322
Finished epoch 229 with Loss: 1.0263736248016357 and Accuracy: 0.5649383068084717
Finished epoch 230 with Loss: 1.0260504484176636 and Accuracy: 0.5644195675849915
Finished epoch 231 with Loss: 1.0298261642456055 and Accuracy: 0.5624310970306396
Finished epoch 232 with Loss: 1.0263200998306274 and Accuracy: 0.5638792514801025
Finished epoch 233 with Loss: 1.0297003984451294 and Accuracy: 0.5620636940002441
Finished epoch 234 with Loss: 1.0309563875198364 and Accuracy: 0.5623878836631775
Finished epoch 235 with Loss: 1.0274124145507812 and Accuracy: 0.5611127018928528
Finished epoch 236 with Loss: 1.0237674713134766 and Accuracy: 0.5645708441734314
Finished epoch 237 with Loss: 1.0264720916748047 and Accuracy: 0.5634685754776001
Finished epoch 238 with Loss: 1.0267385244369507 and Accuracy: 0.5645924806594849
Finished epoch 239 with Loss: 1.0247501134872437 and Accuracy: 0.5642250180244446
Finished epoch 240 with Loss: 1.025701642036438 and Accuracy: 0.5667970776557922
Finished epoch 241 with Loss: 1.027834415435791 and Accuracy: 0.564635694026947
Finished epoch 242 with Loss: 1.025256633758545 and Accuracy: 0.5665593147277832
Finished epoch 243 with Loss: 1.0196179151535034 and Accuracy: 0.5694339275360107
Finished epoch 244 with Loss: 1.0241321325302124 and Accuracy: 0.5659757256507874
Finished epoch 245 with Loss: 1.0230119228363037 and Accuracy: 0.5648518204689026
Finished epoch 246 with Loss: 1.0244996547698975 and Accuracy: 0.5650895833969116
Finished epoch 247 with Loss: 1.017255425453186 and Accuracy: 0.5680938959121704
Finished epoch 248 with Loss: 1.0175775289535522 and Accuracy: 0.5682451725006104
Finished epoch 249 with Loss: 1.0224661827087402 and Accuracy: 0.5616962313652039
Finished epoch 250 with Loss: 1.0230119228363037 and Accuracy: 0.5649166703224182
Finished epoch 251 with Loss: 1.0157397985458374 and Accuracy: 0.5686774849891663
Finished epoch 252 with Loss: 1.020333170890808 and Accuracy: 0.5666241645812988
Finished epoch 253 with Loss: 1.0163956880569458 and Accuracy: 0.5692394375801086
Finished epoch 254 with Loss: 1.0193392038345337 and Accuracy: 0.5692394375801086
Finished epoch 255 with Loss: 1.0180584192276 and Accuracy: 0.5680938959121704
Finished epoch 256 with Loss: 1.0163944959640503 and Accuracy: 0.5688719749450684
Finished epoch 257 with Loss: 1.0165578126907349 and Accuracy: 0.5705362558364868
Finished epoch 258 with Loss: 1.0145965814590454 and Accuracy: 0.5712711215019226
Finished epoch 259 with Loss: 1.0186609029769897 and Accuracy: 0.5671644806861877
Finished epoch 260 with Loss: 1.0150238275527954 and Accuracy: 0.5682019591331482
Finished epoch 261 with Loss: 1.0194920301437378 and Accuracy: 0.5677048563957214
Finished epoch 262 with Loss: 1.0140845775604248 and Accuracy: 0.5701687932014465
Finished epoch 263 with Loss: 1.0196301937103271 and Accuracy: 0.5671644806861877
Finished epoch 264 with Loss: 1.0191243886947632 and Accuracy: 0.5670996904373169
Finished epoch 265 with Loss: 1.0154240131378174 and Accuracy: 0.5682235956192017
Finished epoch 266 with Loss: 1.014241337776184 and Accuracy: 0.5741889476776123
Finished epoch 267 with Loss: 1.0215932130813599 and Accuracy: 0.5667754411697388
Finished epoch 268 with Loss: 1.0166099071502686 and Accuracy: 0.5684180855751038
Finished epoch 269 with Loss: 1.0134551525115967 and Accuracy: 0.5710982084274292
Finished epoch 270 with Loss: 1.0145775079727173 and Accuracy: 0.5744267106056213
Finished epoch 271 with Loss: 1.0101944208145142 and Accuracy: 0.5719843506813049
Finished epoch 272 with Loss: 1.015176773071289 and Accuracy: 0.5694339275360107
Finished epoch 273 with Loss: 1.0163123607635498 and Accuracy: 0.5716169476509094
Finished epoch 274 with Loss: 1.010527491569519 and Accuracy: 0.5720707774162292
Finished epoch 275 with Loss: 1.015306830406189 and Accuracy: 0.5707739591598511
Finished epoch 276 with Loss: 1.013325810432434 and Accuracy: 0.5731298923492432
Finished epoch 277 with Loss: 1.0129246711730957 and Accuracy: 0.5704929828643799
Finished epoch 278 with Loss: 1.0161153078079224 and Accuracy: 0.5693690776824951
Finished epoch 279 with Loss: 1.0096460580825806 and Accuracy: 0.5711630582809448
Finished epoch 280 with Loss: 1.0099971294403076 and Accuracy: 0.5729785561561584
Finished epoch 281 with Loss: 1.012764573097229 and Accuracy: 0.5716601610183716
Finished epoch 282 with Loss: 1.0107170343399048 and Accuracy: 0.5734540820121765
Finished epoch 283 with Loss: 1.0118852853775024 and Accuracy: 0.5709468722343445
Finished epoch 284 with Loss: 1.0095101594924927 and Accuracy: 0.5720275640487671
Finished epoch 285 with Loss: 1.013447642326355 and Accuracy: 0.5693042278289795
Finished epoch 286 with Loss: 1.013057827949524 and Accuracy: 0.5693690776824951
Finished epoch 287 with Loss: 1.0061713457107544 and Accuracy: 0.575507402420044
Finished epoch 288 with Loss: 1.0089753866195679 and Accuracy: 0.5752047896385193
Finished epoch 289 with Loss: 1.0091478824615479 and Accuracy: 0.5712711215019226
Finished epoch 290 with Loss: 1.0096958875656128 and Accuracy: 0.5719195008277893
Finished epoch 291 with Loss: 1.010607361793518 and Accuracy: 0.5728704929351807
Finished epoch 292 with Loss: 1.0109821557998657 and Accuracy: 0.5702336430549622
Finished epoch 293 with Loss: 1.0070831775665283 and Accuracy: 0.5746860504150391
Finished epoch 294 with Loss: 1.009779453277588 and Accuracy: 0.576134204864502
Finished epoch 295 with Loss: 1.0060652494430542 and Accuracy: 0.5740376710891724
Finished epoch 296 with Loss: 1.0141304731369019 and Accuracy: 0.570428192615509
Finished epoch 297 with Loss: 1.0101886987686157 and Accuracy: 0.5748157501220703
Finished epoch 298 with Loss: 1.0081027746200562 and Accuracy: 0.5717033743858337
Finished epoch 299 with Loss: 1.0069853067398071 and Accuracy: 0.5721572637557983
Finished epoch 300 with Loss: 1.0072153806686401 and Accuracy: 0.5738863348960876
Accuracy: 0.25Accuracy: 0.25Accuracy: 0.25Accuracy: 0.25Accuracy: 0.25Accuracy: 0.25Accuracy: 0.25Accuracy: 0.25Accuracy: 0.25Accuracy: 0.25Accuracy: 0.25Accuracy: 0.25Accuracy: 0.25Accuracy: 0.25Accuracy: 0.25Accuracy: 0.25Accuracy: 0.25Accuracy: 0.25Accuracy: 0.25Accuracy: 0.25Accuracy: 0.25Accuracy: 0.25Accuracy: 0.25Accuracy: 0.25Accuracy: 0.25Accuracy: 0.25Accuracy: 0.25Accuracy: 0.25Accuracy: 0.25Accuracy: 0.25Accuracy: 0.25Accuracy: 0.25Accuracy: 0.25Accuracy: 0.25Accuracy: 0.25Accuracy: 0.25Accuracy: 0.25Accuracy: 0.25Accuracy: 0.25Accuracy: 0.25Accuracy: 0.25Accuracy: 0.25Accuracy: 0.25Accuracy: 0.25Accuracy: 0.25Accuracy: 0.25Accuracy: 0.25Accuracy: 0.25Accuracy: 0.25Accuracy: 0.25Accuracy: 0.25Accuracy: 0.25Accuracy: 0.25Accuracy: 0.25Accuracy: 0.25Accuracy: 0.25Accuracy: 0.25Accuracy: 0.25Accuracy: 0.25Accuracy: 0.25Accuracy: 0.25Accuracy: 0.25Accuracy: 0.25Accuracy: 0.25Accuracy: 0.25Accuracy: 0.25Accuracy: 0.25Accuracy: 0.25Accuracy: 0.25Accuracy: 0.25Accuracy: 0.25Accuracy: 0.25Accuracy: 0.25Accuracy: 0.25Accuracy: 0.25Accuracy: 0.25Accuracy: 0.25Accuracy: 0.25Accuracy: 0.25Accuracy: 0.25Accuracy: 0.25Accuracy: 0.25Accuracy: 0.25Accuracy: 0.25Accuracy: 0.25Accuracy: 0.25Accuracy: 0.25Accuracy: 0.25Accuracy: 0.25Accuracy: 0.25Accuracy: 0.25Accuracy: 0.25Accuracy: 0.25Accuracy: 0.25Accuracy: 0.25Accuracy: 0.25Accuracy: 0.25Accuracy: 0.25Accuracy: 0.25Accuracy: 0.25
Performing K-Fold 4
Finished epoch 1 with Loss: 1.3714561462402344 and Accuracy: 0.2948753833770752
Finished epoch 2 with Loss: 1.3551757335662842 and Accuracy: 0.3198391795158386
Finished epoch 3 with Loss: 1.3421779870986938 and Accuracy: 0.3383837342262268
Finished epoch 4 with Loss: 1.333212971687317 and Accuracy: 0.346661776304245
Finished epoch 5 with Loss: 1.3260103464126587 and Accuracy: 0.35288649797439575
Finished epoch 6 with Loss: 1.3192179203033447 and Accuracy: 0.35952189564704895
Finished epoch 7 with Loss: 1.31145179271698 and Accuracy: 0.3714742660522461
Finished epoch 8 with Loss: 1.305355429649353 and Accuracy: 0.37378692626953125
Finished epoch 9 with Loss: 1.2980000972747803 and Accuracy: 0.37914711236953735
Finished epoch 10 with Loss: 1.2915657758712769 and Accuracy: 0.38651737570762634
Finished epoch 11 with Loss: 1.2836393117904663 and Accuracy: 0.3904726803302765
Finished epoch 12 with Loss: 1.2817492485046387 and Accuracy: 0.39269891381263733
Finished epoch 13 with Loss: 1.2754253149032593 and Accuracy: 0.3984697461128235
Finished epoch 14 with Loss: 1.2728437185287476 and Accuracy: 0.39814555644989014
Finished epoch 15 with Loss: 1.2642731666564941 and Accuracy: 0.4068342447280884
Finished epoch 16 with Loss: 1.2607616186141968 and Accuracy: 0.410746306180954
Finished epoch 17 with Loss: 1.2571605443954468 and Accuracy: 0.41422611474990845
Finished epoch 18 with Loss: 1.2530690431594849 and Accuracy: 0.4145503342151642
Finished epoch 19 with Loss: 1.2478920221328735 and Accuracy: 0.4195430874824524
Finished epoch 20 with Loss: 1.2419590950012207 and Accuracy: 0.42403873801231384
Finished epoch 21 with Loss: 1.2390036582946777 and Accuracy: 0.42468714714050293
Finished epoch 22 with Loss: 1.2358359098434448 and Accuracy: 0.4289882779121399
Finished epoch 23 with Loss: 1.233580470085144 and Accuracy: 0.4286424517631531
Finished epoch 24 with Loss: 1.2314419746398926 and Accuracy: 0.4305228292942047
Finished epoch 25 with Loss: 1.2242130041122437 and Accuracy: 0.4355155825614929
Finished epoch 26 with Loss: 1.2204861640930176 and Accuracy: 0.43847668170928955
Finished epoch 27 with Loss: 1.217628836631775 and Accuracy: 0.4409622550010681
Finished epoch 28 with Loss: 1.2151544094085693 and Accuracy: 0.44284263253211975
Finished epoch 29 with Loss: 1.2090245485305786 and Accuracy: 0.4481596052646637
Finished epoch 30 with Loss: 1.2128400802612305 and Accuracy: 0.442345529794693
Finished epoch 31 with Loss: 1.2033413648605347 and Accuracy: 0.4519852101802826
Finished epoch 32 with Loss: 1.204216718673706 and Accuracy: 0.4517258405685425
Finished epoch 33 with Loss: 1.2003334760665894 and Accuracy: 0.45183393359184265
Finished epoch 34 with Loss: 1.1965409517288208 and Accuracy: 0.45665377378463745
Finished epoch 35 with Loss: 1.196641445159912 and Accuracy: 0.4569779634475708
Finished epoch 36 with Loss: 1.1924967765808105 and Accuracy: 0.45883676409721375
Finished epoch 37 with Loss: 1.188073754310608 and Accuracy: 0.4600903391838074
Finished epoch 38 with Loss: 1.1900099515914917 and Accuracy: 0.4590528905391693
Finished epoch 39 with Loss: 1.1815755367279053 and Accuracy: 0.4663150906562805
Finished epoch 40 with Loss: 1.181530475616455 and Accuracy: 0.466898649930954
Finished epoch 41 with Loss: 1.1823341846466064 and Accuracy: 0.4671580195426941
Finished epoch 42 with Loss: 1.1741623878479004 and Accuracy: 0.469967782497406
Finished epoch 43 with Loss: 1.1739919185638428 and Accuracy: 0.4716968834400177
Finished epoch 44 with Loss: 1.1745588779449463 and Accuracy: 0.46966519951820374
Finished epoch 45 with Loss: 1.1742005348205566 and Accuracy: 0.47219401597976685
Finished epoch 46 with Loss: 1.1712586879730225 and Accuracy: 0.4744202196598053
Finished epoch 47 with Loss: 1.1668401956558228 and Accuracy: 0.4758034944534302
Finished epoch 48 with Loss: 1.1653536558151245 and Accuracy: 0.47735968232154846
Finished epoch 49 with Loss: 1.1679857969284058 and Accuracy: 0.4766896367073059
Finished epoch 50 with Loss: 1.1616833209991455 and Accuracy: 0.4775109589099884
Finished epoch 51 with Loss: 1.1579915285110474 and Accuracy: 0.48200660943984985
Finished epoch 52 with Loss: 1.1584943532943726 and Accuracy: 0.4804072082042694
Finished epoch 53 with Loss: 1.1500569581985474 and Accuracy: 0.48728033900260925
Finished epoch 54 with Loss: 1.1525126695632935 and Accuracy: 0.4864158034324646
Finished epoch 55 with Loss: 1.1479721069335938 and Accuracy: 0.4886852502822876
Finished epoch 56 with Loss: 1.1528944969177246 and Accuracy: 0.4826118052005768
Finished epoch 57 with Loss: 1.152860403060913 and Accuracy: 0.4860267639160156
Finished epoch 58 with Loss: 1.1483217477798462 and Accuracy: 0.4856160879135132
Finished epoch 59 with Loss: 1.1437315940856934 and Accuracy: 0.4894201159477234
Finished epoch 60 with Loss: 1.1416220664978027 and Accuracy: 0.4933105707168579
Finished epoch 61 with Loss: 1.1426033973693848 and Accuracy: 0.4877558648586273
Finished epoch 62 with Loss: 1.1410093307495117 and Accuracy: 0.492316335439682
Finished epoch 63 with Loss: 1.138537883758545 and Accuracy: 0.49575290083885193
Finished epoch 64 with Loss: 1.134417176246643 and Accuracy: 0.4946073889732361
Finished epoch 65 with Loss: 1.1333650350570679 and Accuracy: 0.49700650572776794
Finished epoch 66 with Loss: 1.1303271055221558 and Accuracy: 0.4956880807876587
Finished epoch 67 with Loss: 1.1362924575805664 and Accuracy: 0.49454253911972046
Finished epoch 68 with Loss: 1.1324750185012817 and Accuracy: 0.49326732754707336
Finished epoch 69 with Loss: 1.1342442035675049 and Accuracy: 0.4969416558742523
Finished epoch 70 with Loss: 1.129863977432251 and Accuracy: 0.4975900650024414
Finished epoch 71 with Loss: 1.12633216381073 and Accuracy: 0.5018479824066162
Finished epoch 72 with Loss: 1.1214231252670288 and Accuracy: 0.5024963617324829
Finished epoch 73 with Loss: 1.1268781423568726 and Accuracy: 0.49800074100494385
Finished epoch 74 with Loss: 1.123000144958496 and Accuracy: 0.5039660930633545
Finished epoch 75 with Loss: 1.121315360069275 and Accuracy: 0.5036202669143677
Finished epoch 76 with Loss: 1.1205912828445435 and Accuracy: 0.5047009587287903
Finished epoch 77 with Loss: 1.1181011199951172 and Accuracy: 0.5090020895004272
Finished epoch 78 with Loss: 1.1229032278060913 and Accuracy: 0.502820611000061
Finished epoch 79 with Loss: 1.1194543838500977 and Accuracy: 0.5061274766921997
Finished epoch 80 with Loss: 1.1185253858566284 and Accuracy: 0.5050035715103149
Finished epoch 81 with Loss: 1.1160458326339722 and Accuracy: 0.5079430341720581
Finished epoch 82 with Loss: 1.1178549528121948 and Accuracy: 0.5084617733955383
Finished epoch 83 with Loss: 1.1143592596054077 and Accuracy: 0.5093047022819519
Finished epoch 84 with Loss: 1.1123117208480835 and Accuracy: 0.5097585916519165
Finished epoch 85 with Loss: 1.11172354221344 and Accuracy: 0.5109689235687256
Finished epoch 86 with Loss: 1.1096653938293457 and Accuracy: 0.511768639087677
Finished epoch 87 with Loss: 1.1155552864074707 and Accuracy: 0.5099963545799255
Finished epoch 88 with Loss: 1.1067339181900024 and Accuracy: 0.5143839120864868
Finished epoch 89 with Loss: 1.111549735069275 and Accuracy: 0.5095856785774231
Finished epoch 90 with Loss: 1.105538249015808 and Accuracy: 0.5138435363769531
Finished epoch 91 with Loss: 1.106279730796814 and Accuracy: 0.5134977698326111
Finished epoch 92 with Loss: 1.1060395240783691 and Accuracy: 0.5130654573440552
Finished epoch 93 with Loss: 1.101184606552124 and Accuracy: 0.517561137676239
Finished epoch 94 with Loss: 1.103010654449463 and Accuracy: 0.5160265564918518
Finished epoch 95 with Loss: 1.1031038761138916 and Accuracy: 0.5162858963012695
Finished epoch 96 with Loss: 1.1000983715057373 and Accuracy: 0.5177988409996033
Finished epoch 97 with Loss: 1.1022990942001343 and Accuracy: 0.5181014537811279
Finished epoch 98 with Loss: 1.0992259979248047 and Accuracy: 0.5204357504844666
Finished epoch 99 with Loss: 1.102065920829773 and Accuracy: 0.5159617066383362
Finished epoch 100 with Loss: 1.0962632894515991 and Accuracy: 0.516934335231781
Finished epoch 101 with Loss: 1.097103476524353 and Accuracy: 0.5195063352584839
Finished epoch 102 with Loss: 1.0999239683151245 and Accuracy: 0.5147081017494202
Finished epoch 103 with Loss: 1.0978999137878418 and Accuracy: 0.5192685723304749
Finished epoch 104 with Loss: 1.0984293222427368 and Accuracy: 0.5186634063720703
Finished epoch 105 with Loss: 1.0909230709075928 and Accuracy: 0.5221216082572937
Finished epoch 106 with Loss: 1.0923881530761719 and Accuracy: 0.5205006003379822
Finished epoch 107 with Loss: 1.0969222784042358 and Accuracy: 0.517950177192688
Finished epoch 108 with Loss: 1.0915902853012085 and Accuracy: 0.5238938927650452
Finished epoch 109 with Loss: 1.0929476022720337 and Accuracy: 0.5203709006309509
Finished epoch 110 with Loss: 1.0912140607833862 and Accuracy: 0.5240668058395386
Finished epoch 111 with Loss: 1.0902031660079956 and Accuracy: 0.5219703316688538
Finished epoch 112 with Loss: 1.090976595878601 and Accuracy: 0.5249530076980591
Finished epoch 113 with Loss: 1.0866464376449585 and Accuracy: 0.5246071815490723
Finished epoch 114 with Loss: 1.0857151746749878 and Accuracy: 0.5280653834342957
Finished epoch 115 with Loss: 1.0823147296905518 and Accuracy: 0.5278491973876953
Finished epoch 116 with Loss: 1.0929005146026611 and Accuracy: 0.522597074508667
Finished epoch 117 with Loss: 1.0843884944915771 and Accuracy: 0.5270279049873352
Finished epoch 118 with Loss: 1.0799181461334229 and Accuracy: 0.5321719646453857
Finished epoch 119 with Loss: 1.080227255821228 and Accuracy: 0.5290379524230957
Finished epoch 120 with Loss: 1.0824378728866577 and Accuracy: 0.5284976363182068
Finished epoch 121 with Loss: 1.0860642194747925 and Accuracy: 0.5256446003913879
Finished epoch 122 with Loss: 1.0838463306427002 and Accuracy: 0.5262930393218994
Finished epoch 123 with Loss: 1.080065369606018 and Accuracy: 0.5294269919395447
Finished epoch 124 with Loss: 1.0789591073989868 and Accuracy: 0.5311344861984253
Finished epoch 125 with Loss: 1.080034852027893 and Accuracy: 0.5298376679420471
Finished epoch 126 with Loss: 1.0797785520553589 and Accuracy: 0.5307886600494385
Finished epoch 127 with Loss: 1.0784984827041626 and Accuracy: 0.5306373834609985
Finished epoch 128 with Loss: 1.0794761180877686 and Accuracy: 0.5301402807235718
Finished epoch 129 with Loss: 1.0767079591751099 and Accuracy: 0.5332310199737549
Finished epoch 130 with Loss: 1.0759708881378174 and Accuracy: 0.5311344861984253
Finished epoch 131 with Loss: 1.078586220741272 and Accuracy: 0.528778612613678
Finished epoch 132 with Loss: 1.0703656673431396 and Accuracy: 0.533663272857666
Finished epoch 133 with Loss: 1.0724519491195679 and Accuracy: 0.5300754308700562
Finished epoch 134 with Loss: 1.0749591588974 and Accuracy: 0.5326042175292969
Finished epoch 135 with Loss: 1.0716460943222046 and Accuracy: 0.5364082455635071
Finished epoch 136 with Loss: 1.0722050666809082 and Accuracy: 0.5345062613487244
Finished epoch 137 with Loss: 1.0712530612945557 and Accuracy: 0.5326042175292969
Finished epoch 138 with Loss: 1.0720113515853882 and Accuracy: 0.53554368019104
Finished epoch 139 with Loss: 1.0700597763061523 and Accuracy: 0.5367324352264404
Finished epoch 140 with Loss: 1.0748417377471924 and Accuracy: 0.5321287512779236
Finished epoch 141 with Loss: 1.0644415616989136 and Accuracy: 0.5386128425598145
Finished epoch 142 with Loss: 1.0711196660995483 and Accuracy: 0.5356517434120178
Finished epoch 143 with Loss: 1.0689839124679565 and Accuracy: 0.5346575379371643
Finished epoch 144 with Loss: 1.0698330402374268 and Accuracy: 0.5372295379638672
Finished epoch 145 with Loss: 1.0707470178604126 and Accuracy: 0.5370350480079651
Finished epoch 146 with Loss: 1.069942593574524 and Accuracy: 0.5339875221252441
Finished epoch 147 with Loss: 1.0664160251617432 and Accuracy: 0.5366892218589783
Finished epoch 148 with Loss: 1.0661736726760864 and Accuracy: 0.538202166557312
Finished epoch 149 with Loss: 1.0631165504455566 and Accuracy: 0.5411416292190552
Finished epoch 150 with Loss: 1.0614343881607056 and Accuracy: 0.5420277714729309
Finished epoch 151 with Loss: 1.0631580352783203 and Accuracy: 0.5393044948577881
Finished epoch 152 with Loss: 1.0624325275421143 and Accuracy: 0.5399528741836548
Finished epoch 153 with Loss: 1.0611952543258667 and Accuracy: 0.5422655344009399
Finished epoch 154 with Loss: 1.0633338689804077 and Accuracy: 0.5401690006256104
Finished epoch 155 with Loss: 1.062898874282837 and Accuracy: 0.5418548583984375
Finished epoch 156 with Loss: 1.0594110488891602 and Accuracy: 0.5417035818099976
Finished epoch 157 with Loss: 1.0604071617126465 and Accuracy: 0.5435623526573181
Finished epoch 158 with Loss: 1.0594427585601807 and Accuracy: 0.5397367477416992
Finished epoch 159 with Loss: 1.0594496726989746 and Accuracy: 0.5460479259490967
Finished epoch 160 with Loss: 1.0572872161865234 and Accuracy: 0.5477337837219238
Finished epoch 161 with Loss: 1.0563243627548218 and Accuracy: 0.5452698469161987
Finished epoch 162 with Loss: 1.0608313083648682 and Accuracy: 0.543367862701416
Finished epoch 163 with Loss: 1.0594799518585205 and Accuracy: 0.5401474237442017
Finished epoch 164 with Loss: 1.057172179222107 and Accuracy: 0.5447078943252563
Finished epoch 165 with Loss: 1.0570738315582275 and Accuracy: 0.5441027283668518
Finished epoch 166 with Loss: 1.0570553541183472 and Accuracy: 0.5442756414413452
Finished epoch 167 with Loss: 1.0575608015060425 and Accuracy: 0.5456156730651855
Finished epoch 168 with Loss: 1.0508100986480713 and Accuracy: 0.5479499697685242
Finished epoch 169 with Loss: 1.0561102628707886 and Accuracy: 0.5465450286865234
Finished epoch 170 with Loss: 1.0564557313919067 and Accuracy: 0.5446646809577942
Finished epoch 171 with Loss: 1.0569250583648682 and Accuracy: 0.5420710444450378
Finished epoch 172 with Loss: 1.0503160953521729 and Accuracy: 0.5479715466499329
Finished epoch 173 with Loss: 1.0504449605941772 and Accuracy: 0.5489009618759155
Finished epoch 174 with Loss: 1.0469390153884888 and Accuracy: 0.5505651831626892
Finished epoch 175 with Loss: 1.0515309572219849 and Accuracy: 0.5449240207672119
Finished epoch 176 with Loss: 1.0556559562683105 and Accuracy: 0.54539954662323
Finished epoch 177 with Loss: 1.0487407445907593 and Accuracy: 0.5484686493873596
Finished epoch 178 with Loss: 1.0495866537094116 and Accuracy: 0.5487496256828308
Finished epoch 179 with Loss: 1.0466456413269043 and Accuracy: 0.5468908548355103
Finished epoch 180 with Loss: 1.0484997034072876 and Accuracy: 0.5470854043960571
Finished epoch 181 with Loss: 1.0450196266174316 and Accuracy: 0.5503490567207336
Finished epoch 182 with Loss: 1.0470088720321655 and Accuracy: 0.5495061278343201
Finished epoch 183 with Loss: 1.0499087572097778 and Accuracy: 0.5502193570137024
Finished epoch 184 with Loss: 1.0465291738510132 and Accuracy: 0.551300048828125
Finished epoch 185 with Loss: 1.0494365692138672 and Accuracy: 0.5466098785400391
Finished epoch 186 with Loss: 1.0454254150390625 and Accuracy: 0.5525968670845032
Finished epoch 187 with Loss: 1.0473644733428955 and Accuracy: 0.5480363965034485
Finished epoch 188 with Loss: 1.0471383333206177 and Accuracy: 0.5511271357536316
Finished epoch 189 with Loss: 1.050115704536438 and Accuracy: 0.5517539381980896
Finished epoch 190 with Loss: 1.048865795135498 and Accuracy: 0.5506300330162048
Finished epoch 191 with Loss: 1.04994797706604 and Accuracy: 0.5520997643470764
Finished epoch 192 with Loss: 1.0469602346420288 and Accuracy: 0.5492035150527954
Finished epoch 193 with Loss: 1.0427058935165405 and Accuracy: 0.5498303174972534
Finished epoch 194 with Loss: 1.0447126626968384 and Accuracy: 0.5514513850212097
Finished epoch 195 with Loss: 1.0423797369003296 and Accuracy: 0.5514081120491028
Finished epoch 196 with Loss: 1.0423141717910767 and Accuracy: 0.5533101558685303
Finished epoch 197 with Loss: 1.0411585569381714 and Accuracy: 0.5557740926742554
Finished epoch 198 with Loss: 1.0459579229354858 and Accuracy: 0.5505436062812805
Finished epoch 199 with Loss: 1.0405687093734741 and Accuracy: 0.5524239540100098
Finished epoch 200 with Loss: 1.0420458316802979 and Accuracy: 0.5519052743911743
Finished epoch 201 with Loss: 1.0413726568222046 and Accuracy: 0.5542395114898682
Finished epoch 202 with Loss: 1.0388342142105103 and Accuracy: 0.5553634166717529
Finished epoch 203 with Loss: 1.0413997173309326 and Accuracy: 0.5530507564544678
Finished epoch 204 with Loss: 1.0407190322875977 and Accuracy: 0.5569628477096558
Finished epoch 205 with Loss: 1.0395081043243408 and Accuracy: 0.5547798871994019

------------------------------------------------------------
Sender: LSF System <lsfadmin@n3h39>
Subject: Job 340103[3]: <job_arr[1-5]> in cluster <henry2> Exited

Job <job_arr[1-5]> was submitted from host <login01> by user <mjhouk> in cluster <henry2> at Sat Jul  3 00:44:05 2021
Job was executed on host(s) <n3h39>, in queue <gpu>, as user <mjhouk> in cluster <henry2> at Sun Jul  4 13:04:11 2021
</home/mjhouk> was used as the home directory.
</home/mjhouk/MB3DCNN/Groups> was used as the working directory.
Started at Sun Jul  4 13:04:11 2021
Terminated at Mon Jul  5 04:04:34 2021
Results reported at Mon Jul  5 04:04:34 2021

Your job looked like:

------------------------------------------------------------
# LSBATCH: User input
#!/bin/csh

#BSUB -J job_arr[1-5]
#BSUB -x
#BSUB -R "span[hosts=1]"
#BSUB -W 900
#BSUB -q gpu
#BSUB -R "select[p100]"
#BSUB -gpu "num=1:mode=shared:mps=yes"
#BSUB -o ./out/trial-%I-%J.out
#BSUB -e ./out/trial-%I-%J.err

set run = true
set gpu = "`nvidia-smi --query-gpu=gpu_name --format=csv,noheader`"
echo "Found $gpu GPU"
if ( "$gpu" =~ *"K20m"* ) then
	set cuda_cmd = "module load cuda/10.1"
	set env_cmd = "conda activate tf220_py377"
else if ( "$gpu" =~ *"P100"* ) then
	set cuda_cmd = "module load cuda/11.0"
	set env_cmd = "conda activate tf241_py377"
else if ( "$gpu" =~ *"GTX 1080"* ) then
	set cuda_cmd = "module load cuda/11.0"
	set env_cmd = "conda activate tf241_py377"
else if ( "$gpu" =~ *"RTX 2080"* ) then
	set cuda_cmd = "module load cuda/11.0"
	set env_cmd = "conda activate tf241_py377"
else 
	set run = false
endif

if ( "$run" =~ true ) then

	echo "Loading libraries"

	eval $env_cmd
	eval $cuda_cmd

	setenv OMP_NUM_THREADS 2

	echo "Running OAT Trial $LSB_JOBINDEX with ID $LSB_JOBID"
	python runEmotion.py ${LSB_JOBINDEX} ${LSB_JOBID}

else

	echo "GPU not available, cancelling job for OAT Trial $LSB_JOBINDEX"	

endif


------------------------------------------------------------

TERM_RUNLIMIT: job killed after reaching LSF run time limit.
Exited with exit code 140.

Resource usage summary:

    CPU time :                                   79831.00 sec.
    Max Memory :                                 4481.18 MB
    Average Memory :                             4167.23 MB
    Total Requested Memory :                     -
    Delta Memory :                               -
    Max Swap :                                   128 KB
    Max Processes :                              4
    Max Threads :                                25
    Run time :                                   54023 sec.
    Turnaround time :                            184829 sec.

The output (if any) is above this job summary.



PS:

Read file <./out/trial-3-340103.err> for stderr output of this job.

