2021-06-26 02:23:48.787931: I tensorflow/stream_executor/platform/default/dso_loader.cc:49] Successfully opened dynamic library libcudart.so.10.1
2021-06-26 02:23:54.042704: I tensorflow/compiler/jit/xla_cpu_device.cc:41] Not creating XLA devices, tf_xla_enable_xla_devices not set
2021-06-26 02:23:54.044328: I tensorflow/stream_executor/platform/default/dso_loader.cc:49] Successfully opened dynamic library libcuda.so.1
2021-06-26 02:23:54.437818: I tensorflow/core/common_runtime/gpu/gpu_device.cc:1720] Found device 0 with properties: 
pciBusID: 0000:3b:00.0 name: GeForce GTX 1080 computeCapability: 6.1
coreClock: 1.7335GHz coreCount: 20 deviceMemorySize: 7.93GiB deviceMemoryBandwidth: 298.32GiB/s
2021-06-26 02:23:54.437908: I tensorflow/stream_executor/platform/default/dso_loader.cc:49] Successfully opened dynamic library libcudart.so.10.1
2021-06-26 02:23:54.444991: I tensorflow/stream_executor/platform/default/dso_loader.cc:49] Successfully opened dynamic library libcublas.so.10
2021-06-26 02:23:54.445124: I tensorflow/stream_executor/platform/default/dso_loader.cc:49] Successfully opened dynamic library libcublasLt.so.10
2021-06-26 02:23:54.451103: I tensorflow/stream_executor/platform/default/dso_loader.cc:49] Successfully opened dynamic library libcufft.so.10
2021-06-26 02:23:54.453010: I tensorflow/stream_executor/platform/default/dso_loader.cc:49] Successfully opened dynamic library libcurand.so.10
2021-06-26 02:23:54.458438: I tensorflow/stream_executor/platform/default/dso_loader.cc:49] Successfully opened dynamic library libcusolver.so.10
2021-06-26 02:23:54.461659: I tensorflow/stream_executor/platform/default/dso_loader.cc:49] Successfully opened dynamic library libcusparse.so.10
2021-06-26 02:23:54.470479: I tensorflow/stream_executor/platform/default/dso_loader.cc:49] Successfully opened dynamic library libcudnn.so.7
2021-06-26 02:23:54.474084: I tensorflow/core/common_runtime/gpu/gpu_device.cc:1862] Adding visible gpu devices: 0
2021-06-26 02:23:58.081692: I tensorflow/core/platform/cpu_feature_guard.cc:142] This TensorFlow binary is optimized with oneAPI Deep Neural Network Library (oneDNN) to use the following CPU instructions in performance-critical operations:  SSE4.1 SSE4.2 AVX AVX2 AVX512F FMA
To enable them in other operations, rebuild TensorFlow with the appropriate compiler flags.
2021-06-26 02:23:58.084178: I tensorflow/core/common_runtime/gpu/gpu_device.cc:1720] Found device 0 with properties: 
pciBusID: 0000:3b:00.0 name: GeForce GTX 1080 computeCapability: 6.1
coreClock: 1.7335GHz coreCount: 20 deviceMemorySize: 7.93GiB deviceMemoryBandwidth: 298.32GiB/s
2021-06-26 02:23:58.084212: I tensorflow/stream_executor/platform/default/dso_loader.cc:49] Successfully opened dynamic library libcudart.so.10.1
2021-06-26 02:23:58.084264: I tensorflow/stream_executor/platform/default/dso_loader.cc:49] Successfully opened dynamic library libcublas.so.10
2021-06-26 02:23:58.084283: I tensorflow/stream_executor/platform/default/dso_loader.cc:49] Successfully opened dynamic library libcublasLt.so.10
2021-06-26 02:23:58.084302: I tensorflow/stream_executor/platform/default/dso_loader.cc:49] Successfully opened dynamic library libcufft.so.10
2021-06-26 02:23:58.084320: I tensorflow/stream_executor/platform/default/dso_loader.cc:49] Successfully opened dynamic library libcurand.so.10
2021-06-26 02:23:58.084337: I tensorflow/stream_executor/platform/default/dso_loader.cc:49] Successfully opened dynamic library libcusolver.so.10
2021-06-26 02:23:58.084359: I tensorflow/stream_executor/platform/default/dso_loader.cc:49] Successfully opened dynamic library libcusparse.so.10
2021-06-26 02:23:58.084377: I tensorflow/stream_executor/platform/default/dso_loader.cc:49] Successfully opened dynamic library libcudnn.so.7
2021-06-26 02:23:58.087534: I tensorflow/core/common_runtime/gpu/gpu_device.cc:1862] Adding visible gpu devices: 0
2021-06-26 02:23:58.087562: I tensorflow/stream_executor/platform/default/dso_loader.cc:49] Successfully opened dynamic library libcudart.so.10.1
2021-06-26 02:23:58.606690: I tensorflow/core/common_runtime/gpu/gpu_device.cc:1261] Device interconnect StreamExecutor with strength 1 edge matrix:
2021-06-26 02:23:58.606745: I tensorflow/core/common_runtime/gpu/gpu_device.cc:1267]      0 
2021-06-26 02:23:58.606758: I tensorflow/core/common_runtime/gpu/gpu_device.cc:1280] 0:   N 
2021-06-26 02:23:58.611089: I tensorflow/core/common_runtime/gpu/gpu_device.cc:1406] Created TensorFlow device (/job:localhost/replica:0/task:0/device:GPU:0 with 7344 MB memory) -> physical GPU (device: 0, name: GeForce GTX 1080, pci bus id: 0000:3b:00.0, compute capability: 6.1)
2021-06-26 02:23:58.611543: I tensorflow/compiler/jit/xla_gpu_device.cc:99] Not creating XLA devices, tf_xla_enable_xla_devices not set
2021-06-26 02:23:59.136092: I tensorflow/compiler/mlir/mlir_graph_optimization_pass.cc:116] None of the MLIR optimization passes are enabled (registered 2)
2021-06-26 02:23:59.136775: I tensorflow/core/platform/profile_utils/cpu_utils.cc:112] CPU Frequency: 1800000000 Hz
2021-06-26 02:24:01.401697: I tensorflow/stream_executor/platform/default/dso_loader.cc:49] Successfully opened dynamic library libcublas.so.10
2021-06-26 02:24:01.565215: I tensorflow/stream_executor/platform/default/dso_loader.cc:49] Successfully opened dynamic library libcudnn.so.7
Traceback (most recent call last):
  File "runEmotion.py", line 118, in <module>
    history = model.fit(x_train, y_train, epochs=300, batch_size=50, validation_data=(x_val, y_val), verbose=0, callbacks=[CustomCallback()])
  File "/usr/local/usrapps/multibranch/mjhouk/tf241_py377/lib/python3.7/site-packages/tensorflow/python/keras/engine/training.py", line 1100, in fit
    tmp_logs = self.train_function(iterator)
  File "/usr/local/usrapps/multibranch/mjhouk/tf241_py377/lib/python3.7/site-packages/tensorflow/python/eager/def_function.py", line 828, in __call__
    result = self._call(*args, **kwds)
  File "/usr/local/usrapps/multibranch/mjhouk/tf241_py377/lib/python3.7/site-packages/tensorflow/python/eager/def_function.py", line 855, in _call
    return self._stateless_fn(*args, **kwds)  # pylint: disable=not-callable
  File "/usr/local/usrapps/multibranch/mjhouk/tf241_py377/lib/python3.7/site-packages/tensorflow/python/eager/function.py", line 2943, in __call__
    filtered_flat_args, captured_inputs=graph_function.captured_inputs)  # pylint: disable=protected-access
  File "/usr/local/usrapps/multibranch/mjhouk/tf241_py377/lib/python3.7/site-packages/tensorflow/python/eager/function.py", line 1919, in _call_flat
    ctx, args, cancellation_manager=cancellation_manager))
  File "/usr/local/usrapps/multibranch/mjhouk/tf241_py377/lib/python3.7/site-packages/tensorflow/python/eager/function.py", line 560, in call
    ctx=ctx)
  File "/usr/local/usrapps/multibranch/mjhouk/tf241_py377/lib/python3.7/site-packages/tensorflow/python/eager/execute.py", line 60, in quick_execute
    inputs, attrs, num_outputs)
KeyboardInterrupt
