2021-06-15 02:10:25.407703: I tensorflow/stream_executor/platform/default/dso_loader.cc:44] Successfully opened dynamic library libcuda.so.1
2021-06-15 02:10:25.622619: I tensorflow/core/common_runtime/gpu/gpu_device.cc:1561] Found device 0 with properties: 
pciBusID: 0000:9d:00.0 name: Tesla K20m computeCapability: 3.5
coreClock: 0.7055GHz coreCount: 13 deviceMemorySize: 4.63GiB deviceMemoryBandwidth: 193.71GiB/s
2021-06-15 02:10:25.629933: I tensorflow/stream_executor/platform/default/dso_loader.cc:44] Successfully opened dynamic library libcudart.so.10.1
2021-06-15 02:10:25.745028: I tensorflow/stream_executor/platform/default/dso_loader.cc:44] Successfully opened dynamic library libcublas.so.10
2021-06-15 02:10:25.846415: I tensorflow/stream_executor/platform/default/dso_loader.cc:44] Successfully opened dynamic library libcufft.so.10
2021-06-15 02:10:25.890808: I tensorflow/stream_executor/platform/default/dso_loader.cc:44] Successfully opened dynamic library libcurand.so.10
2021-06-15 02:10:25.992597: I tensorflow/stream_executor/platform/default/dso_loader.cc:44] Successfully opened dynamic library libcusolver.so.10
2021-06-15 02:10:26.112195: I tensorflow/stream_executor/platform/default/dso_loader.cc:44] Successfully opened dynamic library libcusparse.so.10
2021-06-15 02:10:26.396757: I tensorflow/stream_executor/platform/default/dso_loader.cc:44] Successfully opened dynamic library libcudnn.so.7
2021-06-15 02:10:26.398306: I tensorflow/core/common_runtime/gpu/gpu_device.cc:1703] Adding visible gpu devices: 0
2021-06-15 02:10:32.241759: I tensorflow/core/platform/cpu_feature_guard.cc:143] Your CPU supports instructions that this TensorFlow binary was not compiled to use: SSE4.1 SSE4.2 AVX
2021-06-15 02:10:32.258308: I tensorflow/core/platform/profile_utils/cpu_utils.cc:102] CPU Frequency: 2600115000 Hz
2021-06-15 02:10:32.260153: I tensorflow/compiler/xla/service/service.cc:168] XLA service 0x563789d594b0 initialized for platform Host (this does not guarantee that XLA will be used). Devices:
2021-06-15 02:10:32.260220: I tensorflow/compiler/xla/service/service.cc:176]   StreamExecutor device (0): Host, Default Version
2021-06-15 02:10:32.261764: I tensorflow/core/common_runtime/gpu/gpu_device.cc:1561] Found device 0 with properties: 
pciBusID: 0000:9d:00.0 name: Tesla K20m computeCapability: 3.5
coreClock: 0.7055GHz coreCount: 13 deviceMemorySize: 4.63GiB deviceMemoryBandwidth: 193.71GiB/s
2021-06-15 02:10:32.261898: I tensorflow/stream_executor/platform/default/dso_loader.cc:44] Successfully opened dynamic library libcudart.so.10.1
2021-06-15 02:10:32.261941: I tensorflow/stream_executor/platform/default/dso_loader.cc:44] Successfully opened dynamic library libcublas.so.10
2021-06-15 02:10:32.261982: I tensorflow/stream_executor/platform/default/dso_loader.cc:44] Successfully opened dynamic library libcufft.so.10
2021-06-15 02:10:32.262020: I tensorflow/stream_executor/platform/default/dso_loader.cc:44] Successfully opened dynamic library libcurand.so.10
2021-06-15 02:10:32.262057: I tensorflow/stream_executor/platform/default/dso_loader.cc:44] Successfully opened dynamic library libcusolver.so.10
2021-06-15 02:10:32.262094: I tensorflow/stream_executor/platform/default/dso_loader.cc:44] Successfully opened dynamic library libcusparse.so.10
2021-06-15 02:10:32.262132: I tensorflow/stream_executor/platform/default/dso_loader.cc:44] Successfully opened dynamic library libcudnn.so.7
2021-06-15 02:10:32.263497: I tensorflow/core/common_runtime/gpu/gpu_device.cc:1703] Adding visible gpu devices: 0
2021-06-15 02:10:32.264721: I tensorflow/stream_executor/platform/default/dso_loader.cc:44] Successfully opened dynamic library libcudart.so.10.1
2021-06-15 02:10:32.298752: I tensorflow/core/common_runtime/gpu/gpu_device.cc:1102] Device interconnect StreamExecutor with strength 1 edge matrix:
2021-06-15 02:10:32.298794: I tensorflow/core/common_runtime/gpu/gpu_device.cc:1108]      0 
2021-06-15 02:10:32.298819: I tensorflow/core/common_runtime/gpu/gpu_device.cc:1121] 0:   N 
2021-06-15 02:10:32.301655: I tensorflow/core/common_runtime/gpu/gpu_device.cc:1247] Created TensorFlow device (/job:localhost/replica:0/task:0/device:GPU:0 with 4350 MB memory) -> physical GPU (device: 0, name: Tesla K20m, pci bus id: 0000:9d:00.0, compute capability: 3.5)
2021-06-15 02:10:32.340907: I tensorflow/compiler/xla/service/service.cc:168] XLA service 0x56378a150770 initialized for platform CUDA (this does not guarantee that XLA will be used). Devices:
2021-06-15 02:10:32.340967: I tensorflow/compiler/xla/service/service.cc:176]   StreamExecutor device (0): Tesla K20m, Compute Capability 3.5
Traceback (most recent call last):
  File "runSplit.py", line 116, in <module>
    model = EEGNet3D(N)
  File "/home/mjhouk/MB3DCNN/Groups/MB3DEEGNet.py", line 26, in EEGNet3D
    SRF_branch = EEGNet3D_Branch(nb_classes, XDim, YDim, Samples, dropoutRate, kernLength, F1, D, F2, norm_rate, dropoutType, block1)
  File "/home/mjhouk/MB3DCNN/Groups/MB3DEEGNet.py", line 37, in EEGNet3D_Branch
    block1 = Conv3D(D*F1, (XDim, YDim, 1), groups = F1, kernel_constraint = max_norm(1.), use_bias = False)(block)
  File "/usr/local/usrapps/multibranch/mjhouk/tf220_py377/lib/python3.7/site-packages/tensorflow/python/keras/layers/convolutional.py", line 743, in __init__
    **kwargs)
  File "/usr/local/usrapps/multibranch/mjhouk/tf220_py377/lib/python3.7/site-packages/tensorflow/python/keras/layers/convolutional.py", line 125, in __init__
    **kwargs)
  File "/usr/local/usrapps/multibranch/mjhouk/tf220_py377/lib/python3.7/site-packages/tensorflow/python/training/tracking/base.py", line 456, in _method_wrapper
    result = method(self, *args, **kwargs)
  File "/usr/local/usrapps/multibranch/mjhouk/tf220_py377/lib/python3.7/site-packages/tensorflow/python/keras/engine/base_layer.py", line 294, in __init__
    generic_utils.validate_kwargs(kwargs, allowed_kwargs)
  File "/usr/local/usrapps/multibranch/mjhouk/tf220_py377/lib/python3.7/site-packages/tensorflow/python/keras/utils/generic_utils.py", line 792, in validate_kwargs
    raise TypeError(error_message, kwarg)
TypeError: ('Keyword argument not understood:', 'groups')
