Found Tesla P100-PCIE-16GB GPU
Loading libraries
Running OAT Trial 8 with ID 345494
Verifying thread usage params
Intra Op Threads:	 0
Inter Op Threads:	 0

------------------------------------------------------------
Sender: LSF System <lsfadmin@n3h39>
Subject: Job 345494[8]: <job_arr[4-9]> in cluster <henry2> Done

Job <job_arr[4-9]> was submitted from host <login03> by user <mjhouk> in cluster <henry2> at Tue Jul  6 03:13:06 2021
Job was executed on host(s) <n3h39>, in queue <gpu>, as user <mjhouk> in cluster <henry2> at Tue Jul  6 22:48:56 2021
</home/mjhouk> was used as the home directory.
</home/mjhouk/MB3DCNN/Groups> was used as the working directory.
Started at Tue Jul  6 22:48:56 2021
Terminated at Tue Jul  6 22:53:43 2021
Results reported at Tue Jul  6 22:53:43 2021

Your job looked like:

------------------------------------------------------------
# LSBATCH: User input
#!/bin/csh

#BSUB -J job_arr[4-9]
#BSUB -x
#BSUB -R "span[hosts=1]"
#BSUB -W 900
#BSUB -q gpu
#BSUB -R "select[p100]"
#BSUB -gpu "num=1:mode=shared:mps=yes"
#BSUB -o ./out/trial-%I-%J.out
#BSUB -e ./out/trial-%I-%J.err

set run = true
set gpu = "`nvidia-smi --query-gpu=gpu_name --format=csv,noheader`"
echo "Found $gpu GPU"
if ( "$gpu" =~ *"K20m"* ) then
	set cuda_cmd = "module load cuda/10.1"
	set env_cmd = "conda activate tf220_py377"
else if ( "$gpu" =~ *"P100"* ) then
	set cuda_cmd = "module load cuda/11.0"
	set env_cmd = "conda activate tf241_py377"
else if ( "$gpu" =~ *"GTX 1080"* ) then
	set cuda_cmd = "module load cuda/11.0"
	set env_cmd = "conda activate tf241_py377"
else if ( "$gpu" =~ *"RTX 2080"* ) then
	set cuda_cmd = "module load cuda/11.0"
	set env_cmd = "conda activate tf241_py377"
else 
	set run = false
endif

if ( "$run" =~ true ) then

	echo "Loading libraries"

	eval $env_cmd
	eval $cuda_cmd

	setenv OMP_NUM_THREADS 2

	echo "Running OAT Trial $LSB_JOBINDEX with ID $LSB_JOBID"
	python runMotor.py ${LSB_JOBINDEX} ${LSB_JOBID}

else

	echo "GPU not available, cancelling job for OAT Trial $LSB_JOBINDEX"	

endif


------------------------------------------------------------

Successfully completed.

Resource usage summary:

    CPU time :                                   28.12 sec.
    Max Memory :                                 20778.89 MB
    Average Memory :                             10418.68 MB
    Total Requested Memory :                     -
    Delta Memory :                               -
    Max Swap :                                   -
    Max Processes :                              4
    Max Threads :                                112
    Run time :                                   300 sec.
    Turnaround time :                            70837 sec.

The output (if any) is above this job summary.



PS:

Read file <./out/trial-8-345494.err> for stderr output of this job.

