Found GeForce GTX 1080 GPU
Loading libraries
Running OAT Trial 1 with ID 287023
'TF_NUM_INTEROP_THREADS' not found, adding and setting to '1'
'TF_NUM_INTRAOP_THREADS' not found, adding and setting to '1'
TF_NUM_INTEROP_THREADS = 1
TF_NUM_INTRAOP_THREADS = 1
Verifying thread usage params
Intra Op Threads:	 0
Inter Op Threads:	 0
Performing K-Fold 1
Finished epoch 1 with Loss: 1.3604674339294434 and Accuracy: 0.3385036587715149
Finished epoch 2 with Loss: 1.3158481121063232 and Accuracy: 0.3695255517959595
Finished epoch 3 with Loss: 1.2967509031295776 and Accuracy: 0.3912278413772583
Finished epoch 4 with Loss: 1.2492703199386597 and Accuracy: 0.427593857049942
Finished epoch 5 with Loss: 1.196911334991455 and Accuracy: 0.46715328097343445
Finished epoch 6 with Loss: 1.159321904182434 and Accuracy: 0.48572731018066406
Finished epoch 7 with Loss: 1.122977375984192 and Accuracy: 0.5123826861381531
Finished epoch 8 with Loss: 1.0932141542434692 and Accuracy: 0.5381256341934204
Finished epoch 9 with Loss: 1.0652300119400024 and Accuracy: 0.5596976280212402
Finished epoch 10 with Loss: 1.038841724395752 and Accuracy: 0.5776199102401733
Finished epoch 11 with Loss: 1.0095126628875732 and Accuracy: 0.5990615487098694
Finished epoch 12 with Loss: 0.9841402173042297 and Accuracy: 0.6109880208969116
Finished epoch 13 with Loss: 0.9652275443077087 and Accuracy: 0.6178310513496399
Finished epoch 14 with Loss: 0.9460039734840393 and Accuracy: 0.6304744482040405
Finished epoch 15 with Loss: 0.9281800389289856 and Accuracy: 0.6394030451774597
Finished epoch 16 with Loss: 0.9105215072631836 and Accuracy: 0.6486574411392212
Finished epoch 17 with Loss: 0.8963543772697449 and Accuracy: 0.6558263897895813
Finished epoch 18 with Loss: 0.8862261772155762 and Accuracy: 0.6584984064102173
Finished epoch 19 with Loss: 0.87034672498703 and Accuracy: 0.6681439280509949
Finished epoch 20 with Loss: 0.8601073026657104 and Accuracy: 0.6706855893135071
Finished epoch 21 with Loss: 0.8497884273529053 and Accuracy: 0.6753780245780945
Finished epoch 22 with Loss: 0.8385813236236572 and Accuracy: 0.6825469136238098
Finished epoch 23 with Loss: 0.8307192921638489 and Accuracy: 0.6865224242210388
Finished epoch 24 with Loss: 0.8240057229995728 and Accuracy: 0.6892596483230591
Finished epoch 25 with Loss: 0.8127580881118774 and Accuracy: 0.6968196034431458
Finished epoch 26 with Loss: 0.8087617754936218 and Accuracy: 0.6918665170669556
Finished epoch 27 with Loss: 0.8044313192367554 and Accuracy: 0.6964937448501587
Finished epoch 28 with Loss: 0.8000848293304443 and Accuracy: 0.6975364685058594
Finished epoch 29 with Loss: 0.7915323376655579 and Accuracy: 0.7019030451774597
Finished epoch 30 with Loss: 0.7865790128707886 and Accuracy: 0.7022289037704468
Finished epoch 31 with Loss: 0.7823370695114136 and Accuracy: 0.7074426412582397
Finished epoch 32 with Loss: 0.7787191271781921 and Accuracy: 0.708746075630188
Finished epoch 33 with Loss: 0.7741844058036804 and Accuracy: 0.7054874897003174
Finished epoch 34 with Loss: 0.77279132604599 and Accuracy: 0.7024895548820496
Finished epoch 35 with Loss: 0.7667984962463379 and Accuracy: 0.709854006767273
Finished epoch 36 with Loss: 0.7649356722831726 and Accuracy: 0.7094630002975464
Finished epoch 37 with Loss: 0.7613527178764343 and Accuracy: 0.7129822969436646
Finished epoch 38 with Loss: 0.758116602897644 and Accuracy: 0.714155375957489
Finished epoch 39 with Loss: 0.7523360252380371 and Accuracy: 0.7128519415855408
Finished epoch 40 with Loss: 0.7504773139953613 and Accuracy: 0.7160453796386719
Finished epoch 41 with Loss: 0.746776819229126 and Accuracy: 0.7204118967056274
Finished epoch 42 with Loss: 0.7451408505439758 and Accuracy: 0.7198253273963928
Finished epoch 43 with Loss: 0.740591287612915 and Accuracy: 0.7185218930244446
Finished epoch 44 with Loss: 0.7370794415473938 and Accuracy: 0.7204118967056274
Finished epoch 45 with Loss: 0.7350884079933167 and Accuracy: 0.7249739170074463
Finished epoch 46 with Loss: 0.7342090606689453 and Accuracy: 0.723670482635498
Finished epoch 47 with Loss: 0.7301651835441589 and Accuracy: 0.7213243246078491
Finished epoch 48 with Loss: 0.7227370142936707 and Accuracy: 0.7299270033836365
Finished epoch 49 with Loss: 0.7203153967857361 and Accuracy: 0.7275807857513428
Finished epoch 50 with Loss: 0.7194104790687561 and Accuracy: 0.727645993232727
Finished epoch 51 with Loss: 0.7217428684234619 and Accuracy: 0.7259514927864075
Finished epoch 52 with Loss: 0.712807834148407 and Accuracy: 0.7293404340744019
Finished epoch 53 with Loss: 0.7129116654396057 and Accuracy: 0.7265380620956421
Finished epoch 54 with Loss: 0.7131367921829224 and Accuracy: 0.7296011447906494
Finished epoch 55 with Loss: 0.7055776715278625 and Accuracy: 0.7346845865249634
Finished epoch 56 with Loss: 0.7053763270378113 and Accuracy: 0.7337070107460022
Finished epoch 57 with Loss: 0.7002808451652527 and Accuracy: 0.7392466068267822
Finished epoch 58 with Loss: 0.6998008489608765 and Accuracy: 0.7349452376365662
Finished epoch 59 with Loss: 0.6974797248840332 and Accuracy: 0.7385948896408081
Finished epoch 60 with Loss: 0.6966793537139893 and Accuracy: 0.7378128170967102
Finished epoch 61 with Loss: 0.692731499671936 and Accuracy: 0.744916558265686
Finished epoch 62 with Loss: 0.6909998059272766 and Accuracy: 0.7400286793708801
Finished epoch 63 with Loss: 0.6891018748283386 and Accuracy: 0.7405500411987305
Finished epoch 64 with Loss: 0.6856969594955444 and Accuracy: 0.7415928244590759
Finished epoch 65 with Loss: 0.6814743280410767 and Accuracy: 0.7439389824867249
Finished epoch 66 with Loss: 0.6774710416793823 and Accuracy: 0.7452424168586731
Finished epoch 67 with Loss: 0.6775606870651245 and Accuracy: 0.7463503479957581
Finished epoch 68 with Loss: 0.6765318512916565 and Accuracy: 0.7450469136238098
Finished epoch 69 with Loss: 0.6732484102249146 and Accuracy: 0.7490224242210388
Finished epoch 70 with Loss: 0.6687461137771606 and Accuracy: 0.7500651478767395
Finished epoch 71 with Loss: 0.6684820055961609 and Accuracy: 0.7503910064697266
Finished epoch 72 with Loss: 0.6642749309539795 and Accuracy: 0.7505865693092346
Finished epoch 73 with Loss: 0.6632249355316162 and Accuracy: 0.7543013691902161
Finished epoch 74 with Loss: 0.6604916453361511 and Accuracy: 0.7522810101509094
Finished epoch 75 with Loss: 0.6569520831108093 and Accuracy: 0.7546923756599426
Finished epoch 76 with Loss: 0.6553667783737183 and Accuracy: 0.7549530863761902
Finished epoch 77 with Loss: 0.6557179093360901 and Accuracy: 0.7545620203018188
Finished epoch 78 with Loss: 0.6508616209030151 and Accuracy: 0.7588633894920349
Finished epoch 79 with Loss: 0.6463389992713928 and Accuracy: 0.762056827545166
Finished epoch 80 with Loss: 0.643106997013092 and Accuracy: 0.7589285969734192
Finished epoch 81 with Loss: 0.6438580751419067 and Accuracy: 0.7646636962890625
Finished epoch 82 with Loss: 0.6470190286636353 and Accuracy: 0.7581465244293213
Finished epoch 83 with Loss: 0.644387423992157 and Accuracy: 0.7588633894920349
Finished epoch 84 with Loss: 0.6384406685829163 and Accuracy: 0.7627085447311401
Finished epoch 85 with Loss: 0.6388847231864929 and Accuracy: 0.7592544555664062
Finished epoch 86 with Loss: 0.635811984539032 and Accuracy: 0.7648591995239258
Finished epoch 87 with Loss: 0.6326600313186646 and Accuracy: 0.7636209726333618
Finished epoch 88 with Loss: 0.6302453279495239 and Accuracy: 0.7645333409309387
Finished epoch 89 with Loss: 0.6275114417076111 and Accuracy: 0.7719630002975464
Finished epoch 90 with Loss: 0.6223747730255127 and Accuracy: 0.7709202170372009
Finished epoch 91 with Loss: 0.625785231590271 and Accuracy: 0.7685088515281677
Finished epoch 92 with Loss: 0.6241313815116882 and Accuracy: 0.7658368349075317
Finished epoch 93 with Loss: 0.6218193173408508 and Accuracy: 0.7659019827842712
Finished epoch 94 with Loss: 0.6184986233711243 and Accuracy: 0.7697471380233765
Finished epoch 95 with Loss: 0.6140521764755249 and Accuracy: 0.7742440104484558
Finished epoch 96 with Loss: 0.615557074546814 and Accuracy: 0.7699426412582397
Finished epoch 97 with Loss: 0.6069871187210083 and Accuracy: 0.7756125926971436
Finished epoch 98 with Loss: 0.6123880743980408 and Accuracy: 0.771571934223175
Finished epoch 99 with Loss: 0.6073651313781738 and Accuracy: 0.7739832997322083
Finished epoch 100 with Loss: 0.604263186454773 and Accuracy: 0.7751564383506775
Finished epoch 101 with Loss: 0.6020514965057373 and Accuracy: 0.7792622447013855
Finished epoch 102 with Loss: 0.6031638383865356 and Accuracy: 0.7760688066482544
Finished epoch 103 with Loss: 0.599099338054657 and Accuracy: 0.7797184586524963
Finished epoch 104 with Loss: 0.5983542799949646 and Accuracy: 0.7785453796386719
Finished epoch 105 with Loss: 0.5995250940322876 and Accuracy: 0.7749608755111694
Finished epoch 106 with Loss: 0.5960198640823364 and Accuracy: 0.7819343209266663
Finished epoch 107 with Loss: 0.590076208114624 and Accuracy: 0.7792622447013855
Finished epoch 108 with Loss: 0.5930364727973938 and Accuracy: 0.7754822969436646
Finished epoch 109 with Loss: 0.5927284955978394 and Accuracy: 0.7832377552986145
Finished epoch 110 with Loss: 0.5837386250495911 and Accuracy: 0.7843456864356995
Finished epoch 111 with Loss: 0.581686794757843 and Accuracy: 0.7866266965866089
Finished epoch 112 with Loss: 0.5857709050178528 and Accuracy: 0.7842804789543152
Finished epoch 113 with Loss: 0.5838546752929688 and Accuracy: 0.7859749794006348
Finished epoch 114 with Loss: 0.5839836597442627 and Accuracy: 0.7829118967056274
Finished epoch 115 with Loss: 0.5797240734100342 and Accuracy: 0.7852580547332764
Finished epoch 116 with Loss: 0.5762514472007751 and Accuracy: 0.7848670482635498
Finished epoch 117 with Loss: 0.5754764080047607 and Accuracy: 0.790145993232727
Finished epoch 118 with Loss: 0.5755416750907898 and Accuracy: 0.7889077067375183
Finished epoch 119 with Loss: 0.5700279474258423 and Accuracy: 0.7895594239234924
Finished epoch 120 with Loss: 0.5707915425300598 and Accuracy: 0.7948383688926697
Finished epoch 121 with Loss: 0.5696072578430176 and Accuracy: 0.7936652898788452
Finished epoch 122 with Loss: 0.5636831521987915 and Accuracy: 0.7938607931137085
Finished epoch 123 with Loss: 0.5640118718147278 and Accuracy: 0.7927528619766235
Finished epoch 124 with Loss: 0.560834527015686 and Accuracy: 0.7956204414367676
Finished epoch 125 with Loss: 0.5632919073104858 and Accuracy: 0.7926225066184998
Finished epoch 126 with Loss: 0.5574967861175537 and Accuracy: 0.7939911484718323
Finished epoch 127 with Loss: 0.556821882724762 and Accuracy: 0.7955552935600281
Finished epoch 128 with Loss: 0.5575783848762512 and Accuracy: 0.7947732210159302
Finished epoch 129 with Loss: 0.5533486008644104 and Accuracy: 0.7948383688926697
Finished epoch 130 with Loss: 0.5538755655288696 and Accuracy: 0.7947732210159302
Finished epoch 131 with Loss: 0.5542140603065491 and Accuracy: 0.7966631650924683
Finished epoch 132 with Loss: 0.5521900653839111 and Accuracy: 0.7972497344017029
Finished epoch 133 with Loss: 0.5466452836990356 and Accuracy: 0.7982925176620483
Finished epoch 134 with Loss: 0.5496811270713806 and Accuracy: 0.799009382724762
Finished epoch 135 with Loss: 0.5439711809158325 and Accuracy: 0.8000521659851074
Finished epoch 136 with Loss: 0.5438769459724426 and Accuracy: 0.7990745306015015
Finished epoch 137 with Loss: 0.5416277050971985 and Accuracy: 0.8022679686546326
Finished epoch 138 with Loss: 0.5374229550361633 and Accuracy: 0.805852472782135
Finished epoch 139 with Loss: 0.5395388007164001 and Accuracy: 0.8030500411987305
Finished epoch 140 with Loss: 0.5373800992965698 and Accuracy: 0.8040928244590759
Finished epoch 141 with Loss: 0.5395246148109436 and Accuracy: 0.8028545379638672
Finished epoch 142 with Loss: 0.5369697213172913 and Accuracy: 0.807416558265686
Finished epoch 143 with Loss: 0.5338427424430847 and Accuracy: 0.8052659034729004
Finished epoch 144 with Loss: 0.5282559394836426 and Accuracy: 0.8088503479957581
Finished epoch 145 with Loss: 0.528038501739502 and Accuracy: 0.8080682754516602
Finished epoch 146 with Loss: 0.5256971716880798 and Accuracy: 0.8108054995536804
Finished epoch 147 with Loss: 0.5250672698020935 and Accuracy: 0.8079379796981812
Finished epoch 148 with Loss: 0.5273555517196655 and Accuracy: 0.807286262512207
Finished epoch 149 with Loss: 0.525111198425293 and Accuracy: 0.8081334829330444
Finished epoch 150 with Loss: 0.5247958302497864 and Accuracy: 0.8070255517959595
Finished epoch 151 with Loss: 0.5215485692024231 and Accuracy: 0.8095020651817322
Finished epoch 152 with Loss: 0.523516833782196 and Accuracy: 0.8094369173049927
Finished epoch 153 with Loss: 0.516257107257843 and Accuracy: 0.8126955032348633
Finished epoch 154 with Loss: 0.5179441571235657 and Accuracy: 0.8093717694282532
Finished epoch 155 with Loss: 0.515596330165863 and Accuracy: 0.8106752038002014
Finished epoch 156 with Loss: 0.5122412443161011 and Accuracy: 0.8146506547927856
Finished epoch 157 with Loss: 0.5197917819023132 and Accuracy: 0.8081334829330444
Finished epoch 158 with Loss: 0.5095237493515015 and Accuracy: 0.8154327273368835
Finished epoch 159 with Loss: 0.5084567666053772 and Accuracy: 0.8181048035621643
Finished epoch 160 with Loss: 0.5086657404899597 and Accuracy: 0.8183003067970276
Finished epoch 161 with Loss: 0.5093399882316589 and Accuracy: 0.8126955032348633
Finished epoch 162 with Loss: 0.5078244805335999 and Accuracy: 0.8176485896110535
Finished epoch 163 with Loss: 0.5032721161842346 and Accuracy: 0.8169968724250793
Finished epoch 164 with Loss: 0.5053333044052124 and Accuracy: 0.8175182342529297
Finished epoch 165 with Loss: 0.5014552474021912 and Accuracy: 0.81803959608078
Finished epoch 166 with Loss: 0.4981170892715454 and Accuracy: 0.8188868761062622
Finished epoch 167 with Loss: 0.5009138584136963 and Accuracy: 0.8183003067970276
Finished epoch 168 with Loss: 0.4972897469997406 and Accuracy: 0.8197992444038391
Finished epoch 169 with Loss: 0.49994194507598877 and Accuracy: 0.8211027383804321
Finished epoch 170 with Loss: 0.4987058639526367 and Accuracy: 0.8179744482040405
Finished epoch 171 with Loss: 0.4945766031742096 and Accuracy: 0.8211678862571716
Finished epoch 172 with Loss: 0.4917478561401367 and Accuracy: 0.8233185410499573
Finished epoch 173 with Loss: 0.4935765564441681 and Accuracy: 0.8219499588012695
Finished epoch 174 with Loss: 0.4933665692806244 and Accuracy: 0.8226016759872437
Finished epoch 175 with Loss: 0.4914262592792511 and Accuracy: 0.8214285969734192
Finished epoch 176 with Loss: 0.4899989366531372 and Accuracy: 0.823123037815094
Finished epoch 177 with Loss: 0.4920384883880615 and Accuracy: 0.8223409652709961
Finished epoch 178 with Loss: 0.4901697039604187 and Accuracy: 0.8211678862571716
Finished epoch 179 with Loss: 0.4858660399913788 and Accuracy: 0.8230578899383545
Finished epoch 180 with Loss: 0.48622989654541016 and Accuracy: 0.8269681930541992
Finished epoch 181 with Loss: 0.4847821593284607 and Accuracy: 0.8266423344612122
Finished epoch 182 with Loss: 0.4810878038406372 and Accuracy: 0.8276199102401733
Finished epoch 183 with Loss: 0.48375630378723145 and Accuracy: 0.8261209726333618
Finished epoch 184 with Loss: 0.47949209809303284 and Accuracy: 0.8283368349075317
Finished epoch 185 with Loss: 0.4810946583747864 and Accuracy: 0.8291188478469849
Finished epoch 186 with Loss: 0.4760931134223938 and Accuracy: 0.8277502655982971
Finished epoch 187 with Loss: 0.47300803661346436 and Accuracy: 0.830878496170044
Finished epoch 188 with Loss: 0.4754604399204254 and Accuracy: 0.8287929892539978
Finished epoch 189 with Loss: 0.475887656211853 and Accuracy: 0.8318560719490051
Finished epoch 190 with Loss: 0.47147825360298157 and Accuracy: 0.8327684998512268
Finished epoch 191 with Loss: 0.47165948152542114 and Accuracy: 0.829770565032959
Finished epoch 192 with Loss: 0.47182515263557434 and Accuracy: 0.8320516347885132
Finished epoch 193 with Loss: 0.4679492115974426 and Accuracy: 0.8310088515281677
Finished epoch 194 with Loss: 0.4666997790336609 and Accuracy: 0.8335505723953247
Finished epoch 195 with Loss: 0.46720194816589355 and Accuracy: 0.8354405760765076
Finished epoch 196 with Loss: 0.46496281027793884 and Accuracy: 0.8336809277534485
Finished epoch 197 with Loss: 0.4653801918029785 and Accuracy: 0.834854006767273
Finished epoch 198 with Loss: 0.46366196870803833 and Accuracy: 0.8355709314346313
Finished epoch 199 with Loss: 0.4669235050678253 and Accuracy: 0.8342674374580383
Finished epoch 200 with Loss: 0.4657936096191406 and Accuracy: 0.8334202170372009
Accuracy: 0.77Accuracy: 0.77Accuracy: 0.77Accuracy: 0.77Accuracy: 0.77Accuracy: 0.77Accuracy: 0.77Accuracy: 0.77Accuracy: 0.77Accuracy: 0.77Accuracy: 0.77Accuracy: 0.77Accuracy: 0.77Accuracy: 0.77Accuracy: 0.77Accuracy: 0.77Accuracy: 0.77Accuracy: 0.77Accuracy: 0.77Accuracy: 0.77Accuracy: 0.77Accuracy: 0.77Accuracy: 0.77Accuracy: 0.77Accuracy: 0.77Accuracy: 0.77Accuracy: 0.77Accuracy: 0.77Accuracy: 0.77Accuracy: 0.77Accuracy: 0.77Accuracy: 0.77Accuracy: 0.77Accuracy: 0.77Accuracy: 0.77Accuracy: 0.77Accuracy: 0.77Accuracy: 0.77Accuracy: 0.77Accuracy: 0.77Accuracy: 0.77Accuracy: 0.77Accuracy: 0.77Accuracy: 0.77Accuracy: 0.77Accuracy: 0.77Accuracy: 0.77Accuracy: 0.77Accuracy: 0.77Accuracy: 0.77Accuracy: 0.77Accuracy: 0.77Accuracy: 0.77Accuracy: 0.77Accuracy: 0.77Accuracy: 0.77Accuracy: 0.77Accuracy: 0.77Accuracy: 0.77Accuracy: 0.77Accuracy: 0.77Accuracy: 0.77Accuracy: 0.77Accuracy: 0.77Accuracy: 0.77Accuracy: 0.77Accuracy: 0.77Accuracy: 0.77Accuracy: 0.77Accuracy: 0.77Accuracy: 0.77Accuracy: 0.77Accuracy: 0.77Accuracy: 0.77Accuracy: 0.77Accuracy: 0.77Accuracy: 0.77Accuracy: 0.77Accuracy: 0.77Accuracy: 0.77Accuracy: 0.77Accuracy: 0.77Accuracy: 0.77Accuracy: 0.77Accuracy: 0.77Accuracy: 0.77Accuracy: 0.77Accuracy: 0.77Accuracy: 0.77Accuracy: 0.77Accuracy: 0.77Accuracy: 0.77Accuracy: 0.77Accuracy: 0.77Accuracy: 0.77Accuracy: 0.77Accuracy: 0.77Accuracy: 0.77Accuracy: 0.77Accuracy: 0.77
Performing K-Fold 2
Finished epoch 1 with Loss: 1.325549840927124 and Accuracy: 0.3555787205696106
Finished epoch 2 with Loss: 1.2730560302734375 and Accuracy: 0.41123566031455994
Finished epoch 3 with Loss: 1.1999781131744385 and Accuracy: 0.45920228958129883
Finished epoch 4 with Loss: 1.1496838331222534 and Accuracy: 0.4952424466609955
Finished epoch 5 with Loss: 1.113801121711731 and Accuracy: 0.518704354763031
Finished epoch 6 with Loss: 1.0825353860855103 and Accuracy: 0.5450990796089172
Finished epoch 7 with Loss: 1.0542881488800049 and Accuracy: 0.5588503479957581
Finished epoch 8 with Loss: 1.0293195247650146 and Accuracy: 0.5765771865844727
Finished epoch 9 with Loss: 1.0064510107040405 and Accuracy: 0.5886340141296387
Finished epoch 10 with Loss: 0.9867656230926514 and Accuracy: 0.6016684174537659
Finished epoch 11 with Loss: 0.9732797145843506 and Accuracy: 0.6081855893135071
Finished epoch 12 with Loss: 0.9606336355209351 and Accuracy: 0.6136600375175476
Finished epoch 13 with Loss: 0.9455083608627319 and Accuracy: 0.6272158622741699
Finished epoch 14 with Loss: 0.9354612231254578 and Accuracy: 0.6325599551200867
Finished epoch 15 with Loss: 0.918286919593811 and Accuracy: 0.6416188478469849
Finished epoch 16 with Loss: 0.9116536974906921 and Accuracy: 0.6449426412582397
Finished epoch 17 with Loss: 0.898922324180603 and Accuracy: 0.6481360793113708
Finished epoch 18 with Loss: 0.8891197443008423 and Accuracy: 0.65706467628479
Finished epoch 19 with Loss: 0.8787407279014587 and Accuracy: 0.6607794761657715
Finished epoch 20 with Loss: 0.8716508746147156 and Accuracy: 0.6658628582954407
Finished epoch 21 with Loss: 0.8608620762825012 and Accuracy: 0.6738138794898987
Finished epoch 22 with Loss: 0.857646644115448 and Accuracy: 0.6748566031455994
Finished epoch 23 with Loss: 0.8463314175605774 and Accuracy: 0.6791579723358154
Finished epoch 24 with Loss: 0.8433033227920532 and Accuracy: 0.6787017583847046
Finished epoch 25 with Loss: 0.8367456793785095 and Accuracy: 0.6848279237747192
Finished epoch 26 with Loss: 0.8319903612136841 and Accuracy: 0.6845020651817322
Finished epoch 27 with Loss: 0.8267279267311096 and Accuracy: 0.6839807033538818
Finished epoch 28 with Loss: 0.8215823769569397 and Accuracy: 0.6860010623931885
Finished epoch 29 with Loss: 0.8184750080108643 and Accuracy: 0.6903023719787598
Finished epoch 30 with Loss: 0.8105940818786621 and Accuracy: 0.6978623270988464
Finished epoch 31 with Loss: 0.8037518262863159 and Accuracy: 0.6951251029968262
Finished epoch 32 with Loss: 0.802308976650238 and Accuracy: 0.7013816237449646
Finished epoch 33 with Loss: 0.7983788847923279 and Accuracy: 0.700990617275238
Finished epoch 34 with Loss: 0.7926581501960754 and Accuracy: 0.6996219754219055
Finished epoch 35 with Loss: 0.7915160059928894 and Accuracy: 0.7051616311073303
Finished epoch 36 with Loss: 0.7899194359779358 and Accuracy: 0.703206479549408
Finished epoch 37 with Loss: 0.7846561074256897 and Accuracy: 0.7063347101211548
Finished epoch 38 with Loss: 0.7813562154769897 and Accuracy: 0.7052267789840698
Finished epoch 39 with Loss: 0.7744001746177673 and Accuracy: 0.7069212794303894
Finished epoch 40 with Loss: 0.7748531699180603 and Accuracy: 0.7111574411392212
Finished epoch 41 with Loss: 0.769365131855011 and Accuracy: 0.7107012271881104
Finished epoch 42 with Loss: 0.7671439051628113 and Accuracy: 0.7107664346694946
Finished epoch 43 with Loss: 0.76350337266922 and Accuracy: 0.7140901684761047
Finished epoch 44 with Loss: 0.7616201639175415 and Accuracy: 0.7169577479362488
Finished epoch 45 with Loss: 0.7555477619171143 and Accuracy: 0.7207377552986145
Finished epoch 46 with Loss: 0.7541007399559021 and Accuracy: 0.7206073999404907
Finished epoch 47 with Loss: 0.7524788975715637 and Accuracy: 0.7151329517364502
Finished epoch 48 with Loss: 0.7501494288444519 and Accuracy: 0.7166318893432617
Finished epoch 49 with Loss: 0.7437050342559814 and Accuracy: 0.7215849757194519
Finished epoch 50 with Loss: 0.7424888014793396 and Accuracy: 0.723344624042511
Finished epoch 51 with Loss: 0.7414008378982544 and Accuracy: 0.7234098315238953
Finished epoch 52 with Loss: 0.7429331541061401 and Accuracy: 0.7229536175727844
Finished epoch 53 with Loss: 0.7361519932746887 and Accuracy: 0.7243874073028564
Finished epoch 54 with Loss: 0.7338876128196716 and Accuracy: 0.7269290685653687
Finished epoch 55 with Loss: 0.7302361130714417 and Accuracy: 0.7288842797279358
Finished epoch 56 with Loss: 0.7295624017715454 and Accuracy: 0.7269942760467529
Finished epoch 57 with Loss: 0.7280789017677307 and Accuracy: 0.7300573587417603
Finished epoch 58 with Loss: 0.7195444107055664 and Accuracy: 0.7296662926673889
Finished epoch 59 with Loss: 0.7203134894371033 and Accuracy: 0.7301225066184998
Finished epoch 60 with Loss: 0.715064525604248 and Accuracy: 0.7356621623039246
Finished epoch 61 with Loss: 0.7128828763961792 and Accuracy: 0.7340328693389893
Finished epoch 62 with Loss: 0.7101456522941589 and Accuracy: 0.7350755929946899
Finished epoch 63 with Loss: 0.7103758454322815 and Accuracy: 0.7352710962295532
Finished epoch 64 with Loss: 0.708654522895813 and Accuracy: 0.737943172454834
Finished epoch 65 with Loss: 0.7032259106636047 and Accuracy: 0.7387903928756714
Finished epoch 66 with Loss: 0.704291820526123 and Accuracy: 0.7400938272476196
Finished epoch 67 with Loss: 0.6998489499092102 and Accuracy: 0.7341631650924683
Finished epoch 68 with Loss: 0.698003351688385 and Accuracy: 0.7383341789245605
Finished epoch 69 with Loss: 0.6978217363357544 and Accuracy: 0.7412017583847046
Finished epoch 70 with Loss: 0.6929909586906433 and Accuracy: 0.7447210550308228
Finished epoch 71 with Loss: 0.689388632774353 and Accuracy: 0.7421141862869263
Finished epoch 72 with Loss: 0.6864247918128967 and Accuracy: 0.7421141862869263
Finished epoch 73 with Loss: 0.6818443536758423 and Accuracy: 0.7485010623931885
Finished epoch 74 with Loss: 0.6828340888023376 and Accuracy: 0.7482403516769409
Finished epoch 75 with Loss: 0.6818994879722595 and Accuracy: 0.7477189898490906
Finished epoch 76 with Loss: 0.6790580153465271 and Accuracy: 0.7446559071540833
Finished epoch 77 with Loss: 0.6747862100601196 and Accuracy: 0.7492831349372864
Finished epoch 78 with Loss: 0.6744017601013184 and Accuracy: 0.7534540891647339
Finished epoch 79 with Loss: 0.6714696288108826 and Accuracy: 0.7505865693092346
Finished epoch 80 with Loss: 0.6673106551170349 and Accuracy: 0.7516292929649353
Finished epoch 81 with Loss: 0.6635491847991943 and Accuracy: 0.7542361617088318
Finished epoch 82 with Loss: 0.6604267358779907 and Accuracy: 0.752867579460144
Finished epoch 83 with Loss: 0.6619523763656616 and Accuracy: 0.7537800073623657
Finished epoch 84 with Loss: 0.6549220681190491 and Accuracy: 0.7576903104782104
Finished epoch 85 with Loss: 0.653839647769928 and Accuracy: 0.7548227310180664
Finished epoch 86 with Loss: 0.6552721261978149 and Accuracy: 0.755409300327301
Finished epoch 87 with Loss: 0.65143883228302 and Accuracy: 0.7561913728713989
Finished epoch 88 with Loss: 0.6499994993209839 and Accuracy: 0.7606882452964783
Finished epoch 89 with Loss: 0.6444629430770874 and Accuracy: 0.7636209726333618
Finished epoch 90 with Loss: 0.6427638530731201 and Accuracy: 0.7604926824569702
Finished epoch 91 with Loss: 0.6441208720207214 and Accuracy: 0.7652502655982971
Finished epoch 92 with Loss: 0.637892484664917 and Accuracy: 0.7622523307800293
Finished epoch 93 with Loss: 0.6359468102455139 and Accuracy: 0.7647940516471863
Finished epoch 94 with Loss: 0.6346752643585205 and Accuracy: 0.7637513279914856
Finished epoch 95 with Loss: 0.6300612688064575 and Accuracy: 0.7687695622444153
Finished epoch 96 with Loss: 0.6292800307273865 and Accuracy: 0.7690302133560181
Finished epoch 97 with Loss: 0.6277628540992737 and Accuracy: 0.7668144106864929
Finished epoch 98 with Loss: 0.6289284229278564 and Accuracy: 0.769681990146637
Finished epoch 99 with Loss: 0.6238909959793091 and Accuracy: 0.7688347101211548
Finished epoch 100 with Loss: 0.6212090849876404 and Accuracy: 0.7714415788650513
Finished epoch 101 with Loss: 0.6211155652999878 and Accuracy: 0.7729405760765076
Finished epoch 102 with Loss: 0.6161696910858154 and Accuracy: 0.7738529443740845
Finished epoch 103 with Loss: 0.6137570142745972 and Accuracy: 0.773787796497345
Finished epoch 104 with Loss: 0.6097328662872314 and Accuracy: 0.7775025963783264
Finished epoch 105 with Loss: 0.6085407733917236 and Accuracy: 0.7769812345504761
Finished epoch 106 with Loss: 0.6115063428878784 and Accuracy: 0.7762643098831177
Finished epoch 107 with Loss: 0.6036447882652283 and Accuracy: 0.7784801721572876
Finished epoch 108 with Loss: 0.6043547987937927 and Accuracy: 0.7796533107757568
Finished epoch 109 with Loss: 0.6006537079811096 and Accuracy: 0.7799791693687439
Finished epoch 110 with Loss: 0.6004517674446106 and Accuracy: 0.7774374485015869
Finished epoch 111 with Loss: 0.5999016165733337 and Accuracy: 0.779197096824646
Finished epoch 112 with Loss: 0.5903210043907166 and Accuracy: 0.782194972038269
Finished epoch 113 with Loss: 0.5920195579528809 and Accuracy: 0.7814781069755554
Finished epoch 114 with Loss: 0.5861448645591736 and Accuracy: 0.7845411896705627
Finished epoch 115 with Loss: 0.5913470983505249 and Accuracy: 0.7805005311965942
Finished epoch 116 with Loss: 0.5880225896835327 and Accuracy: 0.7825208306312561
Finished epoch 117 with Loss: 0.5826139450073242 and Accuracy: 0.7884514927864075
Finished epoch 118 with Loss: 0.5797914862632751 and Accuracy: 0.7902763485908508
Finished epoch 119 with Loss: 0.5806535482406616 and Accuracy: 0.7877346277236938
Finished epoch 120 with Loss: 0.5801940560340881 and Accuracy: 0.7907977104187012
Finished epoch 121 with Loss: 0.5791512131690979 and Accuracy: 0.7897549271583557
Finished epoch 122 with Loss: 0.5739673972129822 and Accuracy: 0.7910584211349487
Finished epoch 123 with Loss: 0.5704267024993896 and Accuracy: 0.7932090759277344
Finished epoch 124 with Loss: 0.5678017735481262 and Accuracy: 0.7936000823974609
Finished epoch 125 with Loss: 0.571351170539856 and Accuracy: 0.7908628582954407
Finished epoch 126 with Loss: 0.5654258131980896 and Accuracy: 0.7949687242507935
Finished epoch 127 with Loss: 0.5668354630470276 and Accuracy: 0.7947732210159302
Finished epoch 128 with Loss: 0.5604884624481201 and Accuracy: 0.7966631650924683
Finished epoch 129 with Loss: 0.5621703863143921 and Accuracy: 0.7960766553878784
Finished epoch 130 with Loss: 0.5621509552001953 and Accuracy: 0.8008341789245605
Finished epoch 131 with Loss: 0.5569599270820618 and Accuracy: 0.8001173138618469
Finished epoch 132 with Loss: 0.5549542307853699 and Accuracy: 0.7978363037109375
Finished epoch 133 with Loss: 0.5520769953727722 and Accuracy: 0.7997262477874756
Finished epoch 134 with Loss: 0.5505905151367188 and Accuracy: 0.8021376729011536
Finished epoch 135 with Loss: 0.5521743297576904 and Accuracy: 0.799009382724762
Finished epoch 136 with Loss: 0.5430150032043457 and Accuracy: 0.8054614067077637
Finished epoch 137 with Loss: 0.5464619994163513 and Accuracy: 0.8065041899681091
Finished epoch 138 with Loss: 0.5436203479766846 and Accuracy: 0.8035062551498413
Finished epoch 139 with Loss: 0.5438283085823059 and Accuracy: 0.8031803965568542
Finished epoch 140 with Loss: 0.5427846908569336 and Accuracy: 0.8003780245780945
Finished epoch 141 with Loss: 0.5445871949195862 and Accuracy: 0.8005083203315735
Finished epoch 142 with Loss: 0.5325541496276855 and Accuracy: 0.8108054995536804
Finished epoch 143 with Loss: 0.5343897342681885 and Accuracy: 0.805982768535614
Finished epoch 144 with Loss: 0.5349754095077515 and Accuracy: 0.8102841377258301
Finished epoch 145 with Loss: 0.5315588116645813 and Accuracy: 0.8104144930839539
Finished epoch 146 with Loss: 0.5353825688362122 and Accuracy: 0.8078076243400574
Finished epoch 147 with Loss: 0.528350293636322 and Accuracy: 0.8100886344909668
Finished epoch 148 with Loss: 0.5335977077484131 and Accuracy: 0.8067648410797119
Finished epoch 149 with Loss: 0.5277236700057983 and Accuracy: 0.8125
Finished epoch 150 with Loss: 0.5299161076545715 and Accuracy: 0.8119786381721497
Finished epoch 151 with Loss: 0.5265058279037476 and Accuracy: 0.813933789730072
Finished epoch 152 with Loss: 0.5197439789772034 and Accuracy: 0.8141292929649353
Finished epoch 153 with Loss: 0.52228844165802 and Accuracy: 0.8127607107162476
Finished epoch 154 with Loss: 0.5237463116645813 and Accuracy: 0.8133472204208374
Finished epoch 155 with Loss: 0.5183718204498291 and Accuracy: 0.8124348521232605
Finished epoch 156 with Loss: 0.5166993141174316 and Accuracy: 0.8166710138320923
Finished epoch 157 with Loss: 0.5111984610557556 and Accuracy: 0.8204509615898132
Finished epoch 158 with Loss: 0.5165086388587952 and Accuracy: 0.8119786381721497
Finished epoch 159 with Loss: 0.508834183216095 and Accuracy: 0.819017231464386
Finished epoch 160 with Loss: 0.5121220946311951 and Accuracy: 0.819017231464386
Finished epoch 161 with Loss: 0.5110104084014893 and Accuracy: 0.8167361617088318
Finished epoch 162 with Loss: 0.5106744766235352 and Accuracy: 0.8188868761062622
Finished epoch 163 with Loss: 0.5021315813064575 and Accuracy: 0.8237747550010681
Finished epoch 164 with Loss: 0.5013463497161865 and Accuracy: 0.8232533931732178
Finished epoch 165 with Loss: 0.5039793252944946 and Accuracy: 0.8207768797874451
Finished epoch 166 with Loss: 0.4995175004005432 and Accuracy: 0.8236443996429443
Finished epoch 167 with Loss: 0.5012152194976807 and Accuracy: 0.8233185410499573
Finished epoch 168 with Loss: 0.5018381476402283 and Accuracy: 0.824230968952179
Finished epoch 169 with Loss: 0.49655798077583313 and Accuracy: 0.8252737522125244
Finished epoch 170 with Loss: 0.5002818703651428 and Accuracy: 0.8219499588012695
Finished epoch 171 with Loss: 0.4966820478439331 and Accuracy: 0.8247523307800293
Finished epoch 172 with Loss: 0.4939590096473694 and Accuracy: 0.8249478340148926
Finished epoch 173 with Loss: 0.4959211051464081 and Accuracy: 0.8229275345802307
Finished epoch 174 with Loss: 0.4917210042476654 and Accuracy: 0.823123037815094
Finished epoch 175 with Loss: 0.4902993142604828 and Accuracy: 0.8236443996429443
Finished epoch 176 with Loss: 0.48699289560317993 and Accuracy: 0.8275547623634338
Finished epoch 177 with Loss: 0.48935988545417786 and Accuracy: 0.8284019827842712
Finished epoch 178 with Loss: 0.48974958062171936 and Accuracy: 0.8264468312263489
Finished epoch 179 with Loss: 0.48381832242012024 and Accuracy: 0.8333550691604614
Finished epoch 180 with Loss: 0.4834311604499817 and Accuracy: 0.8284671306610107
Finished epoch 181 with Loss: 0.48568710684776306 and Accuracy: 0.8304874897003174
Finished epoch 182 with Loss: 0.48251816630363464 and Accuracy: 0.8314650654792786
Finished epoch 183 with Loss: 0.4776548147201538 and Accuracy: 0.8336157202720642
Finished epoch 184 with Loss: 0.4823947250843048 and Accuracy: 0.8292492032051086
Finished epoch 185 with Loss: 0.4824634790420532 and Accuracy: 0.8292492032051086
Finished epoch 186 with Loss: 0.47413018345832825 and Accuracy: 0.8324426412582397
Finished epoch 187 with Loss: 0.4786558449268341 and Accuracy: 0.8307482004165649
Finished epoch 188 with Loss: 0.47372233867645264 and Accuracy: 0.8347236514091492
Finished epoch 189 with Loss: 0.47153493762016296 and Accuracy: 0.832507848739624
Finished epoch 190 with Loss: 0.474138468503952 and Accuracy: 0.8340067863464355
Finished epoch 191 with Loss: 0.47344714403152466 and Accuracy: 0.834071934223175
Finished epoch 192 with Loss: 0.47100332379341125 and Accuracy: 0.8331595659255981
Finished epoch 193 with Loss: 0.47230541706085205 and Accuracy: 0.8356360793113708
Finished epoch 194 with Loss: 0.4674023985862732 and Accuracy: 0.8403936624526978
Finished epoch 195 with Loss: 0.46655452251434326 and Accuracy: 0.8370047211647034
Finished epoch 196 with Loss: 0.4667642116546631 and Accuracy: 0.8398070931434631
Finished epoch 197 with Loss: 0.4615820050239563 and Accuracy: 0.8381778001785278
Finished epoch 198 with Loss: 0.46795588731765747 and Accuracy: 0.8360922932624817
Finished epoch 199 with Loss: 0.4630790054798126 and Accuracy: 0.8373305797576904
Finished epoch 200 with Loss: 0.4597582221031189 and Accuracy: 0.8420229554176331
Accuracy: 0.76Accuracy: 0.76Accuracy: 0.76Accuracy: 0.76Accuracy: 0.76Accuracy: 0.76Accuracy: 0.76Accuracy: 0.76Accuracy: 0.76Accuracy: 0.76Accuracy: 0.76Accuracy: 0.76Accuracy: 0.76Accuracy: 0.76Accuracy: 0.76Accuracy: 0.76Accuracy: 0.76Accuracy: 0.76Accuracy: 0.76Accuracy: 0.76Accuracy: 0.76Accuracy: 0.76Accuracy: 0.76Accuracy: 0.76Accuracy: 0.76Accuracy: 0.76Accuracy: 0.76Accuracy: 0.76Accuracy: 0.76Accuracy: 0.76Accuracy: 0.76Accuracy: 0.76Accuracy: 0.76Accuracy: 0.76Accuracy: 0.76Accuracy: 0.76Accuracy: 0.76Accuracy: 0.76Accuracy: 0.76Accuracy: 0.76Accuracy: 0.76Accuracy: 0.76Accuracy: 0.76Accuracy: 0.76Accuracy: 0.76Accuracy: 0.76Accuracy: 0.76Accuracy: 0.76Accuracy: 0.76Accuracy: 0.76Accuracy: 0.76Accuracy: 0.76Accuracy: 0.76Accuracy: 0.76Accuracy: 0.76Accuracy: 0.76Accuracy: 0.76Accuracy: 0.76Accuracy: 0.76Accuracy: 0.76Accuracy: 0.76Accuracy: 0.76Accuracy: 0.76Accuracy: 0.76Accuracy: 0.76Accuracy: 0.76Accuracy: 0.76Accuracy: 0.76Accuracy: 0.76Accuracy: 0.76Accuracy: 0.76Accuracy: 0.76Accuracy: 0.76Accuracy: 0.76Accuracy: 0.76Accuracy: 0.76Accuracy: 0.76Accuracy: 0.76Accuracy: 0.76Accuracy: 0.76Accuracy: 0.76Accuracy: 0.76Accuracy: 0.76Accuracy: 0.76Accuracy: 0.76Accuracy: 0.76Accuracy: 0.76Accuracy: 0.76Accuracy: 0.76Accuracy: 0.76Accuracy: 0.76Accuracy: 0.76Accuracy: 0.76Accuracy: 0.76Accuracy: 0.76Accuracy: 0.76Accuracy: 0.76Accuracy: 0.76Accuracy: 0.76Accuracy: 0.76
Performing K-Fold 3
Finished epoch 1 with Loss: 1.328138828277588 and Accuracy: 0.3593352735042572
Finished epoch 2 with Loss: 1.2829617261886597 and Accuracy: 0.40130335092544556
Finished epoch 3 with Loss: 1.2245203256607056 and Accuracy: 0.4441186189651489
Finished epoch 4 with Loss: 1.1704531908035278 and Accuracy: 0.482828289270401
Finished epoch 5 with Loss: 1.124096155166626 and Accuracy: 0.5155425071716309
Finished epoch 6 with Loss: 1.0828113555908203 and Accuracy: 0.5428478121757507
Finished epoch 7 with Loss: 1.048685073852539 and Accuracy: 0.566568911075592
Finished epoch 8 with Loss: 1.0203675031661987 and Accuracy: 0.5850765705108643
Finished epoch 9 with Loss: 0.9956600666046143 and Accuracy: 0.5996741652488708
Finished epoch 10 with Loss: 0.9724283814430237 and Accuracy: 0.6110133528709412
Finished epoch 11 with Loss: 0.9508948922157288 and Accuracy: 0.6278918385505676
Finished epoch 12 with Loss: 0.9300819039344788 and Accuracy: 0.6382535099983215
Finished epoch 13 with Loss: 0.9144718647003174 and Accuracy: 0.6421635746955872
Finished epoch 14 with Loss: 0.8983383774757385 and Accuracy: 0.6542847752571106
Finished epoch 15 with Loss: 0.883493959903717 and Accuracy: 0.6621049046516418
Finished epoch 16 with Loss: 0.8668273687362671 and Accuracy: 0.6723362803459167
Finished epoch 17 with Loss: 0.8582180738449097 and Accuracy: 0.6742261052131653
Finished epoch 18 with Loss: 0.8501766920089722 and Accuracy: 0.6771587133407593
Finished epoch 19 with Loss: 0.8419673442840576 and Accuracy: 0.6842619776725769
Finished epoch 20 with Loss: 0.8322449326515198 and Accuracy: 0.6873900294303894
Finished epoch 21 with Loss: 0.8241286873817444 and Accuracy: 0.6900619268417358
Finished epoch 22 with Loss: 0.8205881714820862 and Accuracy: 0.6926034688949585
Finished epoch 23 with Loss: 0.8146870732307434 and Accuracy: 0.6932551264762878
Finished epoch 24 with Loss: 0.8074910044670105 and Accuracy: 0.6985989212989807
Finished epoch 25 with Loss: 0.8032065033912659 and Accuracy: 0.6979472041130066
Finished epoch 26 with Loss: 0.7965678572654724 and Accuracy: 0.7023134827613831
Finished epoch 27 with Loss: 0.798595666885376 and Accuracy: 0.7014011144638062
Finished epoch 28 with Loss: 0.7906574010848999 and Accuracy: 0.703682005405426
Finished epoch 29 with Loss: 0.7895699143409729 and Accuracy: 0.7054415345191956
Finished epoch 30 with Loss: 0.7817770838737488 and Accuracy: 0.7066797018051147
Finished epoch 31 with Loss: 0.7796342968940735 and Accuracy: 0.7090257406234741
Finished epoch 32 with Loss: 0.7765148878097534 and Accuracy: 0.7098077535629272
Finished epoch 33 with Loss: 0.7728175520896912 and Accuracy: 0.7130009531974792
Finished epoch 34 with Loss: 0.7758430242538452 and Accuracy: 0.7135223150253296
Finished epoch 35 with Loss: 0.7678330540657043 and Accuracy: 0.7126099467277527
Finished epoch 36 with Loss: 0.7610357403755188 and Accuracy: 0.718931257724762
Finished epoch 37 with Loss: 0.7598389983177185 and Accuracy: 0.7191267609596252
Finished epoch 38 with Loss: 0.7583584189414978 and Accuracy: 0.7163897156715393
Finished epoch 39 with Loss: 0.75632643699646 and Accuracy: 0.7208211421966553
Finished epoch 40 with Loss: 0.7512790560722351 and Accuracy: 0.720625638961792
Finished epoch 41 with Loss: 0.752681314945221 and Accuracy: 0.720625638961792
Finished epoch 42 with Loss: 0.7470306158065796 and Accuracy: 0.7186705470085144
Finished epoch 43 with Loss: 0.7458800077438354 and Accuracy: 0.724144697189331
Finished epoch 44 with Loss: 0.7383452653884888 and Accuracy: 0.7272075414657593
Finished epoch 45 with Loss: 0.741062343120575 and Accuracy: 0.7225806713104248
Finished epoch 46 with Loss: 0.7349289655685425 and Accuracy: 0.7305963039398193
Finished epoch 47 with Loss: 0.7345480918884277 and Accuracy: 0.7300097942352295
Finished epoch 48 with Loss: 0.7315137982368469 and Accuracy: 0.7320299744606018
Finished epoch 49 with Loss: 0.7277117967605591 and Accuracy: 0.7251222133636475
Finished epoch 50 with Loss: 0.7271828651428223 and Accuracy: 0.7339198589324951
Finished epoch 51 with Loss: 0.7221978306770325 and Accuracy: 0.7308569550514221
Finished epoch 52 with Loss: 0.7232275605201721 and Accuracy: 0.7333984971046448
Finished epoch 53 with Loss: 0.7206078171730042 and Accuracy: 0.7341153621673584
Finished epoch 54 with Loss: 0.7157309651374817 and Accuracy: 0.7348973751068115
Finished epoch 55 with Loss: 0.7141452431678772 and Accuracy: 0.7347670197486877
Finished epoch 56 with Loss: 0.7137993574142456 and Accuracy: 0.7339850068092346
Finished epoch 57 with Loss: 0.7089031934738159 and Accuracy: 0.7347018718719482
Finished epoch 58 with Loss: 0.7076818346977234 and Accuracy: 0.7378950715065002
Finished epoch 59 with Loss: 0.7035557627677917 and Accuracy: 0.739719808101654
Finished epoch 60 with Loss: 0.7043828368186951 and Accuracy: 0.7376344203948975
Finished epoch 61 with Loss: 0.7023738622665405 and Accuracy: 0.7405669689178467
Finished epoch 62 with Loss: 0.6960793733596802 and Accuracy: 0.7442163825035095
Finished epoch 63 with Loss: 0.6922208070755005 and Accuracy: 0.7423916459083557
Finished epoch 64 with Loss: 0.6919582486152649 and Accuracy: 0.7422613501548767
Finished epoch 65 with Loss: 0.6885434985160828 and Accuracy: 0.7448028922080994
Finished epoch 66 with Loss: 0.689998984336853 and Accuracy: 0.7454545497894287
Finished epoch 67 with Loss: 0.6856915950775146 and Accuracy: 0.7457152009010315
Finished epoch 68 with Loss: 0.6876096725463867 and Accuracy: 0.7452590465545654
Finished epoch 69 with Loss: 0.6829432249069214 and Accuracy: 0.7480612397193909
Finished epoch 70 with Loss: 0.6813618540763855 and Accuracy: 0.7481915950775146
Finished epoch 71 with Loss: 0.6738065481185913 and Accuracy: 0.7489084601402283
Finished epoch 72 with Loss: 0.6767753958702087 and Accuracy: 0.7496252655982971
Finished epoch 73 with Loss: 0.6680611968040466 and Accuracy: 0.7525578141212463
Finished epoch 74 with Loss: 0.669913649559021 and Accuracy: 0.7521016597747803
Finished epoch 75 with Loss: 0.6647151112556458 and Accuracy: 0.7547735571861267
Finished epoch 76 with Loss: 0.6642917394638062 and Accuracy: 0.7554903626441956
Finished epoch 77 with Loss: 0.6631772518157959 and Accuracy: 0.7560117244720459
Finished epoch 78 with Loss: 0.6617262363433838 and Accuracy: 0.7559465765953064
Finished epoch 79 with Loss: 0.658432126045227 and Accuracy: 0.7574453949928284
Finished epoch 80 with Loss: 0.6534695625305176 and Accuracy: 0.7554903626441956
Finished epoch 81 with Loss: 0.6558374762535095 and Accuracy: 0.7591397762298584
Finished epoch 82 with Loss: 0.6520739793777466 and Accuracy: 0.7590094208717346
Finished epoch 83 with Loss: 0.6484870314598083 and Accuracy: 0.7590094208717346
Finished epoch 84 with Loss: 0.645710825920105 and Accuracy: 0.7626588344573975
Finished epoch 85 with Loss: 0.6462176442146301 and Accuracy: 0.7616161704063416
Finished epoch 86 with Loss: 0.6466888785362244 and Accuracy: 0.7608993053436279
Finished epoch 87 with Loss: 0.6372482180595398 and Accuracy: 0.7666341066360474
Finished epoch 88 with Loss: 0.6423575282096863 and Accuracy: 0.7618768215179443
Finished epoch 89 with Loss: 0.637905478477478 and Accuracy: 0.7638318538665771
Finished epoch 90 with Loss: 0.6348029375076294 and Accuracy: 0.7670251131057739
Finished epoch 91 with Loss: 0.6360727548599243 and Accuracy: 0.7682632803916931
Finished epoch 92 with Loss: 0.631929874420166 and Accuracy: 0.7693711519241333
Finished epoch 93 with Loss: 0.6322482824325562 and Accuracy: 0.76917564868927
Finished epoch 94 with Loss: 0.6243977546691895 and Accuracy: 0.770544171333313
Finished epoch 95 with Loss: 0.6235228180885315 and Accuracy: 0.7717823386192322
Finished epoch 96 with Loss: 0.6221683025360107 and Accuracy: 0.7714564800262451
Finished epoch 97 with Loss: 0.6199806928634644 and Accuracy: 0.7738025188446045
Finished epoch 98 with Loss: 0.6204269528388977 and Accuracy: 0.7728902101516724
Finished epoch 99 with Loss: 0.614232063293457 and Accuracy: 0.7738025188446045
Finished epoch 100 with Loss: 0.6142781376838684 and Accuracy: 0.7760182619094849
Finished epoch 101 with Loss: 0.613731324672699 and Accuracy: 0.7760834097862244
Finished epoch 102 with Loss: 0.608953058719635 and Accuracy: 0.7792766094207764
Finished epoch 103 with Loss: 0.6076445579528809 and Accuracy: 0.778168797492981
Finished epoch 104 with Loss: 0.6022793650627136 and Accuracy: 0.7786900997161865
Finished epoch 105 with Loss: 0.6015307903289795 and Accuracy: 0.7840338945388794
Finished epoch 106 with Loss: 0.6021247506141663 and Accuracy: 0.780449628829956
Finished epoch 107 with Loss: 0.5985792279243469 and Accuracy: 0.7811664938926697
Finished epoch 108 with Loss: 0.5998486280441284 and Accuracy: 0.7825350165367126
Finished epoch 109 with Loss: 0.5968489050865173 and Accuracy: 0.7807754874229431
Finished epoch 110 with Loss: 0.5898074507713318 and Accuracy: 0.7870315909385681
Finished epoch 111 with Loss: 0.5863165855407715 and Accuracy: 0.7875529527664185
Finished epoch 112 with Loss: 0.5903977155685425 and Accuracy: 0.7861844301223755
Finished epoch 113 with Loss: 0.587209165096283 and Accuracy: 0.784881055355072
Finished epoch 114 with Loss: 0.5817669630050659 and Accuracy: 0.7889866232872009
Finished epoch 115 with Loss: 0.5826398730278015 and Accuracy: 0.7884001135826111
Finished epoch 116 with Loss: 0.5830485820770264 and Accuracy: 0.7865102887153625
Finished epoch 117 with Loss: 0.583290696144104 and Accuracy: 0.7857282757759094
Finished epoch 118 with Loss: 0.5800648927688599 and Accuracy: 0.791006863117218
Finished epoch 119 with Loss: 0.5768395662307739 and Accuracy: 0.7934831976890564
Finished epoch 120 with Loss: 0.573899507522583 and Accuracy: 0.7931573987007141
Finished epoch 121 with Loss: 0.5738101005554199 and Accuracy: 0.7897034883499146
Finished epoch 122 with Loss: 0.566275417804718 and Accuracy: 0.7929618954658508
Finished epoch 123 with Loss: 0.5618205666542053 and Accuracy: 0.7946562170982361
Finished epoch 124 with Loss: 0.56423419713974 and Accuracy: 0.7990224957466125
Finished epoch 125 with Loss: 0.568720281124115 and Accuracy: 0.7934180498123169
Finished epoch 126 with Loss: 0.5607902407646179 and Accuracy: 0.7978494763374329
Finished epoch 127 with Loss: 0.5544083118438721 and Accuracy: 0.7983056306838989
Finished epoch 128 with Loss: 0.555173397064209 and Accuracy: 0.800130307674408
Finished epoch 129 with Loss: 0.5555838346481323 and Accuracy: 0.7992831468582153
Finished epoch 130 with Loss: 0.5534579753875732 and Accuracy: 0.7997393012046814
Finished epoch 131 with Loss: 0.5538772940635681 and Accuracy: 0.799087643623352
Finished epoch 132 with Loss: 0.553516685962677 and Accuracy: 0.7995437979698181
Finished epoch 133 with Loss: 0.5494399666786194 and Accuracy: 0.8014988303184509
Finished epoch 134 with Loss: 0.545119047164917 and Accuracy: 0.8054741024971008
Finished epoch 135 with Loss: 0.5511232018470764 and Accuracy: 0.8016291856765747
Finished epoch 136 with Loss: 0.5409666895866394 and Accuracy: 0.8059302568435669
Finished epoch 137 with Loss: 0.5457172393798828 and Accuracy: 0.802150547504425
Finished epoch 138 with Loss: 0.5396707653999329 and Accuracy: 0.804887592792511
Finished epoch 139 with Loss: 0.5436182618141174 and Accuracy: 0.8046269416809082
Finished epoch 140 with Loss: 0.5391724705696106 and Accuracy: 0.8059954643249512
Finished epoch 141 with Loss: 0.5364342331886292 and Accuracy: 0.8039752244949341
Finished epoch 142 with Loss: 0.5342100858688354 and Accuracy: 0.8088628053665161
Finished epoch 143 with Loss: 0.5360123515129089 and Accuracy: 0.8041707277297974
Finished epoch 144 with Loss: 0.5293286442756653 and Accuracy: 0.8123818635940552
Finished epoch 145 with Loss: 0.5301436185836792 and Accuracy: 0.8123167157173157
Finished epoch 146 with Loss: 0.529777467250824 and Accuracy: 0.8074291348457336
Finished epoch 147 with Loss: 0.5257934331893921 and Accuracy: 0.8090583086013794
Finished epoch 148 with Loss: 0.5287327170372009 and Accuracy: 0.8099055290222168
Finished epoch 149 with Loss: 0.5261821746826172 and Accuracy: 0.807950496673584
Finished epoch 150 with Loss: 0.5239332318305969 and Accuracy: 0.8103616833686829
Finished epoch 151 with Loss: 0.5243976712226868 and Accuracy: 0.8088628053665161
Finished epoch 152 with Loss: 0.5189293026924133 and Accuracy: 0.8140762448310852
Finished epoch 153 with Loss: 0.5221677422523499 and Accuracy: 0.8104920387268066
Finished epoch 154 with Loss: 0.5193763971328735 and Accuracy: 0.8155099153518677
Finished epoch 155 with Loss: 0.5154737830162048 and Accuracy: 0.8145323991775513
Finished epoch 156 with Loss: 0.5162516832351685 and Accuracy: 0.8133593797683716
Finished epoch 157 with Loss: 0.5131467580795288 and Accuracy: 0.8159661293029785
Finished epoch 158 with Loss: 0.5170588493347168 and Accuracy: 0.8162919282913208
Finished epoch 159 with Loss: 0.5073355436325073 and Accuracy: 0.8185728192329407
Finished epoch 160 with Loss: 0.5103537440299988 and Accuracy: 0.8167481422424316
Finished epoch 161 with Loss: 0.5076357126235962 and Accuracy: 0.8207885026931763
Finished epoch 162 with Loss: 0.5047218799591064 and Accuracy: 0.8191593289375305
Finished epoch 163 with Loss: 0.5011115074157715 and Accuracy: 0.8197458386421204
Finished epoch 164 with Loss: 0.511967122554779 and Accuracy: 0.8147931098937988
Finished epoch 165 with Loss: 0.4978792071342468 and Accuracy: 0.8207885026931763
Finished epoch 166 with Loss: 0.49787476658821106 and Accuracy: 0.8243076205253601
Finished epoch 167 with Loss: 0.49580109119415283 and Accuracy: 0.8247637748718262
Finished epoch 168 with Loss: 0.49842339754104614 and Accuracy: 0.8226132392883301
Finished epoch 169 with Loss: 0.49284330010414124 and Accuracy: 0.8251547813415527
Finished epoch 170 with Loss: 0.4991277754306793 and Accuracy: 0.8242424130439758
Finished epoch 171 with Loss: 0.4941558241844177 and Accuracy: 0.822287380695343
Finished epoch 172 with Loss: 0.4947120249271393 and Accuracy: 0.8233301043510437
Finished epoch 173 with Loss: 0.49557724595069885 and Accuracy: 0.8237862586975098
Finished epoch 174 with Loss: 0.4906326234340668 and Accuracy: 0.8260671496391296
Finished epoch 175 with Loss: 0.48962995409965515 and Accuracy: 0.8256109356880188
Finished epoch 176 with Loss: 0.4913570284843445 and Accuracy: 0.8257412910461426
Finished epoch 177 with Loss: 0.48203012347221375 and Accuracy: 0.827044665813446
Finished epoch 178 with Loss: 0.48465049266815186 and Accuracy: 0.8303682208061218
Finished epoch 179 with Loss: 0.4863244593143463 and Accuracy: 0.8258064389228821
Finished epoch 180 with Loss: 0.4827767610549927 and Accuracy: 0.8291952013969421
Finished epoch 181 with Loss: 0.48289087414741516 and Accuracy: 0.8291952013969421
Finished epoch 182 with Loss: 0.4763655662536621 and Accuracy: 0.8314108848571777
Finished epoch 183 with Loss: 0.47734925150871277 and Accuracy: 0.8301075100898743
Finished epoch 184 with Loss: 0.4778839945793152 and Accuracy: 0.8307592272758484
Finished epoch 185 with Loss: 0.4751036465167999 and Accuracy: 0.8306288719177246
Finished epoch 186 with Loss: 0.47757235169410706 and Accuracy: 0.831150233745575
Finished epoch 187 with Loss: 0.4771314561367035 and Accuracy: 0.8301075100898743
Finished epoch 188 with Loss: 0.47707265615463257 and Accuracy: 0.8282828330993652
Finished epoch 189 with Loss: 0.47368955612182617 and Accuracy: 0.8328445553779602
Finished epoch 190 with Loss: 0.47266048192977905 and Accuracy: 0.834799587726593
Finished epoch 191 with Loss: 0.46923956274986267 and Accuracy: 0.8314108848571777
Finished epoch 192 with Loss: 0.465565025806427 and Accuracy: 0.833300769329071
Finished epoch 193 with Loss: 0.46766433119773865 and Accuracy: 0.8336265683174133
Finished epoch 194 with Loss: 0.4641956686973572 and Accuracy: 0.8389051556587219
Finished epoch 195 with Loss: 0.4643750488758087 and Accuracy: 0.8386445045471191
Finished epoch 196 with Loss: 0.4647153913974762 and Accuracy: 0.8346040844917297
Finished epoch 197 with Loss: 0.4595717191696167 and Accuracy: 0.8403388857841492
Finished epoch 198 with Loss: 0.4609382450580597 and Accuracy: 0.8389051556587219
Finished epoch 199 with Loss: 0.4652861952781677 and Accuracy: 0.8345389366149902
Finished epoch 200 with Loss: 0.4590769410133362 and Accuracy: 0.8385793566703796
Accuracy: 0.72Accuracy: 0.72Accuracy: 0.72Accuracy: 0.72Accuracy: 0.72Accuracy: 0.72Accuracy: 0.72Accuracy: 0.72Accuracy: 0.72Accuracy: 0.72Accuracy: 0.72Accuracy: 0.72Accuracy: 0.72Accuracy: 0.72Accuracy: 0.72Accuracy: 0.72Accuracy: 0.72Accuracy: 0.72Accuracy: 0.72Accuracy: 0.72Accuracy: 0.72Accuracy: 0.72Accuracy: 0.72Accuracy: 0.72Accuracy: 0.72Accuracy: 0.72Accuracy: 0.72Accuracy: 0.72Accuracy: 0.72Accuracy: 0.72Accuracy: 0.72Accuracy: 0.72Accuracy: 0.72Accuracy: 0.72Accuracy: 0.72Accuracy: 0.72Accuracy: 0.72Accuracy: 0.72Accuracy: 0.72Accuracy: 0.72Accuracy: 0.72Accuracy: 0.72Accuracy: 0.72Accuracy: 0.72Accuracy: 0.72Accuracy: 0.72Accuracy: 0.72Accuracy: 0.72Accuracy: 0.72Accuracy: 0.72Accuracy: 0.72Accuracy: 0.72Accuracy: 0.72Accuracy: 0.72Accuracy: 0.72Accuracy: 0.72Accuracy: 0.72Accuracy: 0.72Accuracy: 0.72Accuracy: 0.72Accuracy: 0.72Accuracy: 0.72Accuracy: 0.72Accuracy: 0.72Accuracy: 0.72Accuracy: 0.72Accuracy: 0.72Accuracy: 0.72Accuracy: 0.72Accuracy: 0.72Accuracy: 0.72Accuracy: 0.72Accuracy: 0.72Accuracy: 0.72Accuracy: 0.72Accuracy: 0.72Accuracy: 0.72Accuracy: 0.72Accuracy: 0.72Accuracy: 0.72Accuracy: 0.72Accuracy: 0.72Accuracy: 0.72Accuracy: 0.72Accuracy: 0.72Accuracy: 0.72Accuracy: 0.72Accuracy: 0.72Accuracy: 0.72Accuracy: 0.72Accuracy: 0.72Accuracy: 0.72Accuracy: 0.72Accuracy: 0.72Accuracy: 0.72Accuracy: 0.72Accuracy: 0.72Accuracy: 0.72Accuracy: 0.72Accuracy: 0.72
Performing K-Fold 4
Finished epoch 1 with Loss: 1.3294081687927246 and Accuracy: 0.36291950941085815
Finished epoch 2 with Loss: 1.289444088935852 and Accuracy: 0.40123820304870605
Finished epoch 3 with Loss: 1.2390304803848267 and Accuracy: 0.43831866979599
Finished epoch 4 with Loss: 1.1922849416732788 and Accuracy: 0.47520366311073303
Finished epoch 5 with Loss: 1.1451257467269897 and Accuracy: 0.5029651522636414
Finished epoch 6 with Loss: 1.1035116910934448 and Accuracy: 0.5311176180839539
Finished epoch 7 with Loss: 1.072421908378601 and Accuracy: 0.5582274198532104
Finished epoch 8 with Loss: 1.040494441986084 and Accuracy: 0.5744542479515076
Finished epoch 9 with Loss: 1.0173269510269165 and Accuracy: 0.5880091190338135
Finished epoch 10 with Loss: 0.9964951872825623 and Accuracy: 0.5990225076675415
Finished epoch 11 with Loss: 0.9757549166679382 and Accuracy: 0.6064516305923462
Finished epoch 12 with Loss: 0.9615910649299622 and Accuracy: 0.6140110492706299
Finished epoch 13 with Loss: 0.9459315538406372 and Accuracy: 0.6250895857810974
Finished epoch 14 with Loss: 0.9343618750572205 and Accuracy: 0.6298468708992004
Finished epoch 15 with Loss: 0.9183899760246277 and Accuracy: 0.6414467096328735
Finished epoch 16 with Loss: 0.9054260849952698 and Accuracy: 0.6460736393928528
Finished epoch 17 with Loss: 0.8968265652656555 and Accuracy: 0.6529814004898071
Finished epoch 18 with Loss: 0.8831017017364502 and Accuracy: 0.6600847244262695
Finished epoch 19 with Loss: 0.8737507462501526 and Accuracy: 0.6720755696296692
Finished epoch 20 with Loss: 0.8623769283294678 and Accuracy: 0.6737699508666992
Finished epoch 21 with Loss: 0.8596871495246887 and Accuracy: 0.6777452230453491
Finished epoch 22 with Loss: 0.8514564633369446 and Accuracy: 0.6759856343269348
Finished epoch 23 with Loss: 0.8447816967964172 and Accuracy: 0.6800912618637085
Finished epoch 24 with Loss: 0.8394703269004822 and Accuracy: 0.683349609375
Finished epoch 25 with Loss: 0.8331365585327148 and Accuracy: 0.6828283071517944
Finished epoch 26 with Loss: 0.8248961567878723 and Accuracy: 0.6890192031860352
Finished epoch 27 with Loss: 0.8208926916122437 and Accuracy: 0.6907787322998047
Finished epoch 28 with Loss: 0.8142750859260559 and Accuracy: 0.6920821070671082
Finished epoch 29 with Loss: 0.8115260601043701 and Accuracy: 0.6952753067016602
Finished epoch 30 with Loss: 0.8105389475822449 and Accuracy: 0.6967090368270874
Finished epoch 31 with Loss: 0.8002904057502747 and Accuracy: 0.6991202235221863
Finished epoch 32 with Loss: 0.7992925047874451 and Accuracy: 0.7008797526359558
Finished epoch 33 with Loss: 0.7969018220901489 and Accuracy: 0.6977517008781433
Finished epoch 34 with Loss: 0.7863757014274597 and Accuracy: 0.7072010636329651
Finished epoch 35 with Loss: 0.7845138907432556 and Accuracy: 0.7042033076286316
Finished epoch 36 with Loss: 0.7843369245529175 and Accuracy: 0.7020527720451355
Finished epoch 37 with Loss: 0.7739221453666687 and Accuracy: 0.7115021347999573
Finished epoch 38 with Loss: 0.7772417068481445 and Accuracy: 0.7064841985702515
Finished epoch 39 with Loss: 0.770936131477356 and Accuracy: 0.712805449962616
Finished epoch 40 with Loss: 0.7709947228431702 and Accuracy: 0.7106549143791199
Finished epoch 41 with Loss: 0.7627031803131104 and Accuracy: 0.7178885340690613
Finished epoch 42 with Loss: 0.759530782699585 and Accuracy: 0.7202346324920654
Finished epoch 43 with Loss: 0.7612547874450684 and Accuracy: 0.7152166962623596
Finished epoch 44 with Loss: 0.7558818459510803 and Accuracy: 0.7191267609596252
Finished epoch 45 with Loss: 0.7502564191818237 and Accuracy: 0.7215379476547241
Finished epoch 46 with Loss: 0.7474536895751953 and Accuracy: 0.7212772965431213
Finished epoch 47 with Loss: 0.7444944381713867 and Accuracy: 0.7214076519012451
Finished epoch 48 with Loss: 0.743310809135437 and Accuracy: 0.719257116317749
Finished epoch 49 with Loss: 0.7413445115089417 and Accuracy: 0.7229716777801514
Finished epoch 50 with Loss: 0.7400009036064148 and Accuracy: 0.7204301357269287
Finished epoch 51 with Loss: 0.7342966198921204 and Accuracy: 0.7273378968238831
Finished epoch 52 with Loss: 0.7325481176376343 and Accuracy: 0.7277940511703491
Finished epoch 53 with Loss: 0.7307021617889404 and Accuracy: 0.7274682521820068
Finished epoch 54 with Loss: 0.724414050579071 and Accuracy: 0.7280547618865967
Finished epoch 55 with Loss: 0.724513590335846 and Accuracy: 0.7305963039398193
Finished epoch 56 with Loss: 0.722588062286377 and Accuracy: 0.7264907360076904
Finished epoch 57 with Loss: 0.7187206149101257 and Accuracy: 0.7291625738143921
Finished epoch 58 with Loss: 0.7148131132125854 and Accuracy: 0.7356793880462646
Finished epoch 59 with Loss: 0.713584840297699 and Accuracy: 0.7337895035743713
Finished epoch 60 with Loss: 0.7164535522460938 and Accuracy: 0.7291625738143921
Finished epoch 61 with Loss: 0.7089070677757263 and Accuracy: 0.733137845993042
Finished epoch 62 with Loss: 0.7067545652389526 and Accuracy: 0.7348321676254272
Finished epoch 63 with Loss: 0.707074761390686 and Accuracy: 0.736656904220581
Finished epoch 64 with Loss: 0.6988444924354553 and Accuracy: 0.7386770844459534
Finished epoch 65 with Loss: 0.6993107795715332 and Accuracy: 0.7373085618019104
Finished epoch 66 with Loss: 0.6943508386611938 and Accuracy: 0.7417399883270264
Finished epoch 67 with Loss: 0.6963396668434143 and Accuracy: 0.7372434139251709
Finished epoch 68 with Loss: 0.6903874278068542 and Accuracy: 0.743825376033783
Finished epoch 69 with Loss: 0.6875755190849304 and Accuracy: 0.7427175045013428
Finished epoch 70 with Loss: 0.6844605803489685 and Accuracy: 0.7433691620826721
Finished epoch 71 with Loss: 0.6851909160614014 and Accuracy: 0.7431736588478088
Finished epoch 72 with Loss: 0.6838366389274597 and Accuracy: 0.7421961426734924
Finished epoch 73 with Loss: 0.6781333088874817 and Accuracy: 0.7446073889732361
Finished epoch 74 with Loss: 0.6700537800788879 and Accuracy: 0.7461714148521423
Finished epoch 75 with Loss: 0.671231746673584 and Accuracy: 0.747474730014801
Finished epoch 76 with Loss: 0.6731217503547668 and Accuracy: 0.7479309439659119
Finished epoch 77 with Loss: 0.6692568063735962 and Accuracy: 0.7464320659637451
Finished epoch 78 with Loss: 0.6630731225013733 and Accuracy: 0.7525578141212463
Finished epoch 79 with Loss: 0.6610745787620544 and Accuracy: 0.7523623108863831
Finished epoch 80 with Loss: 0.6622249484062195 and Accuracy: 0.7539915442466736
Finished epoch 81 with Loss: 0.6547368168830872 and Accuracy: 0.7560117244720459
Finished epoch 82 with Loss: 0.6551464200019836 and Accuracy: 0.7529488205909729
Finished epoch 83 with Loss: 0.6557719707489014 and Accuracy: 0.7556207180023193
Finished epoch 84 with Loss: 0.6537113785743713 and Accuracy: 0.75496906042099
Finished epoch 85 with Loss: 0.6485647559165955 and Accuracy: 0.7579667568206787
Finished epoch 86 with Loss: 0.6429907083511353 and Accuracy: 0.7601824402809143
Finished epoch 87 with Loss: 0.6412710547447205 and Accuracy: 0.7621375322341919
Finished epoch 88 with Loss: 0.6395070552825928 and Accuracy: 0.7586836218833923
Finished epoch 89 with Loss: 0.6378173828125 and Accuracy: 0.7649397253990173
Finished epoch 90 with Loss: 0.6348773241043091 and Accuracy: 0.7628543376922607
Finished epoch 91 with Loss: 0.6329039335250854 and Accuracy: 0.7637667059898376
Finished epoch 92 with Loss: 0.6315105557441711 and Accuracy: 0.7680677771568298
Finished epoch 93 with Loss: 0.6325529217720032 and Accuracy: 0.7597914338111877
Finished epoch 94 with Loss: 0.6303575038909912 and Accuracy: 0.7621375322341919
Finished epoch 95 with Loss: 0.6247997283935547 and Accuracy: 0.7695014476776123
Finished epoch 96 with Loss: 0.622212290763855 and Accuracy: 0.7715868353843689
Finished epoch 97 with Loss: 0.6223782896995544 and Accuracy: 0.7674161195755005
Finished epoch 98 with Loss: 0.6159876585006714 and Accuracy: 0.7703486680984497
Finished epoch 99 with Loss: 0.6146675944328308 and Accuracy: 0.7734115123748779
Finished epoch 100 with Loss: 0.6146398186683655 and Accuracy: 0.7710654735565186
Finished epoch 101 with Loss: 0.6138532161712646 and Accuracy: 0.7718474864959717
Finished epoch 102 with Loss: 0.610355019569397 and Accuracy: 0.770674467086792
Finished epoch 103 with Loss: 0.6073504090309143 and Accuracy: 0.7757575511932373
Finished epoch 104 with Loss: 0.6031012535095215 and Accuracy: 0.7766047716140747
Finished epoch 105 with Loss: 0.6048756241798401 and Accuracy: 0.7769957780838013
Finished epoch 106 with Loss: 0.6078956127166748 and Accuracy: 0.7743238806724548
Finished epoch 107 with Loss: 0.6016724705696106 and Accuracy: 0.7784945964813232
Finished epoch 108 with Loss: 0.5931701064109802 and Accuracy: 0.7793418169021606
Finished epoch 109 with Loss: 0.5925795435905457 and Accuracy: 0.7814272046089172
Finished epoch 110 with Loss: 0.5910471677780151 and Accuracy: 0.7826002240180969
Finished epoch 111 with Loss: 0.5928974151611328 and Accuracy: 0.7852069139480591
Finished epoch 112 with Loss: 0.590429961681366 and Accuracy: 0.784424901008606
Finished epoch 113 with Loss: 0.5917130708694458 and Accuracy: 0.7797328233718872
Finished epoch 114 with Loss: 0.5893263816833496 and Accuracy: 0.7811664938926697
Finished epoch 115 with Loss: 0.5843691825866699 and Accuracy: 0.7863799333572388
Finished epoch 116 with Loss: 0.5811910629272461 and Accuracy: 0.7842293977737427
Finished epoch 117 with Loss: 0.5828527212142944 and Accuracy: 0.7871619462966919
Finished epoch 118 with Loss: 0.5768064856529236 and Accuracy: 0.7866405844688416
Finished epoch 119 with Loss: 0.5763089656829834 and Accuracy: 0.786575436592102
Finished epoch 120 with Loss: 0.5755248665809631 and Accuracy: 0.7889866232872009
Finished epoch 121 with Loss: 0.5719287991523743 and Accuracy: 0.7913978695869446
Finished epoch 122 with Loss: 0.5715543031692505 and Accuracy: 0.7903551459312439
Finished epoch 123 with Loss: 0.5655350685119629 and Accuracy: 0.7913978695869446
Finished epoch 124 with Loss: 0.565879225730896 and Accuracy: 0.7887259721755981
Finished epoch 125 with Loss: 0.5694702863693237 and Accuracy: 0.7899641394615173
Finished epoch 126 with Loss: 0.563077986240387 and Accuracy: 0.7950472235679626
Finished epoch 127 with Loss: 0.5628464818000793 and Accuracy: 0.79420006275177
Finished epoch 128 with Loss: 0.5577948689460754 and Accuracy: 0.7935484051704407
Finished epoch 129 with Loss: 0.5616942644119263 and Accuracy: 0.7959595918655396
Finished epoch 130 with Loss: 0.5569402575492859 and Accuracy: 0.7951124310493469
Finished epoch 131 with Loss: 0.55619215965271 and Accuracy: 0.7956337332725525
Finished epoch 132 with Loss: 0.55489581823349 and Accuracy: 0.7958292365074158
Finished epoch 133 with Loss: 0.5528573393821716 and Accuracy: 0.7990224957466125
Finished epoch 134 with Loss: 0.5464498996734619 and Accuracy: 0.7991527915000916
Finished epoch 135 with Loss: 0.5451061725616455 and Accuracy: 0.7984359860420227
Finished epoch 136 with Loss: 0.5470321774482727 and Accuracy: 0.8018898367881775
Finished epoch 137 with Loss: 0.5457578301429749 and Accuracy: 0.799087643623352
Finished epoch 138 with Loss: 0.5436791777610779 and Accuracy: 0.801824688911438
Finished epoch 139 with Loss: 0.5381999611854553 and Accuracy: 0.8019550442695618
Finished epoch 140 with Loss: 0.5426170825958252 and Accuracy: 0.8033235669136047
Finished epoch 141 with Loss: 0.5369666218757629 and Accuracy: 0.8009123206138611
Finished epoch 142 with Loss: 0.5384897589683533 and Accuracy: 0.8029977083206177
Finished epoch 143 with Loss: 0.5356529355049133 and Accuracy: 0.805213451385498
Finished epoch 144 with Loss: 0.5369011163711548 and Accuracy: 0.8022809028625488
Finished epoch 145 with Loss: 0.532836377620697 and Accuracy: 0.8061909675598145
Finished epoch 146 with Loss: 0.5336010456085205 and Accuracy: 0.8052785992622375
Finished epoch 147 with Loss: 0.5279316306114197 and Accuracy: 0.8110785484313965
Finished epoch 148 with Loss: 0.5298334360122681 and Accuracy: 0.809775173664093
Finished epoch 149 with Loss: 0.5307865142822266 and Accuracy: 0.804887592792511
Finished epoch 150 with Loss: 0.5269216895103455 and Accuracy: 0.8076897859573364
Finished epoch 151 with Loss: 0.5252857804298401 and Accuracy: 0.8099706768989563
Finished epoch 152 with Loss: 0.524922251701355 and Accuracy: 0.809319019317627
Finished epoch 153 with Loss: 0.5190624594688416 and Accuracy: 0.8087325096130371
Finished epoch 154 with Loss: 0.5178756713867188 and Accuracy: 0.8104920387268066
Finished epoch 155 with Loss: 0.5156165957450867 and Accuracy: 0.8135548830032349
Finished epoch 156 with Loss: 0.5162842273712158 and Accuracy: 0.8129032254219055
Finished epoch 157 with Loss: 0.5163148045539856 and Accuracy: 0.8134245872497559
Finished epoch 158 with Loss: 0.5140090584754944 and Accuracy: 0.8123818635940552
Finished epoch 159 with Loss: 0.5112255215644836 and Accuracy: 0.8173346519470215
Finished epoch 160 with Loss: 0.5129497647285461 and Accuracy: 0.8166177868843079
Finished epoch 161 with Loss: 0.5066909790039062 and Accuracy: 0.8206582069396973
Finished epoch 162 with Loss: 0.5044036507606506 and Accuracy: 0.8208537101745605
Finished epoch 163 with Loss: 0.5069499611854553 and Accuracy: 0.8186379671096802
Finished epoch 164 with Loss: 0.5033877491950989 and Accuracy: 0.8179863095283508
Finished epoch 165 with Loss: 0.49918025732040405 and Accuracy: 0.8200064897537231
Finished epoch 166 with Loss: 0.5016539096832275 and Accuracy: 0.8184424638748169
Finished epoch 167 with Loss: 0.49965766072273254 and Accuracy: 0.8209840059280396
Finished epoch 168 with Loss: 0.5012025237083435 and Accuracy: 0.8214402198791504
Finished epoch 169 with Loss: 0.49448323249816895 and Accuracy: 0.821961522102356
Finished epoch 170 with Loss: 0.49346616864204407 and Accuracy: 0.8220918774604797
Finished epoch 171 with Loss: 0.4914163053035736 and Accuracy: 0.8228738903999329
Finished epoch 172 with Loss: 0.4933588206768036 and Accuracy: 0.8216357231140137
Finished epoch 173 with Loss: 0.49023228883743286 and Accuracy: 0.8241121172904968
Finished epoch 174 with Loss: 0.4924967885017395 and Accuracy: 0.8221570253372192
Finished epoch 175 with Loss: 0.4902937710285187 and Accuracy: 0.8244379162788391
Finished epoch 176 with Loss: 0.4852483570575714 and Accuracy: 0.8254154324531555
Finished epoch 177 with Loss: 0.4892541766166687 and Accuracy: 0.8235907554626465
Finished epoch 178 with Loss: 0.4855242073535919 and Accuracy: 0.8258064389228821
Finished epoch 179 with Loss: 0.48400500416755676 and Accuracy: 0.8280221819877625
Finished epoch 180 with Loss: 0.48348042368888855 and Accuracy: 0.825350284576416
Finished epoch 181 with Loss: 0.47838154435157776 and Accuracy: 0.8304333686828613
Finished epoch 182 with Loss: 0.480669766664505 and Accuracy: 0.8256109356880188
Finished epoch 183 with Loss: 0.4793853759765625 and Accuracy: 0.8306940197944641
Finished epoch 184 with Loss: 0.4790874719619751 and Accuracy: 0.8330400586128235
Finished epoch 185 with Loss: 0.4773048162460327 and Accuracy: 0.831150233745575
Finished epoch 186 with Loss: 0.4779284596443176 and Accuracy: 0.8286086916923523
Finished epoch 187 with Loss: 0.46912598609924316 and Accuracy: 0.8325187563896179
Finished epoch 188 with Loss: 0.4776886999607086 and Accuracy: 0.8266536593437195
Finished epoch 189 with Loss: 0.46926987171173096 and Accuracy: 0.8332355618476868
Finished epoch 190 with Loss: 0.4693603515625 and Accuracy: 0.831280529499054
Finished epoch 191 with Loss: 0.46982628107070923 and Accuracy: 0.8323884010314941
Finished epoch 192 with Loss: 0.4683172404766083 and Accuracy: 0.8327794075012207
Finished epoch 193 with Loss: 0.46704503893852234 and Accuracy: 0.8352558016777039
Finished epoch 194 with Loss: 0.4652605354785919 and Accuracy: 0.8332355618476868
Finished epoch 195 with Loss: 0.4613732397556305 and Accuracy: 0.836493968963623
Finished epoch 196 with Loss: 0.4668779969215393 and Accuracy: 0.834343433380127
Finished epoch 197 with Loss: 0.46259257197380066 and Accuracy: 0.8358423113822937
Finished epoch 198 with Loss: 0.4671521782875061 and Accuracy: 0.8312153816223145
Finished epoch 199 with Loss: 0.45980849862098694 and Accuracy: 0.8357119560241699
Finished epoch 200 with Loss: 0.45835188031196594 and Accuracy: 0.8381231427192688
Accuracy: 0.74Accuracy: 0.74Accuracy: 0.74Accuracy: 0.74Accuracy: 0.74Accuracy: 0.74Accuracy: 0.74Accuracy: 0.74Accuracy: 0.74Accuracy: 0.74Accuracy: 0.74Accuracy: 0.74Accuracy: 0.74Accuracy: 0.74Accuracy: 0.74Accuracy: 0.74Accuracy: 0.74Accuracy: 0.74Accuracy: 0.74Accuracy: 0.74Accuracy: 0.74Accuracy: 0.74Accuracy: 0.74Accuracy: 0.74Accuracy: 0.74Accuracy: 0.74Accuracy: 0.74Accuracy: 0.74Accuracy: 0.74Accuracy: 0.74Accuracy: 0.74Accuracy: 0.74Accuracy: 0.74Accuracy: 0.74Accuracy: 0.74Accuracy: 0.74Accuracy: 0.74Accuracy: 0.74Accuracy: 0.74Accuracy: 0.74Accuracy: 0.74Accuracy: 0.74Accuracy: 0.74Accuracy: 0.74Accuracy: 0.74Accuracy: 0.74Accuracy: 0.74Accuracy: 0.74Accuracy: 0.74Accuracy: 0.74Accuracy: 0.74Accuracy: 0.74Accuracy: 0.74Accuracy: 0.74Accuracy: 0.74Accuracy: 0.74Accuracy: 0.74Accuracy: 0.74Accuracy: 0.74Accuracy: 0.74Accuracy: 0.74Accuracy: 0.74Accuracy: 0.74Accuracy: 0.74Accuracy: 0.74Accuracy: 0.74Accuracy: 0.74Accuracy: 0.74Accuracy: 0.74Accuracy: 0.74Accuracy: 0.74Accuracy: 0.74Accuracy: 0.74Accuracy: 0.74Accuracy: 0.74Accuracy: 0.74Accuracy: 0.74Accuracy: 0.74Accuracy: 0.74Accuracy: 0.74Accuracy: 0.74Accuracy: 0.74Accuracy: 0.74Accuracy: 0.74Accuracy: 0.74Accuracy: 0.74Accuracy: 0.74Accuracy: 0.74Accuracy: 0.74Accuracy: 0.74Accuracy: 0.74Accuracy: 0.74Accuracy: 0.74Accuracy: 0.74Accuracy: 0.74Accuracy: 0.74Accuracy: 0.74Accuracy: 0.74Accuracy: 0.74Accuracy: 0.74
Performing K-Fold 5
Finished epoch 1 with Loss: 1.3280528783798218 and Accuracy: 0.3498207926750183
Finished epoch 2 with Loss: 1.2906527519226074 and Accuracy: 0.3917236924171448
Finished epoch 3 with Loss: 1.2252358198165894 and Accuracy: 0.4400781989097595
Finished epoch 4 with Loss: 1.1665210723876953 and Accuracy: 0.4754643142223358
Finished epoch 5 with Loss: 1.122575283050537 and Accuracy: 0.5052459836006165
Finished epoch 6 with Loss: 1.0870413780212402 and Accuracy: 0.5341153740882874
Finished epoch 7 with Loss: 1.058350920677185 and Accuracy: 0.557119607925415
Finished epoch 8 with Loss: 1.033508062362671 and Accuracy: 0.5759530663490295
Finished epoch 9 with Loss: 1.0085551738739014 and Accuracy: 0.5922450423240662
Finished epoch 10 with Loss: 0.986558735370636 and Accuracy: 0.6042358875274658
Finished epoch 11 with Loss: 0.9728964567184448 and Accuracy: 0.6112088561058044
Finished epoch 12 with Loss: 0.952072024345398 and Accuracy: 0.6233952641487122
Finished epoch 13 with Loss: 0.939688503742218 and Accuracy: 0.6290648579597473
Finished epoch 14 with Loss: 0.9236210584640503 and Accuracy: 0.635125458240509
Finished epoch 15 with Loss: 0.9133583903312683 and Accuracy: 0.6452264785766602
Finished epoch 16 with Loss: 0.8981802463531494 and Accuracy: 0.6536331176757812
Finished epoch 17 with Loss: 0.8878704905509949 and Accuracy: 0.6566960215568542
Finished epoch 18 with Loss: 0.8781049251556396 and Accuracy: 0.6602802276611328
Finished epoch 19 with Loss: 0.8691561818122864 and Accuracy: 0.6639947891235352
Finished epoch 20 with Loss: 0.8621243834495544 and Accuracy: 0.6690778732299805
Finished epoch 21 with Loss: 0.8544060587882996 and Accuracy: 0.6741609573364258
Finished epoch 22 with Loss: 0.8453242778778076 and Accuracy: 0.6804170608520508
Finished epoch 23 with Loss: 0.8402343988418579 and Accuracy: 0.6782665252685547
Finished epoch 24 with Loss: 0.8317593336105347 and Accuracy: 0.6825024485588074
Finished epoch 25 with Loss: 0.8300938606262207 and Accuracy: 0.6838709712028503
Finished epoch 26 with Loss: 0.8235649466514587 and Accuracy: 0.686412513256073
Finished epoch 27 with Loss: 0.8163711428642273 and Accuracy: 0.6892799139022827
Finished epoch 28 with Loss: 0.8096997737884521 and Accuracy: 0.6912349462509155
Finished epoch 29 with Loss: 0.8068670034408569 and Accuracy: 0.6919517517089844
Finished epoch 30 with Loss: 0.8044262528419495 and Accuracy: 0.6926034688949585
Finished epoch 31 with Loss: 0.7965524792671204 and Accuracy: 0.6946236491203308
Finished epoch 32 with Loss: 0.7978138327598572 and Accuracy: 0.6976865530014038
Finished epoch 33 with Loss: 0.788867175579071 and Accuracy: 0.6997719407081604
Finished epoch 34 with Loss: 0.7856549620628357 and Accuracy: 0.7022482752799988
Finished epoch 35 with Loss: 0.7833136320114136 and Accuracy: 0.7007494568824768
Finished epoch 36 with Loss: 0.7765741348266602 and Accuracy: 0.7060931921005249
Finished epoch 37 with Loss: 0.7697203755378723 and Accuracy: 0.7090257406234741
Finished epoch 38 with Loss: 0.7682123780250549 and Accuracy: 0.7103942632675171
Finished epoch 39 with Loss: 0.7639126181602478 and Accuracy: 0.7083740830421448
Finished epoch 40 with Loss: 0.7613288760185242 and Accuracy: 0.7092863917350769
Finished epoch 41 with Loss: 0.7591607570648193 and Accuracy: 0.7133919596672058
Finished epoch 42 with Loss: 0.7524067163467407 and Accuracy: 0.7128706574440002
Finished epoch 43 with Loss: 0.7508493661880493 and Accuracy: 0.7155424952507019
Finished epoch 44 with Loss: 0.7491344213485718 and Accuracy: 0.7135223150253296
Finished epoch 45 with Loss: 0.7404904365539551 and Accuracy: 0.7174323797225952
Finished epoch 46 with Loss: 0.7397025227546692 and Accuracy: 0.7185402512550354
Finished epoch 47 with Loss: 0.7378818988800049 and Accuracy: 0.7153469920158386
Finished epoch 48 with Loss: 0.7341955304145813 and Accuracy: 0.7260345220565796
Finished epoch 49 with Loss: 0.7285414338111877 and Accuracy: 0.725513219833374
Finished epoch 50 with Loss: 0.7276594042778015 and Accuracy: 0.721994161605835
Finished epoch 51 with Loss: 0.7257047295570374 and Accuracy: 0.7233626842498779
Finished epoch 52 with Loss: 0.7182198166847229 and Accuracy: 0.7257087230682373
Finished epoch 53 with Loss: 0.7177289724349976 and Accuracy: 0.7271423935890198
Finished epoch 54 with Loss: 0.7128802537918091 and Accuracy: 0.7313131093978882
Finished epoch 55 with Loss: 0.712537407875061 and Accuracy: 0.7326164841651917
Finished epoch 56 with Loss: 0.708520233631134 and Accuracy: 0.7324861288070679
Finished epoch 57 with Loss: 0.7038909792900085 and Accuracy: 0.7364614009857178
Finished epoch 58 with Loss: 0.7031381130218506 and Accuracy: 0.7323558330535889
Finished epoch 59 with Loss: 0.7000373601913452 and Accuracy: 0.7376344203948975
Finished epoch 60 with Loss: 0.6968322396278381 and Accuracy: 0.7406321167945862
Finished epoch 61 with Loss: 0.6958780884742737 and Accuracy: 0.7367220520973206
Finished epoch 62 with Loss: 0.690204918384552 and Accuracy: 0.7388074398040771
Finished epoch 63 with Loss: 0.6872233748435974 and Accuracy: 0.7414793372154236
Finished epoch 64 with Loss: 0.6876774430274963 and Accuracy: 0.7403063178062439
Finished epoch 65 with Loss: 0.6897555589675903 and Accuracy: 0.7416748404502869
Finished epoch 66 with Loss: 0.6812161207199097 and Accuracy: 0.7446073889732361
Finished epoch 67 with Loss: 0.6787866353988647 and Accuracy: 0.7441511750221252
Finished epoch 68 with Loss: 0.6752604842185974 and Accuracy: 0.7474095821380615
Finished epoch 69 with Loss: 0.6746721267700195 and Accuracy: 0.7443466782569885
Finished epoch 70 with Loss: 0.6717556118965149 and Accuracy: 0.7472792267799377
Finished epoch 71 with Loss: 0.6640722155570984 and Accuracy: 0.7508634924888611
Finished epoch 72 with Loss: 0.667728841304779 and Accuracy: 0.7494949698448181
Finished epoch 73 with Loss: 0.6654825806617737 and Accuracy: 0.7502769827842712
Finished epoch 74 with Loss: 0.6617978811264038 and Accuracy: 0.7541870474815369
Finished epoch 75 with Loss: 0.6562864184379578 and Accuracy: 0.7547735571861267
Finished epoch 76 with Loss: 0.6566539406776428 and Accuracy: 0.7561420798301697
Finished epoch 77 with Loss: 0.6520257592201233 and Accuracy: 0.7571195960044861
Finished epoch 78 with Loss: 0.6529803276062012 and Accuracy: 0.7513847947120667
Finished epoch 79 with Loss: 0.6496752500534058 and Accuracy: 0.7576408982276917
Finished epoch 80 with Loss: 0.6465535163879395 and Accuracy: 0.7566633820533752
Finished epoch 81 with Loss: 0.64255690574646 and Accuracy: 0.7635712027549744
Finished epoch 82 with Loss: 0.6394836902618408 and Accuracy: 0.761681318283081
Finished epoch 83 with Loss: 0.6437132358551025 and Accuracy: 0.7587487697601318
Finished epoch 84 with Loss: 0.6376891136169434 and Accuracy: 0.7610948085784912
Finished epoch 85 with Loss: 0.6345891952514648 and Accuracy: 0.7646138668060303
Finished epoch 86 with Loss: 0.6318970918655396 and Accuracy: 0.7648093700408936
Finished epoch 87 with Loss: 0.6306296586990356 and Accuracy: 0.766112744808197
Finished epoch 88 with Loss: 0.6272884607315063 and Accuracy: 0.7670251131057739
Finished epoch 89 with Loss: 0.6265402436256409 and Accuracy: 0.7652655839920044
Finished epoch 90 with Loss: 0.6204344630241394 and Accuracy: 0.7693711519241333
Finished epoch 91 with Loss: 0.6205853819847107 and Accuracy: 0.7702834606170654
Finished epoch 92 with Loss: 0.618060827255249 and Accuracy: 0.7696318030357361
Finished epoch 93 with Loss: 0.6184776425361633 and Accuracy: 0.771000325679779
Finished epoch 94 with Loss: 0.6159168481826782 and Accuracy: 0.7698924541473389
Finished epoch 95 with Loss: 0.6120116114616394 and Accuracy: 0.7734115123748779
Finished epoch 96 with Loss: 0.6135344505310059 and Accuracy: 0.7741283774375916
Finished epoch 97 with Loss: 0.6101568341255188 and Accuracy: 0.7731508612632751
Finished epoch 98 with Loss: 0.6112645268440247 and Accuracy: 0.7738025188446045
Finished epoch 99 with Loss: 0.6028909087181091 and Accuracy: 0.7767350673675537
Finished epoch 100 with Loss: 0.6054818630218506 and Accuracy: 0.7774519324302673
Finished epoch 101 with Loss: 0.6026706099510193 and Accuracy: 0.7790159583091736
Finished epoch 102 with Loss: 0.5970460176467896 and Accuracy: 0.7760182619094849
Finished epoch 103 with Loss: 0.5954383015632629 and Accuracy: 0.7829260230064392
Finished epoch 104 with Loss: 0.5988056659698486 and Accuracy: 0.7764092683792114
Finished epoch 105 with Loss: 0.5978188514709473 and Accuracy: 0.7757575511932373
Finished epoch 106 with Loss: 0.5932009816169739 and Accuracy: 0.7814272046089172
Finished epoch 107 with Loss: 0.5880302786827087 and Accuracy: 0.7851417660713196
Finished epoch 108 with Loss: 0.5859207510948181 and Accuracy: 0.7842293977737427
Finished epoch 109 with Loss: 0.5868934988975525 and Accuracy: 0.7850765585899353
Finished epoch 110 with Loss: 0.5852366089820862 and Accuracy: 0.7826653718948364
Finished epoch 111 with Loss: 0.5836188197135925 and Accuracy: 0.7851417660713196
Finished epoch 112 with Loss: 0.5842031836509705 and Accuracy: 0.7835777401924133
Finished epoch 113 with Loss: 0.5826677083969116 and Accuracy: 0.787618100643158
Finished epoch 114 with Loss: 0.5733504891395569 and Accuracy: 0.7906158566474915
Finished epoch 115 with Loss: 0.5740311145782471 and Accuracy: 0.7886608242988586
Finished epoch 116 with Loss: 0.5748623013496399 and Accuracy: 0.7880743145942688
Finished epoch 117 with Loss: 0.5786343812942505 and Accuracy: 0.7869664430618286
Finished epoch 118 with Loss: 0.5698971152305603 and Accuracy: 0.7892473340034485
Finished epoch 119 with Loss: 0.5700411200523376 and Accuracy: 0.7899641394615173
Finished epoch 120 with Loss: 0.566231369972229 and Accuracy: 0.7916585206985474
Finished epoch 121 with Loss: 0.5656460523605347 and Accuracy: 0.7935484051704407
Finished epoch 122 with Loss: 0.5659517645835876 and Accuracy: 0.7961550951004028
Finished epoch 123 with Loss: 0.5632266402244568 and Accuracy: 0.7927011847496033
Finished epoch 124 with Loss: 0.5619544982910156 and Accuracy: 0.7938090562820435
Finished epoch 125 with Loss: 0.5601639151573181 and Accuracy: 0.796937108039856
Finished epoch 126 with Loss: 0.5576221942901611 and Accuracy: 0.7976539731025696
Finished epoch 127 with Loss: 0.5542396903038025 and Accuracy: 0.7975236177444458
Finished epoch 128 with Loss: 0.5549600124359131 and Accuracy: 0.7930921912193298
Finished epoch 129 with Loss: 0.5522347092628479 and Accuracy: 0.7959595918655396
Finished epoch 130 with Loss: 0.5489223003387451 and Accuracy: 0.8007168173789978
Finished epoch 131 with Loss: 0.5464034676551819 and Accuracy: 0.7981752753257751
Finished epoch 132 with Loss: 0.5460187792778015 and Accuracy: 0.8007168173789978
Finished epoch 133 with Loss: 0.5445824265480042 and Accuracy: 0.8027370572090149
Finished epoch 134 with Loss: 0.5447213649749756 and Accuracy: 0.8013033270835876
Finished epoch 135 with Loss: 0.5420675873756409 and Accuracy: 0.8026719093322754
Finished epoch 136 with Loss: 0.5386557579040527 and Accuracy: 0.8020853996276855
Finished epoch 137 with Loss: 0.5409162044525146 and Accuracy: 0.8026067018508911
Finished epoch 138 with Loss: 0.5365138053894043 and Accuracy: 0.803519070148468
Finished epoch 139 with Loss: 0.5352162718772888 and Accuracy: 0.8052785992622375
Finished epoch 140 with Loss: 0.537621259689331 and Accuracy: 0.8025415539741516
Finished epoch 141 with Loss: 0.531827986240387 and Accuracy: 0.808080792427063
Finished epoch 142 with Loss: 0.5331555008888245 and Accuracy: 0.8046269416809082
Finished epoch 143 with Loss: 0.5256656408309937 and Accuracy: 0.8090583086013794
Finished epoch 144 with Loss: 0.5250431895256042 and Accuracy: 0.8087325096130371
Finished epoch 145 with Loss: 0.5235825777053833 and Accuracy: 0.8127728700637817
Finished epoch 146 with Loss: 0.5268984436988831 and Accuracy: 0.8084717988967896
Finished epoch 147 with Loss: 0.5257071852684021 and Accuracy: 0.8114043474197388
Finished epoch 148 with Loss: 0.5179417729377747 and Accuracy: 0.8136200904846191
Finished epoch 149 with Loss: 0.5239262580871582 and Accuracy: 0.8067774772644043
Finished epoch 150 with Loss: 0.5172813534736633 and Accuracy: 0.8108178377151489
Finished epoch 151 with Loss: 0.5180190205574036 and Accuracy: 0.8151841163635254
Finished epoch 152 with Loss: 0.5210579633712769 and Accuracy: 0.8098403215408325
Finished epoch 153 with Loss: 0.5137811899185181 and Accuracy: 0.8153144121170044
Finished epoch 154 with Loss: 0.5123661756515503 and Accuracy: 0.8156402707099915
Finished epoch 155 with Loss: 0.5112395882606506 and Accuracy: 0.8152492642402649
Finished epoch 156 with Loss: 0.5075503587722778 and Accuracy: 0.8183773159980774
Finished epoch 157 with Loss: 0.5100997686386108 and Accuracy: 0.8156402707099915
Finished epoch 158 with Loss: 0.508145809173584 and Accuracy: 0.8140762448310852
Finished epoch 159 with Loss: 0.5052817463874817 and Accuracy: 0.8180514574050903
Finished epoch 160 with Loss: 0.5065068602561951 and Accuracy: 0.815575122833252
Finished epoch 161 with Loss: 0.5032237768173218 and Accuracy: 0.8163571357727051
Finished epoch 162 with Loss: 0.5023189783096313 and Accuracy: 0.8218963742256165
Finished epoch 163 with Loss: 0.5053035616874695 and Accuracy: 0.8162267804145813
Finished epoch 164 with Loss: 0.49777311086654663 and Accuracy: 0.8233301043510437
Finished epoch 165 with Loss: 0.4961584806442261 and Accuracy: 0.8218963742256165
Finished epoch 166 with Loss: 0.49861180782318115 and Accuracy: 0.8189638257026672
Finished epoch 167 with Loss: 0.4969613552093506 and Accuracy: 0.823981761932373
Finished epoch 168 with Loss: 0.49313950538635254 and Accuracy: 0.8218963742256165
Finished epoch 169 with Loss: 0.4954703748226166 and Accuracy: 0.8226783871650696
Finished epoch 170 with Loss: 0.4930916428565979 and Accuracy: 0.8224177360534668
Finished epoch 171 with Loss: 0.48897895216941833 and Accuracy: 0.8252851366996765
Finished epoch 172 with Loss: 0.4932635724544525 and Accuracy: 0.8235907554626465
Finished epoch 173 with Loss: 0.48820772767066956 and Accuracy: 0.8269794583320618
Finished epoch 174 with Loss: 0.48259714245796204 and Accuracy: 0.829912006855011
Finished epoch 175 with Loss: 0.4874090850353241 and Accuracy: 0.8228087425231934
Finished epoch 176 with Loss: 0.4813809096813202 and Accuracy: 0.833300769329071
Finished epoch 177 with Loss: 0.4830438792705536 and Accuracy: 0.8318018913269043
Finished epoch 178 with Loss: 0.48250865936279297 and Accuracy: 0.8268491625785828
Finished epoch 179 with Loss: 0.48362278938293457 and Accuracy: 0.828413188457489
Finished epoch 180 with Loss: 0.47915929555892944 and Accuracy: 0.8278918266296387
Finished epoch 181 with Loss: 0.4790632426738739 and Accuracy: 0.8304333686828613
Finished epoch 182 with Loss: 0.4726289212703705 and Accuracy: 0.8350602984428406
Finished epoch 183 with Loss: 0.4763476848602295 and Accuracy: 0.8353209495544434
Finished epoch 184 with Loss: 0.47670143842697144 and Accuracy: 0.8327142596244812
Finished epoch 185 with Loss: 0.47565895318984985 and Accuracy: 0.8304985165596008
Finished epoch 186 with Loss: 0.4726053774356842 and Accuracy: 0.8358423113822937
Finished epoch 187 with Loss: 0.4741336405277252 and Accuracy: 0.8319322466850281
Finished epoch 188 with Loss: 0.46998441219329834 and Accuracy: 0.8366894721984863
Finished epoch 189 with Loss: 0.4643307030200958 and Accuracy: 0.8389703631401062
Finished epoch 190 with Loss: 0.4695979654788971 and Accuracy: 0.834799587726593
Finished epoch 191 with Loss: 0.465790718793869 and Accuracy: 0.8356468081474304
Finished epoch 192 with Loss: 0.46315452456474304 and Accuracy: 0.8381231427192688
Finished epoch 193 with Loss: 0.46505436301231384 and Accuracy: 0.8356468081474304
Finished epoch 194 with Loss: 0.45782387256622314 and Accuracy: 0.8407298922538757
Finished epoch 195 with Loss: 0.4590083956718445 and Accuracy: 0.8387096524238586
Finished epoch 196 with Loss: 0.462275892496109 and Accuracy: 0.8344085812568665
Finished epoch 197 with Loss: 0.46316972374916077 and Accuracy: 0.8368198275566101
Finished epoch 198 with Loss: 0.4615534543991089 and Accuracy: 0.8367546200752258
Finished epoch 199 with Loss: 0.4540656507015228 and Accuracy: 0.8421635627746582
Finished epoch 200 with Loss: 0.45269492268562317 and Accuracy: 0.8404040336608887
Accuracy: 0.75Accuracy: 0.75Accuracy: 0.75Accuracy: 0.75Accuracy: 0.75Accuracy: 0.75Accuracy: 0.75Accuracy: 0.75Accuracy: 0.75Accuracy: 0.75Accuracy: 0.75Accuracy: 0.75Accuracy: 0.75Accuracy: 0.75Accuracy: 0.75Accuracy: 0.75Accuracy: 0.75Accuracy: 0.75Accuracy: 0.75Accuracy: 0.75Accuracy: 0.75Accuracy: 0.75Accuracy: 0.75Accuracy: 0.75Accuracy: 0.75Accuracy: 0.75Accuracy: 0.75Accuracy: 0.75Accuracy: 0.75Accuracy: 0.75Accuracy: 0.75Accuracy: 0.75Accuracy: 0.75Accuracy: 0.75Accuracy: 0.75Accuracy: 0.75Accuracy: 0.75Accuracy: 0.75Accuracy: 0.75Accuracy: 0.75Accuracy: 0.75Accuracy: 0.75Accuracy: 0.75Accuracy: 0.75Accuracy: 0.75Accuracy: 0.75Accuracy: 0.75Accuracy: 0.75Accuracy: 0.75Accuracy: 0.75Accuracy: 0.75Accuracy: 0.75Accuracy: 0.75Accuracy: 0.75Accuracy: 0.75Accuracy: 0.75Accuracy: 0.75Accuracy: 0.75Accuracy: 0.75Accuracy: 0.75Accuracy: 0.75Accuracy: 0.75Accuracy: 0.75Accuracy: 0.75Accuracy: 0.75Accuracy: 0.75Accuracy: 0.75Accuracy: 0.75Accuracy: 0.75Accuracy: 0.75Accuracy: 0.75Accuracy: 0.75Accuracy: 0.75Accuracy: 0.75Accuracy: 0.75Accuracy: 0.75Accuracy: 0.75Accuracy: 0.75Accuracy: 0.75Accuracy: 0.75Accuracy: 0.75Accuracy: 0.75Accuracy: 0.75Accuracy: 0.75Accuracy: 0.75Accuracy: 0.75Accuracy: 0.75Accuracy: 0.75Accuracy: 0.75Accuracy: 0.75Accuracy: 0.75Accuracy: 0.75Accuracy: 0.75Accuracy: 0.75Accuracy: 0.75Accuracy: 0.75Accuracy: 0.75Accuracy: 0.75Accuracy: 0.75Accuracy: 0.75
Accuracy: 74.79

------------------------------------------------------------
Sender: LSF System <lsfadmin@n3h37>
Subject: Job 287023[1]: <job_arr[1]> in cluster <henry2> Done

Job <job_arr[1]> was submitted from host <login04> by user <mjhouk> in cluster <henry2> at Fri Jun 18 00:15:38 2021
Job was executed on host(s) <n3h37>, in queue <gpu>, as user <mjhouk> in cluster <henry2> at Fri Jun 18 00:15:44 2021
</home/mjhouk> was used as the home directory.
</home/mjhouk/MB3DCNN/Groups> was used as the working directory.
Started at Fri Jun 18 00:15:44 2021
Terminated at Fri Jun 18 02:18:13 2021
Results reported at Fri Jun 18 02:18:13 2021

Your job looked like:

------------------------------------------------------------
# LSBATCH: User input
#!/bin/csh

#BSUB -J job_arr[1]
#BSUB -x
#BSUB -R "span[hosts=1]"
#BSUB -W 900
#BSUB -q gpu
#BSUB -R "select[gtx1080 || p100]"
#BSUB -gpu "num=1:mode=shared:mps=yes"
#BSUB -o ./out/trial-%I-%J.out
#BSUB -e ./out/trial-%I-%J.err

set run = true
set gpu = "`nvidia-smi --query-gpu=gpu_name --format=csv,noheader`"
echo "Found $gpu GPU"
if ( "$gpu" =~ *"K20m"* ) then
	set cuda_cmd = "module load cuda/10.1"
	set env_cmd = "conda activate tf220_py377"
else if ( "$gpu" =~ *"P100"* ) then
	set cuda_cmd = "module load cuda/11.0"
	set env_cmd = "conda activate tf241_py377"
else if ( "$gpu" =~ *"GTX 1080"* ) then
	set cuda_cmd = "module load cuda/11.0"
	set env_cmd = "conda activate tf241_py377"
else if ( "$gpu" =~ *"RTX 2080"* ) then
	set cuda_cmd = "module load cuda/11.0"
	set env_cmd = "conda activate tf241_py377"
else 
	set run = false
endif

if ( "$run" =~ true ) then

	echo "Loading libraries"

	eval $env_cmd
	eval $cuda_cmd

	setenv OMP_NUM_THREADS 2

	echo "Running OAT Trial $LSB_JOBINDEX with ID $LSB_JOBID"
	python runMotor.py ${LSB_JOBINDEX} ${LSB_JOBID}

else

	echo "GPU not available, cancelling job for OAT Trial $LSB_JOBINDEX"	

endif


------------------------------------------------------------

Successfully completed.

Resource usage summary:

    CPU time :                                   10375.00 sec.
    Max Memory :                                 8324.85 MB
    Average Memory :                             6757.17 MB
    Total Requested Memory :                     -
    Delta Memory :                               -
    Max Swap :                                   -
    Max Processes :                              4
    Max Threads :                                24
    Run time :                                   7353 sec.
    Turnaround time :                            7355 sec.

The output (if any) is above this job summary.



PS:

Read file <./out/trial-1-287023.err> for stderr output of this job.

