Found Tesla P100-PCIE-16GB GPU
Loading libraries
Running OAT Trial 7 with ID 345494
Verifying thread usage params
Intra Op Threads:	 0
Inter Op Threads:	 0
Performing K-Fold 1
Finished epoch 1 with Loss: 1.3847177028656006 and Accuracy: 0.2739938199520111
Finished epoch 2 with Loss: 1.3736118078231812 and Accuracy: 0.2902069389820099
Finished epoch 3 with Loss: 1.3684601783752441 and Accuracy: 0.30454620718955994
Finished epoch 4 with Loss: 1.3638633489608765 and Accuracy: 0.3174189329147339
Finished epoch 5 with Loss: 1.3568928241729736 and Accuracy: 0.33004724979400635
Finished epoch 6 with Loss: 1.3431463241577148 and Accuracy: 0.3554668426513672
Finished epoch 7 with Loss: 1.3295971155166626 and Accuracy: 0.37192440032958984
Finished epoch 8 with Loss: 1.31829035282135 and Accuracy: 0.38039758801460266
Finished epoch 9 with Loss: 1.3080074787139893 and Accuracy: 0.3922111690044403
Finished epoch 10 with Loss: 1.2958204746246338 and Accuracy: 0.4047580361366272
Finished epoch 11 with Loss: 1.2821935415267944 and Accuracy: 0.41591984033584595
Finished epoch 12 with Loss: 1.2717878818511963 and Accuracy: 0.4234153628349304
Finished epoch 13 with Loss: 1.2650736570358276 and Accuracy: 0.42740753293037415
Finished epoch 14 with Loss: 1.2599568367004395 and Accuracy: 0.42862963676452637
Finished epoch 15 with Loss: 1.2559423446655273 and Accuracy: 0.4319700300693512
Finished epoch 16 with Loss: 1.2518360614776611 and Accuracy: 0.4311552941799164
Finished epoch 17 with Loss: 1.2514598369598389 and Accuracy: 0.43653249740600586
Finished epoch 18 with Loss: 1.2503629922866821 and Accuracy: 0.43311065435409546
Finished epoch 19 with Loss: 1.245343804359436 and Accuracy: 0.43612512946128845
Finished epoch 20 with Loss: 1.242565393447876 and Accuracy: 0.4408505856990814
Finished epoch 21 with Loss: 1.2434511184692383 and Accuracy: 0.438406378030777
Finished epoch 22 with Loss: 1.2405918836593628 and Accuracy: 0.44272446632385254
Finished epoch 23 with Loss: 1.2405717372894287 and Accuracy: 0.43995437026023865
Finished epoch 24 with Loss: 1.2385950088500977 and Accuracy: 0.44125795364379883
Finished epoch 25 with Loss: 1.237327218055725 and Accuracy: 0.44011732935905457
Finished epoch 26 with Loss: 1.2357442378997803 and Accuracy: 0.4436206519603729
Finished epoch 27 with Loss: 1.2335387468338013 and Accuracy: 0.4406876266002655
Finished epoch 28 with Loss: 1.233569622039795 and Accuracy: 0.4422356188297272
Finished epoch 29 with Loss: 1.2322906255722046 and Accuracy: 0.44508716464042664
Finished epoch 30 with Loss: 1.230480670928955 and Accuracy: 0.44248002767562866
Finished epoch 31 with Loss: 1.2297776937484741 and Accuracy: 0.4462277889251709
Finished epoch 32 with Loss: 1.2286030054092407 and Accuracy: 0.4458204209804535
Finished epoch 33 with Loss: 1.2261476516723633 and Accuracy: 0.4432132840156555
Finished epoch 34 with Loss: 1.2263209819793701 and Accuracy: 0.4422356188297272
Finished epoch 35 with Loss: 1.2244096994400024 and Accuracy: 0.4536418318748474
Finished epoch 36 with Loss: 1.2239025831222534 and Accuracy: 0.44761285185813904
Finished epoch 37 with Loss: 1.2210651636123657 and Accuracy: 0.44842755794525146
Finished epoch 38 with Loss: 1.2215964794158936 and Accuracy: 0.4529900550842285
Finished epoch 39 with Loss: 1.2205169200897217 and Accuracy: 0.4475313723087311
Finished epoch 40 with Loss: 1.2211655378341675 and Accuracy: 0.4498126208782196
Finished epoch 41 with Loss: 1.2208501100540161 and Accuracy: 0.45160502195358276
Finished epoch 42 with Loss: 1.2193447351455688 and Accuracy: 0.45013850927352905
Finished epoch 43 with Loss: 1.218410611152649 and Accuracy: 0.45119765400886536
Finished epoch 44 with Loss: 1.2177919149398804 and Accuracy: 0.4544565677642822
Finished epoch 45 with Loss: 1.2164216041564941 and Accuracy: 0.4523382782936096
Finished epoch 46 with Loss: 1.2124435901641846 and Accuracy: 0.4581228494644165
Finished epoch 47 with Loss: 1.2144384384155273 and Accuracy: 0.45461952686309814
Finished epoch 48 with Loss: 1.211904525756836 and Accuracy: 0.4562489688396454
Finished epoch 49 with Loss: 1.213099718093872 and Accuracy: 0.45755255222320557
Finished epoch 50 with Loss: 1.2163482904434204 and Accuracy: 0.45209386944770813
Finished epoch 51 with Loss: 1.2093242406845093 and Accuracy: 0.45885610580444336
Finished epoch 52 with Loss: 1.210517168045044 and Accuracy: 0.45698222517967224
Finished epoch 53 with Loss: 1.213759422302246 and Accuracy: 0.4568192958831787
Finished epoch 54 with Loss: 1.2102571725845337 and Accuracy: 0.45738959312438965
Finished epoch 55 with Loss: 1.2065359354019165 and Accuracy: 0.46350008249282837
Finished epoch 56 with Loss: 1.204887866973877 and Accuracy: 0.46015968918800354
Finished epoch 57 with Loss: 1.2059576511383057 and Accuracy: 0.46415185928344727
Finished epoch 58 with Loss: 1.2091072797775269 and Accuracy: 0.45779696106910706
Finished epoch 59 with Loss: 1.2050979137420654 and Accuracy: 0.45820432901382446
Finished epoch 60 with Loss: 1.210606575012207 and Accuracy: 0.4595893621444702
Finished epoch 61 with Loss: 1.2028300762176514 and Accuracy: 0.46268534660339355
Finished epoch 62 with Loss: 1.202544927597046 and Accuracy: 0.46309271454811096
Finished epoch 63 with Loss: 1.2044734954833984 and Accuracy: 0.465536892414093
Finished epoch 64 with Loss: 1.203505516052246 and Accuracy: 0.45861169695854187
Finished epoch 65 with Loss: 1.203294038772583 and Accuracy: 0.4661886990070343
Finished epoch 66 with Loss: 1.2011641263961792 and Accuracy: 0.46798110008239746
Finished epoch 67 with Loss: 1.1990289688110352 and Accuracy: 0.4657813310623169
Finished epoch 68 with Loss: 1.1990807056427002 and Accuracy: 0.4649665951728821
Finished epoch 69 with Loss: 1.1988266706466675 and Accuracy: 0.46675899624824524
Finished epoch 70 with Loss: 1.1997830867767334 and Accuracy: 0.4638259708881378
Finished epoch 71 with Loss: 1.1949834823608398 and Accuracy: 0.47164738178253174
Finished epoch 72 with Loss: 1.193922519683838 and Accuracy: 0.46732932329177856
Finished epoch 73 with Loss: 1.1986148357391357 and Accuracy: 0.46292975544929504
Finished epoch 74 with Loss: 1.1920814514160156 and Accuracy: 0.4683069884777069
Finished epoch 75 with Loss: 1.1985355615615845 and Accuracy: 0.4661886990070343
Finished epoch 76 with Loss: 1.1951366662979126 and Accuracy: 0.46822550892829895
Finished epoch 77 with Loss: 1.192697286605835 and Accuracy: 0.4696105718612671
Finished epoch 78 with Loss: 1.1926164627075195 and Accuracy: 0.472788006067276
Finished epoch 79 with Loss: 1.1931813955307007 and Accuracy: 0.4661886990070343
Finished epoch 80 with Loss: 1.1933566331863403 and Accuracy: 0.47352126240730286
Finished epoch 81 with Loss: 1.1880801916122437 and Accuracy: 0.4762098789215088
Finished epoch 82 with Loss: 1.1925110816955566 and Accuracy: 0.4708326458930969
Finished epoch 83 with Loss: 1.1900455951690674 and Accuracy: 0.4714844524860382
Finished epoch 84 with Loss: 1.189934253692627 and Accuracy: 0.47075119614601135
Finished epoch 85 with Loss: 1.1871943473815918 and Accuracy: 0.4718917906284332
Finished epoch 86 with Loss: 1.183194637298584 and Accuracy: 0.47946879267692566
Finished epoch 87 with Loss: 1.1863528490066528 and Accuracy: 0.47604691982269287
Finished epoch 88 with Loss: 1.1829010248184204 and Accuracy: 0.47547662258148193
Finished epoch 89 with Loss: 1.1838759183883667 and Accuracy: 0.47523218393325806
Finished epoch 90 with Loss: 1.181107521057129 and Accuracy: 0.479957640171051
Finished epoch 91 with Loss: 1.1839381456375122 and Accuracy: 0.47629135847091675
Finished epoch 92 with Loss: 1.1831536293029785 and Accuracy: 0.4791429042816162
Finished epoch 93 with Loss: 1.1821924448013306 and Accuracy: 0.47881701588630676
Finished epoch 94 with Loss: 1.18329918384552 and Accuracy: 0.4793873131275177
Finished epoch 95 with Loss: 1.1789510250091553 and Accuracy: 0.4815056324005127
Finished epoch 96 with Loss: 1.1786702871322632 and Accuracy: 0.4806908965110779
Finished epoch 97 with Loss: 1.177971601486206 and Accuracy: 0.480039119720459
Finished epoch 98 with Loss: 1.1805788278579712 and Accuracy: 0.48036500811576843
Finished epoch 99 with Loss: 1.174993872642517 and Accuracy: 0.4813426733016968
Finished epoch 100 with Loss: 1.177773356437683 and Accuracy: 0.4819944500923157
Finished epoch 101 with Loss: 1.1796514987945557 and Accuracy: 0.477431982755661
Finished epoch 102 with Loss: 1.1779903173446655 and Accuracy: 0.4832165539264679
Finished epoch 103 with Loss: 1.178904414176941 and Accuracy: 0.47824668884277344
Finished epoch 104 with Loss: 1.1734740734100342 and Accuracy: 0.4855792820453644
Finished epoch 105 with Loss: 1.1701551675796509 and Accuracy: 0.4894084930419922
Finished epoch 106 with Loss: 1.1756298542022705 and Accuracy: 0.48264625668525696
Finished epoch 107 with Loss: 1.1725414991378784 and Accuracy: 0.4865569472312927
Finished epoch 108 with Loss: 1.1712698936462402 and Accuracy: 0.48207592964172363
Finished epoch 109 with Loss: 1.1714272499084473 and Accuracy: 0.48158708214759827
Finished epoch 110 with Loss: 1.1739166975021362 and Accuracy: 0.48696431517601013
Finished epoch 111 with Loss: 1.1744205951690674 and Accuracy: 0.4846830666065216
Finished epoch 112 with Loss: 1.1729326248168945 and Accuracy: 0.48329803347587585
Finished epoch 113 with Loss: 1.1696792840957642 and Accuracy: 0.48313507437705994
Finished epoch 114 with Loss: 1.171883225440979 and Accuracy: 0.48761609196662903
Finished epoch 115 with Loss: 1.168635606765747 and Accuracy: 0.4879419803619385
Finished epoch 116 with Loss: 1.1670981645584106 and Accuracy: 0.4894084930419922
Finished epoch 117 with Loss: 1.1661370992660522 and Accuracy: 0.4879419803619385
Finished epoch 118 with Loss: 1.1665607690811157 and Accuracy: 0.4870457947254181
Finished epoch 119 with Loss: 1.1679667234420776 and Accuracy: 0.49201563000679016
Finished epoch 120 with Loss: 1.1690422296524048 and Accuracy: 0.48631253838539124
Finished epoch 121 with Loss: 1.1651164293289185 and Accuracy: 0.492748886346817
Finished epoch 122 with Loss: 1.166213870048523 and Accuracy: 0.4881049394607544
Finished epoch 123 with Loss: 1.1671562194824219 and Accuracy: 0.48924556374549866
Finished epoch 124 with Loss: 1.1635016202926636 and Accuracy: 0.4887567162513733
Finished epoch 125 with Loss: 1.1644104719161987 and Accuracy: 0.48737168312072754
Finished epoch 126 with Loss: 1.1649854183197021 and Accuracy: 0.49201563000679016
Finished epoch 127 with Loss: 1.1619915962219238 and Accuracy: 0.4972299039363861
Finished epoch 128 with Loss: 1.1620256900787354 and Accuracy: 0.4911194443702698
Finished epoch 129 with Loss: 1.1620638370513916 and Accuracy: 0.4908750057220459
Finished epoch 130 with Loss: 1.1610150337219238 and Accuracy: 0.4870457947254181
Finished epoch 131 with Loss: 1.1598049402236938 and Accuracy: 0.4925044775009155
Finished epoch 132 with Loss: 1.1629899740219116 and Accuracy: 0.4929933249950409
Finished epoch 133 with Loss: 1.1597940921783447 and Accuracy: 0.4957633912563324
Finished epoch 134 with Loss: 1.1581445932388306 and Accuracy: 0.49494868516921997
Finished epoch 135 with Loss: 1.153071403503418 and Accuracy: 0.49951115250587463
Finished epoch 136 with Loss: 1.162117838859558 and Accuracy: 0.4889196753501892
Finished epoch 137 with Loss: 1.1579432487487793 and Accuracy: 0.49397099018096924
Finished epoch 138 with Loss: 1.1554912328720093 and Accuracy: 0.49714845418930054
Finished epoch 139 with Loss: 1.1575727462768555 and Accuracy: 0.4986964166164398
Finished epoch 140 with Loss: 1.1537197828292847 and Accuracy: 0.4969854950904846
Finished epoch 141 with Loss: 1.156245231628418 and Accuracy: 0.4916897416114807
Finished epoch 142 with Loss: 1.154390573501587 and Accuracy: 0.49780023097991943
Finished epoch 143 with Loss: 1.159683346748352 and Accuracy: 0.49397099018096924
Finished epoch 144 with Loss: 1.152474045753479 and Accuracy: 0.49845200777053833
Finished epoch 145 with Loss: 1.153698205947876 and Accuracy: 0.500488817691803
Finished epoch 146 with Loss: 1.1550216674804688 and Accuracy: 0.4944598376750946
Finished epoch 147 with Loss: 1.152966022491455 and Accuracy: 0.49690401554107666
Finished epoch 148 with Loss: 1.1498969793319702 and Accuracy: 0.4991037845611572
Finished epoch 149 with Loss: 1.1529295444488525 and Accuracy: 0.4995926320552826
Finished epoch 150 with Loss: 1.1503896713256836 and Accuracy: 0.5005702972412109
Accuracy: 0.48Accuracy: 0.48Accuracy: 0.48Accuracy: 0.48Accuracy: 0.48Accuracy: 0.48Accuracy: 0.48Accuracy: 0.48Accuracy: 0.48Accuracy: 0.48Accuracy: 0.48Accuracy: 0.48Accuracy: 0.48Accuracy: 0.48Accuracy: 0.48Accuracy: 0.48Accuracy: 0.48Accuracy: 0.48Accuracy: 0.48Accuracy: 0.48Accuracy: 0.48Accuracy: 0.48Accuracy: 0.48Accuracy: 0.48Accuracy: 0.48Accuracy: 0.48Accuracy: 0.48Accuracy: 0.48Accuracy: 0.48Accuracy: 0.48Accuracy: 0.48Accuracy: 0.48Accuracy: 0.48Accuracy: 0.48Accuracy: 0.48Accuracy: 0.48Accuracy: 0.48Accuracy: 0.48Accuracy: 0.48Accuracy: 0.48Accuracy: 0.48Accuracy: 0.48Accuracy: 0.48Accuracy: 0.48Accuracy: 0.48Accuracy: 0.48Accuracy: 0.48Accuracy: 0.48Accuracy: 0.48Accuracy: 0.48Accuracy: 0.48Accuracy: 0.48Accuracy: 0.48Accuracy: 0.48Accuracy: 0.48Accuracy: 0.48Accuracy: 0.48Accuracy: 0.48Accuracy: 0.48Accuracy: 0.48Accuracy: 0.48Accuracy: 0.48Accuracy: 0.48Accuracy: 0.48Accuracy: 0.48Accuracy: 0.48Accuracy: 0.48Accuracy: 0.48Accuracy: 0.48Accuracy: 0.48Accuracy: 0.48Accuracy: 0.48Accuracy: 0.48Accuracy: 0.48Accuracy: 0.48Accuracy: 0.48Accuracy: 0.48Accuracy: 0.48Accuracy: 0.48Accuracy: 0.48Accuracy: 0.48Accuracy: 0.48Accuracy: 0.48Accuracy: 0.48Accuracy: 0.48Accuracy: 0.48Accuracy: 0.48Accuracy: 0.48Accuracy: 0.48Accuracy: 0.48Accuracy: 0.48Accuracy: 0.48Accuracy: 0.48Accuracy: 0.48Accuracy: 0.48Accuracy: 0.48Accuracy: 0.48Accuracy: 0.48Accuracy: 0.48Accuracy: 0.48
Performing K-Fold 2
Finished epoch 1 with Loss: 1.376695156097412 and Accuracy: 0.286948025226593
Finished epoch 2 with Loss: 1.3659785985946655 and Accuracy: 0.3184780776500702
Finished epoch 3 with Loss: 1.3545595407485962 and Accuracy: 0.34169790148735046
Finished epoch 4 with Loss: 1.335150957107544 and Accuracy: 0.36174026131629944
Finished epoch 5 with Loss: 1.323056936264038 and Accuracy: 0.37151703238487244
Finished epoch 6 with Loss: 1.3109955787658691 and Accuracy: 0.3812123239040375
Finished epoch 7 with Loss: 1.3026282787322998 and Accuracy: 0.39001139998435974
Finished epoch 8 with Loss: 1.293798804283142 and Accuracy: 0.3966921865940094
Finished epoch 9 with Loss: 1.2870644330978394 and Accuracy: 0.40598011016845703
Finished epoch 10 with Loss: 1.282220721244812 and Accuracy: 0.4054098129272461
Finished epoch 11 with Loss: 1.2764896154403687 and Accuracy: 0.4146977365016937
Finished epoch 12 with Loss: 1.2729157209396362 and Accuracy: 0.4191787540912628
Finished epoch 13 with Loss: 1.2685093879699707 and Accuracy: 0.42121556401252747
Finished epoch 14 with Loss: 1.2662005424499512 and Accuracy: 0.425533652305603
Finished epoch 15 with Loss: 1.2635788917541504 and Accuracy: 0.4277334213256836
Finished epoch 16 with Loss: 1.2624503374099731 and Accuracy: 0.43148118257522583
Finished epoch 17 with Loss: 1.2579940557479858 and Accuracy: 0.4289555251598358
Finished epoch 18 with Loss: 1.2573491334915161 and Accuracy: 0.4336809515953064
Finished epoch 19 with Loss: 1.25713050365448 and Accuracy: 0.4373472332954407
Finished epoch 20 with Loss: 1.2538889646530151 and Accuracy: 0.43905818462371826
Finished epoch 21 with Loss: 1.253312349319458 and Accuracy: 0.4377546012401581
Finished epoch 22 with Loss: 1.2511240243911743 and Accuracy: 0.4360436797142029
Finished epoch 23 with Loss: 1.251796007156372 and Accuracy: 0.43571779131889343
Finished epoch 24 with Loss: 1.2492765188217163 and Accuracy: 0.4419912099838257
Finished epoch 25 with Loss: 1.2466762065887451 and Accuracy: 0.44011732935905457
Finished epoch 26 with Loss: 1.2486153841018677 and Accuracy: 0.4442724585533142
Finished epoch 27 with Loss: 1.2462564706802368 and Accuracy: 0.44402801990509033
Finished epoch 28 with Loss: 1.2446156740188599 and Accuracy: 0.44402801990509033
Finished epoch 29 with Loss: 1.2429436445236206 and Accuracy: 0.4442724585533142
Finished epoch 30 with Loss: 1.242021083831787 and Accuracy: 0.4441094994544983
Finished epoch 31 with Loss: 1.2428098917007446 and Accuracy: 0.44117647409439087
Finished epoch 32 with Loss: 1.241056203842163 and Accuracy: 0.4458204209804535
Finished epoch 33 with Loss: 1.2373780012130737 and Accuracy: 0.4458204209804535
Finished epoch 34 with Loss: 1.2388784885406494 and Accuracy: 0.44826462864875793
Finished epoch 35 with Loss: 1.2371262311935425 and Accuracy: 0.4479387402534485
Finished epoch 36 with Loss: 1.2351528406143188 and Accuracy: 0.4459833800792694
Finished epoch 37 with Loss: 1.2347403764724731 and Accuracy: 0.44932377338409424
Finished epoch 38 with Loss: 1.2318859100341797 and Accuracy: 0.45103469491004944
Finished epoch 39 with Loss: 1.2326927185058594 and Accuracy: 0.45714518427848816
Finished epoch 40 with Loss: 1.233992338180542 and Accuracy: 0.4476943016052246
Finished epoch 41 with Loss: 1.227390170097351 and Accuracy: 0.4547824561595917
Finished epoch 42 with Loss: 1.2266451120376587 and Accuracy: 0.45592308044433594
Finished epoch 43 with Loss: 1.2289263010025024 and Accuracy: 0.4517679512500763
Finished epoch 44 with Loss: 1.227404236793518 and Accuracy: 0.4590190649032593
Finished epoch 45 with Loss: 1.2242274284362793 and Accuracy: 0.4557601511478424
Finished epoch 46 with Loss: 1.2263004779815674 and Accuracy: 0.4542936384677887
Finished epoch 47 with Loss: 1.221229910850525 and Accuracy: 0.45331594347953796
Finished epoch 48 with Loss: 1.2229305505752563 and Accuracy: 0.4587746560573578
Finished epoch 49 with Loss: 1.2186882495880127 and Accuracy: 0.4564119279384613
Finished epoch 50 with Loss: 1.2244443893432617 and Accuracy: 0.4544565677642822
Finished epoch 51 with Loss: 1.2202579975128174 and Accuracy: 0.45421215891838074
Finished epoch 52 with Loss: 1.221306562423706 and Accuracy: 0.4590190649032593
Finished epoch 53 with Loss: 1.2186814546585083 and Accuracy: 0.45584163069725037
Finished epoch 54 with Loss: 1.2169233560562134 and Accuracy: 0.457878440618515
Finished epoch 55 with Loss: 1.2157145738601685 and Accuracy: 0.4611373543739319
Finished epoch 56 with Loss: 1.215964674949646 and Accuracy: 0.45584163069725037
Finished epoch 57 with Loss: 1.2134790420532227 and Accuracy: 0.4631741940975189
Finished epoch 58 with Loss: 1.214340329170227 and Accuracy: 0.4648851156234741
Finished epoch 59 with Loss: 1.211010217666626 and Accuracy: 0.4659442603588104
Finished epoch 60 with Loss: 1.2120665311813354 and Accuracy: 0.46081146597862244
Finished epoch 61 with Loss: 1.2121870517730713 and Accuracy: 0.45991528034210205
Finished epoch 62 with Loss: 1.2095884084701538 and Accuracy: 0.4647221863269806
Finished epoch 63 with Loss: 1.2063875198364258 and Accuracy: 0.4636630415916443
Finished epoch 64 with Loss: 1.2008657455444336 and Accuracy: 0.47009938955307007
Finished epoch 65 with Loss: 1.200534462928772 and Accuracy: 0.47286948561668396
Finished epoch 66 with Loss: 1.1967384815216064 and Accuracy: 0.47115853428840637
Finished epoch 67 with Loss: 1.1955626010894775 and Accuracy: 0.47433599829673767
Finished epoch 68 with Loss: 1.1939252614974976 and Accuracy: 0.47783932089805603
Finished epoch 69 with Loss: 1.1923969984054565 and Accuracy: 0.4780837595462799
Finished epoch 70 with Loss: 1.1881972551345825 and Accuracy: 0.4771060645580292
Finished epoch 71 with Loss: 1.1880583763122559 and Accuracy: 0.4840312898159027
Finished epoch 72 with Loss: 1.187221884727478 and Accuracy: 0.48354244232177734
Finished epoch 73 with Loss: 1.18350350856781 and Accuracy: 0.48142415285110474
Finished epoch 74 with Loss: 1.181315302848816 and Accuracy: 0.4853348433971405
Finished epoch 75 with Loss: 1.1793110370635986 and Accuracy: 0.4813426733016968
Finished epoch 76 with Loss: 1.1763486862182617 and Accuracy: 0.4859866499900818
Finished epoch 77 with Loss: 1.176817774772644 and Accuracy: 0.48908260464668274
Finished epoch 78 with Loss: 1.1736897230148315 and Accuracy: 0.4921785891056061
Finished epoch 79 with Loss: 1.1734195947647095 and Accuracy: 0.492748886346817
Finished epoch 80 with Loss: 1.1708638668060303 and Accuracy: 0.4942154288291931
Finished epoch 81 with Loss: 1.1720776557922363 and Accuracy: 0.49226006865501404
Finished epoch 82 with Loss: 1.1704686880111694 and Accuracy: 0.4916897416114807
Finished epoch 83 with Loss: 1.1683911085128784 and Accuracy: 0.4960078299045563
Finished epoch 84 with Loss: 1.1622005701065063 and Accuracy: 0.4970669746398926
Finished epoch 85 with Loss: 1.1640872955322266 and Accuracy: 0.4976372718811035
Finished epoch 86 with Loss: 1.1643822193145752 and Accuracy: 0.49714845418930054
Finished epoch 87 with Loss: 1.166261911392212 and Accuracy: 0.4961707592010498
Finished epoch 88 with Loss: 1.160986304283142 and Accuracy: 0.49967411160469055
Finished epoch 89 with Loss: 1.1581141948699951 and Accuracy: 0.5021997690200806
Finished epoch 90 with Loss: 1.158506989479065 and Accuracy: 0.5023627281188965
Finished epoch 91 with Loss: 1.1588472127914429 and Accuracy: 0.49780023097991943
Finished epoch 92 with Loss: 1.157389760017395 and Accuracy: 0.4970669746398926
Finished epoch 93 with Loss: 1.1523704528808594 and Accuracy: 0.5008962154388428
Finished epoch 94 with Loss: 1.1550867557525635 and Accuracy: 0.5040736794471741
Finished epoch 95 with Loss: 1.1514801979064941 and Accuracy: 0.5078214406967163
Finished epoch 96 with Loss: 1.1539500951766968 and Accuracy: 0.5049698352813721
Finished epoch 97 with Loss: 1.1536458730697632 and Accuracy: 0.5030959844589233
Finished epoch 98 with Loss: 1.1487479209899902 and Accuracy: 0.504643976688385
Finished epoch 99 with Loss: 1.148001790046692 and Accuracy: 0.5035033226013184
Finished epoch 100 with Loss: 1.1494088172912598 and Accuracy: 0.5137689709663391
Finished epoch 101 with Loss: 1.14740788936615 and Accuracy: 0.5081472992897034
Finished epoch 102 with Loss: 1.1457146406173706 and Accuracy: 0.5065993070602417
Finished epoch 103 with Loss: 1.1432403326034546 and Accuracy: 0.5065178275108337
Finished epoch 104 with Loss: 1.143863558769226 and Accuracy: 0.5096138119697571
Finished epoch 105 with Loss: 1.1469615697860718 and Accuracy: 0.509695291519165
Finished epoch 106 with Loss: 1.1447222232818604 and Accuracy: 0.5086361169815063
Finished epoch 107 with Loss: 1.1402910947799683 and Accuracy: 0.5135245323181152
Finished epoch 108 with Loss: 1.140494465827942 and Accuracy: 0.5121394991874695
Finished epoch 109 with Loss: 1.1395221948623657 and Accuracy: 0.5140133500099182
Finished epoch 110 with Loss: 1.1358829736709595 and Accuracy: 0.5114877223968506
Finished epoch 111 with Loss: 1.1374865770339966 and Accuracy: 0.5118135809898376
Finished epoch 112 with Loss: 1.136001706123352 and Accuracy: 0.5152354836463928
Finished epoch 113 with Loss: 1.1333985328674316 and Accuracy: 0.5177611112594604
Finished epoch 114 with Loss: 1.1307729482650757 and Accuracy: 0.5156428217887878
Finished epoch 115 with Loss: 1.1330941915512085 and Accuracy: 0.5127097964286804
Finished epoch 116 with Loss: 1.1302286386489868 and Accuracy: 0.5209385752677917
Finished epoch 117 with Loss: 1.1287869215011597 and Accuracy: 0.5186573266983032
Finished epoch 118 with Loss: 1.128815770149231 and Accuracy: 0.5175166726112366
Finished epoch 119 with Loss: 1.1315195560455322 and Accuracy: 0.5146651268005371
Finished epoch 120 with Loss: 1.1257073879241943 and Accuracy: 0.5235456824302673
Finished epoch 121 with Loss: 1.127750039100647 and Accuracy: 0.5225680470466614
Finished epoch 122 with Loss: 1.1289358139038086 and Accuracy: 0.5178425908088684
Finished epoch 123 with Loss: 1.1275666952133179 and Accuracy: 0.5197979211807251
Finished epoch 124 with Loss: 1.1227566003799438 and Accuracy: 0.5219162702560425
Finished epoch 125 with Loss: 1.121891736984253 and Accuracy: 0.5236271619796753
Finished epoch 126 with Loss: 1.1216973066329956 and Accuracy: 0.5211015343666077
Finished epoch 127 with Loss: 1.1249480247497559 and Accuracy: 0.5231383442878723
Finished epoch 128 with Loss: 1.1203023195266724 and Accuracy: 0.5202053189277649
Finished epoch 129 with Loss: 1.1185312271118164 and Accuracy: 0.5224865674972534
Finished epoch 130 with Loss: 1.1189221143722534 and Accuracy: 0.5239530801773071
Finished epoch 131 with Loss: 1.1134060621261597 and Accuracy: 0.5244418978691101
Finished epoch 132 with Loss: 1.1166138648986816 and Accuracy: 0.5244418978691101
Finished epoch 133 with Loss: 1.1148244142532349 and Accuracy: 0.524686336517334
Finished epoch 134 with Loss: 1.1164047718048096 and Accuracy: 0.5247678160667419
Finished epoch 135 with Loss: 1.118699073791504 and Accuracy: 0.5248492956161499
Finished epoch 136 with Loss: 1.1143368482589722 and Accuracy: 0.5228124260902405
Finished epoch 137 with Loss: 1.1109737157821655 and Accuracy: 0.5327521562576294
Finished epoch 138 with Loss: 1.1150187253952026 and Accuracy: 0.5228939056396484
Finished epoch 139 with Loss: 1.1146996021270752 and Accuracy: 0.5265601873397827
Finished epoch 140 with Loss: 1.1131514310836792 and Accuracy: 0.529411792755127
Finished epoch 141 with Loss: 1.1094334125518799 and Accuracy: 0.5301450490951538
Finished epoch 142 with Loss: 1.1069772243499756 and Accuracy: 0.5299820899963379
Finished epoch 143 with Loss: 1.1100680828094482 and Accuracy: 0.5260713696479797
Finished epoch 144 with Loss: 1.10971999168396 and Accuracy: 0.530226469039917
Finished epoch 145 with Loss: 1.110990047454834 and Accuracy: 0.5319374203681946
Finished epoch 146 with Loss: 1.1034518480300903 and Accuracy: 0.5339742302894592
Finished epoch 147 with Loss: 1.1070162057876587 and Accuracy: 0.529737651348114
Finished epoch 148 with Loss: 1.1050660610198975 and Accuracy: 0.5316115617752075
Finished epoch 149 with Loss: 1.1071538925170898 and Accuracy: 0.529248833656311
Finished epoch 150 with Loss: 1.1053324937820435 and Accuracy: 0.529819130897522
Accuracy: 0.55Accuracy: 0.55Accuracy: 0.55Accuracy: 0.55Accuracy: 0.55Accuracy: 0.55Accuracy: 0.55Accuracy: 0.55Accuracy: 0.55Accuracy: 0.55Accuracy: 0.55Accuracy: 0.55Accuracy: 0.55Accuracy: 0.55Accuracy: 0.55Accuracy: 0.55Accuracy: 0.55Accuracy: 0.55Accuracy: 0.55Accuracy: 0.55Accuracy: 0.55Accuracy: 0.55Accuracy: 0.55Accuracy: 0.55Accuracy: 0.55Accuracy: 0.55Accuracy: 0.55Accuracy: 0.55Accuracy: 0.55Accuracy: 0.55Accuracy: 0.55Accuracy: 0.55Accuracy: 0.55Accuracy: 0.55Accuracy: 0.55Accuracy: 0.55Accuracy: 0.55Accuracy: 0.55Accuracy: 0.55Accuracy: 0.55Accuracy: 0.55Accuracy: 0.55Accuracy: 0.55Accuracy: 0.55Accuracy: 0.55Accuracy: 0.55Accuracy: 0.55Accuracy: 0.55Accuracy: 0.55Accuracy: 0.55Accuracy: 0.55Accuracy: 0.55Accuracy: 0.55Accuracy: 0.55Accuracy: 0.55Accuracy: 0.55Accuracy: 0.55Accuracy: 0.55Accuracy: 0.55Accuracy: 0.55Accuracy: 0.55Accuracy: 0.55Accuracy: 0.55Accuracy: 0.55Accuracy: 0.55Accuracy: 0.55Accuracy: 0.55Accuracy: 0.55Accuracy: 0.55Accuracy: 0.55Accuracy: 0.55Accuracy: 0.55Accuracy: 0.55Accuracy: 0.55Accuracy: 0.55Accuracy: 0.55Accuracy: 0.55Accuracy: 0.55Accuracy: 0.55Accuracy: 0.55Accuracy: 0.55Accuracy: 0.55Accuracy: 0.55Accuracy: 0.55Accuracy: 0.55Accuracy: 0.55Accuracy: 0.55Accuracy: 0.55Accuracy: 0.55Accuracy: 0.55Accuracy: 0.55Accuracy: 0.55Accuracy: 0.55Accuracy: 0.55Accuracy: 0.55Accuracy: 0.55Accuracy: 0.55Accuracy: 0.55Accuracy: 0.55Accuracy: 0.55
Performing K-Fold 3
Finished epoch 1 with Loss: 1.377030611038208 and Accuracy: 0.28540003299713135
Finished epoch 2 with Loss: 1.3676378726959229 and Accuracy: 0.30601271986961365
Finished epoch 3 with Loss: 1.3563839197158813 and Accuracy: 0.3261365592479706
Finished epoch 4 with Loss: 1.3397455215454102 and Accuracy: 0.35188204050064087
Finished epoch 5 with Loss: 1.3298447132110596 and Accuracy: 0.36768779158592224
Finished epoch 6 with Loss: 1.323649287223816 and Accuracy: 0.36956167221069336
Finished epoch 7 with Loss: 1.3169822692871094 and Accuracy: 0.3792569637298584
Finished epoch 8 with Loss: 1.3126083612442017 and Accuracy: 0.38186410069465637
Finished epoch 9 with Loss: 1.3074942827224731 and Accuracy: 0.3865080773830414
Finished epoch 10 with Loss: 1.3021703958511353 and Accuracy: 0.391152024269104
Finished epoch 11 with Loss: 1.2951147556304932 and Accuracy: 0.40426918864250183
Finished epoch 12 with Loss: 1.2880221605300903 and Accuracy: 0.4079354703426361
Finished epoch 13 with Loss: 1.2825859785079956 and Accuracy: 0.41225355863571167
Finished epoch 14 with Loss: 1.274881362915039 and Accuracy: 0.42186737060546875
Finished epoch 15 with Loss: 1.2691967487335205 and Accuracy: 0.41999348998069763
Finished epoch 16 with Loss: 1.265193223953247 and Accuracy: 0.4241486191749573
Finished epoch 17 with Loss: 1.2574483156204224 and Accuracy: 0.43311065435409546
Finished epoch 18 with Loss: 1.256083369255066 and Accuracy: 0.4324588477611542
Finished epoch 19 with Loss: 1.248350977897644 and Accuracy: 0.4377546012401581
Finished epoch 20 with Loss: 1.2466202974319458 and Accuracy: 0.4397914409637451
Finished epoch 21 with Loss: 1.2436251640319824 and Accuracy: 0.4409320652484894
Finished epoch 22 with Loss: 1.2415517568588257 and Accuracy: 0.44101351499557495
Finished epoch 23 with Loss: 1.2414705753326416 and Accuracy: 0.4421541392803192
Finished epoch 24 with Loss: 1.238686203956604 and Accuracy: 0.4470425248146057
Finished epoch 25 with Loss: 1.2355313301086426 and Accuracy: 0.4445168673992157
Finished epoch 26 with Loss: 1.2374118566513062 and Accuracy: 0.44296887516975403
Finished epoch 27 with Loss: 1.2336289882659912 and Accuracy: 0.44500571489334106
Finished epoch 28 with Loss: 1.2338961362838745 and Accuracy: 0.44736841320991516
Finished epoch 29 with Loss: 1.23434579372406 and Accuracy: 0.448101669549942
Finished epoch 30 with Loss: 1.228479266166687 and Accuracy: 0.4483461081981659
Finished epoch 31 with Loss: 1.2298743724822998 and Accuracy: 0.4479387402534485
Finished epoch 32 with Loss: 1.2268226146697998 and Accuracy: 0.44883492588996887
Finished epoch 33 with Loss: 1.226245641708374 and Accuracy: 0.44997555017471313
Finished epoch 34 with Loss: 1.2243633270263672 and Accuracy: 0.4529900550842285
Finished epoch 35 with Loss: 1.2255772352218628 and Accuracy: 0.45315301418304443
Finished epoch 36 with Loss: 1.2206079959869385 and Accuracy: 0.45608603954315186
Finished epoch 37 with Loss: 1.2216277122497559 and Accuracy: 0.45698222517967224
Finished epoch 38 with Loss: 1.222550630569458 and Accuracy: 0.4540491998195648
Finished epoch 39 with Loss: 1.2188396453857422 and Accuracy: 0.45372331142425537
Finished epoch 40 with Loss: 1.217782974243164 and Accuracy: 0.4544565677642822
Finished epoch 41 with Loss: 1.2177984714508057 and Accuracy: 0.45690077543258667
Finished epoch 42 with Loss: 1.215451717376709 and Accuracy: 0.4574710726737976
Finished epoch 43 with Loss: 1.215965986251831 and Accuracy: 0.45869317650794983
Finished epoch 44 with Loss: 1.2158634662628174 and Accuracy: 0.45633044838905334
Finished epoch 45 with Loss: 1.2140196561813354 and Accuracy: 0.45991528034210205
Finished epoch 46 with Loss: 1.2122799158096313 and Accuracy: 0.4619520902633667
Finished epoch 47 with Loss: 1.2123914957046509 and Accuracy: 0.45869317650794983
Finished epoch 48 with Loss: 1.2114474773406982 and Accuracy: 0.46056705713272095
Finished epoch 49 with Loss: 1.2100147008895874 and Accuracy: 0.4608929455280304
Finished epoch 50 with Loss: 1.207924246788025 and Accuracy: 0.4594264328479767
Finished epoch 51 with Loss: 1.2099956274032593 and Accuracy: 0.4668404757976532
Finished epoch 52 with Loss: 1.2064476013183594 and Accuracy: 0.4642333388328552
Finished epoch 53 with Loss: 1.2073237895965576 and Accuracy: 0.46268534660339355
Finished epoch 54 with Loss: 1.2048802375793457 and Accuracy: 0.46651458740234375
Finished epoch 55 with Loss: 1.2062647342681885 and Accuracy: 0.4638259708881378
Finished epoch 56 with Loss: 1.2046823501586914 and Accuracy: 0.46415185928344727
Finished epoch 57 with Loss: 1.2022815942764282 and Accuracy: 0.4653739631175995
Finished epoch 58 with Loss: 1.2024667263031006 and Accuracy: 0.4648851156234741
Finished epoch 59 with Loss: 1.2033522129058838 and Accuracy: 0.4708326458930969
Finished epoch 60 with Loss: 1.2017909288406372 and Accuracy: 0.470180869102478
Finished epoch 61 with Loss: 1.1992285251617432 and Accuracy: 0.4697735011577606
Finished epoch 62 with Loss: 1.2003153562545776 and Accuracy: 0.4709141254425049
Finished epoch 63 with Loss: 1.2016545534133911 and Accuracy: 0.4733583331108093
Finished epoch 64 with Loss: 1.196929931640625 and Accuracy: 0.4683069884777069
Finished epoch 65 with Loss: 1.1963139772415161 and Accuracy: 0.4715659022331238
Finished epoch 66 with Loss: 1.1958949565887451 and Accuracy: 0.47181034088134766
Finished epoch 67 with Loss: 1.198581576347351 and Accuracy: 0.4657813310623169
Finished epoch 68 with Loss: 1.1973319053649902 and Accuracy: 0.4725435972213745
Finished epoch 69 with Loss: 1.1950756311416626 and Accuracy: 0.46928465366363525
Finished epoch 70 with Loss: 1.1939234733581543 and Accuracy: 0.46439629793167114
Finished epoch 71 with Loss: 1.1938234567642212 and Accuracy: 0.4691217243671417
Finished epoch 72 with Loss: 1.1920061111450195 and Accuracy: 0.4687143564224243
Finished epoch 73 with Loss: 1.1922181844711304 and Accuracy: 0.46969202160835266
Finished epoch 74 with Loss: 1.1914523839950562 and Accuracy: 0.4734397828578949
Finished epoch 75 with Loss: 1.1877326965332031 and Accuracy: 0.4817500412464142
Finished epoch 76 with Loss: 1.1924595832824707 and Accuracy: 0.47327685356140137
Finished epoch 77 with Loss: 1.1893360614776611 and Accuracy: 0.4731953740119934
Finished epoch 78 with Loss: 1.189285159111023 and Accuracy: 0.47246211767196655
Finished epoch 79 with Loss: 1.1898733377456665 and Accuracy: 0.47246211767196655
Finished epoch 80 with Loss: 1.184148907661438 and Accuracy: 0.4762098789215088
Finished epoch 81 with Loss: 1.185987949371338 and Accuracy: 0.4802835285663605
Finished epoch 82 with Loss: 1.1862605810165405 and Accuracy: 0.47718754410743713
Finished epoch 83 with Loss: 1.1827625036239624 and Accuracy: 0.479957640171051
Finished epoch 84 with Loss: 1.1813384294509888 and Accuracy: 0.4784911274909973
Finished epoch 85 with Loss: 1.1812280416488647 and Accuracy: 0.4810982644557953
Finished epoch 86 with Loss: 1.1830942630767822 and Accuracy: 0.4788984954357147
Finished epoch 87 with Loss: 1.1833454370498657 and Accuracy: 0.4766172468662262
Finished epoch 88 with Loss: 1.1829639673233032 and Accuracy: 0.4854978024959564
Finished epoch 89 with Loss: 1.1824281215667725 and Accuracy: 0.48207592964172363
Finished epoch 90 with Loss: 1.1774375438690186 and Accuracy: 0.4813426733016968
Finished epoch 91 with Loss: 1.1773849725723267 and Accuracy: 0.48671990633010864
Finished epoch 92 with Loss: 1.1777000427246094 and Accuracy: 0.4866384267807007
Finished epoch 93 with Loss: 1.1814392805099487 and Accuracy: 0.48223888874053955
Finished epoch 94 with Loss: 1.1781585216522217 and Accuracy: 0.4832165539264679
Finished epoch 95 with Loss: 1.1810966730117798 and Accuracy: 0.4824018180370331
Finished epoch 96 with Loss: 1.1769789457321167 and Accuracy: 0.48077237606048584
Finished epoch 97 with Loss: 1.1742500066757202 and Accuracy: 0.48419421911239624
Finished epoch 98 with Loss: 1.1745034456253052 and Accuracy: 0.48223888874053955
Finished epoch 99 with Loss: 1.177812099456787 and Accuracy: 0.48183152079582214
Finished epoch 100 with Loss: 1.1697252988815308 and Accuracy: 0.48566073179244995
Finished epoch 101 with Loss: 1.1737481355667114 and Accuracy: 0.4829721450805664
Finished epoch 102 with Loss: 1.175634741783142 and Accuracy: 0.4848460257053375
Finished epoch 103 with Loss: 1.1710138320922852 and Accuracy: 0.4891640841960907
Finished epoch 104 with Loss: 1.171095848083496 and Accuracy: 0.48500895500183105
Finished epoch 105 with Loss: 1.1681101322174072 and Accuracy: 0.4938895106315613
Finished epoch 106 with Loss: 1.1674002408981323 and Accuracy: 0.49372658133506775
Finished epoch 107 with Loss: 1.1688684225082397 and Accuracy: 0.48761609196662903
Finished epoch 108 with Loss: 1.1712703704833984 and Accuracy: 0.4868828356266022
Finished epoch 109 with Loss: 1.167898178100586 and Accuracy: 0.4889196753501892
Finished epoch 110 with Loss: 1.1671642065048218 and Accuracy: 0.4885123074054718
Finished epoch 111 with Loss: 1.172337532043457 and Accuracy: 0.4838683307170868
Finished epoch 112 with Loss: 1.1688910722732544 and Accuracy: 0.4914453327655792
Finished epoch 113 with Loss: 1.1672594547271729 and Accuracy: 0.49120092391967773
Finished epoch 114 with Loss: 1.1642343997955322 and Accuracy: 0.48818641901016235
Finished epoch 115 with Loss: 1.16275155544281 and Accuracy: 0.48989734053611755
Finished epoch 116 with Loss: 1.1642091274261475 and Accuracy: 0.4899788200855255
Finished epoch 117 with Loss: 1.1663087606430054 and Accuracy: 0.4938080608844757
Finished epoch 118 with Loss: 1.1674119234085083 and Accuracy: 0.49120092391967773
Finished epoch 119 with Loss: 1.1630511283874512 and Accuracy: 0.495356023311615
Finished epoch 120 with Loss: 1.1596537828445435 and Accuracy: 0.4957633912563324
Finished epoch 121 with Loss: 1.1616791486740112 and Accuracy: 0.4912823736667633
Finished epoch 122 with Loss: 1.159294843673706 and Accuracy: 0.5006517767906189
Finished epoch 123 with Loss: 1.1601704359054565 and Accuracy: 0.4942154288291931
Finished epoch 124 with Loss: 1.1585532426834106 and Accuracy: 0.492748886346817
Finished epoch 125 with Loss: 1.1622334718704224 and Accuracy: 0.489734411239624
Finished epoch 126 with Loss: 1.1623295545578003 and Accuracy: 0.49054911732673645
Finished epoch 127 with Loss: 1.1596696376800537 and Accuracy: 0.4951116144657135
Finished epoch 128 with Loss: 1.1586592197418213 and Accuracy: 0.4957633912563324
Finished epoch 129 with Loss: 1.1589367389678955 and Accuracy: 0.4964151978492737
Finished epoch 130 with Loss: 1.15781831741333 and Accuracy: 0.4965781271457672
Finished epoch 131 with Loss: 1.1562974452972412 and Accuracy: 0.5012220740318298
Finished epoch 132 with Loss: 1.1566345691680908 and Accuracy: 0.49649664759635925
Finished epoch 133 with Loss: 1.1558079719543457 and Accuracy: 0.4985334873199463
Finished epoch 134 with Loss: 1.156325340270996 and Accuracy: 0.4951116144657135
Finished epoch 135 with Loss: 1.1504579782485962 and Accuracy: 0.5008962154388428
Finished epoch 136 with Loss: 1.154876947402954 and Accuracy: 0.49731138348579407
Finished epoch 137 with Loss: 1.151134729385376 and Accuracy: 0.5016294717788696
Finished epoch 138 with Loss: 1.1553207635879517 and Accuracy: 0.49560046195983887
Finished epoch 139 with Loss: 1.1493761539459229 and Accuracy: 0.5013035535812378
Finished epoch 140 with Loss: 1.153630256652832 and Accuracy: 0.49755582213401794
Finished epoch 141 with Loss: 1.1528737545013428 and Accuracy: 0.49837052822113037
Finished epoch 142 with Loss: 1.1493555307388306 and Accuracy: 0.5017109513282776
Finished epoch 143 with Loss: 1.1523096561431885 and Accuracy: 0.500488817691803
Finished epoch 144 with Loss: 1.1517727375030518 and Accuracy: 0.5009776949882507
Finished epoch 145 with Loss: 1.1474155187606812 and Accuracy: 0.5027700662612915
Finished epoch 146 with Loss: 1.1507251262664795 and Accuracy: 0.49991852045059204
Finished epoch 147 with Loss: 1.1512113809585571 and Accuracy: 0.5002444386482239
Finished epoch 148 with Loss: 1.1492714881896973 and Accuracy: 0.4978817105293274
Finished epoch 149 with Loss: 1.1493762731552124 and Accuracy: 0.4993482232093811
Finished epoch 150 with Loss: 1.143908977508545 and Accuracy: 0.500488817691803
Accuracy: 0.51Accuracy: 0.51Accuracy: 0.51Accuracy: 0.51Accuracy: 0.51Accuracy: 0.51Accuracy: 0.51Accuracy: 0.51Accuracy: 0.51Accuracy: 0.51Accuracy: 0.51Accuracy: 0.51Accuracy: 0.51Accuracy: 0.51Accuracy: 0.51Accuracy: 0.51Accuracy: 0.51Accuracy: 0.51Accuracy: 0.51Accuracy: 0.51Accuracy: 0.51Accuracy: 0.51Accuracy: 0.51Accuracy: 0.51Accuracy: 0.51Accuracy: 0.51Accuracy: 0.51Accuracy: 0.51Accuracy: 0.51Accuracy: 0.51Accuracy: 0.51Accuracy: 0.51Accuracy: 0.51Accuracy: 0.51Accuracy: 0.51Accuracy: 0.51Accuracy: 0.51Accuracy: 0.51Accuracy: 0.51Accuracy: 0.51Accuracy: 0.51Accuracy: 0.51Accuracy: 0.51Accuracy: 0.51Accuracy: 0.51Accuracy: 0.51Accuracy: 0.51Accuracy: 0.51Accuracy: 0.51Accuracy: 0.51Accuracy: 0.51Accuracy: 0.51Accuracy: 0.51Accuracy: 0.51Accuracy: 0.51Accuracy: 0.51Accuracy: 0.51Accuracy: 0.51Accuracy: 0.51Accuracy: 0.51Accuracy: 0.51Accuracy: 0.51Accuracy: 0.51Accuracy: 0.51Accuracy: 0.51Accuracy: 0.51Accuracy: 0.51Accuracy: 0.51Accuracy: 0.51Accuracy: 0.51Accuracy: 0.51Accuracy: 0.51Accuracy: 0.51Accuracy: 0.51Accuracy: 0.51Accuracy: 0.51Accuracy: 0.51Accuracy: 0.51Accuracy: 0.51Accuracy: 0.51Accuracy: 0.51Accuracy: 0.51Accuracy: 0.51Accuracy: 0.51Accuracy: 0.51Accuracy: 0.51Accuracy: 0.51Accuracy: 0.51Accuracy: 0.51Accuracy: 0.51Accuracy: 0.51Accuracy: 0.51Accuracy: 0.51Accuracy: 0.51Accuracy: 0.51Accuracy: 0.51Accuracy: 0.51Accuracy: 0.51Accuracy: 0.51Accuracy: 0.51
Performing K-Fold 4
Finished epoch 1 with Loss: 1.3781682252883911 and Accuracy: 0.2868431806564331
Finished epoch 2 with Loss: 1.3661646842956543 and Accuracy: 0.3081059157848358
Finished epoch 3 with Loss: 1.3595755100250244 and Accuracy: 0.32472506165504456
Finished epoch 4 with Loss: 1.3519927263259888 and Accuracy: 0.33531567454338074
Finished epoch 5 with Loss: 1.343795657157898 and Accuracy: 0.34354379773139954
Finished epoch 6 with Loss: 1.3342028856277466 and Accuracy: 0.35812628269195557
Finished epoch 7 with Loss: 1.3217302560806274 and Accuracy: 0.3733604848384857
Finished epoch 8 with Loss: 1.308762550354004 and Accuracy: 0.3935641646385193
Finished epoch 9 with Loss: 1.2972302436828613 and Accuracy: 0.3985336124897003
Finished epoch 10 with Loss: 1.2850590944290161 and Accuracy: 0.4109165072441101
Finished epoch 11 with Loss: 1.2766673564910889 and Accuracy: 0.41995927691459656
Finished epoch 12 with Loss: 1.2699815034866333 and Accuracy: 0.4196333885192871
Finished epoch 13 with Loss: 1.2634732723236084 and Accuracy: 0.42940935492515564
Finished epoch 14 with Loss: 1.2599608898162842 and Accuracy: 0.42737269401550293
Finished epoch 15 with Loss: 1.259536862373352 and Accuracy: 0.4347046911716461
Finished epoch 16 with Loss: 1.2554246187210083 and Accuracy: 0.43258655071258545
Finished epoch 17 with Loss: 1.2523301839828491 and Accuracy: 0.4325051009654999
Finished epoch 18 with Loss: 1.2500343322753906 and Accuracy: 0.43649694323539734
Finished epoch 19 with Loss: 1.2489298582077026 and Accuracy: 0.4361710846424103
Finished epoch 20 with Loss: 1.2478737831115723 and Accuracy: 0.44130346179008484
Finished epoch 21 with Loss: 1.2455413341522217 and Accuracy: 0.44040733575820923
Finished epoch 22 with Loss: 1.243917465209961 and Accuracy: 0.4388594627380371
Finished epoch 23 with Loss: 1.2452009916305542 and Accuracy: 0.44407331943511963
Finished epoch 24 with Loss: 1.2421410083770752 and Accuracy: 0.4470875859260559
Finished epoch 25 with Loss: 1.2391241788864136 and Accuracy: 0.4408961236476898
Finished epoch 26 with Loss: 1.2377336025238037 and Accuracy: 0.44081467390060425
Finished epoch 27 with Loss: 1.2358688116073608 and Accuracy: 0.44725051522254944
Finished epoch 28 with Loss: 1.2369393110275269 and Accuracy: 0.4459470510482788
Finished epoch 29 with Loss: 1.2332650423049927 and Accuracy: 0.44244399666786194
Finished epoch 30 with Loss: 1.2308406829833984 and Accuracy: 0.44863542914390564
Finished epoch 31 with Loss: 1.2310084104537964 and Accuracy: 0.4445621073246002
Finished epoch 32 with Loss: 1.2320746183395386 and Accuracy: 0.4505091607570648
Finished epoch 33 with Loss: 1.2307966947555542 and Accuracy: 0.44244399666786194
Finished epoch 34 with Loss: 1.2272632122039795 and Accuracy: 0.45661914348602295
Finished epoch 35 with Loss: 1.2266056537628174 and Accuracy: 0.45450103282928467
Finished epoch 36 with Loss: 1.2262983322143555 and Accuracy: 0.4459470510482788
Finished epoch 37 with Loss: 1.227347731590271 and Accuracy: 0.4479837119579315
Finished epoch 38 with Loss: 1.225398302078247 and Accuracy: 0.4505091607570648
Finished epoch 39 with Loss: 1.2250499725341797 and Accuracy: 0.4505091607570648
Finished epoch 40 with Loss: 1.2219301462173462 and Accuracy: 0.4542566239833832
Finished epoch 41 with Loss: 1.2233562469482422 and Accuracy: 0.4480651617050171
Finished epoch 42 with Loss: 1.2207579612731934 and Accuracy: 0.4535234272480011
Finished epoch 43 with Loss: 1.2184172868728638 and Accuracy: 0.45547860860824585
Finished epoch 44 with Loss: 1.2203772068023682 and Accuracy: 0.45116090774536133
Finished epoch 45 with Loss: 1.216855525970459 and Accuracy: 0.4549083411693573
Finished epoch 46 with Loss: 1.2153853178024292 and Accuracy: 0.45824846625328064
Finished epoch 47 with Loss: 1.2177592515945435 and Accuracy: 0.4505091607570648
Finished epoch 48 with Loss: 1.2148445844650269 and Accuracy: 0.45433807373046875
Finished epoch 49 with Loss: 1.2124313116073608 and Accuracy: 0.45613035559654236
Finished epoch 50 with Loss: 1.2142778635025024 and Accuracy: 0.45865580439567566
Finished epoch 51 with Loss: 1.2129758596420288 and Accuracy: 0.4580855369567871
Finished epoch 52 with Loss: 1.207838535308838 and Accuracy: 0.461588591337204
Finished epoch 53 with Loss: 1.2055535316467285 and Accuracy: 0.4604480564594269
Finished epoch 54 with Loss: 1.2104936838150024 and Accuracy: 0.46167007088661194
Finished epoch 55 with Loss: 1.2058136463165283 and Accuracy: 0.4594704806804657
Finished epoch 56 with Loss: 1.2084382772445679 and Accuracy: 0.4564562141895294
Finished epoch 57 with Loss: 1.2086689472198486 and Accuracy: 0.45865580439567566
Finished epoch 58 with Loss: 1.2020297050476074 and Accuracy: 0.4651731252670288
Finished epoch 59 with Loss: 1.205045461654663 and Accuracy: 0.4608553946018219
Finished epoch 60 with Loss: 1.204430103302002 and Accuracy: 0.46329939365386963
Finished epoch 61 with Loss: 1.2048896551132202 and Accuracy: 0.46232178807258606
Finished epoch 62 with Loss: 1.2007180452346802 and Accuracy: 0.46460285782814026
Finished epoch 63 with Loss: 1.2017766237258911 and Accuracy: 0.46615070104599
Finished epoch 64 with Loss: 1.1999397277832031 and Accuracy: 0.46688389778137207
Finished epoch 65 with Loss: 1.202113389968872 and Accuracy: 0.4589816629886627
Finished epoch 66 with Loss: 1.19956374168396 and Accuracy: 0.46737271547317505
Finished epoch 67 with Loss: 1.1942342519760132 and Accuracy: 0.46965375542640686
Finished epoch 68 with Loss: 1.1954107284545898 and Accuracy: 0.46940937638282776
Finished epoch 69 with Loss: 1.1967085599899292 and Accuracy: 0.4708757698535919
Finished epoch 70 with Loss: 1.1976141929626465 and Accuracy: 0.46835029125213623
Finished epoch 71 with Loss: 1.1944403648376465 and Accuracy: 0.46623218059539795
Finished epoch 72 with Loss: 1.1977170705795288 and Accuracy: 0.47242361307144165
Finished epoch 73 with Loss: 1.1902689933776855 and Accuracy: 0.4727495014667511
Finished epoch 74 with Loss: 1.1919355392456055 and Accuracy: 0.4699796438217163
Finished epoch 75 with Loss: 1.1888235807418823 and Accuracy: 0.47788187861442566
Finished epoch 76 with Loss: 1.1907747983932495 and Accuracy: 0.46835029125213623
Finished epoch 77 with Loss: 1.1909770965576172 and Accuracy: 0.47494909167289734
Finished epoch 78 with Loss: 1.1903433799743652 and Accuracy: 0.4674541652202606
Finished epoch 79 with Loss: 1.1881791353225708 and Accuracy: 0.47657841444015503
Finished epoch 80 with Loss: 1.1881494522094727 and Accuracy: 0.4778003990650177
Finished epoch 81 with Loss: 1.1849511861801147 and Accuracy: 0.4784521460533142
Finished epoch 82 with Loss: 1.1877397298812866 and Accuracy: 0.47519347071647644
Finished epoch 83 with Loss: 1.1860920190811157 and Accuracy: 0.47584521770477295
Finished epoch 84 with Loss: 1.1852580308914185 and Accuracy: 0.4722606837749481
Finished epoch 85 with Loss: 1.1808254718780518 and Accuracy: 0.481629341840744
Finished epoch 86 with Loss: 1.1811630725860596 and Accuracy: 0.4786965250968933
Finished epoch 87 with Loss: 1.179845929145813 and Accuracy: 0.4821181297302246
Finished epoch 88 with Loss: 1.1806941032409668 and Accuracy: 0.4752749502658844
Finished epoch 89 with Loss: 1.1786980628967285 and Accuracy: 0.4789409339427948
Finished epoch 90 with Loss: 1.178771734237671 and Accuracy: 0.48268839716911316
Finished epoch 91 with Loss: 1.182716965675354 and Accuracy: 0.4759266674518585
Finished epoch 92 with Loss: 1.1770336627960205 and Accuracy: 0.48228105902671814
Finished epoch 93 with Loss: 1.17758309841156 and Accuracy: 0.4795926809310913
Finished epoch 94 with Loss: 1.1802775859832764 and Accuracy: 0.4828513264656067
Finished epoch 95 with Loss: 1.1770350933074951 and Accuracy: 0.48016291856765747
Finished epoch 96 with Loss: 1.1746121644973755 and Accuracy: 0.48871690034866333
Finished epoch 97 with Loss: 1.1783759593963623 and Accuracy: 0.4823625385761261
Finished epoch 98 with Loss: 1.1766643524169922 and Accuracy: 0.47796332836151123
Finished epoch 99 with Loss: 1.1724358797073364 and Accuracy: 0.4837474524974823
Finished epoch 100 with Loss: 1.1746463775634766 and Accuracy: 0.4809775948524475
Finished epoch 101 with Loss: 1.1739519834518433 and Accuracy: 0.481629341840744
Finished epoch 102 with Loss: 1.1730939149856567 and Accuracy: 0.4835030436515808
Finished epoch 103 with Loss: 1.17013418674469 and Accuracy: 0.48545825481414795
Finished epoch 104 with Loss: 1.1738367080688477 and Accuracy: 0.48317718505859375
Finished epoch 105 with Loss: 1.1676499843597412 and Accuracy: 0.4910794198513031
Finished epoch 106 with Loss: 1.16780424118042 and Accuracy: 0.49116089940071106
Finished epoch 107 with Loss: 1.1679531335830688 and Accuracy: 0.49164968729019165
Finished epoch 108 with Loss: 1.1672375202178955 and Accuracy: 0.48839104175567627
Finished epoch 109 with Loss: 1.1673071384429932 and Accuracy: 0.4896945059299469
Finished epoch 110 with Loss: 1.1684256792068481 and Accuracy: 0.4830142557621002
Finished epoch 111 with Loss: 1.1630045175552368 and Accuracy: 0.4883095622062683
Finished epoch 112 with Loss: 1.1686562299728394 and Accuracy: 0.4899389147758484
Finished epoch 113 with Loss: 1.1677261590957642 and Accuracy: 0.4851323962211609
Finished epoch 114 with Loss: 1.1637818813323975 and Accuracy: 0.4913238286972046
Finished epoch 115 with Loss: 1.1625046730041504 and Accuracy: 0.4917311668395996
Finished epoch 116 with Loss: 1.1648902893066406 and Accuracy: 0.49075356125831604
Finished epoch 117 with Loss: 1.1609872579574585 and Accuracy: 0.4879022538661957
Finished epoch 118 with Loss: 1.1612536907196045 and Accuracy: 0.4927087724208832
Finished epoch 119 with Loss: 1.165303349494934 and Accuracy: 0.48822811245918274
Finished epoch 120 with Loss: 1.1585241556167603 and Accuracy: 0.49417516589164734
Finished epoch 121 with Loss: 1.160589575767517 and Accuracy: 0.4938492774963379
Finished epoch 122 with Loss: 1.1603736877441406 and Accuracy: 0.49279022216796875
Finished epoch 123 with Loss: 1.1655536890029907 and Accuracy: 0.4887983798980713
Finished epoch 124 with Loss: 1.1588233709335327 and Accuracy: 0.4880651831626892
Finished epoch 125 with Loss: 1.1576589345932007 and Accuracy: 0.49539715051651
Finished epoch 126 with Loss: 1.1566306352615356 and Accuracy: 0.5034623146057129
Finished epoch 127 with Loss: 1.1591717004776 and Accuracy: 0.49279022216796875
Finished epoch 128 with Loss: 1.1579705476760864 and Accuracy: 0.4958859384059906
Finished epoch 129 with Loss: 1.158780574798584 and Accuracy: 0.49531567096710205
Finished epoch 130 with Loss: 1.1567150354385376 and Accuracy: 0.4997963309288025
Finished epoch 131 with Loss: 1.1553510427474976 and Accuracy: 0.490346223115921
Finished epoch 132 with Loss: 1.155534267425537 and Accuracy: 0.49433809518814087
Finished epoch 133 with Loss: 1.1526575088500977 and Accuracy: 0.4993075430393219
Finished epoch 134 with Loss: 1.1512517929077148 and Accuracy: 0.5019144415855408
Finished epoch 135 with Loss: 1.1540195941925049 and Accuracy: 0.4937678277492523
Finished epoch 136 with Loss: 1.1517611742019653 and Accuracy: 0.4976782202720642
Finished epoch 137 with Loss: 1.1510664224624634 and Accuracy: 0.49947047233581543
Finished epoch 138 with Loss: 1.1534178256988525 and Accuracy: 0.4981670081615448
Finished epoch 139 with Loss: 1.1547787189483643 and Accuracy: 0.4961303472518921
Finished epoch 140 with Loss: 1.15218985080719 and Accuracy: 0.49987781047821045
Finished epoch 141 with Loss: 1.1501224040985107 and Accuracy: 0.5029734969139099
Finished epoch 142 with Loss: 1.150721788406372 and Accuracy: 0.49556007981300354
Finished epoch 143 with Loss: 1.151351809501648 and Accuracy: 0.4977596700191498
Finished epoch 144 with Loss: 1.1466964483261108 and Accuracy: 0.5002851486206055
Finished epoch 145 with Loss: 1.1454578638076782 and Accuracy: 0.5042769908905029
Finished epoch 146 with Loss: 1.1458970308303833 and Accuracy: 0.5013442039489746
Finished epoch 147 with Loss: 1.1480106115341187 and Accuracy: 0.49368634819984436
Finished epoch 148 with Loss: 1.147086262702942 and Accuracy: 0.5016700625419617
Finished epoch 149 with Loss: 1.1429369449615479 and Accuracy: 0.5021588802337646
Finished epoch 150 with Loss: 1.1503756046295166 and Accuracy: 0.49938899278640747
Accuracy: 0.49Accuracy: 0.49Accuracy: 0.49Accuracy: 0.49Accuracy: 0.49Accuracy: 0.49Accuracy: 0.49Accuracy: 0.49Accuracy: 0.49Accuracy: 0.49Accuracy: 0.49Accuracy: 0.49Accuracy: 0.49Accuracy: 0.49Accuracy: 0.49Accuracy: 0.49Accuracy: 0.49Accuracy: 0.49Accuracy: 0.49Accuracy: 0.49Accuracy: 0.49Accuracy: 0.49Accuracy: 0.49Accuracy: 0.49Accuracy: 0.49Accuracy: 0.49Accuracy: 0.49Accuracy: 0.49Accuracy: 0.49Accuracy: 0.49Accuracy: 0.49Accuracy: 0.49Accuracy: 0.49Accuracy: 0.49Accuracy: 0.49Accuracy: 0.49Accuracy: 0.49Accuracy: 0.49Accuracy: 0.49Accuracy: 0.49Accuracy: 0.49Accuracy: 0.49Accuracy: 0.49Accuracy: 0.49Accuracy: 0.49Accuracy: 0.49Accuracy: 0.49Accuracy: 0.49Accuracy: 0.49Accuracy: 0.49Accuracy: 0.49Accuracy: 0.49Accuracy: 0.49Accuracy: 0.49Accuracy: 0.49Accuracy: 0.49Accuracy: 0.49Accuracy: 0.49Accuracy: 0.49Accuracy: 0.49Accuracy: 0.49Accuracy: 0.49Accuracy: 0.49Accuracy: 0.49Accuracy: 0.49Accuracy: 0.49Accuracy: 0.49Accuracy: 0.49Accuracy: 0.49Accuracy: 0.49Accuracy: 0.49Accuracy: 0.49Accuracy: 0.49Accuracy: 0.49Accuracy: 0.49Accuracy: 0.49Accuracy: 0.49Accuracy: 0.49Accuracy: 0.49Accuracy: 0.49Accuracy: 0.49Accuracy: 0.49Accuracy: 0.49Accuracy: 0.49Accuracy: 0.49Accuracy: 0.49Accuracy: 0.49Accuracy: 0.49Accuracy: 0.49Accuracy: 0.49Accuracy: 0.49Accuracy: 0.49Accuracy: 0.49Accuracy: 0.49Accuracy: 0.49Accuracy: 0.49Accuracy: 0.49Accuracy: 0.49Accuracy: 0.49Accuracy: 0.49
Performing K-Fold 5
Finished epoch 1 with Loss: 1.3751928806304932 and Accuracy: 0.2879837155342102
Finished epoch 2 with Loss: 1.3644746541976929 and Accuracy: 0.3072097897529602
Finished epoch 3 with Loss: 1.350393295288086 and Accuracy: 0.3361303508281708
Finished epoch 4 with Loss: 1.327171802520752 and Accuracy: 0.3662729263305664
Finished epoch 5 with Loss: 1.3015964031219482 and Accuracy: 0.3978818655014038
Finished epoch 6 with Loss: 1.286151647567749 and Accuracy: 0.40602850914001465
Finished epoch 7 with Loss: 1.2766515016555786 and Accuracy: 0.4146639406681061
Finished epoch 8 with Loss: 1.2729746103286743 and Accuracy: 0.4150712788105011
Finished epoch 9 with Loss: 1.2659616470336914 and Accuracy: 0.4202851355075836
Finished epoch 10 with Loss: 1.2627997398376465 and Accuracy: 0.4262321889400482
Finished epoch 11 with Loss: 1.2577513456344604 and Accuracy: 0.42688390612602234
Finished epoch 12 with Loss: 1.2574214935302734 and Accuracy: 0.42867615818977356
Finished epoch 13 with Loss: 1.2525219917297363 and Accuracy: 0.42981669306755066
Finished epoch 14 with Loss: 1.2527997493743896 and Accuracy: 0.429002046585083
Finished epoch 15 with Loss: 1.2494066953659058 and Accuracy: 0.43095722794532776
Finished epoch 16 with Loss: 1.2450352907180786 and Accuracy: 0.43714869022369385
Finished epoch 17 with Loss: 1.2473334074020386 and Accuracy: 0.43560081720352173
Finished epoch 18 with Loss: 1.246979832649231 and Accuracy: 0.43299388885498047
Finished epoch 19 with Loss: 1.2435712814331055 and Accuracy: 0.4395926594734192
Finished epoch 20 with Loss: 1.243918776512146 and Accuracy: 0.43421587347984314
Finished epoch 21 with Loss: 1.2404735088348389 and Accuracy: 0.4358452260494232
Finished epoch 22 with Loss: 1.2426023483276367 and Accuracy: 0.4345417618751526
Finished epoch 23 with Loss: 1.2411354780197144 and Accuracy: 0.43674135208129883
Finished epoch 24 with Loss: 1.2391165494918823 and Accuracy: 0.43877801299095154
Finished epoch 25 with Loss: 1.2375292778015137 and Accuracy: 0.44146639108657837
Finished epoch 26 with Loss: 1.2379168272018433 and Accuracy: 0.438615083694458
Finished epoch 27 with Loss: 1.237284541130066 and Accuracy: 0.44171079993247986
Finished epoch 28 with Loss: 1.2393287420272827 and Accuracy: 0.4351934790611267
Finished epoch 29 with Loss: 1.2358084917068481 and Accuracy: 0.4406517446041107
Finished epoch 30 with Loss: 1.238887906074524 and Accuracy: 0.4412219822406769
Finished epoch 31 with Loss: 1.2343461513519287 and Accuracy: 0.4436659812927246
Finished epoch 32 with Loss: 1.2360118627548218 and Accuracy: 0.4384521245956421
Finished epoch 33 with Loss: 1.2331228256225586 and Accuracy: 0.4416293203830719
Finished epoch 34 with Loss: 1.2328498363494873 and Accuracy: 0.44244399666786194
Finished epoch 35 with Loss: 1.2294117212295532 and Accuracy: 0.4468431770801544
Finished epoch 36 with Loss: 1.2302969694137573 and Accuracy: 0.44765785336494446
Finished epoch 37 with Loss: 1.2299460172653198 and Accuracy: 0.44374746084213257
Finished epoch 38 with Loss: 1.2287265062332153 and Accuracy: 0.4461914598941803
Finished epoch 39 with Loss: 1.2287696599960327 and Accuracy: 0.4454582631587982
Finished epoch 40 with Loss: 1.2292309999465942 and Accuracy: 0.4421181380748749
Finished epoch 41 with Loss: 1.2283769845962524 and Accuracy: 0.44676169753074646
Finished epoch 42 with Loss: 1.2269924879074097 and Accuracy: 0.44334012269973755
Finished epoch 43 with Loss: 1.2280101776123047 and Accuracy: 0.4469246566295624
Finished epoch 44 with Loss: 1.2246071100234985 and Accuracy: 0.44659876823425293
Finished epoch 45 with Loss: 1.2251086235046387 and Accuracy: 0.4457841217517853
Finished epoch 46 with Loss: 1.2210869789123535 and Accuracy: 0.44904276728630066
Finished epoch 47 with Loss: 1.2184512615203857 and Accuracy: 0.4516496956348419
Finished epoch 48 with Loss: 1.2198524475097656 and Accuracy: 0.4507535696029663
Finished epoch 49 with Loss: 1.2227224111557007 and Accuracy: 0.45156821608543396
Finished epoch 50 with Loss: 1.22107994556427 and Accuracy: 0.45336049795150757
Finished epoch 51 with Loss: 1.2197426557540894 and Accuracy: 0.4509979486465454
Finished epoch 52 with Loss: 1.2209800481796265 and Accuracy: 0.44977596402168274
Finished epoch 53 with Loss: 1.2196389436721802 and Accuracy: 0.44887983798980713
Finished epoch 54 with Loss: 1.2178341150283813 and Accuracy: 0.44928717613220215
Finished epoch 55 with Loss: 1.2204827070236206 and Accuracy: 0.4498574435710907
Finished epoch 56 with Loss: 1.217846393585205 and Accuracy: 0.45344194769859314
Finished epoch 57 with Loss: 1.2146499156951904 and Accuracy: 0.45140528678894043
Finished epoch 58 with Loss: 1.216130256652832 and Accuracy: 0.4544195532798767
Finished epoch 59 with Loss: 1.2171496152877808 and Accuracy: 0.45450103282928467
Finished epoch 60 with Loss: 1.2149771451950073 and Accuracy: 0.45458248257637024
Finished epoch 61 with Loss: 1.2158092260360718 and Accuracy: 0.4503462314605713
Finished epoch 62 with Loss: 1.2127702236175537 and Accuracy: 0.4528716802597046
Finished epoch 63 with Loss: 1.2170461416244507 and Accuracy: 0.45230141282081604
Finished epoch 64 with Loss: 1.2121562957763672 and Accuracy: 0.4571894109249115
Finished epoch 65 with Loss: 1.2121657133102417 and Accuracy: 0.45482689142227173
Finished epoch 66 with Loss: 1.2138404846191406 and Accuracy: 0.45140528678894043
Finished epoch 67 with Loss: 1.2082992792129517 and Accuracy: 0.46093687415122986
Finished epoch 68 with Loss: 1.208905816078186 and Accuracy: 0.45661914348602295
Finished epoch 69 with Loss: 1.2088478803634644 and Accuracy: 0.45841139554977417
Finished epoch 70 with Loss: 1.2109535932540894 and Accuracy: 0.45588594675064087
Finished epoch 71 with Loss: 1.205459713935852 and Accuracy: 0.46191444993019104
Finished epoch 72 with Loss: 1.203047275543213 and Accuracy: 0.4601221978664398
Finished epoch 73 with Loss: 1.2066072225570679 and Accuracy: 0.45686355233192444
Finished epoch 74 with Loss: 1.2068737745285034 and Accuracy: 0.45963340997695923
Finished epoch 75 with Loss: 1.205060362815857 and Accuracy: 0.4544195532798767
Finished epoch 76 with Loss: 1.2005456686019897 and Accuracy: 0.4645213782787323
Finished epoch 77 with Loss: 1.205450177192688 and Accuracy: 0.4604480564594269
Finished epoch 78 with Loss: 1.202620506286621 and Accuracy: 0.46256619691848755
Finished epoch 79 with Loss: 1.2050352096557617 and Accuracy: 0.46215885877609253
Finished epoch 80 with Loss: 1.2004587650299072 and Accuracy: 0.46460285782814026
Finished epoch 81 with Loss: 1.2038596868515015 and Accuracy: 0.4608553946018219
Finished epoch 82 with Loss: 1.2001614570617676 and Accuracy: 0.46142566204071045
Finished epoch 83 with Loss: 1.2012059688568115 and Accuracy: 0.46370673179626465
Finished epoch 84 with Loss: 1.2007734775543213 and Accuracy: 0.46484723687171936
Finished epoch 85 with Loss: 1.199957013130188 and Accuracy: 0.46281057596206665
Finished epoch 86 with Loss: 1.1964231729507446 and Accuracy: 0.46346232295036316
Finished epoch 87 with Loss: 1.1989285945892334 and Accuracy: 0.4672097861766815
Finished epoch 88 with Loss: 1.1953175067901611 and Accuracy: 0.46900203824043274
Finished epoch 89 with Loss: 1.1970722675323486 and Accuracy: 0.4654175043106079
Finished epoch 90 with Loss: 1.1957675218582153 and Accuracy: 0.47038695216178894
Finished epoch 91 with Loss: 1.1946454048156738 and Accuracy: 0.4672912359237671
Finished epoch 92 with Loss: 1.1969853639602661 and Accuracy: 0.46484723687171936
Finished epoch 93 with Loss: 1.1917634010314941 and Accuracy: 0.4736456274986267
Finished epoch 94 with Loss: 1.1913448572158813 and Accuracy: 0.4690835177898407
Finished epoch 95 with Loss: 1.1912994384765625 and Accuracy: 0.47054991126060486
Finished epoch 96 with Loss: 1.1938995122909546 and Accuracy: 0.4707128405570984
Finished epoch 97 with Loss: 1.193537950515747 and Accuracy: 0.47266802191734314
Finished epoch 98 with Loss: 1.1890416145324707 and Accuracy: 0.4748676121234894
Finished epoch 99 with Loss: 1.1912119388580322 and Accuracy: 0.47315680980682373
Finished epoch 100 with Loss: 1.1937164068222046 and Accuracy: 0.47030550241470337
Finished epoch 101 with Loss: 1.1883360147476196 and Accuracy: 0.4684317708015442
Finished epoch 102 with Loss: 1.1853611469268799 and Accuracy: 0.47421589493751526
Finished epoch 103 with Loss: 1.187678575515747 and Accuracy: 0.47079429030418396
Finished epoch 104 with Loss: 1.190272331237793 and Accuracy: 0.4732382893562317
Finished epoch 105 with Loss: 1.188462734222412 and Accuracy: 0.472016304731369
Finished epoch 106 with Loss: 1.1875956058502197 and Accuracy: 0.47103869915008545
Finished epoch 107 with Loss: 1.1872014999389648 and Accuracy: 0.47331976890563965
Finished epoch 108 with Loss: 1.1849112510681152 and Accuracy: 0.4734826982021332
Finished epoch 109 with Loss: 1.1871763467788696 and Accuracy: 0.47291243076324463
Finished epoch 110 with Loss: 1.1830980777740479 and Accuracy: 0.4804888069629669
Finished epoch 111 with Loss: 1.181086540222168 and Accuracy: 0.4770672023296356
Finished epoch 112 with Loss: 1.180959939956665 and Accuracy: 0.4729938805103302
Finished epoch 113 with Loss: 1.1823523044586182 and Accuracy: 0.47877800464630127
Finished epoch 114 with Loss: 1.1856203079223633 and Accuracy: 0.4743788242340088
Finished epoch 115 with Loss: 1.1836742162704468 and Accuracy: 0.47837066650390625
Finished epoch 116 with Loss: 1.1839624643325806 and Accuracy: 0.47608962655067444
Finished epoch 117 with Loss: 1.1775972843170166 and Accuracy: 0.4791853427886963
Finished epoch 118 with Loss: 1.1754026412963867 and Accuracy: 0.4832586646080017
Finished epoch 119 with Loss: 1.1809914112091064 and Accuracy: 0.4773930609226227
Finished epoch 120 with Loss: 1.181604266166687 and Accuracy: 0.4759266674518585
Finished epoch 121 with Loss: 1.181395411491394 and Accuracy: 0.47837066650390625
Finished epoch 122 with Loss: 1.1766849756240845 and Accuracy: 0.4784521460533142
Finished epoch 123 with Loss: 1.1771587133407593 and Accuracy: 0.47698575258255005
Finished epoch 124 with Loss: 1.1775903701782227 and Accuracy: 0.48480650782585144
Finished epoch 125 with Loss: 1.17643404006958 and Accuracy: 0.47861507534980774
Finished epoch 126 with Loss: 1.1741433143615723 and Accuracy: 0.48252546787261963
Finished epoch 127 with Loss: 1.1761926412582397 and Accuracy: 0.48382893204689026
Finished epoch 128 with Loss: 1.1757566928863525 and Accuracy: 0.4803258776664734
Finished epoch 129 with Loss: 1.174178957939148 and Accuracy: 0.48749491572380066
Finished epoch 130 with Loss: 1.1747251749038696 and Accuracy: 0.4835030436515808
Finished epoch 131 with Loss: 1.1738643646240234 and Accuracy: 0.48244398832321167
Finished epoch 132 with Loss: 1.1781299114227295 and Accuracy: 0.47723013162612915
Finished epoch 133 with Loss: 1.171268105506897 and Accuracy: 0.48431771993637085
Finished epoch 134 with Loss: 1.1705070734024048 and Accuracy: 0.4817107915878296
Finished epoch 135 with Loss: 1.173181414604187 and Accuracy: 0.4803258776664734
Finished epoch 136 with Loss: 1.1686445474624634 and Accuracy: 0.48480650782585144
Finished epoch 137 with Loss: 1.1709142923355103 and Accuracy: 0.48268839716911316
Finished epoch 138 with Loss: 1.1694666147232056 and Accuracy: 0.48570263385772705
Finished epoch 139 with Loss: 1.1745702028274536 and Accuracy: 0.4869246482849121
Finished epoch 140 with Loss: 1.1702278852462769 and Accuracy: 0.48610997200012207
Finished epoch 141 with Loss: 1.1654056310653687 and Accuracy: 0.4876578450202942
Finished epoch 142 with Loss: 1.1678202152252197 and Accuracy: 0.4924643635749817
Finished epoch 143 with Loss: 1.1663734912872314 and Accuracy: 0.49050915241241455
Finished epoch 144 with Loss: 1.168869137763977 and Accuracy: 0.48798370361328125
Finished epoch 145 with Loss: 1.1712427139282227 and Accuracy: 0.4830142557621002
Finished epoch 146 with Loss: 1.166847586631775 and Accuracy: 0.4876578450202942
Finished epoch 147 with Loss: 1.168005108833313 and Accuracy: 0.4901018440723419
Finished epoch 148 with Loss: 1.1664104461669922 and Accuracy: 0.4917311668395996
Finished epoch 149 with Loss: 1.1661986112594604 and Accuracy: 0.49067211151123047
Finished epoch 150 with Loss: 1.1647368669509888 and Accuracy: 0.49067211151123047
Accuracy: 0.52Accuracy: 0.52Accuracy: 0.52Accuracy: 0.52Accuracy: 0.52Accuracy: 0.52Accuracy: 0.52Accuracy: 0.52Accuracy: 0.52Accuracy: 0.52Accuracy: 0.52Accuracy: 0.52Accuracy: 0.52Accuracy: 0.52Accuracy: 0.52Accuracy: 0.52Accuracy: 0.52Accuracy: 0.52Accuracy: 0.52Accuracy: 0.52Accuracy: 0.52Accuracy: 0.52Accuracy: 0.52Accuracy: 0.52Accuracy: 0.52Accuracy: 0.52Accuracy: 0.52Accuracy: 0.52Accuracy: 0.52Accuracy: 0.52Accuracy: 0.52Accuracy: 0.52Accuracy: 0.52Accuracy: 0.52Accuracy: 0.52Accuracy: 0.52Accuracy: 0.52Accuracy: 0.52Accuracy: 0.52Accuracy: 0.52Accuracy: 0.52Accuracy: 0.52Accuracy: 0.52Accuracy: 0.52Accuracy: 0.52Accuracy: 0.52Accuracy: 0.52Accuracy: 0.52Accuracy: 0.52Accuracy: 0.52Accuracy: 0.52Accuracy: 0.52Accuracy: 0.52Accuracy: 0.52Accuracy: 0.52Accuracy: 0.52Accuracy: 0.52Accuracy: 0.52Accuracy: 0.52Accuracy: 0.52Accuracy: 0.52Accuracy: 0.52Accuracy: 0.52Accuracy: 0.52Accuracy: 0.52Accuracy: 0.52Accuracy: 0.52Accuracy: 0.52Accuracy: 0.52Accuracy: 0.52Accuracy: 0.52Accuracy: 0.52Accuracy: 0.52Accuracy: 0.52Accuracy: 0.52Accuracy: 0.52Accuracy: 0.52Accuracy: 0.52Accuracy: 0.52Accuracy: 0.52Accuracy: 0.52Accuracy: 0.52Accuracy: 0.52Accuracy: 0.52Accuracy: 0.52Accuracy: 0.52Accuracy: 0.52Accuracy: 0.52Accuracy: 0.52Accuracy: 0.52Accuracy: 0.52Accuracy: 0.52Accuracy: 0.52Accuracy: 0.52Accuracy: 0.52Accuracy: 0.52Accuracy: 0.52Accuracy: 0.52Accuracy: 0.52Accuracy: 0.52
Accuracy: 50.94

------------------------------------------------------------
Sender: LSF System <lsfadmin@n3h39>
Subject: Job 345494[7]: <job_arr[4-9]> in cluster <henry2> Done

Job <job_arr[4-9]> was submitted from host <login03> by user <mjhouk> in cluster <henry2> at Tue Jul  6 03:13:06 2021
Job was executed on host(s) <n3h39>, in queue <gpu>, as user <mjhouk> in cluster <henry2> at Tue Jul  6 20:23:13 2021
</home/mjhouk> was used as the home directory.
</home/mjhouk/MB3DCNN/Groups> was used as the working directory.
Started at Tue Jul  6 20:23:13 2021
Terminated at Tue Jul  6 22:48:38 2021
Results reported at Tue Jul  6 22:48:38 2021

Your job looked like:

------------------------------------------------------------
# LSBATCH: User input
#!/bin/csh

#BSUB -J job_arr[4-9]
#BSUB -x
#BSUB -R "span[hosts=1]"
#BSUB -W 900
#BSUB -q gpu
#BSUB -R "select[p100]"
#BSUB -gpu "num=1:mode=shared:mps=yes"
#BSUB -o ./out/trial-%I-%J.out
#BSUB -e ./out/trial-%I-%J.err

set run = true
set gpu = "`nvidia-smi --query-gpu=gpu_name --format=csv,noheader`"
echo "Found $gpu GPU"
if ( "$gpu" =~ *"K20m"* ) then
	set cuda_cmd = "module load cuda/10.1"
	set env_cmd = "conda activate tf220_py377"
else if ( "$gpu" =~ *"P100"* ) then
	set cuda_cmd = "module load cuda/11.0"
	set env_cmd = "conda activate tf241_py377"
else if ( "$gpu" =~ *"GTX 1080"* ) then
	set cuda_cmd = "module load cuda/11.0"
	set env_cmd = "conda activate tf241_py377"
else if ( "$gpu" =~ *"RTX 2080"* ) then
	set cuda_cmd = "module load cuda/11.0"
	set env_cmd = "conda activate tf241_py377"
else 
	set run = false
endif

if ( "$run" =~ true ) then

	echo "Loading libraries"

	eval $env_cmd
	eval $cuda_cmd

	setenv OMP_NUM_THREADS 2

	echo "Running OAT Trial $LSB_JOBINDEX with ID $LSB_JOBID"
	python runMotor.py ${LSB_JOBINDEX} ${LSB_JOBID}

else

	echo "GPU not available, cancelling job for OAT Trial $LSB_JOBINDEX"	

endif


------------------------------------------------------------

Successfully completed.

Resource usage summary:

    CPU time :                                   10912.00 sec.
    Max Memory :                                 24792.85 MB
    Average Memory :                             22444.99 MB
    Total Requested Memory :                     -
    Delta Memory :                               -
    Max Swap :                                   128 KB
    Max Processes :                              4
    Max Threads :                                121
    Run time :                                   8743 sec.
    Turnaround time :                            70532 sec.

The output (if any) is above this job summary.



PS:

Read file <./out/trial-7-345494.err> for stderr output of this job.

