Found Tesla P100-PCIE-16GB GPU
Loading libraries
Running OAT Trial 6 with ID 345494
Verifying thread usage params
Intra Op Threads:	 0
Inter Op Threads:	 0
Performing K-Fold 1
Finished epoch 1 with Loss: 1.3845574855804443 and Accuracy: 0.2734234929084778
Finished epoch 2 with Loss: 1.374070405960083 and Accuracy: 0.2982727587223053
Finished epoch 3 with Loss: 1.3688825368881226 and Accuracy: 0.306990385055542
Finished epoch 4 with Loss: 1.3634426593780518 and Accuracy: 0.32515886425971985
Finished epoch 5 with Loss: 1.3529338836669922 and Accuracy: 0.3454456627368927
Finished epoch 6 with Loss: 1.333875298500061 and Accuracy: 0.36646568775177
Finished epoch 7 with Loss: 1.3175066709518433 and Accuracy: 0.3828417658805847
Finished epoch 8 with Loss: 1.304103136062622 and Accuracy: 0.39661070704460144
Finished epoch 9 with Loss: 1.2945194244384766 and Accuracy: 0.40483948588371277
Finished epoch 10 with Loss: 1.2824023962020874 and Accuracy: 0.4089946150779724
Finished epoch 11 with Loss: 1.2740459442138672 and Accuracy: 0.420971155166626
Finished epoch 12 with Loss: 1.267016053199768 and Accuracy: 0.42439302802085876
Finished epoch 13 with Loss: 1.2613213062286377 and Accuracy: 0.430747926235199
Finished epoch 14 with Loss: 1.2544804811477661 and Accuracy: 0.4344956874847412
Finished epoch 15 with Loss: 1.2517774105072021 and Accuracy: 0.44231709837913513
Finished epoch 16 with Loss: 1.2471697330474854 and Accuracy: 0.4419912099838257
Finished epoch 17 with Loss: 1.242997646331787 and Accuracy: 0.44932377338409424
Finished epoch 18 with Loss: 1.2379539012908936 and Accuracy: 0.4479387402534485
Finished epoch 19 with Loss: 1.2372452020645142 and Accuracy: 0.4506273567676544
Finished epoch 20 with Loss: 1.2352157831192017 and Accuracy: 0.4544565677642822
Finished epoch 21 with Loss: 1.2307775020599365 and Accuracy: 0.45673781633377075
Finished epoch 22 with Loss: 1.2301081418991089 and Accuracy: 0.45250120759010315
Finished epoch 23 with Loss: 1.2275152206420898 and Accuracy: 0.4561675190925598
Finished epoch 24 with Loss: 1.2290253639221191 and Accuracy: 0.4566563367843628
Finished epoch 25 with Loss: 1.22426176071167 and Accuracy: 0.4595893621444702
Finished epoch 26 with Loss: 1.222968339920044 and Accuracy: 0.45950791239738464
Finished epoch 27 with Loss: 1.2216999530792236 and Accuracy: 0.46056705713272095
Finished epoch 28 with Loss: 1.2199703454971313 and Accuracy: 0.4594264328479767
Finished epoch 29 with Loss: 1.2184197902679443 and Accuracy: 0.46374449133872986
Finished epoch 30 with Loss: 1.2190923690795898 and Accuracy: 0.4619520902633667
Finished epoch 31 with Loss: 1.2161563634872437 and Accuracy: 0.4661886990070343
Finished epoch 32 with Loss: 1.2163211107254028 and Accuracy: 0.4600782096385956
Finished epoch 33 with Loss: 1.2149161100387573 and Accuracy: 0.4619520902633667
Finished epoch 34 with Loss: 1.2108567953109741 and Accuracy: 0.465129554271698
Finished epoch 35 with Loss: 1.2121549844741821 and Accuracy: 0.46887731552124023
Finished epoch 36 with Loss: 1.2106547355651855 and Accuracy: 0.46716636419296265
Finished epoch 37 with Loss: 1.2091344594955444 and Accuracy: 0.46569985151290894
Finished epoch 38 with Loss: 1.2083866596221924 and Accuracy: 0.46309271454811096
Finished epoch 39 with Loss: 1.2089923620224 and Accuracy: 0.46529248356819153
Finished epoch 40 with Loss: 1.2081458568572998 and Accuracy: 0.46692195534706116
Finished epoch 41 with Loss: 1.2046620845794678 and Accuracy: 0.4681440591812134
Finished epoch 42 with Loss: 1.2059890031814575 and Accuracy: 0.4698549807071686
Finished epoch 43 with Loss: 1.2023519277572632 and Accuracy: 0.46887731552124023
Finished epoch 44 with Loss: 1.2041175365447998 and Accuracy: 0.4713214933872223
Finished epoch 45 with Loss: 1.2020894289016724 and Accuracy: 0.4697735011577606
Finished epoch 46 with Loss: 1.1996430158615112 and Accuracy: 0.47286948561668396
Finished epoch 47 with Loss: 1.1992466449737549 and Accuracy: 0.4698549807071686
Finished epoch 48 with Loss: 1.1996455192565918 and Accuracy: 0.47115853428840637
Finished epoch 49 with Loss: 1.197169542312622 and Accuracy: 0.4708326458930969
Finished epoch 50 with Loss: 1.1990408897399902 and Accuracy: 0.46904024481773376
Finished epoch 51 with Loss: 1.2003116607666016 and Accuracy: 0.4719732701778412
Finished epoch 52 with Loss: 1.1971720457077026 and Accuracy: 0.4750692546367645
Finished epoch 53 with Loss: 1.195425033569336 and Accuracy: 0.4771060645580292
Finished epoch 54 with Loss: 1.1931596994400024 and Accuracy: 0.4772690236568451
Finished epoch 55 with Loss: 1.1896216869354248 and Accuracy: 0.4796317517757416
Finished epoch 56 with Loss: 1.192236065864563 and Accuracy: 0.47718754410743713
Finished epoch 57 with Loss: 1.191367506980896 and Accuracy: 0.4789799451828003
Finished epoch 58 with Loss: 1.19203782081604 and Accuracy: 0.47612839937210083
Finished epoch 59 with Loss: 1.187430500984192 and Accuracy: 0.4802835285663605
Finished epoch 60 with Loss: 1.1895668506622314 and Accuracy: 0.47563955187797546
Finished epoch 61 with Loss: 1.1872541904449463 and Accuracy: 0.4768616557121277
Finished epoch 62 with Loss: 1.1894707679748535 and Accuracy: 0.475395143032074
Finished epoch 63 with Loss: 1.190200924873352 and Accuracy: 0.47694313526153564
Finished epoch 64 with Loss: 1.183477520942688 and Accuracy: 0.4812611937522888
Finished epoch 65 with Loss: 1.184850811958313 and Accuracy: 0.47987616062164307
Finished epoch 66 with Loss: 1.1856998205184937 and Accuracy: 0.47946879267692566
Finished epoch 67 with Loss: 1.1839953660964966 and Accuracy: 0.4787355363368988
Finished epoch 68 with Loss: 1.185325026512146 and Accuracy: 0.4775134325027466
Finished epoch 69 with Loss: 1.1822344064712524 and Accuracy: 0.479957640171051
Finished epoch 70 with Loss: 1.1780809164047241 and Accuracy: 0.4806908965110779
Finished epoch 71 with Loss: 1.1812405586242676 and Accuracy: 0.47906142473220825
Finished epoch 72 with Loss: 1.1808243989944458 and Accuracy: 0.48158708214759827
Finished epoch 73 with Loss: 1.180141568183899 and Accuracy: 0.48158708214759827
Finished epoch 74 with Loss: 1.1760766506195068 and Accuracy: 0.4836239218711853
Finished epoch 75 with Loss: 1.1784611940383911 and Accuracy: 0.48566073179244995
Finished epoch 76 with Loss: 1.1767364740371704 and Accuracy: 0.48761609196662903
Finished epoch 77 with Loss: 1.1756694316864014 and Accuracy: 0.48606809973716736
Finished epoch 78 with Loss: 1.17569100856781 and Accuracy: 0.4887567162513733
Finished epoch 79 with Loss: 1.1781245470046997 and Accuracy: 0.48142415285110474
Finished epoch 80 with Loss: 1.1770339012145996 and Accuracy: 0.48158708214759827
Finished epoch 81 with Loss: 1.1756008863449097 and Accuracy: 0.4861495792865753
Finished epoch 82 with Loss: 1.171773076057434 and Accuracy: 0.4840312898159027
Finished epoch 83 with Loss: 1.1729248762130737 and Accuracy: 0.48737168312072754
Finished epoch 84 with Loss: 1.1707059144973755 and Accuracy: 0.4895714521408081
Finished epoch 85 with Loss: 1.1730821132659912 and Accuracy: 0.48671990633010864
Finished epoch 86 with Loss: 1.171505093574524 and Accuracy: 0.4854978024959564
Finished epoch 87 with Loss: 1.1701748371124268 and Accuracy: 0.4889196753501892
Finished epoch 88 with Loss: 1.1685771942138672 and Accuracy: 0.49136385321617126
Finished epoch 89 with Loss: 1.1648825407028198 and Accuracy: 0.492748886346817
Finished epoch 90 with Loss: 1.1651287078857422 and Accuracy: 0.49462276697158813
Finished epoch 91 with Loss: 1.168346643447876 and Accuracy: 0.4894084930419922
Finished epoch 92 with Loss: 1.1668542623519897 and Accuracy: 0.4932377338409424
Finished epoch 93 with Loss: 1.1632972955703735 and Accuracy: 0.494867205619812
Finished epoch 94 with Loss: 1.16519033908844 and Accuracy: 0.4914453327655792
Finished epoch 95 with Loss: 1.1610288619995117 and Accuracy: 0.4925859570503235
Finished epoch 96 with Loss: 1.1671847105026245 and Accuracy: 0.494867205619812
Finished epoch 97 with Loss: 1.1628570556640625 and Accuracy: 0.4940524697303772
Finished epoch 98 with Loss: 1.161969542503357 and Accuracy: 0.49307480454444885
Finished epoch 99 with Loss: 1.1622159481048584 and Accuracy: 0.49503013491630554
Finished epoch 100 with Loss: 1.1627318859100342 and Accuracy: 0.4938895106315613
Finished epoch 101 with Loss: 1.1606035232543945 and Accuracy: 0.4964151978492737
Finished epoch 102 with Loss: 1.158905029296875 and Accuracy: 0.49560046195983887
Finished epoch 103 with Loss: 1.1600059270858765 and Accuracy: 0.4963337182998657
Finished epoch 104 with Loss: 1.1553223133087158 and Accuracy: 0.49413394927978516
Finished epoch 105 with Loss: 1.1593782901763916 and Accuracy: 0.4978817105293274
Finished epoch 106 with Loss: 1.1580159664154053 and Accuracy: 0.49348214268684387
Finished epoch 107 with Loss: 1.1580114364624023 and Accuracy: 0.4987778961658478
Finished epoch 108 with Loss: 1.1543701887130737 and Accuracy: 0.49861496686935425
Finished epoch 109 with Loss: 1.1541967391967773 and Accuracy: 0.5027700662612915
Finished epoch 110 with Loss: 1.152522325515747 and Accuracy: 0.49991852045059204
Finished epoch 111 with Loss: 1.1539156436920166 and Accuracy: 0.5038292407989502
Finished epoch 112 with Loss: 1.1538113355636597 and Accuracy: 0.5017924308776855
Finished epoch 113 with Loss: 1.1534591913223267 and Accuracy: 0.49942970275878906
Finished epoch 114 with Loss: 1.151450753211975 and Accuracy: 0.5039107203483582
Finished epoch 115 with Loss: 1.154302954673767 and Accuracy: 0.5017924308776855
Finished epoch 116 with Loss: 1.1541259288787842 and Accuracy: 0.5039107203483582
Finished epoch 117 with Loss: 1.1549568176269531 and Accuracy: 0.5
Finished epoch 118 with Loss: 1.1530876159667969 and Accuracy: 0.5055401921272278
Finished epoch 119 with Loss: 1.1490733623504639 and Accuracy: 0.4998370409011841
Finished epoch 120 with Loss: 1.1492571830749512 and Accuracy: 0.5070067048072815
Finished epoch 121 with Loss: 1.149078607559204 and Accuracy: 0.5029330253601074
Finished epoch 122 with Loss: 1.1508759260177612 and Accuracy: 0.5026071667671204
Finished epoch 123 with Loss: 1.1482188701629639 and Accuracy: 0.5036662817001343
Finished epoch 124 with Loss: 1.146302580833435 and Accuracy: 0.5041550993919373
Finished epoch 125 with Loss: 1.1452218294143677 and Accuracy: 0.5040736794471741
Finished epoch 126 with Loss: 1.1436206102371216 and Accuracy: 0.5108358860015869
Finished epoch 127 with Loss: 1.148470401763916 and Accuracy: 0.5062734484672546
Finished epoch 128 with Loss: 1.1466480493545532 and Accuracy: 0.5065993070602417
Finished epoch 129 with Loss: 1.1433711051940918 and Accuracy: 0.5043180584907532
Finished epoch 130 with Loss: 1.1451653242111206 and Accuracy: 0.5086361169815063
Finished epoch 131 with Loss: 1.142577052116394 and Accuracy: 0.5091249942779541
Finished epoch 132 with Loss: 1.1435215473175049 and Accuracy: 0.5099397301673889
Finished epoch 133 with Loss: 1.1429495811462402 and Accuracy: 0.5080658197402954
Finished epoch 134 with Loss: 1.1414775848388672 and Accuracy: 0.5083102583885193
Finished epoch 135 with Loss: 1.1444505453109741 and Accuracy: 0.5041550993919373
Finished epoch 136 with Loss: 1.1435346603393555 and Accuracy: 0.5057845711708069
Finished epoch 137 with Loss: 1.142799735069275 and Accuracy: 0.5053772330284119
Finished epoch 138 with Loss: 1.1435997486114502 and Accuracy: 0.5049698352813721
Finished epoch 139 with Loss: 1.1396583318710327 and Accuracy: 0.5115691423416138
Finished epoch 140 with Loss: 1.1395697593688965 and Accuracy: 0.5147466063499451
Finished epoch 141 with Loss: 1.1386473178863525 and Accuracy: 0.5088805556297302
Finished epoch 142 with Loss: 1.1388529539108276 and Accuracy: 0.5087990760803223
Finished epoch 143 with Loss: 1.1413019895553589 and Accuracy: 0.5123023986816406
Finished epoch 144 with Loss: 1.1382418870925903 and Accuracy: 0.510184109210968
Finished epoch 145 with Loss: 1.1365466117858887 and Accuracy: 0.5104285478591919
Finished epoch 146 with Loss: 1.1382503509521484 and Accuracy: 0.5078214406967163
Finished epoch 147 with Loss: 1.1385091543197632 and Accuracy: 0.5079843401908875
Finished epoch 148 with Loss: 1.1374412775039673 and Accuracy: 0.5099397301673889
Finished epoch 149 with Loss: 1.1354390382766724 and Accuracy: 0.5139318704605103
Finished epoch 150 with Loss: 1.1337425708770752 and Accuracy: 0.5122209787368774
Accuracy: 0.46Accuracy: 0.46Accuracy: 0.46Accuracy: 0.46Accuracy: 0.46Accuracy: 0.46Accuracy: 0.46Accuracy: 0.46Accuracy: 0.46Accuracy: 0.46Accuracy: 0.46Accuracy: 0.46Accuracy: 0.46Accuracy: 0.46Accuracy: 0.46Accuracy: 0.46Accuracy: 0.46Accuracy: 0.46Accuracy: 0.46Accuracy: 0.46Accuracy: 0.46Accuracy: 0.46Accuracy: 0.46Accuracy: 0.46Accuracy: 0.46Accuracy: 0.46Accuracy: 0.46Accuracy: 0.46Accuracy: 0.46Accuracy: 0.46Accuracy: 0.46Accuracy: 0.46Accuracy: 0.46Accuracy: 0.46Accuracy: 0.46Accuracy: 0.46Accuracy: 0.46Accuracy: 0.46Accuracy: 0.46Accuracy: 0.46Accuracy: 0.46Accuracy: 0.46Accuracy: 0.46Accuracy: 0.46Accuracy: 0.46Accuracy: 0.46Accuracy: 0.46Accuracy: 0.46Accuracy: 0.46Accuracy: 0.46Accuracy: 0.46Accuracy: 0.46Accuracy: 0.46Accuracy: 0.46Accuracy: 0.46Accuracy: 0.46Accuracy: 0.46Accuracy: 0.46Accuracy: 0.46Accuracy: 0.46Accuracy: 0.46Accuracy: 0.46Accuracy: 0.46Accuracy: 0.46Accuracy: 0.46Accuracy: 0.46Accuracy: 0.46Accuracy: 0.46Accuracy: 0.46Accuracy: 0.46Accuracy: 0.46Accuracy: 0.46Accuracy: 0.46Accuracy: 0.46Accuracy: 0.46Accuracy: 0.46Accuracy: 0.46Accuracy: 0.46Accuracy: 0.46Accuracy: 0.46Accuracy: 0.46Accuracy: 0.46Accuracy: 0.46Accuracy: 0.46Accuracy: 0.46Accuracy: 0.46Accuracy: 0.46Accuracy: 0.46Accuracy: 0.46Accuracy: 0.46Accuracy: 0.46Accuracy: 0.46Accuracy: 0.46Accuracy: 0.46Accuracy: 0.46Accuracy: 0.46Accuracy: 0.46Accuracy: 0.46Accuracy: 0.46Accuracy: 0.46
Performing K-Fold 2
Finished epoch 1 with Loss: 1.3760693073272705 and Accuracy: 0.28776276111602783
Finished epoch 2 with Loss: 1.366027593612671 and Accuracy: 0.3161153793334961
Finished epoch 3 with Loss: 1.3522037267684937 and Accuracy: 0.34234967827796936
Finished epoch 4 with Loss: 1.3306173086166382 and Accuracy: 0.3689913749694824
Finished epoch 5 with Loss: 1.3149863481521606 and Accuracy: 0.383493572473526
Finished epoch 6 with Loss: 1.3030436038970947 and Accuracy: 0.39506274461746216
Finished epoch 7 with Loss: 1.2937943935394287 and Accuracy: 0.40907609462738037
Finished epoch 8 with Loss: 1.282175064086914 and Accuracy: 0.4141274094581604
Finished epoch 9 with Loss: 1.2723686695098877 and Accuracy: 0.4232524037361145
Finished epoch 10 with Loss: 1.2627521753311157 and Accuracy: 0.43164411187171936
Finished epoch 11 with Loss: 1.2563363313674927 and Accuracy: 0.4368583858013153
Finished epoch 12 with Loss: 1.2528671026229858 and Accuracy: 0.4373472332954407
Finished epoch 13 with Loss: 1.2475587129592896 and Accuracy: 0.4409320652484894
Finished epoch 14 with Loss: 1.243449091911316 and Accuracy: 0.4425615072250366
Finished epoch 15 with Loss: 1.240712285041809 and Accuracy: 0.4494052529335022
Finished epoch 16 with Loss: 1.2388584613800049 and Accuracy: 0.45038291811943054
Finished epoch 17 with Loss: 1.2336419820785522 and Accuracy: 0.4498940706253052
Finished epoch 18 with Loss: 1.235307216644287 and Accuracy: 0.4500570297241211
Finished epoch 19 with Loss: 1.2311859130859375 and Accuracy: 0.44948673248291016
Finished epoch 20 with Loss: 1.2304494380950928 and Accuracy: 0.45266416668891907
Finished epoch 21 with Loss: 1.2269761562347412 and Accuracy: 0.4541306793689728
Finished epoch 22 with Loss: 1.2275078296661377 and Accuracy: 0.45755255222320557
Finished epoch 23 with Loss: 1.2261075973510742 and Accuracy: 0.4545380473136902
Finished epoch 24 with Loss: 1.2252159118652344 and Accuracy: 0.45633044838905334
Finished epoch 25 with Loss: 1.2235376834869385 and Accuracy: 0.4545380473136902
Finished epoch 26 with Loss: 1.222203254699707 and Accuracy: 0.4581228494644165
Finished epoch 27 with Loss: 1.220595121383667 and Accuracy: 0.46138179302215576
Finished epoch 28 with Loss: 1.2225512266159058 and Accuracy: 0.4598338007926941
Finished epoch 29 with Loss: 1.2220433950424194 and Accuracy: 0.45698222517967224
Finished epoch 30 with Loss: 1.220507264137268 and Accuracy: 0.45567867159843445
Finished epoch 31 with Loss: 1.2202465534210205 and Accuracy: 0.4598338007926941
Finished epoch 32 with Loss: 1.2153388261795044 and Accuracy: 0.46032261848449707
Finished epoch 33 with Loss: 1.219212293624878 and Accuracy: 0.46121883392333984
Finished epoch 34 with Loss: 1.216030240058899 and Accuracy: 0.46121883392333984
Finished epoch 35 with Loss: 1.2139421701431274 and Accuracy: 0.4642333388328552
Finished epoch 36 with Loss: 1.2135813236236572 and Accuracy: 0.4600782096385956
Finished epoch 37 with Loss: 1.2131255865097046 and Accuracy: 0.4653739631175995
Finished epoch 38 with Loss: 1.2128928899765015 and Accuracy: 0.46187061071395874
Finished epoch 39 with Loss: 1.2113093137741089 and Accuracy: 0.4649665951728821
Finished epoch 40 with Loss: 1.2113263607025146 and Accuracy: 0.4628483057022095
Finished epoch 41 with Loss: 1.2106819152832031 and Accuracy: 0.46504807472229004
Finished epoch 42 with Loss: 1.2069557905197144 and Accuracy: 0.46586281061172485
Finished epoch 43 with Loss: 1.2086822986602783 and Accuracy: 0.4665960669517517
Finished epoch 44 with Loss: 1.2066783905029297 and Accuracy: 0.4653739631175995
Finished epoch 45 with Loss: 1.2047698497772217 and Accuracy: 0.4704252779483795
Finished epoch 46 with Loss: 1.2052897214889526 and Accuracy: 0.46635162830352783
Finished epoch 47 with Loss: 1.2042076587677002 and Accuracy: 0.46822550892829895
Finished epoch 48 with Loss: 1.203930377960205 and Accuracy: 0.4700179100036621
Finished epoch 49 with Loss: 1.2037736177444458 and Accuracy: 0.4692032039165497
Finished epoch 50 with Loss: 1.1967381238937378 and Accuracy: 0.46773669123649597
Finished epoch 51 with Loss: 1.2002640962600708 and Accuracy: 0.46716636419296265
Finished epoch 52 with Loss: 1.1992954015731812 and Accuracy: 0.46904024481773376
Finished epoch 53 with Loss: 1.1996850967407227 and Accuracy: 0.4674922525882721
Finished epoch 54 with Loss: 1.1992181539535522 and Accuracy: 0.47058823704719543
Finished epoch 55 with Loss: 1.1986780166625977 and Accuracy: 0.4714844524860382
Finished epoch 56 with Loss: 1.1972631216049194 and Accuracy: 0.472788006067276
Finished epoch 57 with Loss: 1.1952589750289917 and Accuracy: 0.4749062955379486
Finished epoch 58 with Loss: 1.1947565078735352 and Accuracy: 0.4771060645580292
Finished epoch 59 with Loss: 1.192748785018921 and Accuracy: 0.477920800447464
Finished epoch 60 with Loss: 1.1957714557647705 and Accuracy: 0.47115853428840637
Finished epoch 61 with Loss: 1.1941300630569458 and Accuracy: 0.47458040714263916
Finished epoch 62 with Loss: 1.1914801597595215 and Accuracy: 0.47906142473220825
Finished epoch 63 with Loss: 1.1950424909591675 and Accuracy: 0.4744989275932312
Finished epoch 64 with Loss: 1.1911388635635376 and Accuracy: 0.4776763916015625
Finished epoch 65 with Loss: 1.1876686811447144 and Accuracy: 0.47946879267692566
Finished epoch 66 with Loss: 1.1893528699874878 and Accuracy: 0.4772690236568451
Finished epoch 67 with Loss: 1.1935906410217285 and Accuracy: 0.4767801761627197
Finished epoch 68 with Loss: 1.1860805749893188 and Accuracy: 0.48093530535697937
Finished epoch 69 with Loss: 1.1909728050231934 and Accuracy: 0.47629135847091675
Finished epoch 70 with Loss: 1.1859713792800903 and Accuracy: 0.4780837595462799
Finished epoch 71 with Loss: 1.1845316886901855 and Accuracy: 0.477920800447464
Finished epoch 72 with Loss: 1.1895169019699097 and Accuracy: 0.47800227999687195
Finished epoch 73 with Loss: 1.1828504800796509 and Accuracy: 0.4845201373100281
Finished epoch 74 with Loss: 1.1833404302597046 and Accuracy: 0.47930586338043213
Finished epoch 75 with Loss: 1.1826785802841187 and Accuracy: 0.47759491205215454
Finished epoch 76 with Loss: 1.1830288171768188 and Accuracy: 0.48329803347587585
Finished epoch 77 with Loss: 1.1820001602172852 and Accuracy: 0.48093530535697937
Finished epoch 78 with Loss: 1.1824593544006348 and Accuracy: 0.4833795130252838
Finished epoch 79 with Loss: 1.180817723274231 and Accuracy: 0.48541632294654846
Finished epoch 80 with Loss: 1.1819539070129395 and Accuracy: 0.47881701588630676
Finished epoch 81 with Loss: 1.1791023015975952 and Accuracy: 0.47930586338043213
Finished epoch 82 with Loss: 1.1827194690704346 and Accuracy: 0.4834609627723694
Finished epoch 83 with Loss: 1.1778379678726196 and Accuracy: 0.4834609627723694
Finished epoch 84 with Loss: 1.1790385246276855 and Accuracy: 0.48606809973716736
Finished epoch 85 with Loss: 1.1779232025146484 and Accuracy: 0.4853348433971405
Finished epoch 86 with Loss: 1.1771965026855469 and Accuracy: 0.4828091859817505
Finished epoch 87 with Loss: 1.1768149137496948 and Accuracy: 0.48394981026649475
Finished epoch 88 with Loss: 1.1756117343902588 and Accuracy: 0.48248329758644104
Finished epoch 89 with Loss: 1.1744377613067627 and Accuracy: 0.48867523670196533
Finished epoch 90 with Loss: 1.1737004518508911 and Accuracy: 0.4885123074054718
Finished epoch 91 with Loss: 1.175167441368103 and Accuracy: 0.485171914100647
Finished epoch 92 with Loss: 1.1746748685836792 and Accuracy: 0.4904676675796509
Finished epoch 93 with Loss: 1.1742806434631348 and Accuracy: 0.48606809973716736
Finished epoch 94 with Loss: 1.1730679273605347 and Accuracy: 0.489734411239624
Finished epoch 95 with Loss: 1.1735409498214722 and Accuracy: 0.4887567162513733
Finished epoch 96 with Loss: 1.1726497411727905 and Accuracy: 0.4893270432949066
Finished epoch 97 with Loss: 1.1702624559402466 and Accuracy: 0.4908750057220459
Finished epoch 98 with Loss: 1.168471336364746 and Accuracy: 0.4844386577606201
Finished epoch 99 with Loss: 1.1682575941085815 and Accuracy: 0.4914453327655792
Finished epoch 100 with Loss: 1.1686416864395142 and Accuracy: 0.4925859570503235
Finished epoch 101 with Loss: 1.168752908706665 and Accuracy: 0.49413394927978516
Finished epoch 102 with Loss: 1.1684540510177612 and Accuracy: 0.4894084930419922
Finished epoch 103 with Loss: 1.1669114828109741 and Accuracy: 0.4907935559749603
Finished epoch 104 with Loss: 1.166792869567871 and Accuracy: 0.4899788200855255
Finished epoch 105 with Loss: 1.163117527961731 and Accuracy: 0.49160829186439514
Finished epoch 106 with Loss: 1.1677299737930298 and Accuracy: 0.4885123074054718
Finished epoch 107 with Loss: 1.1631138324737549 and Accuracy: 0.4960078299045563
Finished epoch 108 with Loss: 1.1650506258010864 and Accuracy: 0.49226006865501404
Finished epoch 109 with Loss: 1.1644303798675537 and Accuracy: 0.49120092391967773
Finished epoch 110 with Loss: 1.1611908674240112 and Accuracy: 0.49494868516921997
Finished epoch 111 with Loss: 1.1623938083648682 and Accuracy: 0.49413394927978516
Finished epoch 112 with Loss: 1.1592398881912231 and Accuracy: 0.49454131722450256
Finished epoch 113 with Loss: 1.1648061275482178 and Accuracy: 0.4925044775009155
Finished epoch 114 with Loss: 1.1614494323730469 and Accuracy: 0.4947042465209961
Finished epoch 115 with Loss: 1.158981442451477 and Accuracy: 0.49991852045059204
Finished epoch 116 with Loss: 1.1620476245880127 and Accuracy: 0.5007332563400269
Finished epoch 117 with Loss: 1.1591347455978394 and Accuracy: 0.49951115250587463
Finished epoch 118 with Loss: 1.1598044633865356 and Accuracy: 0.5006517767906189
Finished epoch 119 with Loss: 1.1571202278137207 and Accuracy: 0.49674108624458313
Finished epoch 120 with Loss: 1.1570758819580078 and Accuracy: 0.5006517767906189
Finished epoch 121 with Loss: 1.155869483947754 and Accuracy: 0.4985334873199463
Finished epoch 122 with Loss: 1.1547725200653076 and Accuracy: 0.5023627281188965
Finished epoch 123 with Loss: 1.157655119895935 and Accuracy: 0.4972299039363861
Finished epoch 124 with Loss: 1.157230257987976 and Accuracy: 0.49942970275878906
Finished epoch 125 with Loss: 1.157690167427063 and Accuracy: 0.49543750286102295
Finished epoch 126 with Loss: 1.1552345752716064 and Accuracy: 0.5014665126800537
Finished epoch 127 with Loss: 1.156291127204895 and Accuracy: 0.49397099018096924
Finished epoch 128 with Loss: 1.1563225984573364 and Accuracy: 0.500488817691803
Finished epoch 129 with Loss: 1.150558590888977 and Accuracy: 0.5008147358894348
Finished epoch 130 with Loss: 1.1545286178588867 and Accuracy: 0.49845200777053833
Finished epoch 131 with Loss: 1.1518962383270264 and Accuracy: 0.5028515458106995
Finished epoch 132 with Loss: 1.149214506149292 and Accuracy: 0.5026071667671204
Finished epoch 133 with Loss: 1.1515229940414429 and Accuracy: 0.5037477612495422
Finished epoch 134 with Loss: 1.1469495296478271 and Accuracy: 0.5017924308776855
Finished epoch 135 with Loss: 1.1499561071395874 and Accuracy: 0.5015479922294617
Finished epoch 136 with Loss: 1.150039792060852 and Accuracy: 0.5008962154388428
Finished epoch 137 with Loss: 1.1489120721817017 and Accuracy: 0.5061919689178467
Finished epoch 138 with Loss: 1.1473852396011353 and Accuracy: 0.5024442076683044
Finished epoch 139 with Loss: 1.1463890075683594 and Accuracy: 0.5021997690200806
Finished epoch 140 with Loss: 1.1477380990982056 and Accuracy: 0.5040736794471741
Finished epoch 141 with Loss: 1.1468337774276733 and Accuracy: 0.5054587125778198
Finished epoch 142 with Loss: 1.1497350931167603 and Accuracy: 0.5017924308776855
Finished epoch 143 with Loss: 1.1496917009353638 and Accuracy: 0.5049698352813721
Finished epoch 144 with Loss: 1.146345853805542 and Accuracy: 0.5048883557319641
Finished epoch 145 with Loss: 1.1422957181930542 and Accuracy: 0.5043995380401611
Finished epoch 146 with Loss: 1.1392592191696167 and Accuracy: 0.5117321014404297
Finished epoch 147 with Loss: 1.1451629400253296 and Accuracy: 0.5026885867118835
Finished epoch 148 with Loss: 1.1433441638946533 and Accuracy: 0.5093693733215332
Finished epoch 149 with Loss: 1.1440203189849854 and Accuracy: 0.5036662817001343
Finished epoch 150 with Loss: 1.1382864713668823 and Accuracy: 0.5076584815979004
Accuracy: 0.44Accuracy: 0.44Accuracy: 0.44Accuracy: 0.44Accuracy: 0.44Accuracy: 0.44Accuracy: 0.44Accuracy: 0.44Accuracy: 0.44Accuracy: 0.44Accuracy: 0.44Accuracy: 0.44Accuracy: 0.44Accuracy: 0.44Accuracy: 0.44Accuracy: 0.44Accuracy: 0.44Accuracy: 0.44Accuracy: 0.44Accuracy: 0.44Accuracy: 0.44Accuracy: 0.44Accuracy: 0.44Accuracy: 0.44Accuracy: 0.44Accuracy: 0.44Accuracy: 0.44Accuracy: 0.44Accuracy: 0.44Accuracy: 0.44Accuracy: 0.44Accuracy: 0.44Accuracy: 0.44Accuracy: 0.44Accuracy: 0.44Accuracy: 0.44Accuracy: 0.44Accuracy: 0.44Accuracy: 0.44Accuracy: 0.44Accuracy: 0.44Accuracy: 0.44Accuracy: 0.44Accuracy: 0.44Accuracy: 0.44Accuracy: 0.44Accuracy: 0.44Accuracy: 0.44Accuracy: 0.44Accuracy: 0.44Accuracy: 0.44Accuracy: 0.44Accuracy: 0.44Accuracy: 0.44Accuracy: 0.44Accuracy: 0.44Accuracy: 0.44Accuracy: 0.44Accuracy: 0.44Accuracy: 0.44Accuracy: 0.44Accuracy: 0.44Accuracy: 0.44Accuracy: 0.44Accuracy: 0.44Accuracy: 0.44Accuracy: 0.44Accuracy: 0.44Accuracy: 0.44Accuracy: 0.44Accuracy: 0.44Accuracy: 0.44Accuracy: 0.44Accuracy: 0.44Accuracy: 0.44Accuracy: 0.44Accuracy: 0.44Accuracy: 0.44Accuracy: 0.44Accuracy: 0.44Accuracy: 0.44Accuracy: 0.44Accuracy: 0.44Accuracy: 0.44Accuracy: 0.44Accuracy: 0.44Accuracy: 0.44Accuracy: 0.44Accuracy: 0.44Accuracy: 0.44Accuracy: 0.44Accuracy: 0.44Accuracy: 0.44Accuracy: 0.44Accuracy: 0.44Accuracy: 0.44Accuracy: 0.44Accuracy: 0.44Accuracy: 0.44Accuracy: 0.44
Performing K-Fold 3
Finished epoch 1 with Loss: 1.376841425895691 and Accuracy: 0.29265114665031433
Finished epoch 2 with Loss: 1.3638757467269897 and Accuracy: 0.32027047872543335
Finished epoch 3 with Loss: 1.3416647911071777 and Accuracy: 0.35595569014549255
Finished epoch 4 with Loss: 1.3236054182052612 and Accuracy: 0.3717614412307739
Finished epoch 5 with Loss: 1.3109126091003418 and Accuracy: 0.38447123765945435
Finished epoch 6 with Loss: 1.3001703023910522 and Accuracy: 0.39555156230926514
Finished epoch 7 with Loss: 1.287527084350586 and Accuracy: 0.4050024449825287
Finished epoch 8 with Loss: 1.279667854309082 and Accuracy: 0.41486069560050964
Finished epoch 9 with Loss: 1.2709052562713623 and Accuracy: 0.4195861220359802
Finished epoch 10 with Loss: 1.2636644840240479 and Accuracy: 0.4253706932067871
Finished epoch 11 with Loss: 1.2556480169296265 and Accuracy: 0.4327847361564636
Finished epoch 12 with Loss: 1.2551746368408203 and Accuracy: 0.43123677372932434
Finished epoch 13 with Loss: 1.2497467994689941 and Accuracy: 0.43693986535072327
Finished epoch 14 with Loss: 1.2449692487716675 and Accuracy: 0.44125795364379883
Finished epoch 15 with Loss: 1.24275541305542 and Accuracy: 0.4436206519603729
Finished epoch 16 with Loss: 1.2407783269882202 and Accuracy: 0.4449242353439331
Finished epoch 17 with Loss: 1.2367768287658691 and Accuracy: 0.4461463391780853
Finished epoch 18 with Loss: 1.237938642501831 and Accuracy: 0.4457389712333679
Finished epoch 19 with Loss: 1.2327553033828735 and Accuracy: 0.4470425248146057
Finished epoch 20 with Loss: 1.236114501953125 and Accuracy: 0.450219988822937
Finished epoch 21 with Loss: 1.233528971672058 and Accuracy: 0.4492422938346863
Finished epoch 22 with Loss: 1.2307052612304688 and Accuracy: 0.44932377338409424
Finished epoch 23 with Loss: 1.228502869606018 and Accuracy: 0.4491608142852783
Finished epoch 24 with Loss: 1.2261338233947754 and Accuracy: 0.45054587721824646
Finished epoch 25 with Loss: 1.2270570993423462 and Accuracy: 0.4523382782936096
Finished epoch 26 with Loss: 1.2277883291244507 and Accuracy: 0.45421215891838074
Finished epoch 27 with Loss: 1.2235243320465088 and Accuracy: 0.4560045599937439
Finished epoch 28 with Loss: 1.2226758003234863 and Accuracy: 0.45380479097366333
Finished epoch 29 with Loss: 1.221564531326294 and Accuracy: 0.45926347374916077
Finished epoch 30 with Loss: 1.2228171825408936 and Accuracy: 0.4513606131076813
Finished epoch 31 with Loss: 1.2182202339172363 and Accuracy: 0.4570637047290802
Finished epoch 32 with Loss: 1.2173367738723755 and Accuracy: 0.4589375853538513
Finished epoch 33 with Loss: 1.2153027057647705 and Accuracy: 0.4594264328479767
Finished epoch 34 with Loss: 1.2161153554916382 and Accuracy: 0.4533974230289459
Finished epoch 35 with Loss: 1.2142609357833862 and Accuracy: 0.45844876766204834
Finished epoch 36 with Loss: 1.2129909992218018 and Accuracy: 0.46121883392333984
Finished epoch 37 with Loss: 1.211635947227478 and Accuracy: 0.4594264328479767
Finished epoch 38 with Loss: 1.2098747491836548 and Accuracy: 0.46415185928344727
Finished epoch 39 with Loss: 1.2126930952072144 and Accuracy: 0.46227797865867615
Finished epoch 40 with Loss: 1.2090353965759277 and Accuracy: 0.46545544266700745
Finished epoch 41 with Loss: 1.2095009088516235 and Accuracy: 0.465536892414093
Finished epoch 42 with Loss: 1.2090048789978027 and Accuracy: 0.4627668261528015
Finished epoch 43 with Loss: 1.206592321395874 and Accuracy: 0.46757373213768005
Finished epoch 44 with Loss: 1.2024462223052979 and Accuracy: 0.46944761276245117
Finished epoch 45 with Loss: 1.2047600746154785 and Accuracy: 0.465536892414093
Finished epoch 46 with Loss: 1.2031970024108887 and Accuracy: 0.46521100401878357
Finished epoch 47 with Loss: 1.2027236223220825 and Accuracy: 0.4644777476787567
Finished epoch 48 with Loss: 1.2035853862762451 and Accuracy: 0.4687958359718323
Finished epoch 49 with Loss: 1.199968934059143 and Accuracy: 0.4736842215061188
Finished epoch 50 with Loss: 1.2012351751327515 and Accuracy: 0.46781814098358154
Finished epoch 51 with Loss: 1.1993587017059326 and Accuracy: 0.4692032039165497
Finished epoch 52 with Loss: 1.1990922689437866 and Accuracy: 0.4700179100036621
Finished epoch 53 with Loss: 1.194884181022644 and Accuracy: 0.4706697165966034
Finished epoch 54 with Loss: 1.196582555770874 and Accuracy: 0.4746618866920471
Finished epoch 55 with Loss: 1.1972676515579224 and Accuracy: 0.4691217243671417
Finished epoch 56 with Loss: 1.1976765394210815 and Accuracy: 0.4740101099014282
Finished epoch 57 with Loss: 1.195868730545044 and Accuracy: 0.47270652651786804
Finished epoch 58 with Loss: 1.1936302185058594 and Accuracy: 0.4715659022331238
Finished epoch 59 with Loss: 1.1935503482818604 and Accuracy: 0.47229915857315063
Finished epoch 60 with Loss: 1.188704252243042 and Accuracy: 0.475395143032074
Finished epoch 61 with Loss: 1.1908700466156006 and Accuracy: 0.47482484579086304
Finished epoch 62 with Loss: 1.190091848373413 and Accuracy: 0.47523218393325806
Finished epoch 63 with Loss: 1.1910462379455566 and Accuracy: 0.47417303919792175
Finished epoch 64 with Loss: 1.1887394189834595 and Accuracy: 0.47441747784614563
Finished epoch 65 with Loss: 1.189868450164795 and Accuracy: 0.4763728082180023
Finished epoch 66 with Loss: 1.1878153085708618 and Accuracy: 0.47498777508735657
Finished epoch 67 with Loss: 1.1861916780471802 and Accuracy: 0.47971320152282715
Finished epoch 68 with Loss: 1.1854655742645264 and Accuracy: 0.47987616062164307
Finished epoch 69 with Loss: 1.1842131614685059 and Accuracy: 0.47906142473220825
Finished epoch 70 with Loss: 1.1834498643875122 and Accuracy: 0.4784911274909973
Finished epoch 71 with Loss: 1.1832278966903687 and Accuracy: 0.48036500811576843
Finished epoch 72 with Loss: 1.1812740564346313 and Accuracy: 0.4849274754524231
Finished epoch 73 with Loss: 1.1832479238510132 and Accuracy: 0.4772690236568451
Finished epoch 74 with Loss: 1.1824662685394287 and Accuracy: 0.47588399052619934
Finished epoch 75 with Loss: 1.1828383207321167 and Accuracy: 0.479957640171051
Finished epoch 76 with Loss: 1.1764638423919678 and Accuracy: 0.4802835285663605
Finished epoch 77 with Loss: 1.179740071296692 and Accuracy: 0.4767801761627197
Finished epoch 78 with Loss: 1.1799510717391968 and Accuracy: 0.4816685616970062
Finished epoch 79 with Loss: 1.175859808921814 and Accuracy: 0.480446457862854
Finished epoch 80 with Loss: 1.175926685333252 and Accuracy: 0.4845201373100281
Finished epoch 81 with Loss: 1.1744192838668823 and Accuracy: 0.48696431517601013
Finished epoch 82 with Loss: 1.175813913345337 and Accuracy: 0.48435717821121216
Finished epoch 83 with Loss: 1.1776360273361206 and Accuracy: 0.4834609627723694
Finished epoch 84 with Loss: 1.1761443614959717 and Accuracy: 0.4889196753501892
Finished epoch 85 with Loss: 1.1692231893539429 and Accuracy: 0.48989734053611755
Finished epoch 86 with Loss: 1.1691110134124756 and Accuracy: 0.48965293169021606
Finished epoch 87 with Loss: 1.17111074924469 and Accuracy: 0.48908260464668274
Finished epoch 88 with Loss: 1.170477032661438 and Accuracy: 0.48606809973716736
Finished epoch 89 with Loss: 1.167323350906372 and Accuracy: 0.48582369089126587
Finished epoch 90 with Loss: 1.1699514389038086 and Accuracy: 0.4942154288291931
Finished epoch 91 with Loss: 1.166184425354004 and Accuracy: 0.49201563000679016
Finished epoch 92 with Loss: 1.1673681735992432 and Accuracy: 0.4906305968761444
Finished epoch 93 with Loss: 1.1632497310638428 and Accuracy: 0.4970669746398926
Finished epoch 94 with Loss: 1.1646628379821777 and Accuracy: 0.495356023311615
Finished epoch 95 with Loss: 1.165219783782959 and Accuracy: 0.49291184544563293
Finished epoch 96 with Loss: 1.1677277088165283 and Accuracy: 0.48671990633010864
Finished epoch 97 with Loss: 1.1634114980697632 and Accuracy: 0.49071207642555237
Finished epoch 98 with Loss: 1.1643649339675903 and Accuracy: 0.4889196753501892
Finished epoch 99 with Loss: 1.1653803586959839 and Accuracy: 0.49307480454444885
Finished epoch 100 with Loss: 1.1623882055282593 and Accuracy: 0.49030470848083496
Finished epoch 101 with Loss: 1.163250207901001 and Accuracy: 0.49861496686935425
Finished epoch 102 with Loss: 1.1660572290420532 and Accuracy: 0.49649664759635925
Finished epoch 103 with Loss: 1.1619802713394165 and Accuracy: 0.49796316027641296
Finished epoch 104 with Loss: 1.1611703634262085 and Accuracy: 0.49796316027641296
Finished epoch 105 with Loss: 1.1611196994781494 and Accuracy: 0.4952745735645294
Finished epoch 106 with Loss: 1.1603138446807861 and Accuracy: 0.4952745735645294
Finished epoch 107 with Loss: 1.1559778451919556 and Accuracy: 0.4942968785762787
Finished epoch 108 with Loss: 1.1601890325546265 and Accuracy: 0.49291184544563293
Finished epoch 109 with Loss: 1.155523657798767 and Accuracy: 0.4965781271457672
Finished epoch 110 with Loss: 1.1572613716125488 and Accuracy: 0.49413394927978516
Finished epoch 111 with Loss: 1.1570765972137451 and Accuracy: 0.4980446398258209
Finished epoch 112 with Loss: 1.1545182466506958 and Accuracy: 0.4989408552646637
Finished epoch 113 with Loss: 1.1608233451843262 and Accuracy: 0.49625223875045776
Finished epoch 114 with Loss: 1.153010368347168 and Accuracy: 0.5
Finished epoch 115 with Loss: 1.1518124341964722 and Accuracy: 0.5028515458106995
Finished epoch 116 with Loss: 1.1537120342254639 and Accuracy: 0.500081479549408
Finished epoch 117 with Loss: 1.1543831825256348 and Accuracy: 0.49820759892463684
Finished epoch 118 with Loss: 1.1520273685455322 and Accuracy: 0.5016294717788696
Finished epoch 119 with Loss: 1.1542608737945557 and Accuracy: 0.4998370409011841
Finished epoch 120 with Loss: 1.1482566595077515 and Accuracy: 0.504562497138977
Finished epoch 121 with Loss: 1.1477150917053223 and Accuracy: 0.5025256872177124
Finished epoch 122 with Loss: 1.1457008123397827 and Accuracy: 0.5032589435577393
Finished epoch 123 with Loss: 1.149812936782837 and Accuracy: 0.5071696043014526
Finished epoch 124 with Loss: 1.145113229751587 and Accuracy: 0.5055401921272278
Finished epoch 125 with Loss: 1.1484276056289673 and Accuracy: 0.5044810175895691
Finished epoch 126 with Loss: 1.1470857858657837 and Accuracy: 0.5013850331306458
Finished epoch 127 with Loss: 1.145883321762085 and Accuracy: 0.500081479549408
Finished epoch 128 with Loss: 1.1443384885787964 and Accuracy: 0.5072510838508606
Finished epoch 129 with Loss: 1.148193359375 and Accuracy: 0.5035033226013184
Finished epoch 130 with Loss: 1.1467753648757935 and Accuracy: 0.505621612071991
Finished epoch 131 with Loss: 1.1480706930160522 and Accuracy: 0.5005702972412109
Finished epoch 132 with Loss: 1.1439342498779297 and Accuracy: 0.5054587125778198
Finished epoch 133 with Loss: 1.1464526653289795 and Accuracy: 0.5052957534790039
Finished epoch 134 with Loss: 1.1428782939910889 and Accuracy: 0.504643976688385
Finished epoch 135 with Loss: 1.1430779695510864 and Accuracy: 0.5073325634002686
Finished epoch 136 with Loss: 1.1417903900146484 and Accuracy: 0.5064363479614258
Finished epoch 137 with Loss: 1.1413602828979492 and Accuracy: 0.5033404231071472
Finished epoch 138 with Loss: 1.1403191089630127 and Accuracy: 0.5067622661590576
Finished epoch 139 with Loss: 1.140806794166565 and Accuracy: 0.5063548684120178
Finished epoch 140 with Loss: 1.1427932977676392 and Accuracy: 0.5039921998977661
Finished epoch 141 with Loss: 1.1396629810333252 and Accuracy: 0.5103470683097839
Finished epoch 142 with Loss: 1.1398210525512695 and Accuracy: 0.5070881247520447
Finished epoch 143 with Loss: 1.1367442607879639 and Accuracy: 0.5157243013381958
Finished epoch 144 with Loss: 1.136544942855835 and Accuracy: 0.510184109210968
Finished epoch 145 with Loss: 1.138513207435608 and Accuracy: 0.5076584815979004
Finished epoch 146 with Loss: 1.1394320726394653 and Accuracy: 0.5073325634002686
Finished epoch 147 with Loss: 1.135256290435791 and Accuracy: 0.5105915069580078
Finished epoch 148 with Loss: 1.1373133659362793 and Accuracy: 0.5125468373298645
Finished epoch 149 with Loss: 1.1351633071899414 and Accuracy: 0.5135245323181152
Finished epoch 150 with Loss: 1.134979009628296 and Accuracy: 0.5083917379379272
Accuracy: 0.43Accuracy: 0.43Accuracy: 0.43Accuracy: 0.43Accuracy: 0.43Accuracy: 0.43Accuracy: 0.43Accuracy: 0.43Accuracy: 0.43Accuracy: 0.43Accuracy: 0.43Accuracy: 0.43Accuracy: 0.43Accuracy: 0.43Accuracy: 0.43Accuracy: 0.43Accuracy: 0.43Accuracy: 0.43Accuracy: 0.43Accuracy: 0.43Accuracy: 0.43Accuracy: 0.43Accuracy: 0.43Accuracy: 0.43Accuracy: 0.43Accuracy: 0.43Accuracy: 0.43Accuracy: 0.43Accuracy: 0.43Accuracy: 0.43Accuracy: 0.43Accuracy: 0.43Accuracy: 0.43Accuracy: 0.43Accuracy: 0.43Accuracy: 0.43Accuracy: 0.43Accuracy: 0.43Accuracy: 0.43Accuracy: 0.43Accuracy: 0.43Accuracy: 0.43Accuracy: 0.43Accuracy: 0.43Accuracy: 0.43Accuracy: 0.43Accuracy: 0.43Accuracy: 0.43Accuracy: 0.43Accuracy: 0.43Accuracy: 0.43Accuracy: 0.43Accuracy: 0.43Accuracy: 0.43Accuracy: 0.43Accuracy: 0.43Accuracy: 0.43Accuracy: 0.43Accuracy: 0.43Accuracy: 0.43Accuracy: 0.43Accuracy: 0.43Accuracy: 0.43Accuracy: 0.43Accuracy: 0.43Accuracy: 0.43Accuracy: 0.43Accuracy: 0.43Accuracy: 0.43Accuracy: 0.43Accuracy: 0.43Accuracy: 0.43Accuracy: 0.43Accuracy: 0.43Accuracy: 0.43Accuracy: 0.43Accuracy: 0.43Accuracy: 0.43Accuracy: 0.43Accuracy: 0.43Accuracy: 0.43Accuracy: 0.43Accuracy: 0.43Accuracy: 0.43Accuracy: 0.43Accuracy: 0.43Accuracy: 0.43Accuracy: 0.43Accuracy: 0.43Accuracy: 0.43Accuracy: 0.43Accuracy: 0.43Accuracy: 0.43Accuracy: 0.43Accuracy: 0.43Accuracy: 0.43Accuracy: 0.43Accuracy: 0.43Accuracy: 0.43Accuracy: 0.43
Performing K-Fold 4
Finished epoch 1 with Loss: 1.3781508207321167 and Accuracy: 0.2893686294555664
Finished epoch 2 with Loss: 1.3663251399993896 and Accuracy: 0.3101425766944885
Finished epoch 3 with Loss: 1.3544178009033203 and Accuracy: 0.33898165822029114
Finished epoch 4 with Loss: 1.3349297046661377 and Accuracy: 0.3655397295951843
Finished epoch 5 with Loss: 1.3163611888885498 and Accuracy: 0.37743380665779114
Finished epoch 6 with Loss: 1.3020968437194824 and Accuracy: 0.39543789625167847
Finished epoch 7 with Loss: 1.2890396118164062 and Accuracy: 0.40602850914001465
Finished epoch 8 with Loss: 1.2772272825241089 and Accuracy: 0.4111608862876892
Finished epoch 9 with Loss: 1.2700841426849365 and Accuracy: 0.4225662052631378
Finished epoch 10 with Loss: 1.2611448764801025 and Accuracy: 0.429002046585083
Finished epoch 11 with Loss: 1.2553117275238037 and Accuracy: 0.4317719042301178
Finished epoch 12 with Loss: 1.2506284713745117 and Accuracy: 0.43535640835762024
Finished epoch 13 with Loss: 1.2467384338378906 and Accuracy: 0.44040733575820923
Finished epoch 14 with Loss: 1.2430484294891357 and Accuracy: 0.44627290964126587
Finished epoch 15 with Loss: 1.2397252321243286 and Accuracy: 0.4448065161705017
Finished epoch 16 with Loss: 1.2389097213745117 and Accuracy: 0.44651731848716736
Finished epoch 17 with Loss: 1.235689401626587 and Accuracy: 0.447820782661438
Finished epoch 18 with Loss: 1.2346028089523315 and Accuracy: 0.44993889331817627
Finished epoch 19 with Loss: 1.2296568155288696 and Accuracy: 0.45270875096321106
Finished epoch 20 with Loss: 1.2308263778686523 and Accuracy: 0.4507535696029663
Finished epoch 21 with Loss: 1.2279866933822632 and Accuracy: 0.45360487699508667
Finished epoch 22 with Loss: 1.2271497249603271 and Accuracy: 0.4556415379047394
Finished epoch 23 with Loss: 1.2247358560562134 and Accuracy: 0.4580855369567871
Finished epoch 24 with Loss: 1.2268283367156982 and Accuracy: 0.4516496956348419
Finished epoch 25 with Loss: 1.2231827974319458 and Accuracy: 0.4593075215816498
Finished epoch 26 with Loss: 1.217488408088684 and Accuracy: 0.46077394485473633
Finished epoch 27 with Loss: 1.219193935394287 and Accuracy: 0.46183300018310547
Finished epoch 28 with Loss: 1.2204439640045166 and Accuracy: 0.461588591337204
Finished epoch 29 with Loss: 1.2188853025436401 and Accuracy: 0.4585743248462677
Finished epoch 30 with Loss: 1.2181291580200195 and Accuracy: 0.46346232295036316
Finished epoch 31 with Loss: 1.2129490375518799 and Accuracy: 0.46167007088661194
Finished epoch 32 with Loss: 1.2126508951187134 and Accuracy: 0.46329939365386963
Finished epoch 33 with Loss: 1.2136223316192627 and Accuracy: 0.46101832389831543
Finished epoch 34 with Loss: 1.2115436792373657 and Accuracy: 0.4613441824913025
Finished epoch 35 with Loss: 1.2132128477096558 and Accuracy: 0.4571894109249115
Finished epoch 36 with Loss: 1.2123273611068726 and Accuracy: 0.4626476466655731
Finished epoch 37 with Loss: 1.2087482213974 and Accuracy: 0.46435844898223877
Finished epoch 38 with Loss: 1.2102186679840088 and Accuracy: 0.46370673179626465
Finished epoch 39 with Loss: 1.2070413827896118 and Accuracy: 0.4649287164211273
Finished epoch 40 with Loss: 1.207027554512024 and Accuracy: 0.46256619691848755
Finished epoch 41 with Loss: 1.2068699598312378 and Accuracy: 0.4672097861766815
Finished epoch 42 with Loss: 1.2083992958068848 and Accuracy: 0.4647657871246338
Finished epoch 43 with Loss: 1.2061012983322144 and Accuracy: 0.46533605456352234
Finished epoch 44 with Loss: 1.203713297843933 and Accuracy: 0.46598777174949646
Finished epoch 45 with Loss: 1.201955795288086 and Accuracy: 0.46916496753692627
Finished epoch 46 with Loss: 1.2002794742584229 and Accuracy: 0.4764154851436615
Finished epoch 47 with Loss: 1.1998103857040405 and Accuracy: 0.47405296564102173
Finished epoch 48 with Loss: 1.203178882598877 and Accuracy: 0.46875762939453125
Finished epoch 49 with Loss: 1.2027095556259155 and Accuracy: 0.46712830662727356
Finished epoch 50 with Loss: 1.2000691890716553 and Accuracy: 0.4698167145252228
Finished epoch 51 with Loss: 1.2004519701004028 and Accuracy: 0.46989816427230835
Finished epoch 52 with Loss: 1.2003791332244873 and Accuracy: 0.4709572196006775
Finished epoch 53 with Loss: 1.2003792524337769 and Accuracy: 0.4755193591117859
Finished epoch 54 with Loss: 1.1992474794387817 and Accuracy: 0.472016304731369
Finished epoch 55 with Loss: 1.196084976196289 and Accuracy: 0.471120148897171
Finished epoch 56 with Loss: 1.1959381103515625 and Accuracy: 0.47380855679512024
Finished epoch 57 with Loss: 1.1928989887237549 and Accuracy: 0.47625255584716797
Finished epoch 58 with Loss: 1.1914293766021729 and Accuracy: 0.47633400559425354
Finished epoch 59 with Loss: 1.1948513984680176 and Accuracy: 0.47054991126060486
Finished epoch 60 with Loss: 1.1958115100860596 and Accuracy: 0.47307536005973816
Finished epoch 61 with Loss: 1.1905003786087036 and Accuracy: 0.47470468282699585
Finished epoch 62 with Loss: 1.1868301630020142 and Accuracy: 0.4782077372074127
Finished epoch 63 with Loss: 1.1897529363632202 and Accuracy: 0.47560080885887146
Finished epoch 64 with Loss: 1.1866687536239624 and Accuracy: 0.4775560200214386
Finished epoch 65 with Loss: 1.188890814781189 and Accuracy: 0.4784521460533142
Finished epoch 66 with Loss: 1.1884313821792603 and Accuracy: 0.4778003990650177
Finished epoch 67 with Loss: 1.1893607378005981 and Accuracy: 0.4795926809310913
Finished epoch 68 with Loss: 1.1863595247268677 and Accuracy: 0.47975561022758484
Finished epoch 69 with Loss: 1.1859455108642578 and Accuracy: 0.4791853427886963
Finished epoch 70 with Loss: 1.1838529109954834 and Accuracy: 0.4796741306781769
Finished epoch 71 with Loss: 1.187510371208191 and Accuracy: 0.47926679253578186
Finished epoch 72 with Loss: 1.180965542793274 and Accuracy: 0.47951120138168335
Finished epoch 73 with Loss: 1.181994915008545 and Accuracy: 0.4828513264656067
Finished epoch 74 with Loss: 1.1812602281570435 and Accuracy: 0.48684316873550415
Finished epoch 75 with Loss: 1.182673454284668 and Accuracy: 0.4818737208843231
Finished epoch 76 with Loss: 1.1808655261993408 and Accuracy: 0.48228105902671814
Finished epoch 77 with Loss: 1.1813446283340454 and Accuracy: 0.4789409339427948
Finished epoch 78 with Loss: 1.1790982484817505 and Accuracy: 0.48276984691619873
Finished epoch 79 with Loss: 1.1812151670455933 and Accuracy: 0.480814665555954
Finished epoch 80 with Loss: 1.181016206741333 and Accuracy: 0.48725050687789917
Finished epoch 81 with Loss: 1.1804211139678955 and Accuracy: 0.48456212878227234
Finished epoch 82 with Loss: 1.1774770021438599 and Accuracy: 0.4794297218322754
Finished epoch 83 with Loss: 1.1759090423583984 and Accuracy: 0.4879022538661957
Finished epoch 84 with Loss: 1.178317666053772 and Accuracy: 0.48822811245918274
Finished epoch 85 with Loss: 1.1797418594360352 and Accuracy: 0.48114052414894104
Finished epoch 86 with Loss: 1.1768466234207153 and Accuracy: 0.4851323962211609
Finished epoch 87 with Loss: 1.1720649003982544 and Accuracy: 0.48936864733695984
Finished epoch 88 with Loss: 1.173768162727356 and Accuracy: 0.490835040807724
Finished epoch 89 with Loss: 1.1717287302017212 and Accuracy: 0.49002036452293396
Finished epoch 90 with Loss: 1.1738028526306152 and Accuracy: 0.4860285222530365
Finished epoch 91 with Loss: 1.1706490516662598 and Accuracy: 0.4878207743167877
Finished epoch 92 with Loss: 1.1698622703552246 and Accuracy: 0.490346223115921
Finished epoch 93 with Loss: 1.1676394939422607 and Accuracy: 0.49075356125831604
Finished epoch 94 with Loss: 1.1751161813735962 and Accuracy: 0.4885539710521698
Finished epoch 95 with Loss: 1.1697124242782593 and Accuracy: 0.48798370361328125
Finished epoch 96 with Loss: 1.164858102798462 and Accuracy: 0.49238288402557373
Finished epoch 97 with Loss: 1.168637752532959 and Accuracy: 0.49189409613609314
Finished epoch 98 with Loss: 1.164840579032898 and Accuracy: 0.4929531514644623
Finished epoch 99 with Loss: 1.1676052808761597 and Accuracy: 0.49164968729019165
Finished epoch 100 with Loss: 1.168129324913025 and Accuracy: 0.49116089940071106
Finished epoch 101 with Loss: 1.1676799058914185 and Accuracy: 0.4918126165866852
Finished epoch 102 with Loss: 1.1686575412750244 and Accuracy: 0.49050915241241455
Finished epoch 103 with Loss: 1.165023922920227 and Accuracy: 0.49230143427848816
Finished epoch 104 with Loss: 1.1642615795135498 and Accuracy: 0.494989812374115
Finished epoch 105 with Loss: 1.1687817573547363 and Accuracy: 0.49026477336883545
Finished epoch 106 with Loss: 1.1632593870162964 and Accuracy: 0.4905906319618225
Finished epoch 107 with Loss: 1.1682162284851074 and Accuracy: 0.4914867579936981
Finished epoch 108 with Loss: 1.1594475507736206 and Accuracy: 0.49621182680130005
Finished epoch 109 with Loss: 1.1618363857269287 and Accuracy: 0.49580448865890503
Finished epoch 110 with Loss: 1.1620291471481323 and Accuracy: 0.490346223115921
Finished epoch 111 with Loss: 1.160317063331604 and Accuracy: 0.49873727560043335
Finished epoch 112 with Loss: 1.1593044996261597 and Accuracy: 0.49670061469078064
Finished epoch 113 with Loss: 1.1583048105239868 and Accuracy: 0.4929531514644623
Finished epoch 114 with Loss: 1.1563111543655396 and Accuracy: 0.49824845790863037
Finished epoch 115 with Loss: 1.1594152450561523 and Accuracy: 0.4970264732837677
Finished epoch 116 with Loss: 1.1567857265472412 and Accuracy: 0.49694502353668213
Finished epoch 117 with Loss: 1.1599252223968506 and Accuracy: 0.4933604896068573
Finished epoch 118 with Loss: 1.155970811843872 and Accuracy: 0.5037881731987
Finished epoch 119 with Loss: 1.1547229290008545 and Accuracy: 0.49759674072265625
Finished epoch 120 with Loss: 1.156737208366394 and Accuracy: 0.49327901005744934
Finished epoch 121 with Loss: 1.1593087911605835 and Accuracy: 0.4979225993156433
Finished epoch 122 with Loss: 1.1537160873413086 and Accuracy: 0.505010187625885
Finished epoch 123 with Loss: 1.154078483581543 and Accuracy: 0.49922606348991394
Finished epoch 124 with Loss: 1.1517808437347412 and Accuracy: 0.5018330216407776
Finished epoch 125 with Loss: 1.153577208518982 and Accuracy: 0.5007739067077637
Finished epoch 126 with Loss: 1.1556178331375122 and Accuracy: 0.5009368658065796
Finished epoch 127 with Loss: 1.1528127193450928 and Accuracy: 0.5038696527481079
Finished epoch 128 with Loss: 1.1523116827011108 and Accuracy: 0.499551922082901
Finished epoch 129 with Loss: 1.1507964134216309 and Accuracy: 0.5032994151115417
Finished epoch 130 with Loss: 1.1478544473648071 and Accuracy: 0.5063951015472412
Finished epoch 131 with Loss: 1.148582935333252 and Accuracy: 0.5038696527481079
Finished epoch 132 with Loss: 1.149419903755188 and Accuracy: 0.5016700625419617
Finished epoch 133 with Loss: 1.1535224914550781 and Accuracy: 0.5015071034431458
Finished epoch 134 with Loss: 1.1441059112548828 and Accuracy: 0.5068024396896362
Finished epoch 135 with Loss: 1.1476014852523804 and Accuracy: 0.5101425647735596
Finished epoch 136 with Loss: 1.150350570678711 and Accuracy: 0.5020774006843567
Finished epoch 137 with Loss: 1.1493263244628906 and Accuracy: 0.5063951015472412
Finished epoch 138 with Loss: 1.1464827060699463 and Accuracy: 0.5030549764633179
Finished epoch 139 with Loss: 1.148978590965271 and Accuracy: 0.5006924867630005
Finished epoch 140 with Loss: 1.1459903717041016 and Accuracy: 0.505499005317688
Finished epoch 141 with Loss: 1.1442852020263672 and Accuracy: 0.5066395401954651
Finished epoch 142 with Loss: 1.1487865447998047 and Accuracy: 0.5024847388267517
Finished epoch 143 with Loss: 1.1401197910308838 and Accuracy: 0.5093278884887695
Finished epoch 144 with Loss: 1.143157958984375 and Accuracy: 0.5088391304016113
Finished epoch 145 with Loss: 1.1433100700378418 and Accuracy: 0.505010187625885
Finished epoch 146 with Loss: 1.1458749771118164 and Accuracy: 0.5064765810966492
Finished epoch 147 with Loss: 1.1497020721435547 and Accuracy: 0.5019144415855408
Finished epoch 148 with Loss: 1.1418170928955078 and Accuracy: 0.5019959211349487
Finished epoch 149 with Loss: 1.1438685655593872 and Accuracy: 0.5036252737045288
Finished epoch 150 with Loss: 1.1457496881484985 and Accuracy: 0.5053360462188721
Accuracy: 0.39Accuracy: 0.39Accuracy: 0.39Accuracy: 0.39Accuracy: 0.39Accuracy: 0.39Accuracy: 0.39Accuracy: 0.39Accuracy: 0.39Accuracy: 0.39Accuracy: 0.39Accuracy: 0.39Accuracy: 0.39Accuracy: 0.39Accuracy: 0.39Accuracy: 0.39Accuracy: 0.39Accuracy: 0.39Accuracy: 0.39Accuracy: 0.39Accuracy: 0.39Accuracy: 0.39Accuracy: 0.39Accuracy: 0.39Accuracy: 0.39Accuracy: 0.39Accuracy: 0.39Accuracy: 0.39Accuracy: 0.39Accuracy: 0.39Accuracy: 0.39Accuracy: 0.39Accuracy: 0.39Accuracy: 0.39Accuracy: 0.39Accuracy: 0.39Accuracy: 0.39Accuracy: 0.39Accuracy: 0.39Accuracy: 0.39Accuracy: 0.39Accuracy: 0.39Accuracy: 0.39Accuracy: 0.39Accuracy: 0.39Accuracy: 0.39Accuracy: 0.39Accuracy: 0.39Accuracy: 0.39Accuracy: 0.39Accuracy: 0.39Accuracy: 0.39Accuracy: 0.39Accuracy: 0.39Accuracy: 0.39Accuracy: 0.39Accuracy: 0.39Accuracy: 0.39Accuracy: 0.39Accuracy: 0.39Accuracy: 0.39Accuracy: 0.39Accuracy: 0.39Accuracy: 0.39Accuracy: 0.39Accuracy: 0.39Accuracy: 0.39Accuracy: 0.39Accuracy: 0.39Accuracy: 0.39Accuracy: 0.39Accuracy: 0.39Accuracy: 0.39Accuracy: 0.39Accuracy: 0.39Accuracy: 0.39Accuracy: 0.39Accuracy: 0.39Accuracy: 0.39Accuracy: 0.39Accuracy: 0.39Accuracy: 0.39Accuracy: 0.39Accuracy: 0.39Accuracy: 0.39Accuracy: 0.39Accuracy: 0.39Accuracy: 0.39Accuracy: 0.39Accuracy: 0.39Accuracy: 0.39Accuracy: 0.39Accuracy: 0.39Accuracy: 0.39Accuracy: 0.39Accuracy: 0.39Accuracy: 0.39Accuracy: 0.39Accuracy: 0.39Accuracy: 0.39
Performing K-Fold 5
Finished epoch 1 with Loss: 1.3769774436950684 and Accuracy: 0.2951527535915375
Finished epoch 2 with Loss: 1.3616052865982056 and Accuracy: 0.3275763690471649
Finished epoch 3 with Loss: 1.33931565284729 and Accuracy: 0.3603258728981018
Finished epoch 4 with Loss: 1.3231745958328247 and Accuracy: 0.3733604848384857
Finished epoch 5 with Loss: 1.3169639110565186 and Accuracy: 0.3816700577735901
Finished epoch 6 with Loss: 1.3112661838531494 and Accuracy: 0.38224032521247864
Finished epoch 7 with Loss: 1.3065476417541504 and Accuracy: 0.3946232199668884
Finished epoch 8 with Loss: 1.3008267879486084 and Accuracy: 0.40048879384994507
Finished epoch 9 with Loss: 1.294339895248413 and Accuracy: 0.4109165072441101
Finished epoch 10 with Loss: 1.2887344360351562 and Accuracy: 0.4105091691017151
Finished epoch 11 with Loss: 1.2799513339996338 and Accuracy: 0.4228920638561249
Finished epoch 12 with Loss: 1.2729851007461548 and Accuracy: 0.42639511823654175
Finished epoch 13 with Loss: 1.2652028799057007 and Accuracy: 0.43600815534591675
Finished epoch 14 with Loss: 1.2580115795135498 and Accuracy: 0.44171079993247986
Finished epoch 15 with Loss: 1.2526555061340332 and Accuracy: 0.44219958782196045
Finished epoch 16 with Loss: 1.2490180730819702 and Accuracy: 0.4468431770801544
Finished epoch 17 with Loss: 1.2415128946304321 and Accuracy: 0.4479837119579315
Finished epoch 18 with Loss: 1.2387700080871582 and Accuracy: 0.45433807373046875
Finished epoch 19 with Loss: 1.2344390153884888 and Accuracy: 0.4553971588611603
Finished epoch 20 with Loss: 1.2312917709350586 and Accuracy: 0.4541751444339752
Finished epoch 21 with Loss: 1.2294362783432007 and Accuracy: 0.45702648162841797
Finished epoch 22 with Loss: 1.2275536060333252 and Accuracy: 0.4602036774158478
Finished epoch 23 with Loss: 1.2248908281326294 and Accuracy: 0.46183300018310547
Finished epoch 24 with Loss: 1.2213102579116821 and Accuracy: 0.4613441824913025
Finished epoch 25 with Loss: 1.2198619842529297 and Accuracy: 0.45955193042755127
Finished epoch 26 with Loss: 1.2213351726531982 and Accuracy: 0.46142566204071045
Finished epoch 27 with Loss: 1.2200647592544556 and Accuracy: 0.461588591337204
Finished epoch 28 with Loss: 1.2170108556747437 and Accuracy: 0.4633808434009552
Finished epoch 29 with Loss: 1.216381311416626 and Accuracy: 0.4663136601448059
Finished epoch 30 with Loss: 1.2135714292526245 and Accuracy: 0.4645213782787323
Finished epoch 31 with Loss: 1.2137517929077148 and Accuracy: 0.4656619131565094
Finished epoch 32 with Loss: 1.2075833082199097 and Accuracy: 0.4684317708015442
Finished epoch 33 with Loss: 1.2113198041915894 and Accuracy: 0.46672096848487854
Finished epoch 34 with Loss: 1.2072573900222778 and Accuracy: 0.4676985740661621
Finished epoch 35 with Loss: 1.2073320150375366 and Accuracy: 0.471608966588974
Finished epoch 36 with Loss: 1.2074716091156006 and Accuracy: 0.4674541652202606
Finished epoch 37 with Loss: 1.2045211791992188 and Accuracy: 0.47103869915008545
Finished epoch 38 with Loss: 1.2039204835891724 and Accuracy: 0.47144603729248047
Finished epoch 39 with Loss: 1.202396035194397 and Accuracy: 0.4736456274986267
Finished epoch 40 with Loss: 1.2026464939117432 and Accuracy: 0.47633400559425354
Finished epoch 41 with Loss: 1.1997108459472656 and Accuracy: 0.47519347071647644
Finished epoch 42 with Loss: 1.2019063234329224 and Accuracy: 0.46989816427230835
Finished epoch 43 with Loss: 1.2009395360946655 and Accuracy: 0.47788187861442566
Finished epoch 44 with Loss: 1.1984272003173828 and Accuracy: 0.47315680980682373
Finished epoch 45 with Loss: 1.2002284526824951 and Accuracy: 0.4755193591117859
Finished epoch 46 with Loss: 1.1970717906951904 and Accuracy: 0.47397148609161377
Finished epoch 47 with Loss: 1.1945468187332153 and Accuracy: 0.4764154851436615
Finished epoch 48 with Loss: 1.1972553730010986 and Accuracy: 0.4768228232860565
Finished epoch 49 with Loss: 1.19399893283844 and Accuracy: 0.47511202096939087
Finished epoch 50 with Loss: 1.1957674026489258 and Accuracy: 0.47421589493751526
Finished epoch 51 with Loss: 1.1891765594482422 and Accuracy: 0.48024439811706543
Finished epoch 52 with Loss: 1.1913508176803589 and Accuracy: 0.47812628746032715
Finished epoch 53 with Loss: 1.1925166845321655 and Accuracy: 0.47397148609161377
Finished epoch 54 with Loss: 1.1893235445022583 and Accuracy: 0.47999998927116394
Finished epoch 55 with Loss: 1.1906230449676514 and Accuracy: 0.4736456274986267
Finished epoch 56 with Loss: 1.1900091171264648 and Accuracy: 0.47926679253578186
Finished epoch 57 with Loss: 1.1872831583023071 and Accuracy: 0.4796741306781769
Finished epoch 58 with Loss: 1.1845948696136475 and Accuracy: 0.4855397045612335
Finished epoch 59 with Loss: 1.1834077835083008 and Accuracy: 0.48244398832321167
Finished epoch 60 with Loss: 1.1861547231674194 and Accuracy: 0.48407331109046936
Finished epoch 61 with Loss: 1.1840698719024658 and Accuracy: 0.47951120138168335
Finished epoch 62 with Loss: 1.1871196031570435 and Accuracy: 0.4786965250968933
Finished epoch 63 with Loss: 1.1868815422058105 and Accuracy: 0.4782077372074127
Finished epoch 64 with Loss: 1.1776213645935059 and Accuracy: 0.4842362403869629
Finished epoch 65 with Loss: 1.1813205480575562 and Accuracy: 0.4826069176197052
Finished epoch 66 with Loss: 1.1814730167388916 and Accuracy: 0.4832586646080017
Finished epoch 67 with Loss: 1.1793336868286133 and Accuracy: 0.4809775948524475
Finished epoch 68 with Loss: 1.178151249885559 and Accuracy: 0.4860285222530365
Finished epoch 69 with Loss: 1.1808569431304932 and Accuracy: 0.48635438084602356
Finished epoch 70 with Loss: 1.1768033504486084 and Accuracy: 0.48382893204689026
Finished epoch 71 with Loss: 1.1769744157791138 and Accuracy: 0.48382893204689026
Finished epoch 72 with Loss: 1.176827073097229 and Accuracy: 0.4865173101425171
Finished epoch 73 with Loss: 1.1739718914031982 and Accuracy: 0.48822811245918274
Finished epoch 74 with Loss: 1.1778780221939087 and Accuracy: 0.48725050687789917
Finished epoch 75 with Loss: 1.1779916286468506 and Accuracy: 0.48382893204689026
Finished epoch 76 with Loss: 1.1751385927200317 and Accuracy: 0.47910386323928833
Finished epoch 77 with Loss: 1.1780835390090942 and Accuracy: 0.48847249150276184
Finished epoch 78 with Loss: 1.1749390363693237 and Accuracy: 0.4866802394390106
Finished epoch 79 with Loss: 1.17339026927948 and Accuracy: 0.48847249150276184
Finished epoch 80 with Loss: 1.1723203659057617 and Accuracy: 0.48537677526474
Finished epoch 81 with Loss: 1.1665065288543701 and Accuracy: 0.4945010244846344
Finished epoch 82 with Loss: 1.1701442003250122 and Accuracy: 0.48977595567703247
Finished epoch 83 with Loss: 1.1697144508361816 and Accuracy: 0.4892871677875519
Finished epoch 84 with Loss: 1.168994665145874 and Accuracy: 0.4876578450202942
Finished epoch 85 with Loss: 1.1693425178527832 and Accuracy: 0.49205702543258667
Finished epoch 86 with Loss: 1.1677420139312744 and Accuracy: 0.4922199547290802
Finished epoch 87 with Loss: 1.1629724502563477 and Accuracy: 0.4967820644378662
Finished epoch 88 with Loss: 1.1653399467468262 and Accuracy: 0.4879022538661957
Finished epoch 89 with Loss: 1.1661545038223267 and Accuracy: 0.49303463101387024
Finished epoch 90 with Loss: 1.1650785207748413 and Accuracy: 0.4894500970840454
Finished epoch 91 with Loss: 1.164703130722046 and Accuracy: 0.49433809518814087
Finished epoch 92 with Loss: 1.1614528894424438 and Accuracy: 0.4981670081615448
Finished epoch 93 with Loss: 1.1599628925323486 and Accuracy: 0.49050915241241455
Finished epoch 94 with Loss: 1.1639320850372314 and Accuracy: 0.4931160807609558
Finished epoch 95 with Loss: 1.1605192422866821 and Accuracy: 0.4940936863422394
Finished epoch 96 with Loss: 1.1588739156723022 and Accuracy: 0.4974338114261627
Finished epoch 97 with Loss: 1.1581699848175049 and Accuracy: 0.4945010244846344
Finished epoch 98 with Loss: 1.1595909595489502 and Accuracy: 0.49531567096710205
Finished epoch 99 with Loss: 1.1577143669128418 and Accuracy: 0.49482688307762146
Finished epoch 100 with Loss: 1.1622344255447388 and Accuracy: 0.4917311668395996
Finished epoch 101 with Loss: 1.1568561792373657 and Accuracy: 0.49849286675453186
Finished epoch 102 with Loss: 1.1561279296875 and Accuracy: 0.4975152611732483
Finished epoch 103 with Loss: 1.1590697765350342 and Accuracy: 0.4905906319618225
Finished epoch 104 with Loss: 1.157273769378662 and Accuracy: 0.49621182680130005
Finished epoch 105 with Loss: 1.158507227897644 and Accuracy: 0.4988187253475189
Finished epoch 106 with Loss: 1.1547741889953613 and Accuracy: 0.49230143427848816
Finished epoch 107 with Loss: 1.1571840047836304 and Accuracy: 0.49596741795539856
Finished epoch 108 with Loss: 1.1522901058197021 and Accuracy: 0.49914461374282837
Finished epoch 109 with Loss: 1.1523269414901733 and Accuracy: 0.4981670081615448
Finished epoch 110 with Loss: 1.1527304649353027 and Accuracy: 0.499551922082901
Finished epoch 111 with Loss: 1.1509474515914917 and Accuracy: 0.5035437941551208
Finished epoch 112 with Loss: 1.1502019166946411 and Accuracy: 0.4975152611732483
Finished epoch 113 with Loss: 1.1522066593170166 and Accuracy: 0.4967820644378662
Finished epoch 114 with Loss: 1.1508121490478516 and Accuracy: 0.49824845790863037
Finished epoch 115 with Loss: 1.1545356512069702 and Accuracy: 0.5001221895217896
Finished epoch 116 with Loss: 1.1515603065490723 and Accuracy: 0.5051730871200562
Finished epoch 117 with Loss: 1.1468944549560547 and Accuracy: 0.5085946917533875
Finished epoch 118 with Loss: 1.148716926574707 and Accuracy: 0.5042769908905029
Finished epoch 119 with Loss: 1.1524677276611328 and Accuracy: 0.4990631341934204
Finished epoch 120 with Loss: 1.1473593711853027 and Accuracy: 0.5043584704399109
Finished epoch 121 with Loss: 1.1473966836929321 and Accuracy: 0.5019144415855408
Finished epoch 122 with Loss: 1.1451951265335083 and Accuracy: 0.5059877634048462
Finished epoch 123 with Loss: 1.1478371620178223 and Accuracy: 0.499551922082901
Finished epoch 124 with Loss: 1.145759105682373 and Accuracy: 0.5064765810966492
Finished epoch 125 with Loss: 1.1476079225540161 and Accuracy: 0.503706693649292
Finished epoch 126 with Loss: 1.1448028087615967 and Accuracy: 0.504114031791687
Finished epoch 127 with Loss: 1.143323302268982 and Accuracy: 0.5035437941551208
Finished epoch 128 with Loss: 1.1450152397155762 and Accuracy: 0.5032179355621338
Finished epoch 129 with Loss: 1.1440391540527344 and Accuracy: 0.5068839192390442
Finished epoch 130 with Loss: 1.1407063007354736 and Accuracy: 0.5061507225036621
Finished epoch 131 with Loss: 1.1430301666259766 and Accuracy: 0.5059062838554382
Finished epoch 132 with Loss: 1.1373932361602783 and Accuracy: 0.505499005317688
Finished epoch 133 with Loss: 1.1413328647613525 and Accuracy: 0.5076171159744263
Finished epoch 134 with Loss: 1.1414042711257935 and Accuracy: 0.5082688331604004
Finished epoch 135 with Loss: 1.1393213272094727 and Accuracy: 0.5102240443229675
Finished epoch 136 with Loss: 1.1378198862075806 and Accuracy: 0.5101425647735596
Finished epoch 137 with Loss: 1.1367478370666504 and Accuracy: 0.5092464089393616
Finished epoch 138 with Loss: 1.136777400970459 and Accuracy: 0.50541752576828
Finished epoch 139 with Loss: 1.1365973949432373 and Accuracy: 0.5063951015472412
Finished epoch 140 with Loss: 1.1323895454406738 and Accuracy: 0.5096537470817566
Finished epoch 141 with Loss: 1.1397087574005127 and Accuracy: 0.5089205503463745
Finished epoch 142 with Loss: 1.134018063545227 and Accuracy: 0.5098981857299805
Finished epoch 143 with Loss: 1.1362696886062622 and Accuracy: 0.5094093680381775
Finished epoch 144 with Loss: 1.1358979940414429 and Accuracy: 0.5091649889945984
Finished epoch 145 with Loss: 1.1366575956344604 and Accuracy: 0.5077800154685974
Finished epoch 146 with Loss: 1.1345516443252563 and Accuracy: 0.5126680135726929
Finished epoch 147 with Loss: 1.1363446712493896 and Accuracy: 0.5112830996513367
Finished epoch 148 with Loss: 1.1357786655426025 and Accuracy: 0.5062322020530701
Finished epoch 149 with Loss: 1.1354378461837769 and Accuracy: 0.5059062838554382
Finished epoch 150 with Loss: 1.1344507932662964 and Accuracy: 0.5076985955238342
Accuracy: 0.42Accuracy: 0.42Accuracy: 0.42Accuracy: 0.42Accuracy: 0.42Accuracy: 0.42Accuracy: 0.42Accuracy: 0.42Accuracy: 0.42Accuracy: 0.42Accuracy: 0.42Accuracy: 0.42Accuracy: 0.42Accuracy: 0.42Accuracy: 0.42Accuracy: 0.42Accuracy: 0.42Accuracy: 0.42Accuracy: 0.42Accuracy: 0.42Accuracy: 0.42Accuracy: 0.42Accuracy: 0.42Accuracy: 0.42Accuracy: 0.42Accuracy: 0.42Accuracy: 0.42Accuracy: 0.42Accuracy: 0.42Accuracy: 0.42Accuracy: 0.42Accuracy: 0.42Accuracy: 0.42Accuracy: 0.42Accuracy: 0.42Accuracy: 0.42Accuracy: 0.42Accuracy: 0.42Accuracy: 0.42Accuracy: 0.42Accuracy: 0.42Accuracy: 0.42Accuracy: 0.42Accuracy: 0.42Accuracy: 0.42Accuracy: 0.42Accuracy: 0.42Accuracy: 0.42Accuracy: 0.42Accuracy: 0.42Accuracy: 0.42Accuracy: 0.42Accuracy: 0.42Accuracy: 0.42Accuracy: 0.42Accuracy: 0.42Accuracy: 0.42Accuracy: 0.42Accuracy: 0.42Accuracy: 0.42Accuracy: 0.42Accuracy: 0.42Accuracy: 0.42Accuracy: 0.42Accuracy: 0.42Accuracy: 0.42Accuracy: 0.42Accuracy: 0.42Accuracy: 0.42Accuracy: 0.42Accuracy: 0.42Accuracy: 0.42Accuracy: 0.42Accuracy: 0.42Accuracy: 0.42Accuracy: 0.42Accuracy: 0.42Accuracy: 0.42Accuracy: 0.42Accuracy: 0.42Accuracy: 0.42Accuracy: 0.42Accuracy: 0.42Accuracy: 0.42Accuracy: 0.42Accuracy: 0.42Accuracy: 0.42Accuracy: 0.42Accuracy: 0.42Accuracy: 0.42Accuracy: 0.42Accuracy: 0.42Accuracy: 0.42Accuracy: 0.42Accuracy: 0.42Accuracy: 0.42Accuracy: 0.42Accuracy: 0.42Accuracy: 0.42Accuracy: 0.42
Accuracy: 42.69

------------------------------------------------------------
Sender: LSF System <lsfadmin@n3h39>
Subject: Job 345494[6]: <job_arr[4-9]> in cluster <henry2> Done

Job <job_arr[4-9]> was submitted from host <login03> by user <mjhouk> in cluster <henry2> at Tue Jul  6 03:13:06 2021
Job was executed on host(s) <n3h39>, in queue <gpu>, as user <mjhouk> in cluster <henry2> at Tue Jul  6 17:57:29 2021
</home/mjhouk> was used as the home directory.
</home/mjhouk/MB3DCNN/Groups> was used as the working directory.
Started at Tue Jul  6 17:57:29 2021
Terminated at Tue Jul  6 20:22:49 2021
Results reported at Tue Jul  6 20:22:49 2021

Your job looked like:

------------------------------------------------------------
# LSBATCH: User input
#!/bin/csh

#BSUB -J job_arr[4-9]
#BSUB -x
#BSUB -R "span[hosts=1]"
#BSUB -W 900
#BSUB -q gpu
#BSUB -R "select[p100]"
#BSUB -gpu "num=1:mode=shared:mps=yes"
#BSUB -o ./out/trial-%I-%J.out
#BSUB -e ./out/trial-%I-%J.err

set run = true
set gpu = "`nvidia-smi --query-gpu=gpu_name --format=csv,noheader`"
echo "Found $gpu GPU"
if ( "$gpu" =~ *"K20m"* ) then
	set cuda_cmd = "module load cuda/10.1"
	set env_cmd = "conda activate tf220_py377"
else if ( "$gpu" =~ *"P100"* ) then
	set cuda_cmd = "module load cuda/11.0"
	set env_cmd = "conda activate tf241_py377"
else if ( "$gpu" =~ *"GTX 1080"* ) then
	set cuda_cmd = "module load cuda/11.0"
	set env_cmd = "conda activate tf241_py377"
else if ( "$gpu" =~ *"RTX 2080"* ) then
	set cuda_cmd = "module load cuda/11.0"
	set env_cmd = "conda activate tf241_py377"
else 
	set run = false
endif

if ( "$run" =~ true ) then

	echo "Loading libraries"

	eval $env_cmd
	eval $cuda_cmd

	setenv OMP_NUM_THREADS 2

	echo "Running OAT Trial $LSB_JOBINDEX with ID $LSB_JOBID"
	python runMotor.py ${LSB_JOBINDEX} ${LSB_JOBID}

else

	echo "GPU not available, cancelling job for OAT Trial $LSB_JOBINDEX"	

endif


------------------------------------------------------------

Successfully completed.

Resource usage summary:

    CPU time :                                   10839.00 sec.
    Max Memory :                                 23780.51 MB
    Average Memory :                             22403.66 MB
    Total Requested Memory :                     -
    Delta Memory :                               -
    Max Swap :                                   -
    Max Processes :                              4
    Max Threads :                                121
    Run time :                                   8729 sec.
    Turnaround time :                            61783 sec.

The output (if any) is above this job summary.



PS:

Read file <./out/trial-6-345494.err> for stderr output of this job.

