2021-07-05 15:16:44.569801: I tensorflow/stream_executor/platform/default/dso_loader.cc:49] Successfully opened dynamic library libcudart.so.10.1
2021-07-05 15:16:48.220386: I tensorflow/compiler/jit/xla_cpu_device.cc:41] Not creating XLA devices, tf_xla_enable_xla_devices not set
2021-07-05 15:16:48.221777: I tensorflow/stream_executor/platform/default/dso_loader.cc:49] Successfully opened dynamic library libcuda.so.1
2021-07-05 15:16:48.550815: I tensorflow/core/common_runtime/gpu/gpu_device.cc:1720] Found device 0 with properties: 
pciBusID: 0000:03:00.0 name: Tesla P100-PCIE-16GB computeCapability: 6.0
coreClock: 1.3285GHz coreCount: 56 deviceMemorySize: 15.90GiB deviceMemoryBandwidth: 681.88GiB/s
2021-07-05 15:16:48.550887: I tensorflow/stream_executor/platform/default/dso_loader.cc:49] Successfully opened dynamic library libcudart.so.10.1
2021-07-05 15:16:48.556478: I tensorflow/stream_executor/platform/default/dso_loader.cc:49] Successfully opened dynamic library libcublas.so.10
2021-07-05 15:16:48.556543: I tensorflow/stream_executor/platform/default/dso_loader.cc:49] Successfully opened dynamic library libcublasLt.so.10
2021-07-05 15:16:48.561054: I tensorflow/stream_executor/platform/default/dso_loader.cc:49] Successfully opened dynamic library libcufft.so.10
2021-07-05 15:16:48.562092: I tensorflow/stream_executor/platform/default/dso_loader.cc:49] Successfully opened dynamic library libcurand.so.10
2021-07-05 15:16:48.566945: I tensorflow/stream_executor/platform/default/dso_loader.cc:49] Successfully opened dynamic library libcusolver.so.10
2021-07-05 15:16:48.569667: I tensorflow/stream_executor/platform/default/dso_loader.cc:49] Successfully opened dynamic library libcusparse.so.10
2021-07-05 15:16:48.579108: I tensorflow/stream_executor/platform/default/dso_loader.cc:49] Successfully opened dynamic library libcudnn.so.7
2021-07-05 15:16:48.583384: I tensorflow/core/common_runtime/gpu/gpu_device.cc:1862] Adding visible gpu devices: 0
2021-07-05 15:16:52.743137: I tensorflow/core/platform/cpu_feature_guard.cc:142] This TensorFlow binary is optimized with oneAPI Deep Neural Network Library (oneDNN) to use the following CPU instructions in performance-critical operations:  SSE4.1 SSE4.2 AVX AVX2 FMA
To enable them in other operations, rebuild TensorFlow with the appropriate compiler flags.
2021-07-05 15:16:52.745724: I tensorflow/core/common_runtime/gpu/gpu_device.cc:1720] Found device 0 with properties: 
pciBusID: 0000:03:00.0 name: Tesla P100-PCIE-16GB computeCapability: 6.0
coreClock: 1.3285GHz coreCount: 56 deviceMemorySize: 15.90GiB deviceMemoryBandwidth: 681.88GiB/s
2021-07-05 15:16:52.745757: I tensorflow/stream_executor/platform/default/dso_loader.cc:49] Successfully opened dynamic library libcudart.so.10.1
2021-07-05 15:16:52.745831: I tensorflow/stream_executor/platform/default/dso_loader.cc:49] Successfully opened dynamic library libcublas.so.10
2021-07-05 15:16:52.745856: I tensorflow/stream_executor/platform/default/dso_loader.cc:49] Successfully opened dynamic library libcublasLt.so.10
2021-07-05 15:16:52.745883: I tensorflow/stream_executor/platform/default/dso_loader.cc:49] Successfully opened dynamic library libcufft.so.10
2021-07-05 15:16:52.745904: I tensorflow/stream_executor/platform/default/dso_loader.cc:49] Successfully opened dynamic library libcurand.so.10
2021-07-05 15:16:52.745925: I tensorflow/stream_executor/platform/default/dso_loader.cc:49] Successfully opened dynamic library libcusolver.so.10
2021-07-05 15:16:52.745946: I tensorflow/stream_executor/platform/default/dso_loader.cc:49] Successfully opened dynamic library libcusparse.so.10
2021-07-05 15:16:52.745975: I tensorflow/stream_executor/platform/default/dso_loader.cc:49] Successfully opened dynamic library libcudnn.so.7
2021-07-05 15:16:52.750106: I tensorflow/core/common_runtime/gpu/gpu_device.cc:1862] Adding visible gpu devices: 0
2021-07-05 15:16:52.750143: I tensorflow/stream_executor/platform/default/dso_loader.cc:49] Successfully opened dynamic library libcudart.so.10.1
2021-07-05 15:16:53.312383: I tensorflow/core/common_runtime/gpu/gpu_device.cc:1261] Device interconnect StreamExecutor with strength 1 edge matrix:
2021-07-05 15:16:53.312431: I tensorflow/core/common_runtime/gpu/gpu_device.cc:1267]      0 
2021-07-05 15:16:53.312444: I tensorflow/core/common_runtime/gpu/gpu_device.cc:1280] 0:   N 
2021-07-05 15:16:53.318424: I tensorflow/core/common_runtime/gpu/gpu_device.cc:1406] Created TensorFlow device (/job:localhost/replica:0/task:0/device:GPU:0 with 14846 MB memory) -> physical GPU (device: 0, name: Tesla P100-PCIE-16GB, pci bus id: 0000:03:00.0, compute capability: 6.0)
2021-07-05 15:16:53.318775: I tensorflow/compiler/jit/xla_gpu_device.cc:99] Not creating XLA devices, tf_xla_enable_xla_devices not set
2021-07-05 15:16:53.616214: I tensorflow/compiler/mlir/mlir_graph_optimization_pass.cc:116] None of the MLIR optimization passes are enabled (registered 2)
2021-07-05 15:16:53.616751: I tensorflow/core/platform/profile_utils/cpu_utils.cc:112] CPU Frequency: 2200080000 Hz
2021-07-05 15:16:56.093688: I tensorflow/stream_executor/platform/default/dso_loader.cc:49] Successfully opened dynamic library libcublas.so.10
2021-07-05 15:16:56.292500: I tensorflow/stream_executor/platform/default/dso_loader.cc:49] Successfully opened dynamic library libcudnn.so.7
Traceback (most recent call last):
  File "runEmotion.py", line 137, in <module>
    history = model.fit(x_train, y_train, epochs=300, batch_size=16, validation_data=(x_val, y_val), verbose=0, callbacks=[CustomCallback()])
  File "/usr/local/usrapps/multibranch/mjhouk/tf241_py377/lib/python3.7/site-packages/tensorflow/python/keras/engine/training.py", line 1100, in fit
    tmp_logs = self.train_function(iterator)
  File "/usr/local/usrapps/multibranch/mjhouk/tf241_py377/lib/python3.7/site-packages/tensorflow/python/eager/def_function.py", line 828, in __call__
    result = self._call(*args, **kwds)
  File "/usr/local/usrapps/multibranch/mjhouk/tf241_py377/lib/python3.7/site-packages/tensorflow/python/eager/def_function.py", line 855, in _call
    return self._stateless_fn(*args, **kwds)  # pylint: disable=not-callable
  File "/usr/local/usrapps/multibranch/mjhouk/tf241_py377/lib/python3.7/site-packages/tensorflow/python/eager/function.py", line 2943, in __call__
    filtered_flat_args, captured_inputs=graph_function.captured_inputs)  # pylint: disable=protected-access
  File "/usr/local/usrapps/multibranch/mjhouk/tf241_py377/lib/python3.7/site-packages/tensorflow/python/eager/function.py", line 1919, in _call_flat
    ctx, args, cancellation_manager=cancellation_manager))
  File "/usr/local/usrapps/multibranch/mjhouk/tf241_py377/lib/python3.7/site-packages/tensorflow/python/eager/function.py", line 560, in call
    ctx=ctx)
  File "/usr/local/usrapps/multibranch/mjhouk/tf241_py377/lib/python3.7/site-packages/tensorflow/python/eager/execute.py", line 60, in quick_execute
    inputs, attrs, num_outputs)
KeyboardInterrupt
