Found GeForce GTX 1080 GPU
Loading libraries
Running OAT Trial 1 with ID 265132
'TF_NUM_INTEROP_THREADS' not found, adding and setting to '1'
'TF_NUM_INTRAOP_THREADS' not found, adding and setting to '1'
TF_NUM_INTEROP_THREADS = 1
TF_NUM_INTRAOP_THREADS = 1
X:	 7
Y:	 6
T:	 240
N:	 4
LR:	 0.0001
F1:	 1
F2:	 8
D:	 6
S1:	 4
S2:	 12
SF:	 2
Verifying thread usage params
Intra Op Threads:	 0
Inter Op Threads:	 0
Performing K-Fold 1
Finished epoch 1 with Loss: 1.3603322505950928 and Accuracy: 0.33394160866737366
Finished epoch 2 with Loss: 1.3154103755950928 and Accuracy: 0.36796140670776367
Finished epoch 3 with Loss: 1.3019096851348877 and Accuracy: 0.3879692256450653
Finished epoch 4 with Loss: 1.2770991325378418 and Accuracy: 0.4091501533985138
Finished epoch 5 with Loss: 1.2391080856323242 and Accuracy: 0.4335245192050934
Finished epoch 6 with Loss: 1.1962807178497314 and Accuracy: 0.46057090163230896
Finished epoch 7 with Loss: 1.1545476913452148 and Accuracy: 0.49074557423591614
Finished epoch 8 with Loss: 1.1065722703933716 and Accuracy: 0.5331725478172302
Finished epoch 9 with Loss: 1.067567229270935 and Accuracy: 0.5564389824867249
Finished epoch 10 with Loss: 1.0350946187973022 and Accuracy: 0.5787278413772583
Finished epoch 11 with Loss: 1.0126768350601196 and Accuracy: 0.5857012271881104
Finished epoch 12 with Loss: 0.9890791177749634 and Accuracy: 0.6018639206886292
Finished epoch 13 with Loss: 0.9738097786903381 and Accuracy: 0.6033628582954407
Finished epoch 14 with Loss: 0.9567480087280273 and Accuracy: 0.6156152486801147
Finished epoch 15 with Loss: 0.9448030591011047 and Accuracy: 0.6215459108352661
Finished epoch 16 with Loss: 0.9320380091667175 and Accuracy: 0.634189248085022
Finished epoch 17 with Loss: 0.9202849864959717 and Accuracy: 0.6420750617980957
Finished epoch 18 with Loss: 0.9062231779098511 and Accuracy: 0.6466371417045593
Finished epoch 19 with Loss: 0.8944429755210876 and Accuracy: 0.6543274521827698
Finished epoch 20 with Loss: 0.8857660293579102 and Accuracy: 0.6592153310775757
Finished epoch 21 with Loss: 0.8706297278404236 and Accuracy: 0.669121503829956
Finished epoch 22 with Loss: 0.8650700449943542 and Accuracy: 0.6705552935600281
Finished epoch 23 with Loss: 0.8533828258514404 and Accuracy: 0.6731621623039246
Finished epoch 24 with Loss: 0.8478785753250122 and Accuracy: 0.6811131238937378
Finished epoch 25 with Loss: 0.8394027948379517 and Accuracy: 0.682286262512207
Finished epoch 26 with Loss: 0.8297597169876099 and Accuracy: 0.6833289861679077
Finished epoch 27 with Loss: 0.8254513740539551 and Accuracy: 0.6871089935302734
Finished epoch 28 with Loss: 0.8215637803077698 and Accuracy: 0.6891945004463196
Finished epoch 29 with Loss: 0.811007022857666 and Accuracy: 0.6962982416152954
Finished epoch 30 with Loss: 0.8102239966392517 and Accuracy: 0.6942778825759888
Finished epoch 31 with Loss: 0.8013848066329956 and Accuracy: 0.6981882452964783
Finished epoch 32 with Loss: 0.7944192886352539 and Accuracy: 0.7030109763145447
Finished epoch 33 with Loss: 0.794343888759613 and Accuracy: 0.7024244070053101
Finished epoch 34 with Loss: 0.7897875905036926 and Accuracy: 0.7083550691604614
Finished epoch 35 with Loss: 0.7834089398384094 and Accuracy: 0.7054874897003174
Finished epoch 36 with Loss: 0.7810301780700684 and Accuracy: 0.7085505723953247
Finished epoch 37 with Loss: 0.7722695469856262 and Accuracy: 0.7099192142486572
Finished epoch 38 with Loss: 0.7716229557991028 and Accuracy: 0.7097236514091492
Finished epoch 39 with Loss: 0.765112042427063 and Accuracy: 0.7125260829925537
Finished epoch 40 with Loss: 0.7627551555633545 and Accuracy: 0.7120047211647034
Finished epoch 41 with Loss: 0.7593709230422974 and Accuracy: 0.7158498167991638
Finished epoch 42 with Loss: 0.7595212459564209 and Accuracy: 0.7175443172454834
Finished epoch 43 with Loss: 0.7484413385391235 and Accuracy: 0.7207377552986145
Finished epoch 44 with Loss: 0.7498853206634521 and Accuracy: 0.7219760417938232
Finished epoch 45 with Loss: 0.7473669648170471 and Accuracy: 0.7246480584144592
Finished epoch 46 with Loss: 0.7409654259681702 and Accuracy: 0.7225625514984131
Finished epoch 47 with Loss: 0.7454150319099426 and Accuracy: 0.7215198278427124
Finished epoch 48 with Loss: 0.7360231280326843 and Accuracy: 0.7228884100914001
Finished epoch 49 with Loss: 0.736937940120697 and Accuracy: 0.7246480584144592
Finished epoch 50 with Loss: 0.7306350469589233 and Accuracy: 0.7256256341934204
Finished epoch 51 with Loss: 0.7319855690002441 and Accuracy: 0.7278414964675903
Finished epoch 52 with Loss: 0.7309972047805786 and Accuracy: 0.7282325625419617
Finished epoch 53 with Loss: 0.7200464010238647 and Accuracy: 0.7294056415557861
Finished epoch 54 with Loss: 0.7196473479270935 and Accuracy: 0.7322732210159302
Finished epoch 55 with Loss: 0.7199866771697998 and Accuracy: 0.7296011447906494
Finished epoch 56 with Loss: 0.7154973745346069 and Accuracy: 0.728753924369812
Finished epoch 57 with Loss: 0.7127400636672974 and Accuracy: 0.7327945828437805
Finished epoch 58 with Loss: 0.7116592526435852 and Accuracy: 0.736835241317749
Finished epoch 59 with Loss: 0.7094412446022034 and Accuracy: 0.7340980172157288
Finished epoch 60 with Loss: 0.7046688795089722 and Accuracy: 0.7372914552688599
Finished epoch 61 with Loss: 0.7029678821563721 and Accuracy: 0.7377476692199707
Finished epoch 62 with Loss: 0.7026169300079346 and Accuracy: 0.7391162514686584
Finished epoch 63 with Loss: 0.6960083246231079 and Accuracy: 0.7414624691009521
Finished epoch 64 with Loss: 0.6970760822296143 and Accuracy: 0.7406152486801147
Finished epoch 65 with Loss: 0.6942474246025085 and Accuracy: 0.740810751914978
Finished epoch 66 with Loss: 0.6980001926422119 and Accuracy: 0.7406152486801147
Finished epoch 67 with Loss: 0.6908234357833862 and Accuracy: 0.7441344857215881
Finished epoch 68 with Loss: 0.6887241005897522 and Accuracy: 0.7442648410797119
Finished epoch 69 with Loss: 0.6871907711029053 and Accuracy: 0.7395724654197693
Finished epoch 70 with Loss: 0.6802537441253662 and Accuracy: 0.7445255517959595
Finished epoch 71 with Loss: 0.6838967204093933 and Accuracy: 0.7441996932029724
Finished epoch 72 with Loss: 0.6816787719726562 and Accuracy: 0.7462852001190186
Finished epoch 73 with Loss: 0.6787011623382568 and Accuracy: 0.7477189898490906
Finished epoch 74 with Loss: 0.6749669909477234 and Accuracy: 0.7479144930839539
Finished epoch 75 with Loss: 0.6754820346832275 and Accuracy: 0.747458279132843
Finished epoch 76 with Loss: 0.6719078421592712 and Accuracy: 0.7475886344909668
Finished epoch 77 with Loss: 0.6684064269065857 and Accuracy: 0.7490224242210388
Finished epoch 78 with Loss: 0.6681205034255981 and Accuracy: 0.7514989376068115
Finished epoch 79 with Loss: 0.6663249135017395 and Accuracy: 0.7518900036811829
Finished epoch 80 with Loss: 0.6625156402587891 and Accuracy: 0.7546272277832031
Finished epoch 81 with Loss: 0.6621156930923462 and Accuracy: 0.7535192966461182
Finished epoch 82 with Loss: 0.6582267880439758 and Accuracy: 0.7544968724250793
Finished epoch 83 with Loss: 0.6577982902526855 and Accuracy: 0.7561913728713989
Finished epoch 84 with Loss: 0.6578883528709412 and Accuracy: 0.7537800073623657
Finished epoch 85 with Loss: 0.6553038358688354 and Accuracy: 0.7564520239830017
Finished epoch 86 with Loss: 0.6555563807487488 and Accuracy: 0.7554744482040405
Finished epoch 87 with Loss: 0.6508743762969971 and Accuracy: 0.7572340965270996
Finished epoch 88 with Loss: 0.6515288352966309 and Accuracy: 0.7601668238639832
Finished epoch 89 with Loss: 0.6432979106903076 and Accuracy: 0.7619916796684265
Finished epoch 90 with Loss: 0.6431038975715637 and Accuracy: 0.7589937448501587
Finished epoch 91 with Loss: 0.6415746212005615 and Accuracy: 0.7610141038894653
Finished epoch 92 with Loss: 0.6395852565765381 and Accuracy: 0.7632299065589905
Finished epoch 93 with Loss: 0.6359753608703613 and Accuracy: 0.7644681930541992
Finished epoch 94 with Loss: 0.6348682045936584 and Accuracy: 0.7649895548820496
Finished epoch 95 with Loss: 0.6307308077812195 and Accuracy: 0.7646636962890625
Finished epoch 96 with Loss: 0.6305853128433228 and Accuracy: 0.7652502655982971
Finished epoch 97 with Loss: 0.6292389631271362 and Accuracy: 0.768574059009552
Finished epoch 98 with Loss: 0.6257257461547852 and Accuracy: 0.7692909240722656
Finished epoch 99 with Loss: 0.623848021030426 and Accuracy: 0.7728753685951233
Finished epoch 100 with Loss: 0.6232935786247253 and Accuracy: 0.769681990146637
Performing K-Fold 2
Finished epoch 1 with Loss: 1.328047752380371 and Accuracy: 0.35681700706481934
Finished epoch 2 with Loss: 1.2714996337890625 and Accuracy: 0.4099974036216736
Finished epoch 3 with Loss: 1.2144837379455566 and Accuracy: 0.45411887764930725
Finished epoch 4 with Loss: 1.1768982410430908 and Accuracy: 0.4745829105377197
Finished epoch 5 with Loss: 1.1387217044830322 and Accuracy: 0.5024765133857727
Finished epoch 6 with Loss: 1.1094621419906616 and Accuracy: 0.5186392068862915
Finished epoch 7 with Loss: 1.0855207443237305 and Accuracy: 0.5368221998214722
Finished epoch 8 with Loss: 1.0611655712127686 and Accuracy: 0.5521376729011536
Finished epoch 9 with Loss: 1.0420019626617432 and Accuracy: 0.5652372241020203
Finished epoch 10 with Loss: 1.019439458847046 and Accuracy: 0.5822471380233765
Finished epoch 11 with Loss: 1.000143051147461 and Accuracy: 0.5943039655685425
Finished epoch 12 with Loss: 0.9842599034309387 and Accuracy: 0.6031022071838379
Finished epoch 13 with Loss: 0.9665221571922302 and Accuracy: 0.6122914552688599
Finished epoch 14 with Loss: 0.9478316903114319 and Accuracy: 0.6233707070350647
Finished epoch 15 with Loss: 0.9338690638542175 and Accuracy: 0.6326903104782104
Finished epoch 16 with Loss: 0.9181357026100159 and Accuracy: 0.6360141038894653
Finished epoch 17 with Loss: 0.9092407822608948 and Accuracy: 0.6448774933815002
Finished epoch 18 with Loss: 0.8950197696685791 and Accuracy: 0.6521115899085999
Finished epoch 19 with Loss: 0.8863222599029541 and Accuracy: 0.6576511859893799
Finished epoch 20 with Loss: 0.87746262550354 and Accuracy: 0.6642335653305054
Finished epoch 21 with Loss: 0.8647683262825012 and Accuracy: 0.6709463000297546
Finished epoch 22 with Loss: 0.8576441407203674 and Accuracy: 0.6715328693389893
Finished epoch 23 with Loss: 0.8537904620170593 and Accuracy: 0.6722497344017029
Finished epoch 24 with Loss: 0.8427550196647644 and Accuracy: 0.6786366105079651
Finished epoch 25 with Loss: 0.8360555768013 and Accuracy: 0.6856752038002014
Finished epoch 26 with Loss: 0.829912543296814 and Accuracy: 0.6858707070350647
Finished epoch 27 with Loss: 0.8222153186798096 and Accuracy: 0.6912800073623657
Finished epoch 28 with Loss: 0.8203651905059814 and Accuracy: 0.6904327273368835
Finished epoch 29 with Loss: 0.8116073608398438 and Accuracy: 0.6921923756599426
Finished epoch 30 with Loss: 0.8073957562446594 and Accuracy: 0.694473385810852
Finished epoch 31 with Loss: 0.7976484298706055 and Accuracy: 0.6976016759872437
Finished epoch 32 with Loss: 0.7934293746948242 and Accuracy: 0.7024895548820496
Finished epoch 33 with Loss: 0.7852264642715454 and Accuracy: 0.7064650654792786
Finished epoch 34 with Loss: 0.7861994504928589 and Accuracy: 0.7059437036514282
Finished epoch 35 with Loss: 0.775509238243103 and Accuracy: 0.7113529443740845
Finished epoch 36 with Loss: 0.7763081789016724 and Accuracy: 0.7120698690414429
Finished epoch 37 with Loss: 0.7740852236747742 and Accuracy: 0.7118091583251953
Finished epoch 38 with Loss: 0.7662550210952759 and Accuracy: 0.7136991620063782
Finished epoch 39 with Loss: 0.7657063007354736 and Accuracy: 0.7161105275154114
Finished epoch 40 with Loss: 0.7630313634872437 and Accuracy: 0.7149374485015869
Finished epoch 41 with Loss: 0.7582741379737854 and Accuracy: 0.7131778001785278
Finished epoch 42 with Loss: 0.7562940716743469 and Accuracy: 0.7157846689224243
Finished epoch 43 with Loss: 0.7520502805709839 and Accuracy: 0.7187826037406921
Finished epoch 44 with Loss: 0.748040497303009 and Accuracy: 0.7167622447013855
Finished epoch 45 with Loss: 0.7428653240203857 and Accuracy: 0.720802903175354
Finished epoch 46 with Loss: 0.7402326464653015 and Accuracy: 0.7230839133262634
Finished epoch 47 with Loss: 0.7387499809265137 and Accuracy: 0.7232142686843872
Finished epoch 48 with Loss: 0.734083890914917 and Accuracy: 0.7236053347587585
Finished epoch 49 with Loss: 0.7341928482055664 and Accuracy: 0.724452555179596
Finished epoch 50 with Loss: 0.730880856513977 and Accuracy: 0.726212203502655
Finished epoch 51 with Loss: 0.7283772230148315 and Accuracy: 0.7255604863166809
Finished epoch 52 with Loss: 0.7285293340682983 and Accuracy: 0.7241266965866089
Finished epoch 53 with Loss: 0.7252919673919678 and Accuracy: 0.7256908416748047
Finished epoch 54 with Loss: 0.719416081905365 and Accuracy: 0.7301225066184998
Finished epoch 55 with Loss: 0.7200037240982056 and Accuracy: 0.7323383688926697
Finished epoch 56 with Loss: 0.7183951139450073 and Accuracy: 0.7310349345207214
Finished epoch 57 with Loss: 0.715918242931366 and Accuracy: 0.7307090759277344
Finished epoch 58 with Loss: 0.7146731615066528 and Accuracy: 0.7329249382019043
Finished epoch 59 with Loss: 0.710224986076355 and Accuracy: 0.7341631650924683
Finished epoch 60 with Loss: 0.7107109427452087 and Accuracy: 0.7344890236854553
Finished epoch 61 with Loss: 0.7061156034469604 and Accuracy: 0.7352059483528137
Finished epoch 62 with Loss: 0.7025494575500488 and Accuracy: 0.7337721586227417
Finished epoch 63 with Loss: 0.7010759115219116 and Accuracy: 0.7383341789245605
Finished epoch 64 with Loss: 0.6995846033096313 and Accuracy: 0.7380735278129578
Finished epoch 65 with Loss: 0.6948097944259644 and Accuracy: 0.7393117547035217
Finished epoch 66 with Loss: 0.6924099922180176 and Accuracy: 0.7384645342826843
Finished epoch 67 with Loss: 0.6918656826019287 and Accuracy: 0.7391162514686584
Finished epoch 68 with Loss: 0.6894943714141846 and Accuracy: 0.7421793341636658
Finished epoch 69 with Loss: 0.68764728307724 and Accuracy: 0.740484893321991
Finished epoch 70 with Loss: 0.6849046945571899 and Accuracy: 0.7432221174240112
Finished epoch 71 with Loss: 0.6826493740081787 and Accuracy: 0.7441996932029724
Finished epoch 72 with Loss: 0.6768691539764404 and Accuracy: 0.7475886344909668
Finished epoch 73 with Loss: 0.6752703785896301 and Accuracy: 0.747458279132843
Finished epoch 74 with Loss: 0.6758484840393066 and Accuracy: 0.7443300485610962
Finished epoch 75 with Loss: 0.6774761080741882 and Accuracy: 0.7461548447608948
Finished epoch 76 with Loss: 0.6752779483795166 and Accuracy: 0.7477189898490906
Finished epoch 77 with Loss: 0.6718981862068176 and Accuracy: 0.7506517171859741
Finished epoch 78 with Loss: 0.6685703992843628 and Accuracy: 0.751433789730072
Finished epoch 79 with Loss: 0.6651657819747925 and Accuracy: 0.752541720867157
Finished epoch 80 with Loss: 0.6617704629898071 and Accuracy: 0.7495437860488892
Finished epoch 81 with Loss: 0.66606205701828 and Accuracy: 0.7471976280212402
Finished epoch 82 with Loss: 0.6544564962387085 and Accuracy: 0.7535192966461182
Finished epoch 83 with Loss: 0.6601559519767761 and Accuracy: 0.751107931137085
Finished epoch 84 with Loss: 0.6563484072685242 and Accuracy: 0.7548227310180664
Finished epoch 85 with Loss: 0.6530388593673706 and Accuracy: 0.7580161690711975
Finished epoch 86 with Loss: 0.6511990427970886 and Accuracy: 0.7571037411689758
Finished epoch 87 with Loss: 0.6529708504676819 and Accuracy: 0.753975510597229
Finished epoch 88 with Loss: 0.6501628160476685 and Accuracy: 0.7519551515579224
Finished epoch 89 with Loss: 0.6454241275787354 and Accuracy: 0.759515106678009
Finished epoch 90 with Loss: 0.6463607549667358 and Accuracy: 0.7572992444038391
Finished epoch 91 with Loss: 0.6452715396881104 and Accuracy: 0.7601016759872437
Finished epoch 92 with Loss: 0.6411088705062866 and Accuracy: 0.759189248085022
Finished epoch 93 with Loss: 0.6420684456825256 and Accuracy: 0.7590588927268982
Finished epoch 94 with Loss: 0.6381399631500244 and Accuracy: 0.7608185410499573
Finished epoch 95 with Loss: 0.633960485458374 and Accuracy: 0.7627737522125244
Finished epoch 96 with Loss: 0.630017876625061 and Accuracy: 0.764598548412323
Finished epoch 97 with Loss: 0.6305939555168152 and Accuracy: 0.7638816237449646
Finished epoch 98 with Loss: 0.6232579946517944 and Accuracy: 0.7670750617980957
Finished epoch 99 with Loss: 0.6216963529586792 and Accuracy: 0.7674009203910828
Finished epoch 100 with Loss: 0.618122398853302 and Accuracy: 0.7678571343421936
Performing K-Fold 3
Finished epoch 1 with Loss: 1.3318965435028076 and Accuracy: 0.34956011176109314
Finished epoch 2 with Loss: 1.2917054891586304 and Accuracy: 0.39420005679130554
Finished epoch 3 with Loss: 1.2390660047531128 and Accuracy: 0.43349626660346985
Finished epoch 4 with Loss: 1.1869813203811646 and Accuracy: 0.4724665880203247
Finished epoch 5 with Loss: 1.149941086769104 and Accuracy: 0.49286413192749023
Finished epoch 6 with Loss: 1.1205323934555054 and Accuracy: 0.5152167081832886
Finished epoch 7 with Loss: 1.0944963693618774 and Accuracy: 0.5357445478439331
Finished epoch 8 with Loss: 1.0715534687042236 and Accuracy: 0.5464972257614136
Finished epoch 9 with Loss: 1.0479646921157837 and Accuracy: 0.5702834725379944
Finished epoch 10 with Loss: 1.0228601694107056 and Accuracy: 0.5826001763343811
Finished epoch 11 with Loss: 0.9999619722366333 and Accuracy: 0.5947865843772888
Finished epoch 12 with Loss: 0.9767111539840698 and Accuracy: 0.6120560169219971
Finished epoch 13 with Loss: 0.9523000717163086 and Accuracy: 0.6263278126716614
Finished epoch 14 with Loss: 0.9292909502983093 and Accuracy: 0.6407299041748047
Finished epoch 15 with Loss: 0.9118373990058899 and Accuracy: 0.6473770141601562
Finished epoch 16 with Loss: 0.8960113525390625 and Accuracy: 0.6559139490127563
Finished epoch 17 with Loss: 0.88170325756073 and Accuracy: 0.664581298828125
Finished epoch 18 with Loss: 0.8689034581184387 and Accuracy: 0.6750081181526184
Finished epoch 19 with Loss: 0.8567742109298706 and Accuracy: 0.6781362295150757
Finished epoch 20 with Loss: 0.850555956363678 and Accuracy: 0.681850790977478
Finished epoch 21 with Loss: 0.8404526710510254 and Accuracy: 0.68504399061203
Finished epoch 22 with Loss: 0.83724045753479 and Accuracy: 0.6858260035514832
Finished epoch 23 with Loss: 0.8320378661155701 and Accuracy: 0.6887585520744324
Finished epoch 24 with Loss: 0.8207452297210693 and Accuracy: 0.690843939781189
Finished epoch 25 with Loss: 0.8186021447181702 and Accuracy: 0.6937764883041382
Finished epoch 26 with Loss: 0.8161378502845764 and Accuracy: 0.690843939781189
Finished epoch 27 with Loss: 0.8048368096351624 and Accuracy: 0.6993809342384338
Finished epoch 28 with Loss: 0.8054988980293274 and Accuracy: 0.6995764374732971
Finished epoch 29 with Loss: 0.7995555400848389 and Accuracy: 0.7012056112289429
Finished epoch 30 with Loss: 0.7944299578666687 and Accuracy: 0.703356146812439
Finished epoch 31 with Loss: 0.7909343838691711 and Accuracy: 0.7012707591056824
Finished epoch 32 with Loss: 0.7852634191513062 and Accuracy: 0.7075268626213074
Finished epoch 33 with Loss: 0.7841123342514038 and Accuracy: 0.7054415345191956
Finished epoch 34 with Loss: 0.7829914689064026 and Accuracy: 0.7098729014396667
Finished epoch 35 with Loss: 0.7750149369239807 and Accuracy: 0.7111111283302307
Finished epoch 36 with Loss: 0.7766479253768921 and Accuracy: 0.7113717794418335
Finished epoch 37 with Loss: 0.7704669833183289 and Accuracy: 0.7135874629020691
Finished epoch 38 with Loss: 0.7687848806381226 and Accuracy: 0.7110459208488464
Finished epoch 39 with Loss: 0.760918378829956 and Accuracy: 0.7167155146598816
Finished epoch 40 with Loss: 0.7616823315620422 and Accuracy: 0.7141739726066589
Finished epoch 41 with Loss: 0.755916178226471 and Accuracy: 0.7182795405387878
Finished epoch 42 with Loss: 0.7581201791763306 and Accuracy: 0.7185402512550354
Finished epoch 43 with Loss: 0.7520071268081665 and Accuracy: 0.7179537415504456
Finished epoch 44 with Loss: 0.7487063407897949 and Accuracy: 0.718931257724762
Finished epoch 45 with Loss: 0.7439274787902832 and Accuracy: 0.7223199605941772
Finished epoch 46 with Loss: 0.7403295636177063 and Accuracy: 0.7222548127174377
Finished epoch 47 with Loss: 0.7414363622665405 and Accuracy: 0.7219289541244507
Finished epoch 48 with Loss: 0.7398489117622375 and Accuracy: 0.7229716777801514
Finished epoch 49 with Loss: 0.7335885763168335 and Accuracy: 0.7275985479354858
Finished epoch 50 with Loss: 0.7308374047279358 and Accuracy: 0.7251222133636475
Finished epoch 51 with Loss: 0.7280360460281372 and Accuracy: 0.730400800704956
Finished epoch 52 with Loss: 0.7293217778205872 and Accuracy: 0.7257087230682373
Finished epoch 53 with Loss: 0.7254722118377686 and Accuracy: 0.7306614518165588
Finished epoch 54 with Loss: 0.7199717164039612 and Accuracy: 0.7296187877655029
Finished epoch 55 with Loss: 0.7194179892539978 and Accuracy: 0.7309221029281616
Finished epoch 56 with Loss: 0.7196594476699829 and Accuracy: 0.7299445867538452
Finished epoch 57 with Loss: 0.713091254234314 and Accuracy: 0.7302704453468323
Finished epoch 58 with Loss: 0.7106528282165527 and Accuracy: 0.7357445359230042
Finished epoch 59 with Loss: 0.7083972096443176 and Accuracy: 0.7376344203948975
Finished epoch 60 with Loss: 0.7073510885238647 and Accuracy: 0.7328771352767944
Finished epoch 61 with Loss: 0.7019162178039551 and Accuracy: 0.741218626499176
Finished epoch 62 with Loss: 0.70356684923172 and Accuracy: 0.7382209300994873
Finished epoch 63 with Loss: 0.6972116827964783 and Accuracy: 0.7397849559783936
Finished epoch 64 with Loss: 0.6972501873970032 and Accuracy: 0.7374389171600342
Finished epoch 65 with Loss: 0.6927051544189453 and Accuracy: 0.7414141297340393
Finished epoch 66 with Loss: 0.6894180774688721 and Accuracy: 0.7455196976661682
Finished epoch 67 with Loss: 0.6878461837768555 and Accuracy: 0.7430433630943298
Finished epoch 68 with Loss: 0.6840994954109192 and Accuracy: 0.7455849051475525
Finished epoch 69 with Loss: 0.6839122772216797 and Accuracy: 0.7462365627288818
Finished epoch 70 with Loss: 0.6825307607650757 and Accuracy: 0.7448028922080994
Finished epoch 71 with Loss: 0.6781030893325806 and Accuracy: 0.748712956905365
Finished epoch 72 with Loss: 0.6748104691505432 and Accuracy: 0.7523623108863831
Finished epoch 73 with Loss: 0.6736552715301514 and Accuracy: 0.7495601177215576
Finished epoch 74 with Loss: 0.6682405471801758 and Accuracy: 0.7513196468353271
Finished epoch 75 with Loss: 0.6674002408981323 and Accuracy: 0.7523623108863831
Finished epoch 76 with Loss: 0.6625698208808899 and Accuracy: 0.7553600668907166
Finished epoch 77 with Loss: 0.6647754907608032 and Accuracy: 0.7547735571861267
Finished epoch 78 with Loss: 0.6622568964958191 and Accuracy: 0.7573150992393494
Finished epoch 79 with Loss: 0.6606326103210449 and Accuracy: 0.758162260055542
Finished epoch 80 with Loss: 0.6542892456054688 and Accuracy: 0.7568588852882385
Finished epoch 81 with Loss: 0.6522153615951538 and Accuracy: 0.759986937046051
Finished epoch 82 with Loss: 0.6519392728805542 and Accuracy: 0.7587487697601318
Finished epoch 83 with Loss: 0.6477119326591492 and Accuracy: 0.7648093700408936
Finished epoch 84 with Loss: 0.6482354402542114 and Accuracy: 0.7612903118133545
Finished epoch 85 with Loss: 0.6440371870994568 and Accuracy: 0.7609645128250122
Finished epoch 86 with Loss: 0.6374366283416748 and Accuracy: 0.7666992545127869
Finished epoch 87 with Loss: 0.6388445496559143 and Accuracy: 0.7642228603363037
Finished epoch 88 with Loss: 0.6353099346160889 and Accuracy: 0.7622026801109314
Finished epoch 89 with Loss: 0.6367362141609192 and Accuracy: 0.7650700807571411
Finished epoch 90 with Loss: 0.6287604570388794 and Accuracy: 0.770544171333313
Finished epoch 91 with Loss: 0.6306238174438477 and Accuracy: 0.7678722739219666
Finished epoch 92 with Loss: 0.6244694590568542 and Accuracy: 0.7684587836265564
Finished epoch 93 with Loss: 0.6222686767578125 and Accuracy: 0.7714564800262451
Finished epoch 94 with Loss: 0.6170915961265564 and Accuracy: 0.775431752204895
Finished epoch 95 with Loss: 0.6184837222099304 and Accuracy: 0.7735418677330017
Finished epoch 96 with Loss: 0.6174326539039612 and Accuracy: 0.7726294994354248
Finished epoch 97 with Loss: 0.6136236786842346 and Accuracy: 0.773737370967865
Finished epoch 98 with Loss: 0.6088508367538452 and Accuracy: 0.7750407457351685
Finished epoch 99 with Loss: 0.6062701940536499 and Accuracy: 0.7786900997161865
Finished epoch 100 with Loss: 0.6066453456878662 and Accuracy: 0.777256429195404
Performing K-Fold 4
Finished epoch 1 with Loss: 1.322914958000183 and Accuracy: 0.37113067507743835
Finished epoch 2 with Loss: 1.270813226699829 and Accuracy: 0.41603127121925354
Finished epoch 3 with Loss: 1.2131588459014893 and Accuracy: 0.45754316449165344
Finished epoch 4 with Loss: 1.163933515548706 and Accuracy: 0.4894102215766907
Finished epoch 5 with Loss: 1.1243550777435303 and Accuracy: 0.5132616758346558
Finished epoch 6 with Loss: 1.0894546508789062 and Accuracy: 0.5355490446090698
Finished epoch 7 with Loss: 1.0598632097244263 and Accuracy: 0.5615509748458862
Finished epoch 8 with Loss: 1.036657691001892 and Accuracy: 0.5764744281768799
Finished epoch 9 with Loss: 1.0138094425201416 and Accuracy: 0.5948517322540283
Finished epoch 10 with Loss: 0.9928215742111206 and Accuracy: 0.6020853519439697
Finished epoch 11 with Loss: 0.9771276712417603 and Accuracy: 0.6179863214492798
Finished epoch 12 with Loss: 0.9638170599937439 and Accuracy: 0.6211795210838318
Finished epoch 13 with Loss: 0.9490885138511658 and Accuracy: 0.6297165155410767
Finished epoch 14 with Loss: 0.9384207129478455 and Accuracy: 0.6341479420661926
Finished epoch 15 with Loss: 0.9261296987533569 and Accuracy: 0.6402085423469543
Finished epoch 16 with Loss: 0.9126439690589905 and Accuracy: 0.6477028131484985
Finished epoch 17 with Loss: 0.9002545475959778 and Accuracy: 0.6523948907852173
Finished epoch 18 with Loss: 0.8905364871025085 and Accuracy: 0.6582600474357605
Finished epoch 19 with Loss: 0.878014326095581 and Accuracy: 0.6646464467048645
Finished epoch 20 with Loss: 0.8700579404830933 and Accuracy: 0.6675138473510742
Finished epoch 21 with Loss: 0.8605419993400574 and Accuracy: 0.6765721440315247
Finished epoch 22 with Loss: 0.8505368232727051 and Accuracy: 0.677093505859375
Finished epoch 23 with Loss: 0.8449869155883789 and Accuracy: 0.684587836265564
Finished epoch 24 with Loss: 0.8345357775688171 and Accuracy: 0.6859563589096069
Finished epoch 25 with Loss: 0.8313542604446411 and Accuracy: 0.6861518621444702
Finished epoch 26 with Loss: 0.8223084807395935 and Accuracy: 0.686412513256073
Finished epoch 27 with Loss: 0.8170605897903442 and Accuracy: 0.6942326426506042
Finished epoch 28 with Loss: 0.81191086769104 and Accuracy: 0.6933854818344116
Finished epoch 29 with Loss: 0.8040593266487122 and Accuracy: 0.6977517008781433
Finished epoch 30 with Loss: 0.8005732893943787 and Accuracy: 0.7005539536476135
Finished epoch 31 with Loss: 0.7975398898124695 and Accuracy: 0.7013359665870667
Finished epoch 32 with Loss: 0.7902976274490356 and Accuracy: 0.7059628367424011
Finished epoch 33 with Loss: 0.7881727814674377 and Accuracy: 0.7028347849845886
Finished epoch 34 with Loss: 0.7824774980545044 and Accuracy: 0.7057673335075378
Finished epoch 35 with Loss: 0.7793620228767395 and Accuracy: 0.7111111283302307
Finished epoch 36 with Loss: 0.7702176570892334 and Accuracy: 0.7116324305534363
Finished epoch 37 with Loss: 0.7700446248054504 and Accuracy: 0.7146301865577698
Finished epoch 38 with Loss: 0.7644796371459961 and Accuracy: 0.7126099467277527
Finished epoch 39 with Loss: 0.7608562707901001 and Accuracy: 0.7139133214950562
Finished epoch 40 with Loss: 0.7592955827713013 and Accuracy: 0.7141739726066589
Finished epoch 41 with Loss: 0.7517660856246948 and Accuracy: 0.7227109670639038
Finished epoch 42 with Loss: 0.751562237739563 and Accuracy: 0.7182143926620483
Finished epoch 43 with Loss: 0.7483945488929749 and Accuracy: 0.7187357544898987
Finished epoch 44 with Loss: 0.7462391257286072 and Accuracy: 0.7229064702987671
Finished epoch 45 with Loss: 0.7407721281051636 and Accuracy: 0.7220593094825745
Finished epoch 46 with Loss: 0.7369463443756104 and Accuracy: 0.7246659994125366
Finished epoch 47 with Loss: 0.7372212409973145 and Accuracy: 0.7253177165985107
Finished epoch 48 with Loss: 0.7281736731529236 and Accuracy: 0.730074942111969
Finished epoch 49 with Loss: 0.7306209802627563 and Accuracy: 0.7298794388771057
Finished epoch 50 with Loss: 0.7252867221832275 and Accuracy: 0.730074942111969
Finished epoch 51 with Loss: 0.7210860252380371 and Accuracy: 0.7309221029281616
Finished epoch 52 with Loss: 0.7178752422332764 and Accuracy: 0.7316389679908752
Finished epoch 53 with Loss: 0.7177340388298035 and Accuracy: 0.7351580262184143
Finished epoch 54 with Loss: 0.7140290141105652 and Accuracy: 0.7352231740951538
Finished epoch 55 with Loss: 0.7086777091026306 and Accuracy: 0.7362658977508545
Finished epoch 56 with Loss: 0.7099570035934448 and Accuracy: 0.7403714656829834
Finished epoch 57 with Loss: 0.7065004110336304 and Accuracy: 0.7375040650367737
Finished epoch 58 with Loss: 0.703838586807251 and Accuracy: 0.7408276200294495
Finished epoch 59 with Loss: 0.6991024613380432 and Accuracy: 0.7401759624481201
Finished epoch 60 with Loss: 0.697411835193634 and Accuracy: 0.7429781556129456
Finished epoch 61 with Loss: 0.6957182884216309 and Accuracy: 0.743825376033783
Finished epoch 62 with Loss: 0.6903583407402039 and Accuracy: 0.7472792267799377
Finished epoch 63 with Loss: 0.6934607028961182 and Accuracy: 0.7443466782569885
Finished epoch 64 with Loss: 0.6885310411453247 and Accuracy: 0.7477354407310486
Finished epoch 65 with Loss: 0.6822174787521362 and Accuracy: 0.7485826015472412
Finished epoch 66 with Loss: 0.6884239912033081 and Accuracy: 0.7468230724334717
Finished epoch 67 with Loss: 0.6781846284866333 and Accuracy: 0.7527533173561096
Finished epoch 68 with Loss: 0.6759200692176819 and Accuracy: 0.753730833530426
Finished epoch 69 with Loss: 0.6757783889770508 and Accuracy: 0.7509937882423401
Finished epoch 70 with Loss: 0.6697471141815186 and Accuracy: 0.753600537776947
Finished epoch 71 with Loss: 0.6701489090919495 and Accuracy: 0.7533398270606995
Finished epoch 72 with Loss: 0.6692509651184082 and Accuracy: 0.7552297115325928
Finished epoch 73 with Loss: 0.6667082905769348 and Accuracy: 0.7537960410118103
Finished epoch 74 with Loss: 0.6652379035949707 and Accuracy: 0.7545780539512634
Finished epoch 75 with Loss: 0.6595977544784546 and Accuracy: 0.7562072277069092
Finished epoch 76 with Loss: 0.659409761428833 and Accuracy: 0.7565982341766357
Finished epoch 77 with Loss: 0.657024621963501 and Accuracy: 0.7608341574668884
Finished epoch 78 with Loss: 0.6546590924263 and Accuracy: 0.7587487697601318
Finished epoch 79 with Loss: 0.6494110822677612 and Accuracy: 0.7612903118133545
Finished epoch 80 with Loss: 0.6511904001235962 and Accuracy: 0.7567285895347595
Finished epoch 81 with Loss: 0.6482744812965393 and Accuracy: 0.7608993053436279
Finished epoch 82 with Loss: 0.6506054997444153 and Accuracy: 0.7608341574668884
Finished epoch 83 with Loss: 0.6428475379943848 and Accuracy: 0.764744222164154
Finished epoch 84 with Loss: 0.6411003470420837 and Accuracy: 0.7662431001663208
Finished epoch 85 with Loss: 0.6374712586402893 and Accuracy: 0.7681329250335693
Finished epoch 86 with Loss: 0.6388416886329651 and Accuracy: 0.7668296098709106
Finished epoch 87 with Loss: 0.6370260715484619 and Accuracy: 0.7672206163406372
Finished epoch 88 with Loss: 0.6340632438659668 and Accuracy: 0.7709351778030396
Finished epoch 89 with Loss: 0.6346148252487183 and Accuracy: 0.7676767706871033
Finished epoch 90 with Loss: 0.6297699809074402 and Accuracy: 0.7694362998008728
Finished epoch 91 with Loss: 0.6281229853630066 and Accuracy: 0.7697621583938599
Finished epoch 92 with Loss: 0.6242292523384094 and Accuracy: 0.7732812166213989
Finished epoch 93 with Loss: 0.6230517625808716 and Accuracy: 0.7735418677330017
Finished epoch 94 with Loss: 0.6232613921165466 and Accuracy: 0.7729553580284119
Finished epoch 95 with Loss: 0.6169573664665222 and Accuracy: 0.777256429195404
Finished epoch 96 with Loss: 0.6205267310142517 and Accuracy: 0.7700879573822021
Finished epoch 97 with Loss: 0.6137472987174988 and Accuracy: 0.7766047716140747
Finished epoch 98 with Loss: 0.6139070987701416 and Accuracy: 0.7761485576629639
Finished epoch 99 with Loss: 0.6096071004867554 and Accuracy: 0.780319333076477
Finished epoch 100 with Loss: 0.6117227077484131 and Accuracy: 0.7776474356651306
Performing K-Fold 5
Finished epoch 1 with Loss: 1.329870581626892 and Accuracy: 0.35373085737228394
Finished epoch 2 with Loss: 1.28579580783844 and Accuracy: 0.3943955600261688
Finished epoch 3 with Loss: 1.212773323059082 and Accuracy: 0.45526230335235596
Finished epoch 4 with Loss: 1.151958703994751 and Accuracy: 0.4994460642337799
Finished epoch 5 with Loss: 1.1061147451400757 and Accuracy: 0.530531108379364
Finished epoch 6 with Loss: 1.0687837600708008 and Accuracy: 0.5577712655067444
Finished epoch 7 with Loss: 1.0337392091751099 and Accuracy: 0.5775822997093201
Finished epoch 8 with Loss: 1.0036695003509521 and Accuracy: 0.6015640497207642
Finished epoch 9 with Loss: 0.9756077527999878 and Accuracy: 0.6123818755149841
Finished epoch 10 with Loss: 0.9547024965286255 and Accuracy: 0.6229390501976013
Finished epoch 11 with Loss: 0.935803234577179 and Accuracy: 0.6336265802383423
Finished epoch 12 with Loss: 0.9206710457801819 and Accuracy: 0.640925407409668
Finished epoch 13 with Loss: 0.9098619222640991 and Accuracy: 0.6482893228530884
Finished epoch 14 with Loss: 0.8981229066848755 and Accuracy: 0.6529814004898071
Finished epoch 15 with Loss: 0.8894790410995483 and Accuracy: 0.6574780344963074
Finished epoch 16 with Loss: 0.8783359527587891 and Accuracy: 0.6637992858886719
Finished epoch 17 with Loss: 0.8706477284431458 and Accuracy: 0.6660149693489075
Finished epoch 18 with Loss: 0.8634546995162964 and Accuracy: 0.6741609573364258
Finished epoch 19 with Loss: 0.8565745949745178 and Accuracy: 0.6727272868156433
Finished epoch 20 with Loss: 0.8491648435592651 and Accuracy: 0.6788530349731445
Finished epoch 21 with Loss: 0.8493279814720154 and Accuracy: 0.680156409740448
Finished epoch 22 with Loss: 0.8407247066497803 and Accuracy: 0.6800260543823242
Finished epoch 23 with Loss: 0.8353450298309326 and Accuracy: 0.6831541061401367
Finished epoch 24 with Loss: 0.8292194604873657 and Accuracy: 0.6871945261955261
Finished epoch 25 with Loss: 0.8260145783424377 and Accuracy: 0.6869990229606628
Finished epoch 26 with Loss: 0.8206968903541565 and Accuracy: 0.6893450617790222
Finished epoch 27 with Loss: 0.8158895373344421 and Accuracy: 0.6925382614135742
Finished epoch 28 with Loss: 0.8107218742370605 and Accuracy: 0.6931247711181641
Finished epoch 29 with Loss: 0.8048563599586487 and Accuracy: 0.698794424533844
Finished epoch 30 with Loss: 0.8051937222480774 and Accuracy: 0.6980124115943909
Finished epoch 31 with Loss: 0.8015573620796204 and Accuracy: 0.6980775594711304
Finished epoch 32 with Loss: 0.7983272671699524 and Accuracy: 0.6971651911735535
Finished epoch 33 with Loss: 0.7907179594039917 and Accuracy: 0.7040078043937683
Finished epoch 34 with Loss: 0.7921187281608582 and Accuracy: 0.6969045400619507
Finished epoch 35 with Loss: 0.7832586765289307 and Accuracy: 0.7053111791610718
Finished epoch 36 with Loss: 0.7800782918930054 and Accuracy: 0.7056370377540588
Finished epoch 37 with Loss: 0.7791488766670227 and Accuracy: 0.7060931921005249
Finished epoch 38 with Loss: 0.7775266766548157 and Accuracy: 0.7090257406234741
Finished epoch 39 with Loss: 0.7708083391189575 and Accuracy: 0.7076572179794312
Finished epoch 40 with Loss: 0.7685685157775879 and Accuracy: 0.7092212438583374
Finished epoch 41 with Loss: 0.766721248626709 and Accuracy: 0.7073965668678284
Finished epoch 42 with Loss: 0.7686524391174316 and Accuracy: 0.7103942632675171
Finished epoch 43 with Loss: 0.7589473724365234 and Accuracy: 0.7117627859115601
Finished epoch 44 with Loss: 0.7557913661003113 and Accuracy: 0.7141088247299194
Finished epoch 45 with Loss: 0.7574638724327087 and Accuracy: 0.7163897156715393
Finished epoch 46 with Loss: 0.7554302215576172 and Accuracy: 0.714499831199646
Finished epoch 47 with Loss: 0.7483804225921631 and Accuracy: 0.7188661098480225
Finished epoch 48 with Loss: 0.7456762194633484 and Accuracy: 0.7178233861923218
Finished epoch 49 with Loss: 0.7425095438957214 and Accuracy: 0.7214076519012451
Finished epoch 50 with Loss: 0.7366317510604858 and Accuracy: 0.7217334508895874
Finished epoch 51 with Loss: 0.735434889793396 and Accuracy: 0.7242749929428101
Finished epoch 52 with Loss: 0.7347201108932495 and Accuracy: 0.7240143418312073
Finished epoch 53 with Loss: 0.732037365436554 and Accuracy: 0.723818838596344
Finished epoch 54 with Loss: 0.7276442050933838 and Accuracy: 0.7243402004241943
Finished epoch 55 with Loss: 0.7316283583641052 and Accuracy: 0.7213424444198608
Finished epoch 56 with Loss: 0.7243665456771851 and Accuracy: 0.7279895544052124
Finished epoch 57 with Loss: 0.7238859534263611 and Accuracy: 0.7242098450660706
Finished epoch 58 with Loss: 0.722665548324585 and Accuracy: 0.7272075414657593
Finished epoch 59 with Loss: 0.7183970212936401 and Accuracy: 0.7285109162330627
Finished epoch 60 with Loss: 0.7118450999259949 and Accuracy: 0.7313783168792725
Finished epoch 61 with Loss: 0.7120165228843689 and Accuracy: 0.7335940003395081
Finished epoch 62 with Loss: 0.7148966789245605 and Accuracy: 0.7317041158676147
Finished epoch 63 with Loss: 0.7067314982414246 and Accuracy: 0.7373085618019104
Finished epoch 64 with Loss: 0.7070427536964417 and Accuracy: 0.7337895035743713
Finished epoch 65 with Loss: 0.7064133882522583 and Accuracy: 0.7325513362884521
Finished epoch 66 with Loss: 0.7000090479850769 and Accuracy: 0.7358748912811279
Finished epoch 67 with Loss: 0.7008634209632874 and Accuracy: 0.736656904220581
Finished epoch 68 with Loss: 0.697650134563446 and Accuracy: 0.7362658977508545
Finished epoch 69 with Loss: 0.6940582394599915 and Accuracy: 0.7374389171600342
Finished epoch 70 with Loss: 0.6944187879562378 and Accuracy: 0.7348973751068115
Finished epoch 71 with Loss: 0.6937928795814514 and Accuracy: 0.7376344203948975
Finished epoch 72 with Loss: 0.6919059157371521 and Accuracy: 0.7386770844459534
Finished epoch 73 with Loss: 0.686818540096283 and Accuracy: 0.7414793372154236
Finished epoch 74 with Loss: 0.6832942962646484 and Accuracy: 0.7397849559783936
Finished epoch 75 with Loss: 0.6777596473693848 and Accuracy: 0.7423264980316162
Finished epoch 76 with Loss: 0.6817921996116638 and Accuracy: 0.7399153113365173
Finished epoch 77 with Loss: 0.6725025773048401 and Accuracy: 0.7455196976661682
Finished epoch 78 with Loss: 0.6727051734924316 and Accuracy: 0.747344434261322
Finished epoch 79 with Loss: 0.6690946817398071 and Accuracy: 0.7513847947120667
Finished epoch 80 with Loss: 0.6744274497032166 and Accuracy: 0.7447376847267151
Finished epoch 81 with Loss: 0.6628349423408508 and Accuracy: 0.7493646144866943
Finished epoch 82 with Loss: 0.6615403294563293 and Accuracy: 0.7522971630096436
Finished epoch 83 with Loss: 0.6642986536026001 and Accuracy: 0.7513196468353271
Finished epoch 84 with Loss: 0.6656808853149414 and Accuracy: 0.750081479549408
Finished epoch 85 with Loss: 0.6598145365715027 and Accuracy: 0.7517758011817932
Finished epoch 86 with Loss: 0.6562715172767639 and Accuracy: 0.7541870474815369
Finished epoch 87 with Loss: 0.6520949602127075 and Accuracy: 0.7551645636558533
Finished epoch 88 with Loss: 0.6537968516349792 and Accuracy: 0.7550342082977295
Finished epoch 89 with Loss: 0.6480269432067871 and Accuracy: 0.7560117244720459
Finished epoch 90 with Loss: 0.6462487578392029 and Accuracy: 0.7588139176368713
Finished epoch 91 with Loss: 0.6459410786628723 and Accuracy: 0.7558162212371826
Finished epoch 92 with Loss: 0.640609085559845 and Accuracy: 0.7597262859344482
Finished epoch 93 with Loss: 0.6383006572723389 and Accuracy: 0.7587487697601318
Finished epoch 94 with Loss: 0.6370342969894409 and Accuracy: 0.7607690095901489
Finished epoch 95 with Loss: 0.6356561183929443 and Accuracy: 0.7604431509971619
Finished epoch 96 with Loss: 0.6323319673538208 and Accuracy: 0.7590094208717346
Finished epoch 97 with Loss: 0.6306468844413757 and Accuracy: 0.7622026801109314
Finished epoch 98 with Loss: 0.6275710463523865 and Accuracy: 0.7637667059898376
Finished epoch 99 with Loss: 0.6283978223800659 and Accuracy: 0.7635060548782349
Finished epoch 100 with Loss: 0.6253512501716614 and Accuracy: 0.7665688991546631
Accuracy: 74.56

------------------------------------------------------------
Sender: LSF System <lsfadmin@n3h37>
Subject: Job 265132[1]: <job_arr[1]> in cluster <henry2> Done

Job <job_arr[1]> was submitted from host <login01> by user <mjhouk> in cluster <henry2> at Tue Jun 15 00:14:34 2021
Job was executed on host(s) <n3h37>, in queue <gpu>, as user <mjhouk> in cluster <henry2> at Tue Jun 15 00:14:38 2021
</home/mjhouk> was used as the home directory.
</home/mjhouk/MB3DCNN/Groups> was used as the working directory.
Started at Tue Jun 15 00:14:38 2021
Terminated at Tue Jun 15 01:16:46 2021
Results reported at Tue Jun 15 01:16:46 2021

Your job looked like:

------------------------------------------------------------
# LSBATCH: User input
#!/bin/csh

#BSUB -J job_arr[1]
#BSUB -x
#BSUB -R "span[hosts=1]"
#BSUB -W 900
#BSUB -q gpu
#BSUB -R "select[gtx1080 || rtx2080 || p100 || k20m]"
#BSUB -gpu "num=1:mode=shared:mps=yes"
#BSUB -o ./out/trial-%I-%J.out
#BSUB -e ./out/trial-%I-%J.err

set run = true
set gpu = "`nvidia-smi --query-gpu=gpu_name --format=csv,noheader`"
echo "Found $gpu GPU"
if ( "$gpu" =~ *"K20m"* ) then
	set cuda_cmd = "module load cuda/10.1"
	set env_cmd = "conda activate tf220_py377"
else if ( "$gpu" =~ *"P100"* ) then
	set cuda_cmd = "module load cuda/11.0"
	set env_cmd = "conda activate tf241_py377"
else if ( "$gpu" =~ *"GTX 1080"* ) then
	set cuda_cmd = "module load cuda/11.0"
	set env_cmd = "conda activate tf241_py377"
else if ( "$gpu" =~ *"RTX 2080"* ) then
	set cuda_cmd = "module load cuda/11.0"
	set env_cmd = "conda activate tf241_py377"
else 
	set run = false
endif

if ( "$run" =~ true ) then

	echo "Loading libraries"

	eval $env_cmd
	eval $cuda_cmd

	setenv OMP_NUM_THREADS 2

	echo "Running OAT Trial $LSB_JOBINDEX with ID $LSB_JOBID"
	python runSplit.py ${LSB_JOBINDEX} ${LSB_JOBID}

else

	echo "GPU not available, cancelling job for OAT Trial $LSB_JOBINDEX"	

endif


------------------------------------------------------------

Successfully completed.

Resource usage summary:

    CPU time :                                   5288.00 sec.
    Max Memory :                                 7141.20 MB
    Average Memory :                             6641.50 MB
    Total Requested Memory :                     -
    Delta Memory :                               -
    Max Swap :                                   -
    Max Processes :                              4
    Max Threads :                                24
    Run time :                                   3749 sec.
    Turnaround time :                            3732 sec.

The output (if any) is above this job summary.



PS:

Read file <./out/trial-1-265132.err> for stderr output of this job.

