Found Tesla P100-PCIE-16GB GPU
Loading libraries
Running OAT Trial 1 with ID 279615
'TF_NUM_INTEROP_THREADS' not found, adding and setting to '1'
'TF_NUM_INTRAOP_THREADS' not found, adding and setting to '1'
TF_NUM_INTEROP_THREADS = 1
TF_NUM_INTRAOP_THREADS = 1
Verifying thread usage params
Intra Op Threads:	 0
Inter Op Threads:	 0
Performing K-Fold 1
Finished epoch 1 with Loss: 1.3756320476531982 and Accuracy: 0.3248826861381531
Finished epoch 2 with Loss: 1.3249781131744385 and Accuracy: 0.35988008975982666
Finished epoch 3 with Loss: 1.3170874118804932 and Accuracy: 0.36972105503082275
Finished epoch 4 with Loss: 1.3067389726638794 and Accuracy: 0.3783237636089325
Finished epoch 5 with Loss: 1.2809169292449951 and Accuracy: 0.40367570519447327
Finished epoch 6 with Loss: 1.2381497621536255 and Accuracy: 0.4324165880680084
Finished epoch 7 with Loss: 1.20169997215271 and Accuracy: 0.4578988552093506
Finished epoch 8 with Loss: 1.175405502319336 and Accuracy: 0.472627729177475
Finished epoch 9 with Loss: 1.1490305662155151 and Accuracy: 0.4870959222316742
Finished epoch 10 with Loss: 1.1272456645965576 and Accuracy: 0.5048227310180664
Finished epoch 11 with Loss: 1.1049606800079346 and Accuracy: 0.5245047211647034
Finished epoch 12 with Loss: 1.0831164121627808 and Accuracy: 0.5481621623039246
Finished epoch 13 with Loss: 1.0643784999847412 and Accuracy: 0.5616527795791626
Finished epoch 14 with Loss: 1.0418375730514526 and Accuracy: 0.5763164758682251
Finished epoch 15 with Loss: 1.0229412317276 and Accuracy: 0.5858967900276184
Finished epoch 16 with Loss: 1.0027573108673096 and Accuracy: 0.6010167002677917
Finished epoch 17 with Loss: 0.9844909310340881 and Accuracy: 0.6133341789245605
Finished epoch 18 with Loss: 0.969578206539154 and Accuracy: 0.6169838309288025
Finished epoch 19 with Loss: 0.9551346898078918 and Accuracy: 0.6266945004463196
Finished epoch 20 with Loss: 0.9440078735351562 and Accuracy: 0.6312565207481384
Finished epoch 21 with Loss: 0.9294636249542236 and Accuracy: 0.6399244070053101
Finished epoch 22 with Loss: 0.9201521873474121 and Accuracy: 0.6433133482933044
Finished epoch 23 with Loss: 0.9106341600418091 and Accuracy: 0.6485922932624817
Finished epoch 24 with Loss: 0.8997735977172852 and Accuracy: 0.6545881032943726
Finished epoch 25 with Loss: 0.892215371131897 and Accuracy: 0.6586287617683411
Finished epoch 26 with Loss: 0.8851577639579773 and Accuracy: 0.6656673550605774
Finished epoch 27 with Loss: 0.877808690071106 and Accuracy: 0.666253924369812
Finished epoch 28 with Loss: 0.87119060754776 and Accuracy: 0.6689911484718323
Finished epoch 29 with Loss: 0.8640292286872864 and Accuracy: 0.6729666590690613
Finished epoch 30 with Loss: 0.856535792350769 and Accuracy: 0.6744003891944885
Finished epoch 31 with Loss: 0.8528754711151123 and Accuracy: 0.676551103591919
Finished epoch 32 with Loss: 0.846771776676178 and Accuracy: 0.6796793341636658
Finished epoch 33 with Loss: 0.8429868817329407 and Accuracy: 0.6811783313751221
Finished epoch 34 with Loss: 0.8390726447105408 and Accuracy: 0.6820255517959595
Finished epoch 35 with Loss: 0.8347092866897583 and Accuracy: 0.6794838309288025
Finished epoch 36 with Loss: 0.8279995918273926 and Accuracy: 0.6878258585929871
Finished epoch 37 with Loss: 0.8244158625602722 and Accuracy: 0.6861313581466675
Finished epoch 38 with Loss: 0.8209878206253052 and Accuracy: 0.6879562139511108
Finished epoch 39 with Loss: 0.816817581653595 and Accuracy: 0.6895855069160461
Finished epoch 40 with Loss: 0.8111947178840637 and Accuracy: 0.6951251029968262
Finished epoch 41 with Loss: 0.8090832829475403 and Accuracy: 0.6936913728713989
Finished epoch 42 with Loss: 0.8047283887863159 and Accuracy: 0.6936913728713989
Finished epoch 43 with Loss: 0.8043182492256165 and Accuracy: 0.6920620203018188
Finished epoch 44 with Loss: 0.7999044060707092 and Accuracy: 0.7004040479660034
Finished epoch 45 with Loss: 0.7915250658988953 and Accuracy: 0.6998175382614136
Finished epoch 46 with Loss: 0.7908666133880615 and Accuracy: 0.7018378376960754
Finished epoch 47 with Loss: 0.7897208333015442 and Accuracy: 0.7005344033241272
Finished epoch 48 with Loss: 0.784783661365509 and Accuracy: 0.7001433968544006
Finished epoch 49 with Loss: 0.7862563729286194 and Accuracy: 0.7007299065589905
Finished epoch 50 with Loss: 0.7850543260574341 and Accuracy: 0.703206479549408
Finished epoch 51 with Loss: 0.7776905298233032 and Accuracy: 0.7030761241912842
Finished epoch 52 with Loss: 0.7779403328895569 and Accuracy: 0.7055526375770569
Finished epoch 53 with Loss: 0.7740969061851501 and Accuracy: 0.7072471380233765
Finished epoch 54 with Loss: 0.7694661021232605 and Accuracy: 0.7105709314346313
Finished epoch 55 with Loss: 0.7681813836097717 and Accuracy: 0.7105057239532471
Finished epoch 56 with Loss: 0.7666164636611938 and Accuracy: 0.7110270857810974
Finished epoch 57 with Loss: 0.7633326053619385 and Accuracy: 0.7114181518554688
Finished epoch 58 with Loss: 0.7567737102508545 and Accuracy: 0.7163712382316589
Finished epoch 59 with Loss: 0.7604511976242065 and Accuracy: 0.7105709314346313
Finished epoch 60 with Loss: 0.7522010207176208 and Accuracy: 0.7153284549713135
Finished epoch 61 with Loss: 0.7549445033073425 and Accuracy: 0.7143508791923523
Finished epoch 62 with Loss: 0.7504008412361145 and Accuracy: 0.7170229554176331
Finished epoch 63 with Loss: 0.7458249926567078 and Accuracy: 0.7181960344314575
Finished epoch 64 with Loss: 0.7454447746276855 and Accuracy: 0.7183915376663208
Finished epoch 65 with Loss: 0.7445772290229797 and Accuracy: 0.718261182308197
Finished epoch 66 with Loss: 0.7429869174957275 and Accuracy: 0.7204118967056274
Finished epoch 67 with Loss: 0.7376341223716736 and Accuracy: 0.7201511859893799
Finished epoch 68 with Loss: 0.734809935092926 and Accuracy: 0.7215849757194519
Finished epoch 69 with Loss: 0.7353755831718445 and Accuracy: 0.7235401272773743
Finished epoch 70 with Loss: 0.7361874580383301 and Accuracy: 0.7209332585334778
Finished epoch 71 with Loss: 0.7323606610298157 and Accuracy: 0.7213243246078491
Finished epoch 72 with Loss: 0.7285186648368835 and Accuracy: 0.7268639206886292
Finished epoch 73 with Loss: 0.7250885367393494 and Accuracy: 0.7271246314048767
Finished epoch 74 with Loss: 0.7266424894332886 and Accuracy: 0.7224321961402893
Finished epoch 75 with Loss: 0.7230044007301331 and Accuracy: 0.7282977104187012
Finished epoch 76 with Loss: 0.7218470573425293 and Accuracy: 0.7272549271583557
Finished epoch 77 with Loss: 0.7218121290206909 and Accuracy: 0.7260167002677917
Finished epoch 78 with Loss: 0.7160730957984924 and Accuracy: 0.7301225066184998
Finished epoch 79 with Loss: 0.7123728394508362 and Accuracy: 0.7342283725738525
Finished epoch 80 with Loss: 0.7138378620147705 and Accuracy: 0.7297315001487732
Finished epoch 81 with Loss: 0.713263750076294 and Accuracy: 0.7300573587417603
Finished epoch 82 with Loss: 0.7086707353591919 and Accuracy: 0.7346845865249634
Finished epoch 83 with Loss: 0.7067086100578308 and Accuracy: 0.7374869585037231
Finished epoch 84 with Loss: 0.7052076458930969 and Accuracy: 0.7367048859596252
Finished epoch 85 with Loss: 0.7014667391777039 and Accuracy: 0.7359880208969116
Finished epoch 86 with Loss: 0.7013867497444153 and Accuracy: 0.7398983240127563
Finished epoch 87 with Loss: 0.6966827511787415 and Accuracy: 0.737943172454834
Finished epoch 88 with Loss: 0.7021065354347229 and Accuracy: 0.7369003891944885
Finished epoch 89 with Loss: 0.6950734257698059 and Accuracy: 0.7394421100616455
Finished epoch 90 with Loss: 0.6971869468688965 and Accuracy: 0.7401590347290039
Finished epoch 91 with Loss: 0.6933509111404419 and Accuracy: 0.7402241826057434
Finished epoch 92 with Loss: 0.6901133060455322 and Accuracy: 0.741918683052063
Finished epoch 93 with Loss: 0.6879777312278748 and Accuracy: 0.7416579723358154
Finished epoch 94 with Loss: 0.6834458112716675 and Accuracy: 0.7464807033538818
Finished epoch 95 with Loss: 0.6826965808868408 and Accuracy: 0.7443951964378357
Finished epoch 96 with Loss: 0.6830160021781921 and Accuracy: 0.7476537823677063
Finished epoch 97 with Loss: 0.6809986233711243 and Accuracy: 0.7409411072731018
Finished epoch 98 with Loss: 0.6779428124427795 and Accuracy: 0.7483054995536804
Finished epoch 99 with Loss: 0.6761152744293213 and Accuracy: 0.7463503479957581
Finished epoch 100 with Loss: 0.6762138605117798 and Accuracy: 0.7459593415260315
Accuracy: 0.72Accuracy: 0.72Accuracy: 0.72Accuracy: 0.72Accuracy: 0.72Accuracy: 0.72Accuracy: 0.72Accuracy: 0.72Accuracy: 0.72Accuracy: 0.72Accuracy: 0.72Accuracy: 0.72Accuracy: 0.72Accuracy: 0.72Accuracy: 0.72Accuracy: 0.72Accuracy: 0.72Accuracy: 0.72Accuracy: 0.72Accuracy: 0.72Accuracy: 0.72Accuracy: 0.72Accuracy: 0.72Accuracy: 0.72Accuracy: 0.72Accuracy: 0.72Accuracy: 0.72Accuracy: 0.72Accuracy: 0.72Accuracy: 0.72Accuracy: 0.72Accuracy: 0.72Accuracy: 0.72Accuracy: 0.72Accuracy: 0.72Accuracy: 0.72Accuracy: 0.72Accuracy: 0.72Accuracy: 0.72Accuracy: 0.72Accuracy: 0.72Accuracy: 0.72Accuracy: 0.72Accuracy: 0.72Accuracy: 0.72Accuracy: 0.72Accuracy: 0.72Accuracy: 0.72Accuracy: 0.72Accuracy: 0.72Accuracy: 0.72Accuracy: 0.72Accuracy: 0.72Accuracy: 0.72Accuracy: 0.72Accuracy: 0.72Accuracy: 0.72Accuracy: 0.72Accuracy: 0.72Accuracy: 0.72Accuracy: 0.72Accuracy: 0.72Accuracy: 0.72Accuracy: 0.72Accuracy: 0.72Accuracy: 0.72Accuracy: 0.72Accuracy: 0.72Accuracy: 0.72Accuracy: 0.72Accuracy: 0.72Accuracy: 0.72Accuracy: 0.72Accuracy: 0.72Accuracy: 0.72Accuracy: 0.72Accuracy: 0.72Accuracy: 0.72Accuracy: 0.72Accuracy: 0.72Accuracy: 0.72Accuracy: 0.72Accuracy: 0.72Accuracy: 0.72Accuracy: 0.72Accuracy: 0.72Accuracy: 0.72Accuracy: 0.72Accuracy: 0.72Accuracy: 0.72Accuracy: 0.72Accuracy: 0.72Accuracy: 0.72Accuracy: 0.72Accuracy: 0.72Accuracy: 0.72Accuracy: 0.72Accuracy: 0.72Accuracy: 0.72Accuracy: 0.72
Performing K-Fold 2
Finished epoch 1 with Loss: 1.3325239419937134 and Accuracy: 0.3546663224697113
Finished epoch 2 with Loss: 1.298230528831482 and Accuracy: 0.388164758682251
Finished epoch 3 with Loss: 1.2396656274795532 and Accuracy: 0.4326120913028717
Finished epoch 4 with Loss: 1.17854642868042 and Accuracy: 0.47425705194473267
Finished epoch 5 with Loss: 1.1365829706192017 and Accuracy: 0.5001303553581238
Finished epoch 6 with Loss: 1.1019421815872192 and Accuracy: 0.5278936624526978
Finished epoch 7 with Loss: 1.0767732858657837 and Accuracy: 0.54535973072052
Finished epoch 8 with Loss: 1.0513499975204468 and Accuracy: 0.565041720867157
Finished epoch 9 with Loss: 1.02942955493927 and Accuracy: 0.5776851177215576
Finished epoch 10 with Loss: 1.0134401321411133 and Accuracy: 0.5879170894622803
Finished epoch 11 with Loss: 0.9960758686065674 and Accuracy: 0.5952163934707642
Finished epoch 12 with Loss: 0.9771343469619751 and Accuracy: 0.6091631650924683
Finished epoch 13 with Loss: 0.9653058052062988 and Accuracy: 0.6113138794898987
Finished epoch 14 with Loss: 0.9489232897758484 and Accuracy: 0.6254562139511108
Finished epoch 15 with Loss: 0.9331086874008179 and Accuracy: 0.6317127346992493
Finished epoch 16 with Loss: 0.9197832345962524 and Accuracy: 0.6398591995239258
Finished epoch 17 with Loss: 0.9074383974075317 and Accuracy: 0.6504170894622803
Finished epoch 18 with Loss: 0.8936676383018494 and Accuracy: 0.6604536175727844
Finished epoch 19 with Loss: 0.8827427625656128 and Accuracy: 0.6625391244888306
Finished epoch 20 with Loss: 0.8763223886489868 and Accuracy: 0.6645594239234924
Finished epoch 21 with Loss: 0.8603532910346985 and Accuracy: 0.6770724654197693
Finished epoch 22 with Loss: 0.8586596250534058 and Accuracy: 0.6735531687736511
Finished epoch 23 with Loss: 0.8506160378456116 and Accuracy: 0.6768117547035217
Finished epoch 24 with Loss: 0.8446353077888489 and Accuracy: 0.6828076243400574
Finished epoch 25 with Loss: 0.8377911448478699 and Accuracy: 0.6858707070350647
Finished epoch 26 with Loss: 0.8333102464675903 and Accuracy: 0.6860010623931885
Finished epoch 27 with Loss: 0.8294611573219299 and Accuracy: 0.6882168650627136
Finished epoch 28 with Loss: 0.8194909691810608 and Accuracy: 0.6929744482040405
Finished epoch 29 with Loss: 0.814790666103363 and Accuracy: 0.6964285969734192
Finished epoch 30 with Loss: 0.8128200769424438 and Accuracy: 0.6940823793411255
Finished epoch 31 with Loss: 0.8120643496513367 and Accuracy: 0.694147527217865
Finished epoch 32 with Loss: 0.8049356341362 and Accuracy: 0.6977971792221069
Finished epoch 33 with Loss: 0.8016217350959778 and Accuracy: 0.6993613243103027
Finished epoch 34 with Loss: 0.7969747185707092 and Accuracy: 0.6986443996429443
Finished epoch 35 with Loss: 0.792833685874939 and Accuracy: 0.6999478340148926
Finished epoch 36 with Loss: 0.7921686768531799 and Accuracy: 0.7018378376960754
Finished epoch 37 with Loss: 0.7864967584609985 and Accuracy: 0.7078988552093506
Finished epoch 38 with Loss: 0.7863562703132629 and Accuracy: 0.7033368349075317
Finished epoch 39 with Loss: 0.7826406359672546 and Accuracy: 0.7047054171562195
Finished epoch 40 with Loss: 0.7777266502380371 and Accuracy: 0.7059437036514282
Finished epoch 41 with Loss: 0.773779034614563 and Accuracy: 0.7100495100021362
Finished epoch 42 with Loss: 0.7721080183982849 and Accuracy: 0.7113529443740845
Finished epoch 43 with Loss: 0.7704086899757385 and Accuracy: 0.7110922932624817
Finished epoch 44 with Loss: 0.768731951713562 and Accuracy: 0.7105709314346313
Finished epoch 45 with Loss: 0.7640581130981445 and Accuracy: 0.7119395136833191
Finished epoch 46 with Loss: 0.760381817817688 and Accuracy: 0.7170229554176331
Finished epoch 47 with Loss: 0.7631024122238159 and Accuracy: 0.7118091583251953
Finished epoch 48 with Loss: 0.7576051354408264 and Accuracy: 0.7142857313156128
Finished epoch 49 with Loss: 0.7522135376930237 and Accuracy: 0.7160453796386719
Finished epoch 50 with Loss: 0.750536322593689 and Accuracy: 0.719238817691803
Finished epoch 51 with Loss: 0.7481529712677002 and Accuracy: 0.7230839133262634
Finished epoch 52 with Loss: 0.7482082843780518 and Accuracy: 0.71793532371521
Finished epoch 53 with Loss: 0.7455666661262512 and Accuracy: 0.7189781069755554
Finished epoch 54 with Loss: 0.7404751777648926 and Accuracy: 0.720802903175354
Finished epoch 55 with Loss: 0.7412534356117249 and Accuracy: 0.7202163934707642
Finished epoch 56 with Loss: 0.7381857633590698 and Accuracy: 0.7266032099723816
Finished epoch 57 with Loss: 0.7349202632904053 and Accuracy: 0.7223019003868103
Finished epoch 58 with Loss: 0.7355719804763794 and Accuracy: 0.7238008379936218
Finished epoch 59 with Loss: 0.7289220690727234 and Accuracy: 0.7275807857513428
Finished epoch 60 with Loss: 0.7257531881332397 and Accuracy: 0.7258211970329285
Finished epoch 61 with Loss: 0.7238542437553406 and Accuracy: 0.7304483652114868
Finished epoch 62 with Loss: 0.7246195077896118 and Accuracy: 0.728753924369812
Finished epoch 63 with Loss: 0.7237600088119507 and Accuracy: 0.7257559895515442
Finished epoch 64 with Loss: 0.7200362682342529 and Accuracy: 0.7315562963485718
Finished epoch 65 with Loss: 0.717995285987854 and Accuracy: 0.7294707894325256
Finished epoch 66 with Loss: 0.7123371362686157 and Accuracy: 0.731295645236969
Finished epoch 67 with Loss: 0.7133041024208069 and Accuracy: 0.7332507967948914
Finished epoch 68 with Loss: 0.710515558719635 and Accuracy: 0.7303832173347473
Finished epoch 69 with Loss: 0.7051270604133606 and Accuracy: 0.7363138794898987
Finished epoch 70 with Loss: 0.7048078775405884 and Accuracy: 0.7381386756896973
Finished epoch 71 with Loss: 0.7034282684326172 and Accuracy: 0.7372262477874756
Finished epoch 72 with Loss: 0.7041088342666626 and Accuracy: 0.7348148822784424
Finished epoch 73 with Loss: 0.7006678581237793 and Accuracy: 0.7352059483528137
Finished epoch 74 with Loss: 0.7022796869277954 and Accuracy: 0.7361183762550354
Finished epoch 75 with Loss: 0.6995350122451782 and Accuracy: 0.7341631650924683
Finished epoch 76 with Loss: 0.6956325173377991 and Accuracy: 0.7369003891944885
Finished epoch 77 with Loss: 0.6921464800834656 and Accuracy: 0.7372262477874756
Finished epoch 78 with Loss: 0.6907045245170593 and Accuracy: 0.7428310513496399
Finished epoch 79 with Loss: 0.6921549439430237 and Accuracy: 0.7404196858406067
Finished epoch 80 with Loss: 0.68965083360672 and Accuracy: 0.74224454164505
Finished epoch 81 with Loss: 0.6857337355613708 and Accuracy: 0.7438738346099854
Finished epoch 82 with Loss: 0.6800568699836731 and Accuracy: 0.744786262512207
Finished epoch 83 with Loss: 0.6832387447357178 and Accuracy: 0.7404196858406067
Finished epoch 84 with Loss: 0.6829900145530701 and Accuracy: 0.7400938272476196
Finished epoch 85 with Loss: 0.6757919192314148 and Accuracy: 0.7464807033538818
Finished epoch 86 with Loss: 0.6784253120422363 and Accuracy: 0.7455682754516602
Finished epoch 87 with Loss: 0.6727536916732788 and Accuracy: 0.744916558265686
Finished epoch 88 with Loss: 0.6760215163230896 and Accuracy: 0.7453727722167969
Finished epoch 89 with Loss: 0.6706430315971375 and Accuracy: 0.7477841377258301
Finished epoch 90 with Loss: 0.6700324416160583 and Accuracy: 0.7494786381721497
Finished epoch 91 with Loss: 0.6684278845787048 and Accuracy: 0.7472627758979797
Finished epoch 92 with Loss: 0.6638910174369812 and Accuracy: 0.7507820725440979
Finished epoch 93 with Loss: 0.6669170260429382 and Accuracy: 0.7478493452072144
Finished epoch 94 with Loss: 0.6653465032577515 and Accuracy: 0.7505213618278503
Finished epoch 95 with Loss: 0.6599029898643494 and Accuracy: 0.7546923756599426
Finished epoch 96 with Loss: 0.6633154153823853 and Accuracy: 0.7507168650627136
Finished epoch 97 with Loss: 0.6603477597236633 and Accuracy: 0.7517596483230591
Finished epoch 98 with Loss: 0.6562770009040833 and Accuracy: 0.7538451552391052
Finished epoch 99 with Loss: 0.6546130180358887 and Accuracy: 0.7517596483230591
Finished epoch 100 with Loss: 0.6541711688041687 and Accuracy: 0.7545620203018188
Accuracy: 0.73Accuracy: 0.73Accuracy: 0.73Accuracy: 0.73Accuracy: 0.73Accuracy: 0.73Accuracy: 0.73Accuracy: 0.73Accuracy: 0.73Accuracy: 0.73Accuracy: 0.73Accuracy: 0.73Accuracy: 0.73Accuracy: 0.73Accuracy: 0.73Accuracy: 0.73Accuracy: 0.73Accuracy: 0.73Accuracy: 0.73Accuracy: 0.73Accuracy: 0.73Accuracy: 0.73Accuracy: 0.73Accuracy: 0.73Accuracy: 0.73Accuracy: 0.73Accuracy: 0.73Accuracy: 0.73Accuracy: 0.73Accuracy: 0.73Accuracy: 0.73Accuracy: 0.73Accuracy: 0.73Accuracy: 0.73Accuracy: 0.73Accuracy: 0.73Accuracy: 0.73Accuracy: 0.73Accuracy: 0.73Accuracy: 0.73Accuracy: 0.73Accuracy: 0.73Accuracy: 0.73Accuracy: 0.73Accuracy: 0.73Accuracy: 0.73Accuracy: 0.73Accuracy: 0.73Accuracy: 0.73Accuracy: 0.73Accuracy: 0.73Accuracy: 0.73Accuracy: 0.73Accuracy: 0.73Accuracy: 0.73Accuracy: 0.73Accuracy: 0.73Accuracy: 0.73Accuracy: 0.73Accuracy: 0.73Accuracy: 0.73Accuracy: 0.73Accuracy: 0.73Accuracy: 0.73Accuracy: 0.73Accuracy: 0.73Accuracy: 0.73Accuracy: 0.73Accuracy: 0.73Accuracy: 0.73Accuracy: 0.73Accuracy: 0.73Accuracy: 0.73Accuracy: 0.73Accuracy: 0.73Accuracy: 0.73Accuracy: 0.73Accuracy: 0.73Accuracy: 0.73Accuracy: 0.73Accuracy: 0.73Accuracy: 0.73Accuracy: 0.73Accuracy: 0.73Accuracy: 0.73Accuracy: 0.73Accuracy: 0.73Accuracy: 0.73Accuracy: 0.73Accuracy: 0.73Accuracy: 0.73Accuracy: 0.73Accuracy: 0.73Accuracy: 0.73Accuracy: 0.73Accuracy: 0.73Accuracy: 0.73Accuracy: 0.73Accuracy: 0.73Accuracy: 0.73
Performing K-Fold 3
Finished epoch 1 with Loss: 1.3313802480697632 and Accuracy: 0.35861843824386597
Finished epoch 2 with Loss: 1.28767728805542 and Accuracy: 0.39622026681900024
Finished epoch 3 with Loss: 1.2260656356811523 and Accuracy: 0.4373411536216736
Finished epoch 4 with Loss: 1.1811188459396362 and Accuracy: 0.46881720423698425
Finished epoch 5 with Loss: 1.150712490081787 and Accuracy: 0.4902574121952057
Finished epoch 6 with Loss: 1.1217683553695679 and Accuracy: 0.5109807848930359
Finished epoch 7 with Loss: 1.0961613655090332 and Accuracy: 0.530205249786377
Finished epoch 8 with Loss: 1.0707714557647705 and Accuracy: 0.550993800163269
Finished epoch 9 with Loss: 1.0483425855636597 and Accuracy: 0.5657868981361389
Finished epoch 10 with Loss: 1.020676612854004 and Accuracy: 0.5830563902854919
Finished epoch 11 with Loss: 1.0006264448165894 and Accuracy: 0.6011730432510376
Finished epoch 12 with Loss: 0.982955813407898 and Accuracy: 0.6045617461204529
Finished epoch 13 with Loss: 0.9656721949577332 and Accuracy: 0.6148582696914673
Finished epoch 14 with Loss: 0.9457249045372009 and Accuracy: 0.6267839670181274
Finished epoch 15 with Loss: 0.9315212965011597 and Accuracy: 0.6346040964126587
Finished epoch 16 with Loss: 0.9178421497344971 and Accuracy: 0.6422287225723267
Finished epoch 17 with Loss: 0.9046111702919006 and Accuracy: 0.6480938196182251
Finished epoch 18 with Loss: 0.8911481499671936 and Accuracy: 0.6565656661987305
Finished epoch 19 with Loss: 0.8822872638702393 and Accuracy: 0.6622352600097656
Finished epoch 20 with Loss: 0.8712372779846191 and Accuracy: 0.6687520146369934
Finished epoch 21 with Loss: 0.8615233302116394 and Accuracy: 0.6709677577018738
Finished epoch 22 with Loss: 0.8536701798439026 and Accuracy: 0.6762463450431824
Finished epoch 23 with Loss: 0.8473976850509644 and Accuracy: 0.6797002553939819
Finished epoch 24 with Loss: 0.8400238156318665 and Accuracy: 0.6809384226799011
Finished epoch 25 with Loss: 0.8357157111167908 and Accuracy: 0.6839361190795898
Finished epoch 26 with Loss: 0.8292475938796997 and Accuracy: 0.6830238103866577
Finished epoch 27 with Loss: 0.8214311003684998 and Accuracy: 0.6897360682487488
Finished epoch 28 with Loss: 0.8192112445831299 and Accuracy: 0.6890844106674194
Finished epoch 29 with Loss: 0.8157180547714233 and Accuracy: 0.6901922225952148
Finished epoch 30 with Loss: 0.8121867179870605 and Accuracy: 0.6912349462509155
Finished epoch 31 with Loss: 0.8042809367179871 and Accuracy: 0.6952753067016602
Finished epoch 32 with Loss: 0.8011385798454285 and Accuracy: 0.6959270238876343
Finished epoch 33 with Loss: 0.7971725463867188 and Accuracy: 0.7014011144638062
Finished epoch 34 with Loss: 0.7941321730613708 and Accuracy: 0.7030302882194519
Finished epoch 35 with Loss: 0.792788028717041 and Accuracy: 0.700293242931366
Finished epoch 36 with Loss: 0.7905388474464417 and Accuracy: 0.6995112299919128
Finished epoch 37 with Loss: 0.7857626676559448 and Accuracy: 0.7027696371078491
Finished epoch 38 with Loss: 0.7804271578788757 and Accuracy: 0.7038775086402893
Finished epoch 39 with Loss: 0.7778454422950745 and Accuracy: 0.7107852697372437
Finished epoch 40 with Loss: 0.7777974605560303 and Accuracy: 0.7064841985702515
Finished epoch 41 with Loss: 0.7755666375160217 and Accuracy: 0.7053111791610718
Finished epoch 42 with Loss: 0.7716277837753296 and Accuracy: 0.7067448496818542
Finished epoch 43 with Loss: 0.7701601386070251 and Accuracy: 0.7111762762069702
Finished epoch 44 with Loss: 0.7661260366439819 and Accuracy: 0.7105897665023804
Finished epoch 45 with Loss: 0.7624753713607788 and Accuracy: 0.7119582891464233
Finished epoch 46 with Loss: 0.7644968628883362 and Accuracy: 0.7134571671485901
Finished epoch 47 with Loss: 0.7556877732276917 and Accuracy: 0.7160638570785522
Finished epoch 48 with Loss: 0.758938729763031 and Accuracy: 0.7148256897926331
Finished epoch 49 with Loss: 0.7542480230331421 and Accuracy: 0.7173672318458557
Finished epoch 50 with Loss: 0.7539525032043457 and Accuracy: 0.713131308555603
Finished epoch 51 with Loss: 0.7556548118591309 and Accuracy: 0.7140436768531799
Finished epoch 52 with Loss: 0.7465886473655701 and Accuracy: 0.7151514887809753
Finished epoch 53 with Loss: 0.7461006045341492 and Accuracy: 0.7212772965431213
Finished epoch 54 with Loss: 0.7405806183815002 and Accuracy: 0.7216683030128479
Finished epoch 55 with Loss: 0.7369329929351807 and Accuracy: 0.721994161605835
Finished epoch 56 with Loss: 0.7392314672470093 and Accuracy: 0.7231671810150146
Finished epoch 57 with Loss: 0.7347573041915894 and Accuracy: 0.7223199605941772
Finished epoch 58 with Loss: 0.7316799163818359 and Accuracy: 0.7209514379501343
Finished epoch 59 with Loss: 0.7299720644950867 and Accuracy: 0.7246659994125366
Finished epoch 60 with Loss: 0.7307723164558411 and Accuracy: 0.7230368256568909
Finished epoch 61 with Loss: 0.7251772880554199 and Accuracy: 0.7266862392425537
Finished epoch 62 with Loss: 0.7213243246078491 and Accuracy: 0.7289670705795288
Finished epoch 63 with Loss: 0.7233657240867615 and Accuracy: 0.7259693741798401
Finished epoch 64 with Loss: 0.7240986824035645 and Accuracy: 0.7247312068939209
Finished epoch 65 with Loss: 0.7175776958465576 and Accuracy: 0.7293580770492554
Finished epoch 66 with Loss: 0.7158287167549133 and Accuracy: 0.7302052974700928
Finished epoch 67 with Loss: 0.7139788269996643 and Accuracy: 0.7301400899887085
Finished epoch 68 with Loss: 0.7107868790626526 and Accuracy: 0.7330074906349182
Finished epoch 69 with Loss: 0.7086377143859863 and Accuracy: 0.7317041158676147
Finished epoch 70 with Loss: 0.7097223997116089 and Accuracy: 0.7344411611557007
Finished epoch 71 with Loss: 0.7024993300437927 and Accuracy: 0.7345715165138245
Finished epoch 72 with Loss: 0.7060827016830444 and Accuracy: 0.7347018718719482
Finished epoch 73 with Loss: 0.7001050710678101 and Accuracy: 0.7394590973854065
Finished epoch 74 with Loss: 0.7003697156906128 and Accuracy: 0.7348321676254272
Finished epoch 75 with Loss: 0.6972276568412781 and Accuracy: 0.7363961935043335
Finished epoch 76 with Loss: 0.6964166760444641 and Accuracy: 0.7384164333343506
Finished epoch 77 with Loss: 0.6903033256530762 and Accuracy: 0.7391984462738037
Finished epoch 78 with Loss: 0.6907241940498352 and Accuracy: 0.7434343695640564
Finished epoch 79 with Loss: 0.691275954246521 and Accuracy: 0.7436298727989197
Finished epoch 80 with Loss: 0.6906194686889648 and Accuracy: 0.7402411103248596
Finished epoch 81 with Loss: 0.6862305998802185 and Accuracy: 0.7433691620826721
Finished epoch 82 with Loss: 0.687888503074646 and Accuracy: 0.7415444850921631
Finished epoch 83 with Loss: 0.6845936179161072 and Accuracy: 0.7455849051475525
Finished epoch 84 with Loss: 0.6804366111755371 and Accuracy: 0.7453894019126892
Finished epoch 85 with Loss: 0.6795576214790344 and Accuracy: 0.7461062073707581
Finished epoch 86 with Loss: 0.6775733828544617 and Accuracy: 0.7477354407310486
Finished epoch 87 with Loss: 0.6731369495391846 and Accuracy: 0.7512544989585876
Finished epoch 88 with Loss: 0.6784415245056152 and Accuracy: 0.7443466782569885
Finished epoch 89 with Loss: 0.668106734752655 and Accuracy: 0.7530791759490967
Finished epoch 90 with Loss: 0.6712564826011658 and Accuracy: 0.7521668076515198
Finished epoch 91 with Loss: 0.6671304106712341 and Accuracy: 0.7541870474815369
Finished epoch 92 with Loss: 0.6638990640640259 and Accuracy: 0.751906156539917
Finished epoch 93 with Loss: 0.6647761464118958 and Accuracy: 0.7501466274261475
Finished epoch 94 with Loss: 0.6603777408599854 and Accuracy: 0.7588139176368713
Finished epoch 95 with Loss: 0.665282666683197 and Accuracy: 0.755425214767456
Finished epoch 96 with Loss: 0.6607972979545593 and Accuracy: 0.7547735571861267
Finished epoch 97 with Loss: 0.6586132645606995 and Accuracy: 0.7530140280723572
Finished epoch 98 with Loss: 0.6577242016792297 and Accuracy: 0.7535353302955627
Finished epoch 99 with Loss: 0.6555636525154114 and Accuracy: 0.7557510733604431
Finished epoch 100 with Loss: 0.6489988565444946 and Accuracy: 0.7571195960044861
Accuracy: 0.74Accuracy: 0.74Accuracy: 0.74Accuracy: 0.74Accuracy: 0.74Accuracy: 0.74Accuracy: 0.74Accuracy: 0.74Accuracy: 0.74Accuracy: 0.74Accuracy: 0.74Accuracy: 0.74Accuracy: 0.74Accuracy: 0.74Accuracy: 0.74Accuracy: 0.74Accuracy: 0.74Accuracy: 0.74Accuracy: 0.74Accuracy: 0.74Accuracy: 0.74Accuracy: 0.74Accuracy: 0.74Accuracy: 0.74Accuracy: 0.74Accuracy: 0.74Accuracy: 0.74Accuracy: 0.74Accuracy: 0.74Accuracy: 0.74Accuracy: 0.74Accuracy: 0.74Accuracy: 0.74Accuracy: 0.74Accuracy: 0.74Accuracy: 0.74Accuracy: 0.74Accuracy: 0.74Accuracy: 0.74Accuracy: 0.74Accuracy: 0.74Accuracy: 0.74Accuracy: 0.74Accuracy: 0.74Accuracy: 0.74Accuracy: 0.74Accuracy: 0.74Accuracy: 0.74Accuracy: 0.74Accuracy: 0.74Accuracy: 0.74Accuracy: 0.74Accuracy: 0.74Accuracy: 0.74Accuracy: 0.74Accuracy: 0.74Accuracy: 0.74Accuracy: 0.74Accuracy: 0.74Accuracy: 0.74Accuracy: 0.74Accuracy: 0.74Accuracy: 0.74Accuracy: 0.74Accuracy: 0.74Accuracy: 0.74Accuracy: 0.74Accuracy: 0.74Accuracy: 0.74Accuracy: 0.74Accuracy: 0.74Accuracy: 0.74Accuracy: 0.74Accuracy: 0.74Accuracy: 0.74Accuracy: 0.74Accuracy: 0.74Accuracy: 0.74Accuracy: 0.74Accuracy: 0.74Accuracy: 0.74Accuracy: 0.74Accuracy: 0.74Accuracy: 0.74Accuracy: 0.74Accuracy: 0.74Accuracy: 0.74Accuracy: 0.74Accuracy: 0.74Accuracy: 0.74Accuracy: 0.74Accuracy: 0.74Accuracy: 0.74Accuracy: 0.74Accuracy: 0.74Accuracy: 0.74Accuracy: 0.74Accuracy: 0.74Accuracy: 0.74Accuracy: 0.74
Performing K-Fold 4
Finished epoch 1 with Loss: 1.3330025672912598 and Accuracy: 0.35144999623298645
Finished epoch 2 with Loss: 1.2987405061721802 and Accuracy: 0.381296843290329
Finished epoch 3 with Loss: 1.2383875846862793 and Accuracy: 0.4359074532985687
Finished epoch 4 with Loss: 1.1828407049179077 and Accuracy: 0.4727272689342499
Finished epoch 5 with Loss: 1.1460391283035278 and Accuracy: 0.501075267791748
Finished epoch 6 with Loss: 1.114654779434204 and Accuracy: 0.5165852308273315
Finished epoch 7 with Loss: 1.0916123390197754 and Accuracy: 0.5285109281539917
Finished epoch 8 with Loss: 1.0702065229415894 and Accuracy: 0.5479961037635803
Finished epoch 9 with Loss: 1.047762155532837 and Accuracy: 0.56337571144104
Finished epoch 10 with Loss: 1.028171181678772 and Accuracy: 0.573737382888794
Finished epoch 11 with Loss: 1.011509895324707 and Accuracy: 0.5874226093292236
Finished epoch 12 with Loss: 0.9941872954368591 and Accuracy: 0.5913326740264893
Finished epoch 13 with Loss: 0.9789779782295227 and Accuracy: 0.603649377822876
Finished epoch 14 with Loss: 0.9715271592140198 and Accuracy: 0.6108178496360779
Finished epoch 15 with Loss: 0.9527600407600403 and Accuracy: 0.6189638376235962
Finished epoch 16 with Loss: 0.941785454750061 and Accuracy: 0.6276311278343201
Finished epoch 17 with Loss: 0.9294982552528381 and Accuracy: 0.6304985284805298
Finished epoch 18 with Loss: 0.9216815829277039 and Accuracy: 0.6330400705337524
Finished epoch 19 with Loss: 0.9074658155441284 and Accuracy: 0.6465297937393188
Finished epoch 20 with Loss: 0.9002930521965027 and Accuracy: 0.6483545303344727
Finished epoch 21 with Loss: 0.891005277633667 and Accuracy: 0.6529162526130676
Finished epoch 22 with Loss: 0.8839673399925232 and Accuracy: 0.6554577946662903
Finished epoch 23 with Loss: 0.8747074007987976 and Accuracy: 0.6594330668449402
Finished epoch 24 with Loss: 0.8664161562919617 and Accuracy: 0.6617138981819153
Finished epoch 25 with Loss: 0.8599696159362793 and Accuracy: 0.6667318344116211
Finished epoch 26 with Loss: 0.8524228930473328 and Accuracy: 0.6749429702758789
Finished epoch 27 with Loss: 0.8469020128250122 and Accuracy: 0.6787227392196655
Finished epoch 28 with Loss: 0.8398083448410034 and Accuracy: 0.6759856343269348
Finished epoch 29 with Loss: 0.8334153890609741 and Accuracy: 0.6811339259147644
Finished epoch 30 with Loss: 0.8263673782348633 and Accuracy: 0.6846529841423035
Finished epoch 31 with Loss: 0.8229852318763733 and Accuracy: 0.6847833395004272
Finished epoch 32 with Loss: 0.8176028728485107 and Accuracy: 0.6844574809074402
Finished epoch 33 with Loss: 0.811568021774292 and Accuracy: 0.688237190246582
Finished epoch 34 with Loss: 0.8072017431259155 and Accuracy: 0.6939719915390015
Finished epoch 35 with Loss: 0.8071616291999817 and Accuracy: 0.6935157775878906
Finished epoch 36 with Loss: 0.799902617931366 and Accuracy: 0.6959921717643738
Finished epoch 37 with Loss: 0.8002439141273499 and Accuracy: 0.6932551264762878
Finished epoch 38 with Loss: 0.79407799243927 and Accuracy: 0.698924720287323
Finished epoch 39 with Loss: 0.7870839238166809 and Accuracy: 0.7028999924659729
Finished epoch 40 with Loss: 0.7849413752555847 and Accuracy: 0.7020527720451355
Finished epoch 41 with Loss: 0.7843005657196045 and Accuracy: 0.7062235474586487
Finished epoch 42 with Loss: 0.7822229862213135 and Accuracy: 0.7026392817497253
Finished epoch 43 with Loss: 0.7749887108802795 and Accuracy: 0.7049201726913452
Finished epoch 44 with Loss: 0.7730374932289124 and Accuracy: 0.7049201726913452
Finished epoch 45 with Loss: 0.7702963948249817 and Accuracy: 0.7047898173332214
Finished epoch 46 with Loss: 0.7702925801277161 and Accuracy: 0.706419050693512
Finished epoch 47 with Loss: 0.7631918787956238 and Accuracy: 0.7084392309188843
Finished epoch 48 with Loss: 0.7605193853378296 and Accuracy: 0.7133268117904663
Finished epoch 49 with Loss: 0.760807991027832 and Accuracy: 0.7109156250953674
Finished epoch 50 with Loss: 0.7521856427192688 and Accuracy: 0.7169110178947449
Finished epoch 51 with Loss: 0.7543521523475647 and Accuracy: 0.7128706574440002
Finished epoch 52 with Loss: 0.7513499855995178 and Accuracy: 0.7112414240837097
Finished epoch 53 with Loss: 0.7520354390144348 and Accuracy: 0.7122841477394104
Finished epoch 54 with Loss: 0.7453138828277588 and Accuracy: 0.7162593603134155
Finished epoch 55 with Loss: 0.745563268661499 and Accuracy: 0.7177582383155823
Finished epoch 56 with Loss: 0.7390225529670715 and Accuracy: 0.7198436260223389
Finished epoch 57 with Loss: 0.739266037940979 and Accuracy: 0.7169762253761292
Finished epoch 58 with Loss: 0.7364932894706726 and Accuracy: 0.7198436260223389
Finished epoch 59 with Loss: 0.7348422408103943 and Accuracy: 0.719387412071228
Finished epoch 60 with Loss: 0.7336164116859436 and Accuracy: 0.7208211421966553
Finished epoch 61 with Loss: 0.7289683818817139 and Accuracy: 0.7226458191871643
Finished epoch 62 with Loss: 0.7252281904220581 and Accuracy: 0.7248615026473999
Finished epoch 63 with Loss: 0.7280500531196594 and Accuracy: 0.7227761745452881
Finished epoch 64 with Loss: 0.7185291051864624 and Accuracy: 0.7269468903541565
Finished epoch 65 with Loss: 0.7188584208488464 and Accuracy: 0.7285760641098022
Finished epoch 66 with Loss: 0.7198739051818848 and Accuracy: 0.7232974767684937
Finished epoch 67 with Loss: 0.7174411416053772 and Accuracy: 0.7317041158676147
Finished epoch 68 with Loss: 0.7126767039299011 and Accuracy: 0.7294884324073792
Finished epoch 69 with Loss: 0.7123141884803772 and Accuracy: 0.731899619102478
Finished epoch 70 with Loss: 0.7136299014091492 and Accuracy: 0.7289670705795288
Finished epoch 71 with Loss: 0.7109423875808716 and Accuracy: 0.7288367748260498
Finished epoch 72 with Loss: 0.7062060236930847 and Accuracy: 0.7343760132789612
Finished epoch 73 with Loss: 0.7041988968849182 and Accuracy: 0.7324861288070679
Finished epoch 74 with Loss: 0.7026336193084717 and Accuracy: 0.7328119874000549
Finished epoch 75 with Loss: 0.7010003924369812 and Accuracy: 0.7335940003395081
Finished epoch 76 with Loss: 0.6971060633659363 and Accuracy: 0.7355490326881409
Finished epoch 77 with Loss: 0.6974897384643555 and Accuracy: 0.7372434139251709
Finished epoch 78 with Loss: 0.6976309418678284 and Accuracy: 0.734962522983551
Finished epoch 79 with Loss: 0.6910381317138672 and Accuracy: 0.7388074398040771
Finished epoch 80 with Loss: 0.6911013722419739 and Accuracy: 0.736331045627594
Finished epoch 81 with Loss: 0.6901448965072632 and Accuracy: 0.7394590973854065
Finished epoch 82 with Loss: 0.6871955990791321 and Accuracy: 0.739524245262146
Finished epoch 83 with Loss: 0.687450110912323 and Accuracy: 0.7394590973854065
Finished epoch 84 with Loss: 0.6835581660270691 and Accuracy: 0.7397849559783936
Finished epoch 85 with Loss: 0.6853299736976624 and Accuracy: 0.7433691620826721
Finished epoch 86 with Loss: 0.6834005117416382 and Accuracy: 0.7397849559783936
Finished epoch 87 with Loss: 0.6745660901069641 and Accuracy: 0.7449983954429626
Finished epoch 88 with Loss: 0.6774530410766602 and Accuracy: 0.7417399883270264
Finished epoch 89 with Loss: 0.6700178980827332 and Accuracy: 0.748843252658844
Finished epoch 90 with Loss: 0.6733963489532471 and Accuracy: 0.7479309439659119
Finished epoch 91 with Loss: 0.6755250692367554 and Accuracy: 0.7448680400848389
Finished epoch 92 with Loss: 0.6695824861526489 and Accuracy: 0.7434995174407959
Finished epoch 93 with Loss: 0.6670451164245605 and Accuracy: 0.7472792267799377
Finished epoch 94 with Loss: 0.6640047430992126 and Accuracy: 0.7484522461891174
Finished epoch 95 with Loss: 0.6646246314048767 and Accuracy: 0.7483219504356384
Finished epoch 96 with Loss: 0.6637191772460938 and Accuracy: 0.7494949698448181
Finished epoch 97 with Loss: 0.6617895364761353 and Accuracy: 0.7513196468353271
Finished epoch 98 with Loss: 0.6610667109489441 and Accuracy: 0.7538611888885498
Finished epoch 99 with Loss: 0.6593419909477234 and Accuracy: 0.7498859763145447
Finished epoch 100 with Loss: 0.6556666493415833 and Accuracy: 0.7544476985931396
Accuracy: 0.74Accuracy: 0.74Accuracy: 0.74Accuracy: 0.74Accuracy: 0.74Accuracy: 0.74Accuracy: 0.74Accuracy: 0.74Accuracy: 0.74Accuracy: 0.74Accuracy: 0.74Accuracy: 0.74Accuracy: 0.74Accuracy: 0.74Accuracy: 0.74Accuracy: 0.74Accuracy: 0.74Accuracy: 0.74Accuracy: 0.74Accuracy: 0.74Accuracy: 0.74Accuracy: 0.74Accuracy: 0.74Accuracy: 0.74Accuracy: 0.74Accuracy: 0.74Accuracy: 0.74Accuracy: 0.74Accuracy: 0.74Accuracy: 0.74Accuracy: 0.74Accuracy: 0.74Accuracy: 0.74Accuracy: 0.74Accuracy: 0.74Accuracy: 0.74Accuracy: 0.74Accuracy: 0.74Accuracy: 0.74Accuracy: 0.74Accuracy: 0.74Accuracy: 0.74Accuracy: 0.74Accuracy: 0.74Accuracy: 0.74Accuracy: 0.74Accuracy: 0.74Accuracy: 0.74Accuracy: 0.74Accuracy: 0.74Accuracy: 0.74Accuracy: 0.74Accuracy: 0.74Accuracy: 0.74Accuracy: 0.74Accuracy: 0.74Accuracy: 0.74Accuracy: 0.74Accuracy: 0.74Accuracy: 0.74Accuracy: 0.74Accuracy: 0.74Accuracy: 0.74Accuracy: 0.74Accuracy: 0.74Accuracy: 0.74Accuracy: 0.74Accuracy: 0.74Accuracy: 0.74Accuracy: 0.74Accuracy: 0.74Accuracy: 0.74Accuracy: 0.74Accuracy: 0.74Accuracy: 0.74Accuracy: 0.74Accuracy: 0.74Accuracy: 0.74Accuracy: 0.74Accuracy: 0.74Accuracy: 0.74Accuracy: 0.74Accuracy: 0.74Accuracy: 0.74Accuracy: 0.74Accuracy: 0.74Accuracy: 0.74Accuracy: 0.74Accuracy: 0.74Accuracy: 0.74Accuracy: 0.74Accuracy: 0.74Accuracy: 0.74Accuracy: 0.74Accuracy: 0.74Accuracy: 0.74Accuracy: 0.74Accuracy: 0.74Accuracy: 0.74Accuracy: 0.74
Performing K-Fold 5
Finished epoch 1 with Loss: 1.3370802402496338 and Accuracy: 0.35144999623298645
Finished epoch 2 with Loss: 1.3001090288162231 and Accuracy: 0.3820788562297821
Finished epoch 3 with Loss: 1.2580288648605347 and Accuracy: 0.41909417510032654
Finished epoch 4 with Loss: 1.2100328207015991 and Accuracy: 0.45239490270614624
Finished epoch 5 with Loss: 1.1761709451675415 and Accuracy: 0.47592049837112427
Finished epoch 6 with Loss: 1.1463103294372559 and Accuracy: 0.495340496301651
Finished epoch 7 with Loss: 1.1259498596191406 and Accuracy: 0.5081133842468262
Finished epoch 8 with Loss: 1.1098905801773071 and Accuracy: 0.5141088366508484
Finished epoch 9 with Loss: 1.0903120040893555 and Accuracy: 0.5335288643836975
Finished epoch 10 with Loss: 1.0709434747695923 and Accuracy: 0.543043315410614
Finished epoch 11 with Loss: 1.0557955503463745 and Accuracy: 0.5509286522865295
Finished epoch 12 with Loss: 1.0365628004074097 and Accuracy: 0.5677419304847717
Finished epoch 13 with Loss: 1.0202571153640747 and Accuracy: 0.5813620090484619
Finished epoch 14 with Loss: 1.0068541765213013 and Accuracy: 0.5923753380775452
Finished epoch 15 with Loss: 0.9903936386108398 and Accuracy: 0.6018247008323669
Finished epoch 16 with Loss: 0.976368248462677 and Accuracy: 0.6106874942779541
Finished epoch 17 with Loss: 0.9645298719406128 and Accuracy: 0.6166829466819763
Finished epoch 18 with Loss: 0.9483625292778015 and Accuracy: 0.6279569864273071
Finished epoch 19 with Loss: 0.9367865920066833 and Accuracy: 0.6321277022361755
Finished epoch 20 with Loss: 0.9259845614433289 and Accuracy: 0.6412512063980103
Finished epoch 21 with Loss: 0.9174787402153015 and Accuracy: 0.6426849365234375
Finished epoch 22 with Loss: 0.9043090343475342 and Accuracy: 0.6509612202644348
Finished epoch 23 with Loss: 0.8955347537994385 and Accuracy: 0.6547409296035767
Finished epoch 24 with Loss: 0.8841001987457275 and Accuracy: 0.662886917591095
Finished epoch 25 with Loss: 0.8750379681587219 and Accuracy: 0.6656891703605652
Finished epoch 26 with Loss: 0.8729960918426514 and Accuracy: 0.6664711833000183
Finished epoch 27 with Loss: 0.8657962083816528 and Accuracy: 0.6697295308113098
Finished epoch 28 with Loss: 0.8606693744659424 and Accuracy: 0.6748778223991394
Finished epoch 29 with Loss: 0.8552137017250061 and Accuracy: 0.6773542165756226
Finished epoch 30 with Loss: 0.8442220091819763 and Accuracy: 0.6817855834960938
Finished epoch 31 with Loss: 0.841841459274292 and Accuracy: 0.6836754679679871
Finished epoch 32 with Loss: 0.8351157903671265 and Accuracy: 0.6862170100212097
Finished epoch 33 with Loss: 0.8308586478233337 and Accuracy: 0.6873900294303894
Finished epoch 34 with Loss: 0.8270270824432373 and Accuracy: 0.6913652420043945
Finished epoch 35 with Loss: 0.8183850049972534 and Accuracy: 0.6952753067016602
Finished epoch 36 with Loss: 0.8157524466514587 and Accuracy: 0.6929292678833008
Finished epoch 37 with Loss: 0.8111429810523987 and Accuracy: 0.6939067840576172
Finished epoch 38 with Loss: 0.8078369498252869 and Accuracy: 0.6985989212989807
Finished epoch 39 with Loss: 0.801833987236023 and Accuracy: 0.7008146047592163
Finished epoch 40 with Loss: 0.8002829551696777 and Accuracy: 0.7027044892311096
Finished epoch 41 with Loss: 0.7979646325111389 and Accuracy: 0.7051156759262085
Finished epoch 42 with Loss: 0.791481077671051 and Accuracy: 0.7052460312843323
Finished epoch 43 with Loss: 0.7867092490196228 and Accuracy: 0.7062886953353882
Finished epoch 44 with Loss: 0.7832950949668884 and Accuracy: 0.7088302373886108
Finished epoch 45 with Loss: 0.7790213823318481 and Accuracy: 0.7107852697372437
Finished epoch 46 with Loss: 0.779094934463501 and Accuracy: 0.7080482244491577
Finished epoch 47 with Loss: 0.7770310044288635 and Accuracy: 0.71006840467453
Finished epoch 48 with Loss: 0.7682660222053528 and Accuracy: 0.7154773473739624
Finished epoch 49 with Loss: 0.7694540023803711 and Accuracy: 0.7139133214950562
Finished epoch 50 with Loss: 0.7666341662406921 and Accuracy: 0.7139133214950562
Finished epoch 51 with Loss: 0.7635520696640015 and Accuracy: 0.7180840373039246
Finished epoch 52 with Loss: 0.7600128054618835 and Accuracy: 0.7195829153060913
Finished epoch 53 with Loss: 0.7608975172042847 and Accuracy: 0.716324508190155
Finished epoch 54 with Loss: 0.7538534998893738 and Accuracy: 0.7182795405387878
Finished epoch 55 with Loss: 0.7519574761390686 and Accuracy: 0.7222548127174377
Finished epoch 56 with Loss: 0.7485731244087219 and Accuracy: 0.7240794897079468
Finished epoch 57 with Loss: 0.7498911023139954 and Accuracy: 0.7229716777801514
Finished epoch 58 with Loss: 0.744417130947113 and Accuracy: 0.7251222133636475
Finished epoch 59 with Loss: 0.7408913373947144 and Accuracy: 0.7236233353614807
Finished epoch 60 with Loss: 0.7361140251159668 and Accuracy: 0.726881742477417
Finished epoch 61 with Loss: 0.7382425665855408 and Accuracy: 0.7236884832382202
Finished epoch 62 with Loss: 0.7298972606658936 and Accuracy: 0.7317041158676147
Finished epoch 63 with Loss: 0.7336547374725342 and Accuracy: 0.7260997295379639
Finished epoch 64 with Loss: 0.7294334769248962 and Accuracy: 0.7304659485816956
Finished epoch 65 with Loss: 0.7277390956878662 and Accuracy: 0.7310524582862854
Finished epoch 66 with Loss: 0.7234604954719543 and Accuracy: 0.7369827032089233
Finished epoch 67 with Loss: 0.7280222773551941 and Accuracy: 0.7304659485816956
Finished epoch 68 with Loss: 0.7261894345283508 and Accuracy: 0.7318344712257385
Finished epoch 69 with Loss: 0.720258891582489 and Accuracy: 0.731769323348999
Finished epoch 70 with Loss: 0.7139185667037964 and Accuracy: 0.7343108654022217
Finished epoch 71 with Loss: 0.7153559327125549 and Accuracy: 0.7351580262184143
Finished epoch 72 with Loss: 0.7103419899940491 and Accuracy: 0.7375692129135132
Finished epoch 73 with Loss: 0.7084931135177612 and Accuracy: 0.738155722618103
Finished epoch 74 with Loss: 0.7081786394119263 and Accuracy: 0.7377647161483765
Finished epoch 75 with Loss: 0.704738199710846 and Accuracy: 0.7379602193832397
Finished epoch 76 with Loss: 0.7025629281997681 and Accuracy: 0.7395894527435303
Finished epoch 77 with Loss: 0.7015926241874695 and Accuracy: 0.7392635941505432
Finished epoch 78 with Loss: 0.7003947496414185 and Accuracy: 0.7401759624481201
Finished epoch 79 with Loss: 0.6959877610206604 and Accuracy: 0.7405018210411072
Finished epoch 80 with Loss: 0.6974961757659912 and Accuracy: 0.7396546006202698
Finished epoch 81 with Loss: 0.6936451196670532 and Accuracy: 0.7447376847267151
Finished epoch 82 with Loss: 0.6883485317230225 and Accuracy: 0.7467579245567322
Finished epoch 83 with Loss: 0.6880801916122437 and Accuracy: 0.7448680400848389
Finished epoch 84 with Loss: 0.686174750328064 and Accuracy: 0.7496904730796814
Finished epoch 85 with Loss: 0.685279369354248 and Accuracy: 0.7453894019126892
Finished epoch 86 with Loss: 0.6815698146820068 and Accuracy: 0.7462365627288818
Finished epoch 87 with Loss: 0.6795121431350708 and Accuracy: 0.7524926662445068
Finished epoch 88 with Loss: 0.6779631972312927 and Accuracy: 0.7458455562591553
Finished epoch 89 with Loss: 0.6736708879470825 and Accuracy: 0.7511241436004639
Finished epoch 90 with Loss: 0.6782469153404236 and Accuracy: 0.7470837235450745
Finished epoch 91 with Loss: 0.6709957718849182 and Accuracy: 0.7559465765953064
Finished epoch 92 with Loss: 0.6689521670341492 and Accuracy: 0.755099356174469
Finished epoch 93 with Loss: 0.6690076589584351 and Accuracy: 0.7534701824188232
Finished epoch 94 with Loss: 0.6679726243019104 and Accuracy: 0.7539263367652893
Finished epoch 95 with Loss: 0.6665934324264526 and Accuracy: 0.7542521953582764
Finished epoch 96 with Loss: 0.6636803150177002 and Accuracy: 0.7557510733604431
Finished epoch 97 with Loss: 0.6627693772315979 and Accuracy: 0.7567285895347595
Finished epoch 98 with Loss: 0.6621869802474976 and Accuracy: 0.7566633820533752
Finished epoch 99 with Loss: 0.6556147336959839 and Accuracy: 0.7590094208717346
Finished epoch 100 with Loss: 0.6540010571479797 and Accuracy: 0.7588791251182556
Accuracy: 0.78Accuracy: 0.78Accuracy: 0.78Accuracy: 0.78Accuracy: 0.78Accuracy: 0.78Accuracy: 0.78Accuracy: 0.78Accuracy: 0.78Accuracy: 0.78Accuracy: 0.78Accuracy: 0.78Accuracy: 0.78Accuracy: 0.78Accuracy: 0.78Accuracy: 0.78Accuracy: 0.78Accuracy: 0.78Accuracy: 0.78Accuracy: 0.78Accuracy: 0.78Accuracy: 0.78Accuracy: 0.78Accuracy: 0.78Accuracy: 0.78Accuracy: 0.78Accuracy: 0.78Accuracy: 0.78Accuracy: 0.78Accuracy: 0.78Accuracy: 0.78Accuracy: 0.78Accuracy: 0.78Accuracy: 0.78Accuracy: 0.78Accuracy: 0.78Accuracy: 0.78Accuracy: 0.78Accuracy: 0.78Accuracy: 0.78Accuracy: 0.78Accuracy: 0.78Accuracy: 0.78Accuracy: 0.78Accuracy: 0.78Accuracy: 0.78Accuracy: 0.78Accuracy: 0.78Accuracy: 0.78Accuracy: 0.78Accuracy: 0.78Accuracy: 0.78Accuracy: 0.78Accuracy: 0.78Accuracy: 0.78Accuracy: 0.78Accuracy: 0.78Accuracy: 0.78Accuracy: 0.78Accuracy: 0.78Accuracy: 0.78Accuracy: 0.78Accuracy: 0.78Accuracy: 0.78Accuracy: 0.78Accuracy: 0.78Accuracy: 0.78Accuracy: 0.78Accuracy: 0.78Accuracy: 0.78Accuracy: 0.78Accuracy: 0.78Accuracy: 0.78Accuracy: 0.78Accuracy: 0.78Accuracy: 0.78Accuracy: 0.78Accuracy: 0.78Accuracy: 0.78Accuracy: 0.78Accuracy: 0.78Accuracy: 0.78Accuracy: 0.78Accuracy: 0.78Accuracy: 0.78Accuracy: 0.78Accuracy: 0.78Accuracy: 0.78Accuracy: 0.78Accuracy: 0.78Accuracy: 0.78Accuracy: 0.78Accuracy: 0.78Accuracy: 0.78Accuracy: 0.78Accuracy: 0.78Accuracy: 0.78Accuracy: 0.78Accuracy: 0.78Accuracy: 0.78
Accuracy: 74.24

------------------------------------------------------------
Sender: LSF System <lsfadmin@n3h39>
Subject: Job 279615[1]: <job_arr[1]> in cluster <henry2> Done

Job <job_arr[1]> was submitted from host <login03> by user <mjhouk> in cluster <henry2> at Thu Jun 17 02:06:47 2021
Job was executed on host(s) <n3h39>, in queue <gpu>, as user <mjhouk> in cluster <henry2> at Thu Jun 17 02:06:54 2021
</home/mjhouk> was used as the home directory.
</home/mjhouk/MB3DCNN/Groups> was used as the working directory.
Started at Thu Jun 17 02:06:54 2021
Terminated at Thu Jun 17 02:44:31 2021
Results reported at Thu Jun 17 02:44:31 2021

Your job looked like:

------------------------------------------------------------
# LSBATCH: User input
#!/bin/csh

#BSUB -J job_arr[1]
#BSUB -x
#BSUB -R "span[hosts=1]"
#BSUB -W 900
#BSUB -q gpu
#BSUB -R "select[gtx1080 || rtx2080 || p100]"
#BSUB -gpu "num=1:mode=shared:mps=yes"
#BSUB -o ./out/trial-%I-%J.out
#BSUB -e ./out/trial-%I-%J.err

set run = true
set gpu = "`nvidia-smi --query-gpu=gpu_name --format=csv,noheader`"
echo "Found $gpu GPU"
if ( "$gpu" =~ *"K20m"* ) then
	set cuda_cmd = "module load cuda/10.1"
	set env_cmd = "conda activate tf220_py377"
else if ( "$gpu" =~ *"P100"* ) then
	set cuda_cmd = "module load cuda/11.0"
	set env_cmd = "conda activate tf241_py377"
else if ( "$gpu" =~ *"GTX 1080"* ) then
	set cuda_cmd = "module load cuda/11.0"
	set env_cmd = "conda activate tf241_py377"
else if ( "$gpu" =~ *"RTX 2080"* ) then
	set cuda_cmd = "module load cuda/11.0"
	set env_cmd = "conda activate tf241_py377"
else 
	set run = false
endif

if ( "$run" =~ true ) then

	echo "Loading libraries"

	eval $env_cmd
	eval $cuda_cmd

	setenv OMP_NUM_THREADS 2

	echo "Running OAT Trial $LSB_JOBINDEX with ID $LSB_JOBID"
	python runSplit.py ${LSB_JOBINDEX} ${LSB_JOBID}

else

	echo "GPU not available, cancelling job for OAT Trial $LSB_JOBINDEX"	

endif


------------------------------------------------------------

Successfully completed.

Resource usage summary:

    CPU time :                                   3056.00 sec.
    Max Memory :                                 7356.48 MB
    Average Memory :                             6818.96 MB
    Total Requested Memory :                     -
    Delta Memory :                               -
    Max Swap :                                   -
    Max Processes :                              4
    Max Threads :                                23
    Run time :                                   2257 sec.
    Turnaround time :                            2264 sec.

The output (if any) is above this job summary.



PS:

Read file <./out/trial-1-279615.err> for stderr output of this job.

